0.0000	FCC17U2ACXX:3:1102:14069:30139#ACTGTTCC/ab=19/	*	*	*	*	*	*	*	*	*	*	*	*	*	*	N
0.0000	FCC17U2ACXX:3:1102:9046:23853#ACTGTTCC/ab=17/	*	*	*	*	*	*	*	*	*	*	*	*	*	*	N
0.0000	FCC17U2ACXX:3:1102:4892:11318#ACTGTTCC/ab=9/	*	*	*	*	*	*	*	*	*	*	*	*	*	*	N
0.0584	FCC17U2ACXX:3:1102:5111:32179#ACTGTTCC/ab=7/	FCC17U2ACXX:3:1102:9046:23853#ACTGTTCC/ab=17/	FCC17U2ACXX:3:1102:14069:30139#ACTGTTCC/ab=19/	76.8	67.9	73.2	66.1	73.3	7	5	6	5	0	2	4.88	N
0.0000	FCC17U2ACXX:3:1102:15333:14642#ACTGTTCC/ab=7/	*	*	*	*	*	*	*	*	*	*	*	*	*	*	N
0.0198	FCC17U2ACXX:3:1102:14336:14713#ACTGTTCC/ab=6/	FCC17U2ACXX:3:1102:14069:30139#ACTGTTCC/ab=19/	FCC17U2ACXX:3:1102:9046:23853#ACTGTTCC/ab=17/	61.1	57.4	53.7	50.0	55.0	7	4	13	5	3	4	6.45	N
0.0388	FCC17U2ACXX:3:1101:10260:67603#ACTGTTCC/ab=6/	FCC17U2ACXX:3:1102:14069:30139#ACTGTTCC/ab=19/	FCC17U2ACXX:3:1102:9046:23853#ACTGTTCC/ab=17/	54.5	43.6	47.3	30.9	43.3	3	0	4	13	7	14	15.38	N
0.0000	FCC17U2ACXX:3:1102:20302:3354#ACTGTTCC/ab=5/	*	*	*	*	*	*	*	*	*	*	*	*	*	*	N
0.0000	FCC17U2ACXX:3:1102:1716:26965#ACTGTTCC/ab=5/	*	*	*	*	*	*	*	*	*	*	*	*	*	*	N
0.0301	FCC17U2ACXX:3:1102:20708:29898#ACTGTTCC/ab=5/	FCC17U2ACXX:3:1102:14069:30139#ACTGTTCC/ab=19/	FCC17U2ACXX:3:1102:9046:23853#ACTGTTCC/ab=17/	56.4	47.3	50.9	47.3	50.0	6	3	2	11	6	15	10.71	N
0.0000	FCC17U2ACXX:3:1102:17595:5051#ACTGTTCC/ab=5/	*	*	*	*	*	*	*	*	*	*	*	*	*	*	N
0.0464	FCC17U2ACXX:3:1102:18855:29225#ACTGTTCC/ab=4/	FCC17U2ACXX:3:1102:4892:11318#ACTGTTCC/ab=9/	FCC17U2ACXX:3:1102:14069:30139#ACTGTTCC/ab=19/	61.5	59.6	55.8	48.1	61.7	4	0	1	10	8	14	3.23	N
0.0492	FCC17U2ACXX:3:1102:4348:32193#ACTGTTCC/ab=4/	FCC17U2ACXX:3:1102:4892:11318#ACTGTTCC/ab=9/	FCC17U2ACXX:3:1102:14069:30139#ACTGTTCC/ab=19/	71.2	65.4	65.4	63.5	65.0	11	5	12	3	0	2	8.82	N
0.0000	FCC17U2ACXX:3:1102:18806:22091#ACTGTTCC/ab=4/	*	*	*	*	*	*	*	*	*	*	*	*	*	*	N
0.0243	FCC17U2ACXX:3:1102:10441:11992#ACTGTTCC/ab=4/	FCC17U2ACXX:3:1102:14069:30139#ACTGTTCC/ab=19/	FCC17U2ACXX:3:1102:4892:11318#ACTGTTCC/ab=9/	64.3	62.5	50.0	50.0	61.7	11	4	16	2	1	0	2.86	N
0.0261	FCC17U2ACXX:3:1102:8238:17326#ACTGTTCC/ab=4/	FCC17U2ACXX:3:1102:9046:23853#ACTGTTCC/ab=17/	FCC17U2ACXX:3:1102:14069:30139#ACTGTTCC/ab=19/	75.5	63.3	69.4	51.0	65.0	8	11	11	6	1	2	8.82	N
0.0553	FCC17U2ACXX:3:1101:20437:55731#ACTGTTCC/ab=4/	FCC17U2ACXX:3:1102:9046:23853#ACTGTTCC/ab=17/	FCC17U2ACXX:3:1102:4892:11318#ACTGTTCC/ab=9/	69.1	56.4	58.2	41.8	55.9	6	1	2	14	9	8	18.75	N
0.0404	FCC17U2ACXX:3:1102:8783:25180#ACTGTTCC/ab=4/	FCC17U2ACXX:3:1102:4892:11318#ACTGTTCC/ab=9/	FCC17U2ACXX:3:1102:14069:30139#ACTGTTCC/ab=19/	62.0	60.0	56.0	58.0	56.7	4	0	0	7	6	19	3.33	N
0.0000	FCC17U2ACXX:3:1102:8553:2338#ACTGTTCC/ab=4/	*	*	*	*	*	*	*	*	*	*	*	*	*	*	N
0.0307	FCC17U2ACXX:3:1102:16407:22155#ACTGTTCC/ab=4/	FCC17U2ACXX:3:1102:9046:23853#ACTGTTCC/ab=17/	FCC17U2ACXX:3:1102:14069:30139#ACTGTTCC/ab=19/	63.6	56.4	56.4	67.3	56.7	6	3	12	5	1	6	12.90	N
0.0000	FCC17U2ACXX:3:1102:15033:7703#ACTGTTCC/ab=4/	*	*	*	*	*	*	*	*	*	*	*	*	*	*	N
0.0000	FCC17U2ACXX:3:1102:16992:28502#ACTGTTCC/ab=4/	*	*	*	*	*	*	*	*	*	*	*	*	*	*	N
0.0248	FCC17U2ACXX:3:1102:13319:16448#ACTGTTCC/ab=4/	FCC17U2ACXX:3:1102:14069:30139#ACTGTTCC/ab=19/	FCC17U2ACXX:3:1102:4892:11318#ACTGTTCC/ab=9/	77.8	74.1	66.7	64.8	71.7	11	4	12	2	1	1	5.00	N
0.0000	FCC17U2ACXX:3:1101:15200:51448#ACTGTTCC/ab=4/	*	*	*	*	*	*	*	*	*	*	*	*	*	*	N
0.0000	FCC17U2ACXX:3:1102:7826:31974#ACTGTTCC/ab=4/	*	*	*	*	*	*	*	*	*	*	*	*	*	*	N
0.0000	FCC17U2ACXX:3:1102:6651:17992#ACTGTTCC/ab=3/	*	*	*	*	*	*	*	*	*	*	*	*	*	*	N
0.0000	FCC17U2ACXX:3:1102:20142:31181#ACTGTTCC/ab=3/	*	*	*	*	*	*	*	*	*	*	*	*	*	*	N
0.0000	FCC17U2ACXX:3:1101:15806:51053#ACTGTTCC/ab=3/	*	*	*	*	*	*	*	*	*	*	*	*	*	*	N
0.0173	FCC17U2ACXX:3:1102:18534:27511#ACTGTTCC/ab=3/	FCC17U2ACXX:3:1102:4892:11318#ACTGTTCC/ab=9/	FCC17U2ACXX:3:1102:14336:14713#ACTGTTCC/ab=6/	58.6	50.0	55.2	39.7	52.5	6	5	5	8	5	11	6.25	N
0.0158	FCC17U2ACXX:3:1102:8128:20957#ACTGTTCC/ab=3/	FCC17U2ACXX:3:1102:9046:23853#ACTGTTCC/ab=17/	FCC17U2ACXX:3:1102:5111:32179#ACTGTTCC/ab=7/	63.6	54.5	60.0	67.3	57.9	1	0	1	8	3	16	6.06	N
0.0354	FCC17U2ACXX:3:1101:15656:70254#ACTGTTCC/ab=3/	FCC17U2ACXX:3:1102:4892:11318#ACTGTTCC/ab=9/	FCC17U2ACXX:3:1102:14069:30139#ACTGTTCC/ab=19/	76.8	73.2	66.1	55.4	73.3	10	4	3	3	1	4	4.88	N
0.0000	FCC17U2ACXX:3:1102:9482:28716#ACTGTTCC/ab=3/	*	*	*	*	*	*	*	*	*	*	*	*	*	*	N
0.0000	FCC17U2ACXX:3:1102:9585:14918#ACTGTTCC/ab=3/	*	*	*	*	*	*	*	*	*	*	*	*	*	*	N
0.0000	FCC17U2ACXX:3:1101:17466:97705#ACTGTTCC/ab=3/	*	*	*	*	*	*	*	*	*	*	*	*	*	*	N
0.0000	FCC17U2ACXX:3:1102:19296:16092#ACTGTTCC/ab=3/	*	*	*	*	*	*	*	*	*	*	*	*	*	*	N
0.0000	FCC17U2ACXX:3:1101:12667:66432#ACTGTTCC/ab=3/	*	*	*	*	*	*	*	*	*	*	*	*	*	*	N
0.0000	FCC17U2ACXX:3:1102:19552:4011#ACTGTTCC/ab=3/	*	*	*	*	*	*	*	*	*	*	*	*	*	*	N
0.0122	FCC17U2ACXX:3:1101:20322:73349#ACTGTTCC/ab=3/	FCC17U2ACXX:3:1102:5111:32179#ACTGTTCC/ab=7/	FCC17U2ACXX:3:1102:14069:30139#ACTGTTCC/ab=19/	68.0	70.0	62.0	60.0	62.7	5	7	0	8	5	11	2.86	N
0.0000	FCC17U2ACXX:3:1101:18456:39545#ACTGTTCC/ab=3/	*	*	*	*	*	*	*	*	*	*	*	*	*	*	N
0.0170	FCC17U2ACXX:3:1101:2813:97880#ACTGTTCC/ab=3/	FCC17U2ACXX:3:1102:14336:14713#ACTGTTCC/ab=6/	FCC17U2ACXX:3:1102:4892:11318#ACTGTTCC/ab=9/	63.6	52.3	75.0	38.6	78.3	5	13	4	6	1	0	3.03	N
0.0000	FCC17U2ACXX:3:1101:19408:77879#ACTGTTCC/ab=3/	*	*	*	*	*	*	*	*	*	*	*	*	*	*	N
0.0251	FCC17U2ACXX:3:1102:6633:22490#ACTGTTCC/ab=3/	FCC17U2ACXX:3:1102:14069:30139#ACTGTTCC/ab=19/	FCC17U2ACXX:3:1102:9046:23853#ACTGTTCC/ab=17/	67.9	60.4	58.5	45.3	58.3	8	5	4	9	6	7	12.50	N
0.0090	FCC17U2ACXX:3:1102:2342:24671#ACTGTTCC/ab=3/	FCC17U2ACXX:3:1102:5111:32179#ACTGTTCC/ab=7/	FCC17U2ACXX:3:1101:10260:67603#ACTGTTCC/ab=6/	75.0	63.6	70.5	54.5	63.3	2	2	2	12	12	10	6.45	N
0.0000	FCC17U2ACXX:3:1102:19806:24326#ACTGTTCC/ab=3/	*	*	*	*	*	*	*	*	*	*	*	*	*	*	N
0.0000	FCC17U2ACXX:3:1102:10641:15435#ACTGTTCC/ab=3/	*	*	*	*	*	*	*	*	*	*	*	*	*	*	N
0.0121	FCC17U2ACXX:3:1102:10703:19348#ACTGTTCC/ab=2/	FCC17U2ACXX:3:1102:8783:25180#ACTGTTCC/ab=4/	FCC17U2ACXX:3:1102:20708:29898#ACTGTTCC/ab=5/	78.3	76.7	75.0	90.0	76.6	2	0	3	2	1	9	2.17	N
0.0975	FCC17U2ACXX:3:1101:19361:50842#ACTGTTCC/ab=2/	FCC17U2ACXX:3:1102:4348:32193#ACTGTTCC/ab=4/	FCC17U2ACXX:3:1102:4892:11318#ACTGTTCC/ab=9/	83.9	75.0	71.4	58.9	75.0	12	7	4	5	0	0	11.90	N
0.0487	FCC17U2ACXX:3:1101:19583:82004#ACTGTTCC/ab=2/	FCC17U2ACXX:3:1102:7826:31974#ACTGTTCC/ab=4/	FCC17U2ACXX:3:1102:4892:11318#ACTGTTCC/ab=9/	83.9	71.4	80.4	62.5	80.0	5	6	2	13	2	1	4.44	N
0.0031	FCC17U2ACXX:3:1101:8385:94232#ACTGTTCC/ab=2/	FCC17U2ACXX:3:1102:8783:25180#ACTGTTCC/ab=4/	FCC17U2ACXX:3:1102:14336:14713#ACTGTTCC/ab=6/	84.0	68.0	80.0	52.0	61.0	6	20	1	4	6	0	5.00	N
0.0000	FCC17U2ACXX:3:1102:13874:28231#ACTGTTCC/ab=2/	*	*	*	*	*	*	*	*	*	*	*	*	*	*	N
0.0126	FCC17U2ACXX:3:1101:21061:99443#ACTGTTCC/ab=2/	FCC17U2ACXX:3:1102:8238:17326#ACTGTTCC/ab=4/	FCC17U2ACXX:3:1102:16407:22155#ACTGTTCC/ab=4/	84.2	82.5	82.5	78.9	83.6	4	3	3	2	1	2	2.13	N
0.0278	FCC17U2ACXX:3:1102:3790:2528#ACTGTTCC/ab=2/	FCC17U2ACXX:3:1102:20302:3354#ACTGTTCC/ab=5/	FCC17U2ACXX:3:1102:10441:11992#ACTGTTCC/ab=4/	82.0	78.0	74.0	62.0	75.8	4	0	2	9	14	2	5.13	N
0.0574	FCC17U2ACXX:3:1102:13838:7426#ACTGTTCC/ab=2/	FCC17U2ACXX:3:1101:15200:51448#ACTGTTCC/ab=4/	FCC17U2ACXX:3:1102:8553:2338#ACTGTTCC/ab=4/	70.2	63.2	59.6	38.6	64.5	7	1	2	14	11	4	11.11	N
0.0000	FCC17U2ACXX:3:1102:18846:21826#ACTGTTCC/ab=2/	*	*	*	*	*	*	*	*	*	*	*	*	*	*	N
0.0452	FCC17U2ACXX:3:1101:10460:35297#ACTGTTCC/ab=2/	FCC17U2ACXX:3:1102:10441:11992#ACTGTTCC/ab=4/	FCC17U2ACXX:3:1102:8553:2338#ACTGTTCC/ab=4/	80.0	60.0	70.9	45.5	69.0	5	4	1	15	4	5	12.82	N
0.0000	FCC17U2ACXX:3:1101:10563:45505#ACTGTTCC/ab=2/	FCC17U2ACXX:3:1102:13319:16448#ACTGTTCC/ab=4/	FCC17U2ACXX:3:1102:18855:29225#ACTGTTCC/ab=4/	78.3	45.7	76.1	37.0	62.1	0	0	0	22	20	8	2.86	N
0.0247	FCC17U2ACXX:3:1101:8764:82378#ACTGTTCC/ab=2/	FCC17U2ACXX:3:1101:15200:51448#ACTGTTCC/ab=4/	FCC17U2ACXX:3:1102:1716:26965#ACTGTTCC/ab=5/	69.6	64.3	64.3	50.0	62.9	2	0	0	11	10	11	8.33	N
0.0589	FCC17U2ACXX:3:1102:12116:32427#ACTGTTCC/ab=2/	FCC17U2ACXX:3:1102:8553:2338#ACTGTTCC/ab=4/	FCC17U2ACXX:3:1102:10441:11992#ACTGTTCC/ab=4/	76.4	67.3	67.3	50.9	67.8	6	1	0	12	8	7	13.51	N
0.0000	FCC17U2ACXX:3:1102:6726:29847#ACTGTTCC/ab=2/	*	*	*	*	*	*	*	*	*	*	*	*	*	*	N
0.0792	FCC17U2ACXX:3:1102:12263:3849#ACTGTTCC/ab=2/	FCC17U2ACXX:3:1102:10441:11992#ACTGTTCC/ab=4/	FCC17U2ACXX:3:1101:20437:55731#ACTGTTCC/ab=4/	74.5	56.4	70.9	67.3	69.5	4	2	5	13	1	6	5.13	N
0.0258	FCC17U2ACXX:3:1101:4350:87403#ACTGTTCC/ab=2/	FCC17U2ACXX:3:1102:8783:25180#ACTGTTCC/ab=4/	FCC17U2ACXX:3:1102:18855:29225#ACTGTTCC/ab=4/	90.0	86.7	85.0	81.7	87.5	3	1	0	3	1	4	3.85	N
0.0000	FCC17U2ACXX:3:1101:2015:45152#ACTGTTCC/ab=2/	*	*	*	*	*	*	*	*	*	*	*	*	*	*	N
0.0366	FCC17U2ACXX:3:1101:19703:94654#ACTGTTCC/ab=2/	FCC17U2ACXX:3:1102:14069:30139#ACTGTTCC/ab=19/	FCC17U2ACXX:3:1101:15200:51448#ACTGTTCC/ab=4/	67.9	62.5	55.4	53.6	61.7	6	1	9	8	5	6	8.57	N
0.0398	FCC17U2ACXX:3:1102:10393:3118#ACTGTTCC/ab=2/	FCC17U2ACXX:3:1102:4892:11318#ACTGTTCC/ab=9/	FCC17U2ACXX:3:1102:8553:2338#ACTGTTCC/ab=4/	78.2	72.7	67.3	56.4	75.0	6	1	0	8	8	6	7.50	N
0.2048	FCC17U2ACXX:3:1102:4064:31428#ACTGTTCC/ab=2/	FCC17U2ACXX:3:1102:10441:11992#ACTGTTCC/ab=4/	FCC17U2ACXX:3:1102:8553:2338#ACTGTTCC/ab=4/	79.6	51.9	66.7	37.0	67.2	6	0	0	19	5	12	19.44	N
0.0000	FCC17U2ACXX:3:1102:3598:18934#ACTGTTCC/ab=2/	*	*	*	*	*	*	*	*	*	*	*	*	*	*	N
0.2254	FCC17U2ACXX:3:1101:19746:93231#ACTGTTCC/ab=2/	FCC17U2ACXX:3:1102:14336:14713#ACTGTTCC/ab=6/	FCC17U2ACXX:3:1101:15200:51448#ACTGTTCC/ab=4/	82.8	56.9	74.1	44.8	72.6	5	0	0	22	5	5	11.63	N
0.0000	FCC17U2ACXX:3:1101:14046:66032#ACTGTTCC/ab=2/	*	*	*	*	*	*	*	*	*	*	*	*	*	*	N
0.0000	FCC17U2ACXX:3:1101:11715:79271#ACTGTTCC/ab=2/	*	*	*	*	*	*	*	*	*	*	*	*	*	*	N
0.0474	FCC17U2ACXX:3:1101:15163:91719#ACTGTTCC/ab=2/	FCC17U2ACXX:3:1102:13319:16448#ACTGTTCC/ab=4/	FCC17U2ACXX:3:1102:14069:30139#ACTGTTCC/ab=19/	67.2	56.9	62.1	44.8	61.7	8	6	11	7	1	2	8.33	N
0.0697	FCC17U2ACXX:3:1101:13252:61257#ACTGTTCC/ab=2/	FCC17U2ACXX:3:1102:1716:26965#ACTGTTCC/ab=5/	FCC17U2ACXX:3:1102:5111:32179#ACTGTTCC/ab=7/	87.3	80.0	74.5	61.8	76.7	10	5	1	6	1	2	9.09	N
0.0414	FCC17U2ACXX:3:1101:11629:47646#ACTGTTCC/ab=2/	FCC17U2ACXX:3:1102:9046:23853#ACTGTTCC/ab=17/	FCC17U2ACXX:3:1102:10441:11992#ACTGTTCC/ab=4/	62.5	55.4	51.8	48.2	56.7	6	1	8	8	4	9	12.90	N
0.0324	FCC17U2ACXX:3:1101:8836:96560#ACTGTTCC/ab=2/	FCC17U2ACXX:3:1102:8553:2338#ACTGTTCC/ab=4/	FCC17U2ACXX:3:1101:15200:51448#ACTGTTCC/ab=4/	77.8	75.9	46.3	42.6	71.9	23	7	7	1	0	1	2.44	N
0.0157	FCC17U2ACXX:3:1101:9142:77008#ACTGTTCC/ab=2/	FCC17U2ACXX:3:1101:15200:51448#ACTGTTCC/ab=4/	FCC17U2ACXX:3:1102:14069:30139#ACTGTTCC/ab=19/	68.4	66.7	59.6	57.9	66.1	7	3	12	2	1	4	2.63	N
0.0355	FCC17U2ACXX:3:1101:6871:62770#ACTGTTCC/ab=2/	FCC17U2ACXX:3:1102:8238:17326#ACTGTTCC/ab=4/	FCC17U2ACXX:3:1102:4348:32193#ACTGTTCC/ab=4/	89.3	58.9	85.7	50.0	87.1	2	4	0	22	3	2	4.17	N
0.0119	FCC17U2ACXX:3:1101:13957:78523#ACTGTTCC/ab=2/	FCC17U2ACXX:3:1102:20302:3354#ACTGTTCC/ab=5/	FCC17U2ACXX:3:1102:7826:31974#ACTGTTCC/ab=4/	78.8	61.5	76.9	50.0	78.9	1	1	1	22	13	3	2.50	N
0.0000	FCC17U2ACXX:3:1102:13174:24291#ACTGTTCC/ab=2/	*	*	*	*	*	*	*	*	*	*	*	*	*	*	N
0.0419	FCC17U2ACXX:3:1101:15050:96898#ACTGTTCC/ab=2/	FCC17U2ACXX:3:1102:4892:11318#ACTGTTCC/ab=9/	FCC17U2ACXX:3:1102:17595:5051#ACTGTTCC/ab=5/	71.4	60.7	66.1	64.3	65.0	2	0	0	9	3	13	8.11	N
0.0232	FCC17U2ACXX:3:1101:9297:93668#ACTGTTCC/ab=2/	FCC17U2ACXX:3:1102:8238:17326#ACTGTTCC/ab=4/	FCC17U2ACXX:3:1102:13319:16448#ACTGTTCC/ab=4/	61.5	50.0	59.6	36.5	56.9	10	9	6	8	4	6	3.23	N
0.0000	FCC17U2ACXX:3:1101:9880:19003#ACTGTTCC/ab=2/	*	*	*	*	*	*	*	*	*	*	*	*	*	*	N
0.0129	FCC17U2ACXX:3:1101:19677:53971#ACTGTTCC/ab=2/	FCC17U2ACXX:3:1102:18855:29225#ACTGTTCC/ab=4/	FCC17U2ACXX:3:1102:7826:31974#ACTGTTCC/ab=4/	90.0	86.7	88.3	91.7	89.1	1	0	0	2	0	6	1.89	N
0.0000	FCC17U2ACXX:3:1101:13382:72046#ACTGTTCC/ab=2/	*	*	*	*	*	*	*	*	*	*	*	*	*	*	N
0.0223	FCC17U2ACXX:3:1101:1309:50195#ACTGTTCC/ab=2/	FCC17U2ACXX:3:1102:10441:11992#ACTGTTCC/ab=4/	FCC17U2ACXX:3:1102:4348:32193#ACTGTTCC/ab=4/	72.2	70.4	59.3	55.6	70.7	9	3	3	5	6	8	2.63	N
0.0112	FCC17U2ACXX:3:1102:8424:23061#ACTGTTCC/ab=2/	FCC17U2ACXX:3:1102:14069:30139#ACTGTTCC/ab=19/	FCC17U2ACXX:3:1102:18806:22091#ACTGTTCC/ab=4/	69.8	66.0	67.9	73.6	63.3	1	0	0	6	4	17	2.78	N
0.0000	FCC17U2ACXX:3:1102:15650:31873#ACTGTTCC/ab=2/	*	*	*	*	*	*	*	*	*	*	*	*	*	*	N
0.0000	FCC17U2ACXX:3:1101:1567:33331#ACTGTTCC/ab=2/	*	*	*	*	*	*	*	*	*	*	*	*	*	*	N
0.0000	FCC17U2ACXX:3:1102:7448:16807#ACTGTTCC/ab=2/	*	*	*	*	*	*	*	*	*	*	*	*	*	*	N
0.0118	FCC17U2ACXX:3:1102:2547:13024#ACTGTTCC/ab=2/	FCC17U2ACXX:3:1102:15033:7703#ACTGTTCC/ab=4/	FCC17U2ACXX:3:1102:4348:32193#ACTGTTCC/ab=4/	75.9	74.1	70.4	70.4	70.0	6	4	14	1	0	0	2.50	N
0.0237	FCC17U2ACXX:3:1101:12971:78691#ACTGTTCC/ab=2/	FCC17U2ACXX:3:1101:15200:51448#ACTGTTCC/ab=4/	FCC17U2ACXX:3:1102:16407:22155#ACTGTTCC/ab=4/	69.2	59.0	61.5	51.3	70.5	4	1	4	8	7	6	12.50	N
0.0878	FCC17U2ACXX:3:1101:18350:39399#ACTGTTCC/ab=2/	FCC17U2ACXX:3:1101:15200:51448#ACTGTTCC/ab=4/	FCC17U2ACXX:3:1102:4348:32193#ACTGTTCC/ab=4/	75.4	57.9	68.4	47.4	69.4	3	0	1	17	5	9	10.26	N
0.0000	FCC17U2ACXX:3:1102:17153:14473#ACTGTTCC/ab=2/	*	*	*	*	*	*	*	*	*	*	*	*	*	*	N
0.0334	FCC17U2ACXX:3:1101:18867:97985#ACTGTTCC/ab=2/	FCC17U2ACXX:3:1102:8238:17326#ACTGTTCC/ab=4/	FCC17U2ACXX:3:1102:18806:22091#ACTGTTCC/ab=4/	78.2	72.7	72.7	63.6	73.3	7	6	4	5	1	2	7.50	N
0.0597	FCC17U2ACXX:3:1101:8806:38958#ACTGTTCC/ab=2/	FCC17U2ACXX:3:1102:1716:26965#ACTGTTCC/ab=5/	FCC17U2ACXX:3:1102:13319:16448#ACTGTTCC/ab=4/	78.7	72.3	61.7	59.6	61.4	15	7	11	3	0	1	8.82	N
0.0000	FCC17U2ACXX:3:1101:6806:46189#ACTGTTCC/ab=2/	*	*	*	*	*	*	*	*	*	*	*	*	*	*	N
0.0652	FCC17U2ACXX:3:1101:16850:68503#ACTGTTCC/ab=2/	FCC17U2ACXX:3:1102:14069:30139#ACTGTTCC/ab=19/	FCC17U2ACXX:3:1102:8553:2338#ACTGTTCC/ab=4/	74.1	55.6	68.5	53.7	66.1	2	0	0	14	3	13	8.11	N
0.0544	FCC17U2ACXX:3:1102:1973:23559#ACTGTTCC/ab=2/	FCC17U2ACXX:3:1102:17595:5051#ACTGTTCC/ab=5/	FCC17U2ACXX:3:1102:5111:32179#ACTGTTCC/ab=7/	76.8	71.4	66.1	64.3	69.5	8	2	6	3	0	5	7.50	N
0.0100	FCC17U2ACXX:3:1101:4286:88806#ACTGTTCC/ab=2/	FCC17U2ACXX:3:1102:18806:22091#ACTGTTCC/ab=4/	FCC17U2ACXX:3:1101:15200:51448#ACTGTTCC/ab=4/	70.7	68.3	61.0	43.9	61.0	10	9	3	6	9	6	3.57	N
0.0000	FCC17U2ACXX:3:1101:5975:74686#ACTGTTCC/ab=2/	*	*	*	*	*	*	*	*	*	*	*	*	*	*	N
0.0202	FCC17U2ACXX:3:1102:19829:10098#ACTGTTCC/ab=2/	FCC17U2ACXX:3:1102:17595:5051#ACTGTTCC/ab=5/	FCC17U2ACXX:3:1102:14069:30139#ACTGTTCC/ab=19/	76.0	70.0	76.0	56.0	71.7	9	9	4	6	3	4	2.63	N
0.0000	FCC17U2ACXX:3:1101:16288:65848#ACTGTTCC/ab=2/	*	*	*	*	*	*	*	*	*	*	*	*	*	*	N
0.0000	FCC17U2ACXX:3:1101:8998:58454#ACTGTTCC/ab=2/	*	*	*	*	*	*	*	*	*	*	*	*	*	*	N
0.0000	FCC17U2ACXX:3:1101:9968:95680#ACTGTTCC/ab=2/	*	*	*	*	*	*	*	*	*	*	*	*	*	*	N
0.0000	FCC17U2ACXX:3:1101:14610:92326#ACTGTTCC/ab=2/	*	*	*	*	*	*	*	*	*	*	*	*	*	*	N
0.0000	FCC17U2ACXX:3:1102:7471:24935#ACTGTTCC/ab=2/	*	*	*	*	*	*	*	*	*	*	*	*	*	*	N
0.0067	FCC17U2ACXX:3:1102:12192:19899#ACTGTTCC/ab=2/	FCC17U2ACXX:3:1102:14336:14713#ACTGTTCC/ab=6/	FCC17U2ACXX:3:1102:8783:25180#ACTGTTCC/ab=4/	75.0	71.7	70.0	61.7	71.9	7	7	7	2	3	1	4.65	N
0.0000	FCC17U2ACXX:3:1101:10194:56929#ACTGTTCC/ab=2/	*	*	*	*	*	*	*	*	*	*	*	*	*	*	N
0.0067	FCC17U2ACXX:3:1102:20888:20306#ACTGTTCC/ab=2/	FCC17U2ACXX:3:1102:7826:31974#ACTGTTCC/ab=4/	FCC17U2ACXX:3:1102:18855:29225#ACTGTTCC/ab=4/	75.0	73.3	71.7	91.7	73.4	2	0	8	1	0	7	2.27	N
0.0000	FCC17U2ACXX:3:1102:10392:10572#ACTGTTCC/ab=2/	*	*	*	*	*	*	*	*	*	*	*	*	*	*	N
0.0286	FCC17U2ACXX:3:1102:5328:14256#ACTGTTCC/ab=2/	FCC17U2ACXX:3:1102:1716:26965#ACTGTTCC/ab=5/	FCC17U2ACXX:3:1102:18855:29225#ACTGTTCC/ab=4/	73.7	70.2	66.7	47.4	69.4	14	12	6	2	0	0	5.00	N
0.0000	FCC17U2ACXX:3:1102:11447:22531#ACTGTTCC/ab=2/	*	*	*	*	*	*	*	*	*	*	*	*	*	*	N
0.0182	FCC17U2ACXX:3:1102:1899:7752#ACTGTTCC/ab=2/	FCC17U2ACXX:3:1102:10441:11992#ACTGTTCC/ab=4/	FCC17U2ACXX:3:1102:5111:32179#ACTGTTCC/ab=7/	64.2	45.3	60.4	41.5	55.9	2	1	1	16	11	12	6.25	N
0.0000	FCC17U2ACXX:3:1101:5967:76527#ACTGTTCC/ab=2/	*	*	*	*	*	*	*	*	*	*	*	*	*	*	N
0.0248	FCC17U2ACXX:3:1102:6477:7694#ACTGTTCC/ab=2/	FCC17U2ACXX:3:1101:10260:67603#ACTGTTCC/ab=6/	FCC17U2ACXX:3:1102:18806:22091#ACTGTTCC/ab=4/	72.0	62.0	58.0	42.0	64.4	12	16	7	5	1	2	16.13	N
0.0395	FCC17U2ACXX:3:1102:20227:28699#ACTGTTCC/ab=2/	FCC17U2ACXX:3:1102:10441:11992#ACTGTTCC/ab=4/	FCC17U2ACXX:3:1101:15200:51448#ACTGTTCC/ab=4/	68.4	63.2	57.9	40.4	62.3	16	9	5	4	1	4	11.11	N
0.0438	FCC17U2ACXX:3:1101:6077:37431#ACTGTTCC/ab=2/	FCC17U2ACXX:3:1102:14069:30139#ACTGTTCC/ab=19/	FCC17U2ACXX:3:1102:13319:16448#ACTGTTCC/ab=4/	75.0	71.4	66.1	66.1	73.3	10	3	10	3	1	0	5.00	N
0.2915	FCC17U2ACXX:3:1101:15365:25944#ACTGTTCC/ab=1/	FCC17U2ACXX:3:1102:19829:10098#ACTGTTCC/ab=2/	FCC17U2ACXX:3:1101:5975:74686#ACTGTTCC/ab=2/	100.0	78.7	96.7	75.4	95.4	2	0	0	14	0	0	3.39	N
0.0000	FCC17U2ACXX:3:1101:13226:5000#ACTGTTCC/ab=1/	*	*	*	*	*	*	*	*	*	*	*	*	*	*	N
0.0620	FCC17U2ACXX:3:1101:16966:20676#ACTGTTCC/ab=1/	FCC17U2ACXX:3:1101:9880:19003#ACTGTTCC/ab=2/	FCC17U2ACXX:3:1102:10441:11992#ACTGTTCC/ab=4/	86.0	66.7	80.7	64.9	80.3	2	0	1	13	3	8	6.52	N
0.1091	FCC17U2ACXX:3:1101:12121:34950#ACTGTTCC/ab=1/	FCC17U2ACXX:3:1102:13319:16448#ACTGTTCC/ab=4/	FCC17U2ACXX:3:1101:10563:45505#ACTGTTCC/ab=2/	72.7	58.2	63.6	38.2	66.1	4	0	0	20	8	9	14.29	N
0.0275	FCC17U2ACXX:3:1101:3994:59999#ACTGTTCC/ab=1/	FCC17U2ACXX:3:1101:8998:58454#ACTGTTCC/ab=2/	FCC17U2ACXX:3:1101:16288:65848#ACTGTTCC/ab=2/	73.6	67.9	67.9	58.5	68.9	9	6	8	6	3	2	8.33	N
0.0223	FCC17U2ACXX:3:1101:7861:72821#ACTGTTCC/ab=1/	FCC17U2ACXX:3:1101:13252:61257#ACTGTTCC/ab=2/	FCC17U2ACXX:3:1102:8553:2338#ACTGTTCC/ab=4/	83.0	67.9	79.2	60.4	74.6	1	0	0	12	5	10	4.76	N
0.0000	FCC17U2ACXX:3:1101:9495:94696#ACTGTTCA/ab=1/	*	*	*	*	*	*	*	*	*	*	*	*	*	*	N
0.1338	FCC17U2ACXX:3:1101:11964:74529#ACTGTTCC/ab=1/	FCC17U2ACXX:3:1102:10641:15435#ACTGTTCC/ab=3/	FCC17U2ACXX:3:1102:17595:5051#ACTGTTCC/ab=5/	83.3	59.3	74.1	48.1	74.6	5	1	1	18	3	7	12.50	N
0.0534	FCC17U2ACXX:3:1101:1983:95637#ACTGTTCC/ab=1/	FCC17U2ACXX:3:1102:6651:17992#ACTGTTCC/ab=3/	FCC17U2ACXX:3:1102:14336:14713#ACTGTTCC/ab=6/	83.3	70.0	78.3	58.3	78.1	3	1	0	11	3	6	6.38	N
0.0000	FCC17U2ACXX:3:1101:1905:17065#ACTGTTCC/ab=1/	*	*	*	*	*	*	*	*	*	*	*	*	*	*	N
0.0287	FCC17U2ACXX:3:1102:7803:16529#ACTGTTCC/ab=1/	FCC17U2ACXX:3:1101:10460:35297#ACTGTTCC/ab=2/	FCC17U2ACXX:3:1101:21061:99443#ACTGTTCC/ab=2/	92.3	65.4	88.5	57.7	85.2	1	2	0	19	2	4	4.35	N
0.0000	FCC17U2ACXX:3:1102:13806:23064#ACTGTTCC/ab=1/	*	*	*	*	*	*	*	*	*	*	*	*	*	*	N
0.0000	FCC17U2ACXX:3:1101:11564:70075#ACTGTTCC/ab=1/	*	*	*	*	*	*	*	*	*	*	*	*	*	*	N
0.0507	FCC17U2ACXX:3:1101:4492:6549#ACTGTTCC/ab=1/	FCC17U2ACXX:3:1101:5967:76527#ACTGTTCC/ab=2/	FCC17U2ACXX:3:1102:4348:32193#ACTGTTCC/ab=4/	78.6	64.3	73.2	58.9	73.3	5	3	6	10	2	3	7.32	N
0.0288	FCC17U2ACXX:3:1101:15462:3145#ACTGTTCC/ab=1/	FCC17U2ACXX:3:1102:2547:13024#ACTGTTCC/ab=2/	FCC17U2ACXX:3:1102:7448:16807#ACTGTTCC/ab=2/	83.1	55.9	81.4	61.0	82.8	1	2	1	17	1	7	2.08	N
0.0508	FCC17U2ACXX:3:1101:13124:21186#ACTGTTCC/ab=1/	FCC17U2ACXX:3:1101:11629:47646#ACTGTTCC/ab=2/	FCC17U2ACXX:3:1102:9482:28716#ACTGTTCC/ab=3/	81.0	70.7	72.4	58.6	75.4	6	1	2	10	7	4	11.90	N
0.0000	FCC17U2ACXX:3:1101:2388:31682#ACTGTTCC/ab=1/	FCC17U2ACXX:3:1101:16850:68503#ACTGTTCC/ab=2/	FCC17U2ACXX:3:1102:2342:24671#ACTGTTCC/ab=3/	85.7	58.9	83.9	50.0	81.4	0	0	1	20	7	3	2.13	N
0.0000	FCC17U2ACXX:3:1101:21243:64536#ACTGTTCC/ab=1/	*	*	*	*	*	*	*	*	*	*	*	*	*	*	N
0.0000	FCC17U2ACXX:3:1101:11373:2532#ACTGTTTC/ab=1/	*	*	*	*	*	*	*	*	*	*	*	*	*	*	N
0.0000	FCC17U2ACXX:3:1101:12892:6546#ACTGTTCC/ab=1/	*	*	*	*	*	*	*	*	*	*	*	*	*	*	N
0.0312	FCC17U2ACXX:3:1101:8740:43064#ACTGTTCC/ab=1/	FCC17U2ACXX:3:1101:6806:46189#ACTGTTCC/ab=2/	FCC17U2ACXX:3:1102:5111:32179#ACTGTTCC/ab=7/	94.6	89.3	91.1	87.5	90.0	2	1	1	3	0	1	3.92	N
0.0000	FCC17U2ACXX:3:1101:15066:39333#ACTGTTCC/ab=1/	*	*	*	*	*	*	*	*	*	*	*	*	*	*	N
0.0027	FCC17U2ACXX:3:1102:5116:11607#ACTGTTCC/ab=1/	FCC17U2ACXX:3:1101:19361:50842#ACTGTTCC/ab=2/	FCC17U2ACXX:3:1102:7826:31974#ACTGTTCC/ab=4/	89.3	73.2	87.5	75.0	87.5	1	10	4	4	1	1	2.04	N
0.0000	FCC17U2ACXX:3:1101:1590:93952#ACTGTTCC/ab=1/	*	*	*	*	*	*	*	*	*	*	*	*	*	*	N
0.0199	FCC17U2ACXX:3:1101:14934:40953#ACTGTTCC/ab=1/	FCC17U2ACXX:3:1102:1716:26965#ACTGTTCC/ab=5/	FCC17U2ACXX:3:1101:18867:97985#ACTGTTCC/ab=2/	82.0	68.0	82.0	60.0	81.7	2	4	2	15	3	7	2.44	N
0.0000	FCC17U2ACXX:3:1101:13925:76592#ACTGTTCC/ab=1/	*	*	*	*	*	*	*	*	*	*	*	*	*	*	N
0.0473	FCC17U2ACXX:3:1102:14355:22446#ACTGTTCC/ab=1/	FCC17U2ACXX:3:1102:12116:32427#ACTGTTCC/ab=2/	FCC17U2ACXX:3:1102:6633:22490#ACTGTTCC/ab=3/	75.4	56.1	70.2	52.6	68.9	2	0	3	16	5	8	7.50	N
0.0000	FCC17U2ACXX:3:1101:17321:82261#ACTGTTCC/ab=1/	*	*	*	*	*	*	*	*	*	*	*	*	*	*	N
0.0000	FCC17U2ACXX:3:1101:14581:79711#ACTGTTCC/ab=1/	*	*	*	*	*	*	*	*	*	*	*	*	*	*	N
0.0000	FCC17U2ACXX:3:1101:12114:77046#ACTGTTCC/ab=1/	*	*	*	*	*	*	*	*	*	*	*	*	*	*	N
0.0000	FCC17U2ACXX:3:1101:1782:25119#ACTGTTCC/ab=1/	*	*	*	*	*	*	*	*	*	*	*	*	*	*	N
0.0993	FCC17U2ACXX:3:1102:10046:23868#ACTGTTCC/ab=1/	FCC17U2ACXX:3:1101:9968:95680#ACTGTTCC/ab=2/	FCC17U2ACXX:3:1102:6477:7694#ACTGTTCC/ab=2/	86.8	67.9	75.5	54.7	71.9	7	2	2	12	3	2	15.00	N
0.0000	FCC17U2ACXX:3:1101:8355:33670#ACTGTTCC/ab=1/	*	*	*	*	*	*	*	*	*	*	*	*	*	*	N
0.0000	FCC17U2ACXX:3:1102:15902:6821#ACTGTTCC/ab=1/	FCC17U2ACXX:3:1101:5975:74686#ACTGTTCC/ab=2/	FCC17U2ACXX:3:1102:9482:28716#ACTGTTCC/ab=3/	98.4	95.1	96.7	91.8	96.9	1	3	0	0	1	0	1.69	N
0.0425	FCC17U2ACXX:3:1101:19328:77580#ACTGTTCC/ab=1/	FCC17U2ACXX:3:1102:19829:10098#ACTGTTCC/ab=2/	FCC17U2ACXX:3:1102:12192:19899#ACTGTTCC/ab=2/	78.7	59.0	75.4	54.1	76.6	3	2	2	16	4	6	4.35	N
0.0000	FCC17U2ACXX:3:1101:12386:30844#ACTGTTCC/ab=1/	*	*	*	*	*	*	*	*	*	*	*	*	*	*	N
0.0313	FCC17U2ACXX:3:1101:16173:12825#ACTGTTCC/ab=1/	FCC17U2ACXX:3:1101:15200:51448#ACTGTTCC/ab=4/	FCC17U2ACXX:3:1101:8764:82378#ACTGTTCC/ab=2/	74.1	69.0	65.5	62.1	67.7	8	3	10	3	1	2	7.50	N
0.1754	FCC17U2ACXX:3:1101:13331:62249#ACTGTTCC/ab=1/	FCC17U2ACXX:3:1102:19829:10098#ACTGTTCC/ab=2/	FCC17U2ACXX:3:1102:17153:14473#ACTGTTCC/ab=2/	94.8	63.8	93.1	62.1	93.3	1	0	0	22	0	3	1.85	N
0.1734	FCC17U2ACXX:3:1102:10765:18001#ACTGTTCC/ab=1/	FCC17U2ACXX:3:1102:12192:19899#ACTGTTCC/ab=2/	FCC17U2ACXX:3:1101:9142:77008#ACTGTTCC/ab=2/	76.3	62.7	61.0	45.8	63.9	8	0	1	14	6	8	21.62	N
0.0000	FCC17U2ACXX:3:1101:5579:17656#ACTGTTCC/ab=1/	*	*	*	*	*	*	*	*	*	*	*	*	*	*	N
0.2989	FCC17U2ACXX:3:1102:12367:23658#ACTGTTCC/ab=1/	FCC17U2ACXX:3:1102:13174:24291#ACTGTTCC/ab=2/	FCC17U2ACXX:3:1101:19408:77879#ACTGTTCC/ab=3/	93.1	44.8	89.7	41.4	88.3	2	0	0	29	1	3	3.85	N
0.0000	FCC17U2ACXX:3:1101:10048:80922#ACTGTTCC/ab=1/	*	*	*	*	*	*	*	*	*	*	*	*	*	*	N
0.0622	FCC17U2ACXX:3:1101:6543:66238#ACTGTTCC/ab=1/	FCC17U2ACXX:3:1101:9297:93668#ACTGTTCC/ab=2/	FCC17U2ACXX:3:1101:19703:94654#ACTGTTCC/ab=2/	78.4	66.7	70.6	62.7	66.1	6	3	9	9	1	5	11.11	N
0.0062	FCC17U2ACXX:3:1102:19523:28966#ACTGTTCC/ab=1/	FCC17U2ACXX:3:1102:8424:23061#ACTGTTCC/ab=2/	FCC17U2ACXX:3:1101:16850:68503#ACTGTTCC/ab=2/	84.6	71.8	79.5	59.0	71.2	11	15	5	6	11	2	6.45	N
0.0326	FCC17U2ACXX:3:1101:6889:9086#ACTGTTCC/ab=1/	FCC17U2ACXX:3:1101:8998:58454#ACTGTTCC/ab=2/	FCC17U2ACXX:3:1102:5111:32179#ACTGTTCC/ab=7/	75.0	72.9	62.5	45.8	68.4	21	9	2	3	2	2	2.86	N
0.0422	FCC17U2ACXX:3:1102:8568:22877#ACTGTTCC/ab=1/	FCC17U2ACXX:3:1101:4286:88806#ACTGTTCC/ab=2/	FCC17U2ACXX:3:1102:18806:22091#ACTGTTCC/ab=4/	90.6	88.7	71.7	67.9	88.1	13	3	2	2	1	2	2.13	N
0.0075	FCC17U2ACXX:3:1102:4060:20961#ACTGTTCC/ab=1/	FCC17U2ACXX:3:1102:15650:31873#ACTGTTCC/ab=2/	FCC17U2ACXX:3:1101:10460:35297#ACTGTTCC/ab=2/	75.6	68.9	64.4	48.9	67.2	7	18	4	4	2	3	9.68	N
0.0721	FCC17U2ACXX:3:1101:5193:31357#ACTGTTCC/ab=1/	FCC17U2ACXX:3:1101:18350:39399#ACTGTTCC/ab=2/	FCC17U2ACXX:3:1101:21061:99443#ACTGTTCC/ab=2/	72.9	47.5	67.8	44.1	68.9	2	0	1	19	4	11	7.50	N
0.0329	FCC17U2ACXX:3:1102:12503:26908#ACTGTTCC/ab=1/	FCC17U2ACXX:3:1102:19296:16092#ACTGTTCC/ab=3/	FCC17U2ACXX:3:1101:19746:93231#ACTGTTCC/ab=2/	87.0	72.2	81.5	66.7	78.9	2	0	2	12	7	3	6.82	N
0.0362	FCC17U2ACXX:3:1101:16348:17909#ACTGTTCC/ab=1/	FCC17U2ACXX:3:1101:17466:97705#ACTGTTCC/ab=3/	FCC17U2ACXX:3:1101:5975:74686#ACTGTTCC/ab=2/	78.6	60.7	71.4	51.8	72.9	3	2	1	14	4	9	10.00	N
0.0433	FCC17U2ACXX:3:1101:2342:98450#ACTGTTCC/ab=1/	FCC17U2ACXX:3:1101:16850:68503#ACTGTTCC/ab=2/	FCC17U2ACXX:3:1102:8238:17326#ACTGTTCC/ab=4/	82.5	56.1	80.7	50.9	80.3	1	0	0	19	4	7	2.17	N
0.0281	FCC17U2ACXX:3:1101:17332:12116#ACTGTTCC/ab=1/	FCC17U2ACXX:3:1102:10393:3118#ACTGTTCC/ab=2/	FCC17U2ACXX:3:1102:15650:31873#ACTGTTCC/ab=2/	75.9	70.4	72.2	79.6	71.7	2	0	0	7	4	13	5.13	N
0.0000	FCC17U2ACXX:3:1101:17040:24791#ACTGTTCC/ab=1/	*	*	*	*	*	*	*	*	*	*	*	*	*	*	N
0.0903	FCC17U2ACXX:3:1101:20773:83342#ACTGTTCC/ab=1/	FCC17U2ACXX:3:1102:17595:5051#ACTGTTCC/ab=5/	FCC17U2ACXX:3:1102:15033:7703#ACTGTTCC/ab=4/	89.3	82.1	80.4	67.9	81.7	8	3	2	4	0	1	8.70	N
0.0363	FCC17U2ACXX:3:1101:1586:75729#ACTGTTCC/ab=1/	FCC17U2ACXX:3:1101:11629:47646#ACTGTTCC/ab=2/	FCC17U2ACXX:3:1102:16407:22155#ACTGTTCC/ab=4/	80.7	75.4	75.4	78.9	77.0	5	2	4	4	1	3	6.98	N
0.0173	FCC17U2ACXX:3:1101:19986:31215#ACTGTTCC/ab=1/	FCC17U2ACXX:3:1102:6477:7694#ACTGTTCC/ab=2/	FCC17U2ACXX:3:1101:5975:74686#ACTGTTCC/ab=2/	81.1	75.5	75.5	71.7	75.4	6	9	10	4	1	0	10.00	N
0.0649	FCC17U2ACXX:3:1101:10407:87322#ACTGTTCC/ab=1/	FCC17U2ACXX:3:1102:10441:11992#ACTGTTCC/ab=4/	FCC17U2ACXX:3:1101:20437:55731#ACTGTTCC/ab=4/	75.9	59.3	70.4	51.9	65.5	3	0	1	17	8	7	7.89	N
0.0223	FCC17U2ACXX:3:1101:8031:38714#ACTGTTCC/ab=1/	FCC17U2ACXX:3:1102:15333:14642#ACTGTTCC/ab=7/	FCC17U2ACXX:3:1101:19583:82004#ACTGTTCC/ab=2/	71.2	61.5	65.4	61.5	70.0	3	3	6	12	4	6	8.82	N
0.0092	FCC17U2ACXX:3:1101:20815:67545#ACTGTTCC/ab=1/	FCC17U2ACXX:3:1101:5967:76527#ACTGTTCC/ab=2/	FCC17U2ACXX:3:1102:19829:10098#ACTGTTCC/ab=2/	71.7	65.2	67.4	58.7	75.8	5	19	8	3	0	1	6.45	N
0.0167	FCC17U2ACXX:3:1102:14771:25259#ACTGTTCC/ab=1/	FCC17U2ACXX:3:1102:10441:11992#ACTGTTCC/ab=4/	FCC17U2ACXX:3:1101:2015:45152#ACTGTTCC/ab=2/	72.2	70.4	63.0	50.0	67.8	9	7	5	4	3	3	2.63	N
0.0000	FCC17U2ACXX:3:1101:10169:89597#ACTGTTCC/ab=1/	*	*	*	*	*	*	*	*	*	*	*	*	*	*	N
0.0746	FCC17U2ACXX:3:1102:13456:22661#ACTGTTCC/ab=1/	FCC17U2ACXX:3:1101:14610:92326#ACTGTTCC/ab=2/	FCC17U2ACXX:3:1102:6726:29847#ACTGTTCC/ab=2/	65.9	50.0	61.4	36.4	58.6	6	0	3	17	13	6	7.41	N
0.0882	FCC17U2ACXX:3:1101:2100:74313#ACTGTTCC/ab=1/	FCC17U2ACXX:3:1102:12116:32427#ACTGTTCC/ab=2/	FCC17U2ACXX:3:1102:1899:7752#ACTGTTCC/ab=2/	74.5	56.4	65.5	45.5	62.1	4	0	2	14	5	9	13.89	N
0.0306	FCC17U2ACXX:3:1101:18072:30712#ACTGTTCC/ab=1/	FCC17U2ACXX:3:1101:15656:70254#ACTGTTCC/ab=3/	FCC17U2ACXX:3:1101:8998:58454#ACTGTTCC/ab=2/	78.2	72.7	72.7	61.8	74.6	9	6	3	5	2	3	7.50	N
0.0435	FCC17U2ACXX:3:1101:1765:62574#ACTGTTCC/ab=1/	FCC17U2ACXX:3:1101:9880:19003#ACTGTTCC/ab=2/	FCC17U2ACXX:3:1102:4064:31428#ACTGTTCC/ab=2/	85.2	77.0	80.3	72.1	81.5	2	0	1	7	2	6	6.12	N
0.0102	FCC17U2ACXX:3:1101:20842:60154#ACTGTTCC/ab=1/	FCC17U2ACXX:3:1102:5328:14256#ACTGTTCC/ab=2/	FCC17U2ACXX:3:1101:19677:53971#ACTGTTCC/ab=2/	93.1	70.7	91.4	67.2	92.2	2	10	2	7	1	0	1.89	N
0.0239	FCC17U2ACXX:3:1101:17170:57834#ACTGTTCC/ab=1/	FCC17U2ACXX:3:1101:9142:77008#ACTGTTCC/ab=2/	FCC17U2ACXX:3:1102:1899:7752#ACTGTTCC/ab=2/	66.7	59.3	57.4	46.3	62.1	10	6	7	7	5	5	12.50	N
0.0115	FCC17U2ACXX:3:1102:14738:15110#ACTGTTCC/ab=1/	FCC17U2ACXX:3:1102:7826:31974#ACTGTTCC/ab=4/	FCC17U2ACXX:3:1102:18855:29225#ACTGTTCC/ab=4/	96.7	95.0	93.3	91.7	95.3	1	0	0	2	1	1	1.75	N
0.0442	FCC17U2ACXX:3:1101:18777:47108#ACTGTTCC/ab=1/	FCC17U2ACXX:3:1102:15650:31873#ACTGTTCC/ab=2/	FCC17U2ACXX:3:1101:19408:77879#ACTGTTCC/ab=3/	92.9	82.1	91.1	76.8	90.0	2	1	1	7	1	1	1.96	N
0.0547	FCC17U2ACXX:3:1101:7539:42544#ACTGTTCC/ab=1/	FCC17U2ACXX:3:1102:10641:15435#ACTGTTCC/ab=3/	FCC17U2ACXX:3:1101:1567:33331#ACTGTTCC/ab=2/	92.7	89.1	83.6	72.7	88.5	6	1	1	5	3	0	4.08	N
0.1556	FCC17U2ACXX:3:1101:11292:90259#ACTGTTCC/ab=1/	FCC17U2ACXX:3:1101:2813:97880#ACTGTTCC/ab=3/	FCC17U2ACXX:3:1102:14069:30139#ACTGTTCC/ab=19/	91.1	82.1	78.6	64.3	83.3	10	3	2	5	0	0	10.87	N
0.0119	FCC17U2ACXX:3:1101:8059:32496#ACTGTTCC/ab=1/	FCC17U2ACXX:3:1102:13319:16448#ACTGTTCC/ab=4/	FCC17U2ACXX:3:1102:14336:14713#ACTGTTCC/ab=6/	72.5	64.7	60.8	41.2	64.9	5	7	1	15	13	5	12.12	N
0.0436	FCC17U2ACXX:3:1101:6554:58738#ACTGTTCC/ab=1/	FCC17U2ACXX:3:1101:6871:62770#ACTGTTCC/ab=2/	FCC17U2ACXX:3:1102:7826:31974#ACTGTTCC/ab=4/	79.3	70.7	74.1	65.5	75.8	2	0	0	10	4	9	6.98	N
0.0500	FCC17U2ACXX:3:1101:16379:25027#ACTGTTCC/ab=1/	FCC17U2ACXX:3:1102:10392:10572#ACTGTTCC/ab=2/	FCC17U2ACXX:3:1102:10441:11992#ACTGTTCC/ab=4/	76.8	66.1	73.2	57.1	70.0	8	4	4	7	2	3	4.88	N
0.0178	FCC17U2ACXX:3:1102:6353:12292#ACTGTTCC/ab=1/	FCC17U2ACXX:3:1101:14610:92326#ACTGTTCC/ab=2/	FCC17U2ACXX:3:1101:16850:68503#ACTGTTCC/ab=2/	69.6	58.9	66.1	58.9	66.1	1	0	0	8	3	15	5.41	N
0.0366	FCC17U2ACXX:3:1102:16196:17075#ACTGTTCC/ab=1/	FCC17U2ACXX:3:1102:12116:32427#ACTGTTCC/ab=2/	FCC17U2ACXX:3:1101:8998:58454#ACTGTTCC/ab=2/	77.2	63.2	71.9	52.6	71.2	2	0	1	13	7	7	7.32	N
0.0234	FCC17U2ACXX:3:1102:17702:4181#ACTGTTCC/ab=1/	FCC17U2ACXX:3:1101:5975:74686#ACTGTTCC/ab=2/	FCC17U2ACXX:3:1102:10441:11992#ACTGTTCC/ab=4/	79.6	75.9	74.1	64.8	77.0	2	0	2	11	9	7	4.88	N
0.0556	FCC17U2ACXX:3:1101:1374:5390#ACTGTTCC/ab=1/	FCC17U2ACXX:3:1101:9142:77008#ACTGTTCC/ab=2/	FCC17U2ACXX:3:1102:8424:23061#ACTGTTCC/ab=2/	80.7	54.4	73.7	40.4	75.4	4	3	3	22	5	2	9.52	N
0.0000	FCC17U2ACXX:3:1102:18296:24424#ACTGTTCC/ab=1/	*	*	*	*	*	*	*	*	*	*	*	*	*	*	N
0.0000	FCC17U2ACXX:3:1101:16241:10993#ACTGTTCC/ab=1/	*	*	*	*	*	*	*	*	*	*	*	*	*	*	N
0.0000	FCC17U2ACXX:3:1102:14722:20352#ACTGTTCC/ab=1/	*	*	*	*	*	*	*	*	*	*	*	*	*	*	N
0.0657	FCC17U2ACXX:3:1101:7278:4334#ACTGTTCC/ab=1/	FCC17U2ACXX:3:1101:10563:45505#ACTGTTCC/ab=2/	FCC17U2ACXX:3:1102:19552:4011#ACTGTTCC/ab=3/	78.2	67.3	63.6	41.8	67.2	7	1	1	15	11	3	16.22	N
0.0000	FCC17U2ACXX:3:1101:12610:91427#ACTGTTCC/ab=1/	*	*	*	*	*	*	*	*	*	*	*	*	*	*	N
0.1241	FCC17U2ACXX:3:1101:8031:62466#ACTGTTCC/ab=1/	FCC17U2ACXX:3:1102:4892:11318#ACTGTTCC/ab=9/	FCC17U2ACXX:3:1101:19408:77879#ACTGTTCC/ab=3/	91.1	75.0	87.5	76.8	86.7	2	0	0	9	0	5	4.08	N
0.0390	FCC17U2ACXX:3:1101:16223:68092#ACTGTTCC/ab=1/	FCC17U2ACXX:3:1102:14069:30139#ACTGTTCC/ab=19/	FCC17U2ACXX:3:1101:1567:33331#ACTGTTCC/ab=2/	76.4	65.5	70.9	54.5	70.5	4	2	2	10	3	9	7.69	N
0.0862	FCC17U2ACXX:3:1102:20105:20008#ACTGTTCC/ab=1/	FCC17U2ACXX:3:1102:20227:28699#ACTGTTCC/ab=2/	FCC17U2ACXX:3:1101:16850:68503#ACTGTTCC/ab=2/	77.2	66.7	68.4	50.9	68.9	5	0	2	14	8	3	12.82	N
0.0885	FCC17U2ACXX:3:1102:15408:2717#ACTGTTCC/ab=1/	FCC17U2ACXX:3:1102:18534:27511#ACTGTTCC/ab=3/	FCC17U2ACXX:3:1102:1716:26965#ACTGTTCC/ab=5/	78.9	59.6	71.9	45.6	75.4	3	0	0	17	6	7	9.76	N
0.1029	FCC17U2ACXX:3:1101:6165:81963#ACTGTTCC/ab=1/	FCC17U2ACXX:3:1102:15333:14642#ACTGTTCC/ab=7/	FCC17U2ACXX:3:1102:8238:17326#ACTGTTCC/ab=4/	82.1	51.8	78.6	46.4	80.3	2	0	1	21	3	7	4.55	N
0.0000	FCC17U2ACXX:3:1101:11847:45231#ACTGTTCC/ab=1/	*	*	*	*	*	*	*	*	*	*	*	*	*	*	N
0.0973	FCC17U2ACXX:3:1101:11903:7091#ACTGTTCC/ab=1/	FCC17U2ACXX:3:1102:18806:22091#ACTGTTCC/ab=4/	FCC17U2ACXX:3:1101:9142:77008#ACTGTTCC/ab=2/	77.8	68.5	66.7	50.0	68.3	11	4	6	10	2	2	13.51	N
0.0826	FCC17U2ACXX:3:1102:10903:27926#ACTGTTCC/ab=1/	FCC17U2ACXX:3:1101:17466:97705#ACTGTTCC/ab=3/	FCC17U2ACXX:3:1102:4064:31428#ACTGTTCC/ab=2/	84.5	72.4	75.9	53.4	72.1	4	0	1	14	7	4	11.36	N
0.0000	FCC17U2ACXX:3:1102:8351:24814#ACTGTTCC/ab=1/	FCC17U2ACXX:3:1102:12192:19899#ACTGTTCC/ab=2/	FCC17U2ACXX:3:1102:18855:29225#ACTGTTCC/ab=4/	80.0	76.7	73.3	61.7	76.6	6	8	5	0	4	1	4.35	N
0.0104	FCC17U2ACXX:3:1101:2123:70045#ACTGTTCC/ab=1/	FCC17U2ACXX:3:1102:19806:24326#ACTGTTCC/ab=3/	FCC17U2ACXX:3:1102:17153:14473#ACTGTTCC/ab=2/	100.0	98.2	98.2	96.4	98.3	1	0	0	1	0	0	1.82	N
0.0604	FCC17U2ACXX:3:1102:7748:21758#ACTGTTCC/ab=1/	FCC17U2ACXX:3:1102:19296:16092#ACTGTTCC/ab=3/	FCC17U2ACXX:3:1102:14336:14713#ACTGTTCC/ab=6/	73.2	64.3	62.5	58.9	62.7	7	1	3	8	4	9	13.89	N
0.0374	FCC17U2ACXX:3:1101:18969:95162#ACTGTTCC/ab=1/	FCC17U2ACXX:3:1101:9142:77008#ACTGTTCC/ab=2/	FCC17U2ACXX:3:1102:13838:7426#ACTGTTCC/ab=2/	75.9	72.4	65.5	55.2	71.0	7	2	2	7	5	6	4.76	N
0.0441	FCC17U2ACXX:3:1101:4372:94774#ACTGTTCC/ab=1/	FCC17U2ACXX:3:1102:8424:23061#ACTGTTCC/ab=2/	FCC17U2ACXX:3:1102:8238:17326#ACTGTTCC/ab=4/	83.9	76.8	82.1	64.3	81.4	9	7	2	5	1	0	2.17	N
0.0530	FCC17U2ACXX:3:1102:15432:27816#ACTGTTCC/ab=1/	FCC17U2ACXX:3:1102:10641:15435#ACTGTTCC/ab=3/	FCC17U2ACXX:3:1101:11715:79271#ACTGTTCC/ab=2/	84.2	75.4	77.2	63.2	78.7	3	0	3	9	4	2	9.09	N
0.0400	FCC17U2ACXX:3:1101:2232:13166#ACTGTTCC/ab=1/	FCC17U2ACXX:3:1101:15050:96898#ACTGTTCC/ab=2/	FCC17U2ACXX:3:1101:19583:82004#ACTGTTCC/ab=2/	77.4	64.2	75.5	66.0	72.4	3	2	3	11	2	7	2.50	N
0.0124	FCC17U2ACXX:3:1101:19521:3278#ACTGTTCC/ab=1/	FCC17U2ACXX:3:1101:17466:97705#ACTGTTCC/ab=3/	FCC17U2ACXX:3:1102:10441:11992#ACTGTTCC/ab=4/	75.4	68.4	71.9	77.2	70.5	1	0	3	6	2	14	4.88	N
0.0640	FCC17U2ACXX:3:1101:12985:73689#ACTGTTCC/ab=1/	FCC17U2ACXX:3:1101:17466:97705#ACTGTTCC/ab=3/	FCC17U2ACXX:3:1102:19829:10098#ACTGTTCC/ab=2/	77.6	72.4	72.4	63.8	73.8	3	0	0	10	4	10	7.14	N
0.0544	FCC17U2ACXX:3:1101:3251:14564#ACTGTTCC/ab=1/	FCC17U2ACXX:3:1101:14610:92326#ACTGTTCC/ab=2/	FCC17U2ACXX:3:1101:16850:68503#ACTGTTCC/ab=2/	80.0	78.2	67.3	60.0	78.0	7	0	0	6	9	6	2.33	N
0.0000	FCC17U2ACXX:3:1102:12467:19305#ACTGTTCC/ab=1/	*	*	*	*	*	*	*	*	*	*	*	*	*	*	N
0.3554	FCC17U2ACXX:3:1101:4400:73771#ACTGTTCC/ab=1/	FCC17U2ACXX:3:1102:13174:24291#ACTGTTCC/ab=2/	FCC17U2ACXX:3:1101:19408:77879#ACTGTTCC/ab=3/	96.4	51.8	92.9	48.2	91.7	2	0	0	31	1	1	3.85	N
0.0116	FCC17U2ACXX:3:1101:9756:36631#ACTGTTCC/ab=1/	FCC17U2ACXX:3:1101:9968:95680#ACTGTTCC/ab=2/	FCC17U2ACXX:3:1101:10260:67603#ACTGTTCC/ab=6/	85.4	70.7	78.0	63.4	74.6	4	15	1	7	1	4	9.38	N
0.1162	FCC17U2ACXX:3:1101:13027:34929#ACTGTTCC/ab=1/	FCC17U2ACXX:3:1101:17466:97705#ACTGTTCC/ab=3/	FCC17U2ACXX:3:1101:8836:96560#ACTGTTCC/ab=2/	79.2	77.4	66.0	58.5	78.9	7	0	1	10	6	4	2.44	N
0.0000	FCC17U2ACXX:3:1101:8815:33241#ACTGTTCC/ab=1/	*	*	*	*	*	*	*	*	*	*	*	*	*	*	N
0.0000	FCC17U2ACXX:3:1101:16662:21129#ACTGTTCC/ab=1/	*	*	*	*	*	*	*	*	*	*	*	*	*	*	N
0.0000	FCC17U2ACXX:3:1102:11825:13916#ACTGTTCC/ab=1/	*	*	*	*	*	*	*	*	*	*	*	*	*	*	N
0.0000	FCC17U2ACXX:3:1101:4365:35691#ACTGTTCC/ab=1/	*	*	*	*	*	*	*	*	*	*	*	*	*	*	N
0.0746	FCC17U2ACXX:3:1101:6718:82221#ACTGTTCC/ab=1/	FCC17U2ACXX:3:1102:12116:32427#ACTGTTCC/ab=2/	FCC17U2ACXX:3:1102:20227:28699#ACTGTTCC/ab=2/	82.5	75.4	75.4	70.2	77.0	4	0	0	8	4	6	9.30	N
0.0113	FCC17U2ACXX:3:1101:3195:76145#ACTGTTCC/ab=1/	FCC17U2ACXX:3:1101:5967:76527#ACTGTTCC/ab=2/	FCC17U2ACXX:3:1101:19746:93231#ACTGTTCC/ab=2/	89.7	87.9	86.2	84.5	88.7	2	1	3	2	1	1	1.96	N
0.0408	FCC17U2ACXX:3:1101:14816:48183#ACTGTTCC/ab=1/	FCC17U2ACXX:3:1102:6633:22490#ACTGTTCC/ab=3/	FCC17U2ACXX:3:1101:11629:47646#ACTGTTCC/ab=2/	86.0	77.2	80.7	66.7	82.0	2	0	1	9	4	3	6.52	N
0.0000	FCC17U2ACXX:3:1101:17278:5115#ACTGTTCC/ab=1/	FCC17U2ACXX:3:1102:9482:28716#ACTGTTCC/ab=3/	FCC17U2ACXX:3:1101:5975:74686#ACTGTTCC/ab=2/	67.2	63.8	65.5	91.4	67.7	0	0	1	2	0	21	2.63	N
0.0000	FCC17U2ACXX:3:1101:1462:24266#ACTGTTCC/ab=1/	*	*	*	*	*	*	*	*	*	*	*	*	*	*	N
0.0634	FCC17U2ACXX:3:1101:12208:75874#ACTGTTCC/ab=1/	FCC17U2ACXX:3:1101:2813:97880#ACTGTTCC/ab=3/	FCC17U2ACXX:3:1101:9880:19003#ACTGTTCC/ab=2/	80.7	77.2	68.4	61.4	78.3	16	4	5	2	0	2	4.55	N
0.0000	FCC17U2ACXX:3:1101:10680:56693#ACTGTTCC/ab=1/	*	*	*	*	*	*	*	*	*	*	*	*	*	*	N
0.0466	FCC17U2ACXX:3:1101:12365:32265#ACTGTTCC/ab=1/	FCC17U2ACXX:3:1102:13174:24291#ACTGTTCC/ab=2/	FCC17U2ACXX:3:1101:21061:99443#ACTGTTCC/ab=2/	89.5	78.9	82.5	63.2	82.0	8	4	0	7	3	1	8.51	N
0.0573	FCC17U2ACXX:3:1101:15678:22851#ACTGTTCC/ab=1/	FCC17U2ACXX:3:1102:18855:29225#ACTGTTCC/ab=4/	FCC17U2ACXX:3:1102:4348:32193#ACTGTTCC/ab=4/	96.0	92.0	92.0	84.0	88.7	3	7	0	11	0	0	4.35	N
0.1506	FCC17U2ACXX:3:1102:14106:6954#ACTGTTCC/ab=1/	FCC17U2ACXX:3:1102:10641:15435#ACTGTTCC/ab=3/	FCC17U2ACXX:3:1101:9880:19003#ACTGTTCC/ab=2/	89.7	72.4	79.3	62.1	80.3	6	0	0	12	5	4	13.04	N
0.0000	FCC17U2ACXX:3:1101:6109:9860#ACTGTTCC/ab=1/	*	*	*	*	*	*	*	*	*	*	*	*	*	*	N
0.0000	FCC17U2ACXX:3:1102:16705:30250#ACTGTTCC/ab=1/	*	*	*	*	*	*	*	*	*	*	*	*	*	*	N
0.0528	FCC17U2ACXX:3:1102:20143:27455#ACTGTTCC/ab=1/	FCC17U2ACXX:3:1102:4064:31428#ACTGTTCC/ab=2/	FCC17U2ACXX:3:1102:19296:16092#ACTGTTCC/ab=3/	87.7	75.4	86.0	66.7	86.7	4	7	3	8	0	0	2.04	N
0.0000	FCC17U2ACXX:3:1101:3158:17488#ACTGTTCC/ab=1/	*	*	*	*	*	*	*	*	*	*	*	*	*	*	N
0.0486	FCC17U2ACXX:3:1101:20987:36879#ACTGTTCC/ab=1/	FCC17U2ACXX:3:1102:2342:24671#ACTGTTCC/ab=3/	FCC17U2ACXX:3:1102:20708:29898#ACTGTTCC/ab=5/	76.4	70.9	67.3	52.7	70.5	9	5	6	9	3	2	7.69	N
0.0666	FCC17U2ACXX:3:1101:10282:90276#ACTGTTCC/ab=1/	FCC17U2ACXX:3:1102:20302:3354#ACTGTTCC/ab=5/	FCC17U2ACXX:3:1102:20227:28699#ACTGTTCC/ab=2/	76.8	75.0	67.9	64.3	75.8	6	0	2	6	4	8	2.38	N
0.0000	FCC17U2ACXX:3:1102:11106:5954#ACTGTTCC/ab=1/	*	*	*	*	*	*	*	*	*	*	*	*	*	*	N
0.0000	FCC17U2ACXX:3:1101:4526:8602#ACTGTTCC/ab=1/	*	*	*	*	*	*	*	*	*	*	*	*	*	*	N
0.0544	FCC17U2ACXX:3:1101:7280:2602#ACTGTTCC/ab=1/	FCC17U2ACXX:3:1102:10441:11992#ACTGTTCC/ab=4/	FCC17U2ACXX:3:1102:20227:28699#ACTGTTCC/ab=2/	82.5	68.4	75.4	59.6	77.0	5	4	4	9	1	3	9.30	N
0.0726	FCC17U2ACXX:3:1101:5120:6813#ACTGTTCC/ab=1/	FCC17U2ACXX:3:1101:9880:19003#ACTGTTCC/ab=2/	FCC17U2ACXX:3:1102:2342:24671#ACTGTTCC/ab=3/	86.0	75.4	75.4	61.4	73.8	9	4	2	7	1	5	13.95	N
0.0669	FCC17U2ACXX:3:1101:15414:28046#ACTGTTCC/ab=1/	FCC17U2ACXX:3:1101:1567:33331#ACTGTTCC/ab=2/	FCC17U2ACXX:3:1102:20302:3354#ACTGTTCC/ab=5/	87.0	77.8	74.1	63.0	74.6	9	3	2	8	3	2	11.90	N
0.1674	FCC17U2ACXX:3:1101:1960:38531#ACTGTTCC/ab=1/	FCC17U2ACXX:3:1101:8385:94232#ACTGTTCC/ab=2/	FCC17U2ACXX:3:1101:9297:93668#ACTGTTCC/ab=2/	94.4	57.4	92.6	55.6	93.1	1	0	0	21	0	3	2.00	N
0.0527	FCC17U2ACXX:3:1101:5893:68250#ACTGTTCC/ab=1/	FCC17U2ACXX:3:1102:8424:23061#ACTGTTCC/ab=2/	FCC17U2ACXX:3:1101:15163:91719#ACTGTTCC/ab=2/	87.7	91.2	63.2	56.1	91.8	14	1	1	3	5	0	1.92	N
0.0618	FCC17U2ACXX:3:1101:13550:30565#ACTGTTCC/ab=1/	FCC17U2ACXX:3:1101:15200:51448#ACTGTTCC/ab=4/	FCC17U2ACXX:3:1101:19746:93231#ACTGTTCC/ab=2/	93.1	74.1	89.7	74.1	88.7	1	0	0	12	1	3	3.85	N
0.0331	FCC17U2ACXX:3:1101:20718:71768#ACTGTTCC/ab=1/	FCC17U2ACXX:3:1102:20302:3354#ACTGTTCC/ab=5/	FCC17U2ACXX:3:1101:19408:77879#ACTGTTCC/ab=3/	78.2	65.5	74.5	56.4	75.0	4	3	2	10	3	6	4.88	N
0.0513	FCC17U2ACXX:3:1101:10394:93574#ACTGTTCC/ab=1/	FCC17U2ACXX:3:1102:12192:19899#ACTGTTCC/ab=2/	FCC17U2ACXX:3:1101:12667:66432#ACTGTTCC/ab=3/	86.7	76.7	81.7	70.0	82.8	2	0	0	9	3	5	6.12	N
0.0384	FCC17U2ACXX:3:1102:4432:12892#ACTGTTCC/ab=1/	FCC17U2ACXX:3:1101:17466:97705#ACTGTTCC/ab=3/	FCC17U2ACXX:3:1102:2342:24671#ACTGTTCC/ab=3/	81.8	54.5	80.0	54.5	80.3	1	0	0	18	4	10	2.27	N
0.0000	FCC17U2ACXX:3:1101:19673:33787#ACTGTTCC/ab=1/	*	*	*	*	*	*	*	*	*	*	*	*	*	*	N
0.0087	FCC17U2ACXX:3:1102:5473:12281#ACTGTTCC/ab=1/	FCC17U2ACXX:3:1102:7826:31974#ACTGTTCC/ab=4/	FCC17U2ACXX:3:1101:10563:45505#ACTGTTCC/ab=2/	79.5	68.2	72.7	56.8	76.8	6	16	4	6	3	2	9.38	N
0.0200	FCC17U2ACXX:3:1102:6745:5330#ACTGTTCC/ab=1/	FCC17U2ACXX:3:1101:15050:96898#ACTGTTCC/ab=2/	FCC17U2ACXX:3:1102:15033:7703#ACTGTTCC/ab=4/	80.4	64.3	78.6	60.7	78.3	4	7	5	6	1	2	2.27	N
0.1470	FCC17U2ACXX:3:1101:9851:7653#ACTGTTCC/ab=1/	FCC17U2ACXX:3:1101:15163:91719#ACTGTTCC/ab=2/	FCC17U2ACXX:3:1101:16850:68503#ACTGTTCC/ab=2/	100.0	73.2	96.4	69.6	93.4	1	0	0	17	0	2	3.70	N
0.0513	FCC17U2ACXX:3:1102:17278:25449#ACTGTTCC/ab=1/	FCC17U2ACXX:3:1101:15200:51448#ACTGTTCC/ab=4/	FCC17U2ACXX:3:1101:19746:93231#ACTGTTCC/ab=2/	79.3	75.9	70.7	74.1	74.2	4	0	0	5	3	9	4.55	N
0.0704	FCC17U2ACXX:3:1101:13477:39686#ACTGTTCC/ab=1/	FCC17U2ACXX:3:1101:16850:68503#ACTGTTCC/ab=2/	FCC17U2ACXX:3:1102:14069:30139#ACTGTTCC/ab=19/	76.8	71.4	57.1	50.0	70.5	16	6	6	3	0	2	7.50	N
0.1032	FCC17U2ACXX:3:1102:4388:24143#ACTGTTCC/ab=1/	FCC17U2ACXX:3:1101:17466:97705#ACTGTTCC/ab=3/	FCC17U2ACXX:3:1102:8424:23061#ACTGTTCC/ab=2/	86.0	54.4	84.2	56.1	85.2	1	0	0	18	0	8	2.08	N
0.1001	FCC17U2ACXX:3:1101:10752:50405#ACTGTTCC/ab=1/	FCC17U2ACXX:3:1101:21061:99443#ACTGTTCC/ab=2/	FCC17U2ACXX:3:1102:9482:28716#ACTGTTCC/ab=3/	75.9	62.1	70.7	56.9	73.2	3	0	0	14	3	12	7.32	N
0.0440	FCC17U2ACXX:3:1101:5943:28092#ACTGTTCC/ab=1/	FCC17U2ACXX:3:1101:2813:97880#ACTGTTCC/ab=3/	FCC17U2ACXX:3:1102:19829:10098#ACTGTTCC/ab=2/	80.7	66.7	75.4	57.9	76.8	4	1	2	13	7	4	6.98	N
0.0000	FCC17U2ACXX:3:1101:5863:49162#ACTGTTCC/ab=1/	*	*	*	*	*	*	*	*	*	*	*	*	*	*	N
0.0139	FCC17U2ACXX:3:1101:7496:4411#ACTGTTCC/ab=1/	FCC17U2ACXX:3:1102:9046:23853#ACTGTTCC/ab=17/	FCC17U2ACXX:3:1102:16407:22155#ACTGTTCC/ab=4/	70.2	68.4	64.9	47.4	66.7	12	11	10	2	1	1	2.56	N
0.0000	FCC17U2ACXX:3:1102:16184:32822#ACTGTTCC/ab=1/	*	*	*	*	*	*	*	*	*	*	*	*	*	*	N
0.0980	FCC17U2ACXX:3:1101:3936:24095#ACTGTTCC/ab=1/	FCC17U2ACXX:3:1101:9880:19003#ACTGTTCC/ab=2/	FCC17U2ACXX:3:1102:3598:18934#ACTGTTCC/ab=2/	83.9	78.6	75.0	66.1	77.0	7	1	2	11	4	4	6.82	N
0.0000	FCC17U2ACXX:3:1102:20948:9795#ACTGTTCC/ab=1/	*	*	*	*	*	*	*	*	*	*	*	*	*	*	N
0.0000	FCC17U2ACXX:3:1101:5605:89035#ACTGTTCC/ab=1/	*	*	*	*	*	*	*	*	*	*	*	*	*	*	N
0.0000	FCC17U2ACXX:3:1101:2873:33715#ACTGTTCC/ab=1/	*	*	*	*	*	*	*	*	*	*	*	*	*	*	N
0.0231	FCC17U2ACXX:3:1101:13931:70009#ACTGTTCC/ab=1/	FCC17U2ACXX:3:1101:8836:96560#ACTGTTCC/ab=2/	FCC17U2ACXX:3:1101:1309:50195#ACTGTTCC/ab=2/	74.0	52.0	68.0	48.0	64.9	3	3	3	14	5	9	8.82	N
0.0191	FCC17U2ACXX:3:1101:17657:98976#ACTGTTCC/ab=1/	FCC17U2ACXX:3:1101:21061:99443#ACTGTTCC/ab=2/	FCC17U2ACXX:3:1102:16407:22155#ACTGTTCC/ab=4/	75.4	71.9	71.9	82.5	73.8	4	2	9	2	0	3	4.88	N
0.0000	FCC17U2ACXX:3:1101:13417:41167#ACTGTTCC/ab=1/	*	*	*	*	*	*	*	*	*	*	*	*	*	*	N
0.0215	FCC17U2ACXX:3:1101:20115:96722#ACTGTTCC/ab=1/	FCC17U2ACXX:3:1102:2342:24671#ACTGTTCC/ab=3/	FCC17U2ACXX:3:1102:5111:32179#ACTGTTCC/ab=7/	80.8	78.8	71.2	63.5	78.7	11	3	2	3	4	9	2.44	N
0.0000	FCC17U2ACXX:3:1101:5241:66234#ACTGTTCC/ab=1/	*	*	*	*	*	*	*	*	*	*	*	*	*	*	N
0.0000	FCC17U2ACXX:3:1101:10648:60889#ACTGTTCC/ab=1/	*	*	*	*	*	*	*	*	*	*	*	*	*	*	N
0.0767	FCC17U2ACXX:3:1101:9142:83111#ACTGTTCC/ab=1/	FCC17U2ACXX:3:1102:8238:17326#ACTGTTCC/ab=4/	FCC17U2ACXX:3:1102:3790:2528#ACTGTTCC/ab=2/	75.0	53.6	67.9	42.9	66.7	3	0	0	19	8	10	10.53	N
0.0305	FCC17U2ACXX:3:1102:11853:28718#ACTGTTCC/ab=1/	FCC17U2ACXX:3:1102:11447:22531#ACTGTTCC/ab=2/	FCC17U2ACXX:3:1101:17466:97705#ACTGTTCC/ab=3/	77.8	63.0	72.2	66.7	68.9	4	2	4	8	3	7	7.69	N
0.0260	FCC17U2ACXX:3:1101:7548:80611#ACTGTTCC/ab=1/	FCC17U2ACXX:3:1101:12971:78691#ACTGTTCC/ab=2/	FCC17U2ACXX:3:1101:10260:67603#ACTGTTCC/ab=6/	82.0	78.0	72.0	68.0	80.0	5	0	1	6	13	6	5.13	N
0.0244	FCC17U2ACXX:3:1101:8598:15121#ACTGTTCC/ab=1/	FCC17U2ACXX:3:1102:20888:20306#ACTGTTCC/ab=2/	FCC17U2ACXX:3:1102:7826:31974#ACTGTTCC/ab=4/	78.3	70.0	76.7	73.3	76.6	2	1	3	6	1	8	2.17	N
0.0000	FCC17U2ACXX:3:1101:1448:23116#ACTGTTCC/ab=1/	FCC17U2ACXX:3:1101:15200:51448#ACTGTTCC/ab=4/	FCC17U2ACXX:3:1101:8764:82378#ACTGTTCC/ab=2/	87.9	58.6	86.2	62.1	87.1	0	0	1	18	1	5	2.00	N
0.0302	FCC17U2ACXX:3:1102:16058:10203#ACTGTTCC/ab=1/	FCC17U2ACXX:3:1102:13874:28231#ACTGTTCC/ab=2/	FCC17U2ACXX:3:1102:15650:31873#ACTGTTCC/ab=2/	80.4	78.6	64.3	58.9	79.0	11	2	3	3	4	3	2.27	N
0.0162	FCC17U2ACXX:3:1101:18861:87919#ACTGTTCC/ab=1/	FCC17U2ACXX:3:1101:15163:91719#ACTGTTCC/ab=2/	FCC17U2ACXX:3:1101:11629:47646#ACTGTTCC/ab=2/	77.1	66.7	72.9	52.1	65.5	14	14	3	6	5	2	5.71	N
0.0000	FCC17U2ACXX:3:1101:8710:60181#ACTGTTCC/ab=1/	*	*	*	*	*	*	*	*	*	*	*	*	*	*	N
0.0049	FCC17U2ACXX:3:1102:10560:22427#ACTGTTCC/ab=1/	FCC17U2ACXX:3:1102:14336:14713#ACTGTTCC/ab=6/	FCC17U2ACXX:3:1101:12667:66432#ACTGTTCC/ab=3/	85.0	66.7	81.7	58.3	81.2	4	12	4	3	2	1	4.08	N
0.0000	FCC17U2ACXX:3:1101:8608:31234#ACTGTTCC/ab=1/	*	*	*	*	*	*	*	*	*	*	*	*	*	*	N
0.1056	FCC17U2ACXX:3:1101:17735:62480#ACTGTTCC/ab=1/	FCC17U2ACXX:3:1102:13319:16448#ACTGTTCC/ab=4/	FCC17U2ACXX:3:1102:3790:2528#ACTGTTCC/ab=2/	80.4	60.7	75.0	46.4	75.0	3	0	0	22	7	5	7.14	N
0.0262	FCC17U2ACXX:3:1101:7514:39144#ACTGTTCC/ab=1/	FCC17U2ACXX:3:1102:20888:20306#ACTGTTCC/ab=2/	FCC17U2ACXX:3:1102:4348:32193#ACTGTTCC/ab=4/	70.7	55.2	69.0	62.1	71.0	1	0	0	12	3	16	2.50	N
0.0000	FCC17U2ACXX:3:1101:11919:3329#ACTGTTCC/ab=1/	*	*	*	*	*	*	*	*	*	*	*	*	*	*	N
0.0425	FCC17U2ACXX:3:1101:4526:89706#ACTGTTCC/ab=1/	FCC17U2ACXX:3:1101:6077:37431#ACTGTTCC/ab=2/	FCC17U2ACXX:3:1102:7448:16807#ACTGTTCC/ab=2/	79.4	64.7	55.9	38.2	71.0	9	11	3	5	0	2	22.73	N
0.0000	FCC17U2ACXX:3:1101:11463:31826#ACTGTTCC/ab=1/	*	*	*	*	*	*	*	*	*	*	*	*	*	*	N
0.0443	FCC17U2ACXX:3:1101:2505:83111#ACTGTTCC/ab=1/	FCC17U2ACXX:3:1102:12192:19899#ACTGTTCC/ab=2/	FCC17U2ACXX:3:1102:20888:20306#ACTGTTCC/ab=2/	85.0	83.3	76.7	68.3	84.4	4	0	1	5	4	4	2.00	N
0.1030	FCC17U2ACXX:3:1102:2770:18557#ACTGTTCC/ab=1/	FCC17U2ACXX:3:1101:15656:70254#ACTGTTCC/ab=3/	FCC17U2ACXX:3:1102:20888:20306#ACTGTTCC/ab=2/	79.3	60.3	70.7	44.8	70.3	9	6	4	12	1	2	12.20	N
0.0259	FCC17U2ACXX:3:1102:11201:15532#ACTGTTCC/ab=1/	FCC17U2ACXX:3:1102:1716:26965#ACTGTTCC/ab=5/	FCC17U2ACXX:3:1101:18456:39545#ACTGTTCC/ab=3/	82.0	60.0	78.0	56.0	76.6	4	12	1	14	1	6	5.13	N
0.0000	FCC17U2ACXX:3:1101:7116:18727#ACTGTTCC/ab=1/	*	*	*	*	*	*	*	*	*	*	*	*	*	*	N
0.0000	FCC17U2ACXX:3:1102:18714:7846#ACTGTTCC/ab=1/	*	*	*	*	*	*	*	*	*	*	*	*	*	*	N
0.0000	FCC17U2ACXX:3:1102:19865:11324#ACTGTTCC/ab=1/	*	*	*	*	*	*	*	*	*	*	*	*	*	*	N
0.0000	FCC17U2ACXX:3:1101:8592:67885#ACTGTTCC/ab=1/	*	*	*	*	*	*	*	*	*	*	*	*	*	*	N
0.0111	FCC17U2ACXX:3:1102:7531:5442#ACTGTTCC/ab=1/	FCC17U2ACXX:3:1101:19746:93231#ACTGTTCC/ab=2/	FCC17U2ACXX:3:1101:5967:76527#ACTGTTCC/ab=2/	62.5	57.1	60.7	83.9	61.3	2	1	4	4	1	18	2.94	N
0.0573	FCC17U2ACXX:3:1101:18287:74195#ACTGTTCC/ab=1/	FCC17U2ACXX:3:1101:2813:97880#ACTGTTCC/ab=3/	FCC17U2ACXX:3:1102:4892:11318#ACTGTTCC/ab=9/	96.4	80.4	92.9	76.8	93.3	1	0	0	10	1	1	3.85	N
0.0000	FCC17U2ACXX:3:1101:11428:96880#ACTGTTCC/ab=1/	*	*	*	*	*	*	*	*	*	*	*	*	*	*	N
0.0268	FCC17U2ACXX:3:1101:1893:11232#ACTGTTCC/ab=1/	FCC17U2ACXX:3:1102:18846:21826#ACTGTTCC/ab=2/	FCC17U2ACXX:3:1101:16288:65848#ACTGTTCC/ab=2/	94.7	93.0	89.5	84.2	93.4	4	1	1	2	1	0	1.89	N
0.0000	FCC17U2ACXX:3:1101:19083:53978#ACTGTTCC/ab=1/	*	*	*	*	*	*	*	*	*	*	*	*	*	*	N
0.0226	FCC17U2ACXX:3:1101:5154:50496#ACTGTTCC/ab=1/	FCC17U2ACXX:3:1101:12667:66432#ACTGTTCC/ab=3/	FCC17U2ACXX:3:1102:20708:29898#ACTGTTCC/ab=5/	88.3	85.0	85.0	93.3	85.9	2	0	4	2	0	3	3.92	N
0.0000	FCC17U2ACXX:3:1101:2171:33995#ACTGTTCC/ab=1/	*	*	*	*	*	*	*	*	*	*	*	*	*	*	N
0.0000	FCC17U2ACXX:3:1101:7278:9937#ACTGTTCC/ab=1/	*	*	*	*	*	*	*	*	*	*	*	*	*	*	N
0.0124	FCC17U2ACXX:3:1101:8552:8798#ACTGTTCC/ab=1/	FCC17U2ACXX:3:1102:18806:22091#ACTGTTCC/ab=4/	FCC17U2ACXX:3:1102:19296:16092#ACTGTTCC/ab=3/	87.5	83.9	85.7	80.4	86.7	2	2	2	3	1	2	2.08	N
0.0248	FCC17U2ACXX:3:1102:19783:16781#ACTGTTCC/ab=1/	FCC17U2ACXX:3:1101:19361:50842#ACTGTTCC/ab=2/	FCC17U2ACXX:3:1102:4348:32193#ACTGTTCC/ab=4/	83.6	74.5	78.2	63.6	79.0	3	2	0	10	5	6	6.98	N
0.0465	FCC17U2ACXX:3:1102:12905:15528#ACTGTTCC/ab=1/	FCC17U2ACXX:3:1102:10641:15435#ACTGTTCC/ab=3/	FCC17U2ACXX:3:1102:8128:20957#ACTGTTCC/ab=3/	89.1	65.5	92.7	60.0	93.0	2	6	0	13	0	1	1.96	N
0.0193	FCC17U2ACXX:3:1101:5280:42798#ACTGTTCC/ab=1/	FCC17U2ACXX:3:1102:10393:3118#ACTGTTCC/ab=2/	FCC17U2ACXX:3:1101:4286:88806#ACTGTTCC/ab=2/	76.7	53.5	74.4	41.9	69.5	3	2	1	15	11	7	3.12	N
0.0235	FCC17U2ACXX:3:1101:16850:79899#ACTGTTCC/ab=1/	FCC17U2ACXX:3:1101:2813:97880#ACTGTTCC/ab=3/	FCC17U2ACXX:3:1102:4892:11318#ACTGTTCC/ab=9/	87.5	83.9	85.7	76.8	86.7	4	3	4	2	0	0	2.08	N
0.0567	FCC17U2ACXX:3:1101:18983:41585#ACTGTTCC/ab=1/	FCC17U2ACXX:3:1101:15200:51448#ACTGTTCC/ab=4/	FCC17U2ACXX:3:1101:8764:82378#ACTGTTCC/ab=2/	82.8	63.8	79.3	63.8	75.8	2	0	3	13	3	5	4.35	N
0.0000	FCC17U2ACXX:3:1101:16407:33655#ACTGTTCC/ab=1/	*	*	*	*	*	*	*	*	*	*	*	*	*	*	N
0.0000	FCC17U2ACXX:3:1101:11536:7638#ACTGTTCC/ab=1/	*	*	*	*	*	*	*	*	*	*	*	*	*	*	N
0.0000	FCC17U2ACXX:3:1102:19846:15244#ACTGTTCC/ab=1/	*	*	*	*	*	*	*	*	*	*	*	*	*	*	N
0.0000	FCC17U2ACXX:3:1101:4178:8601#ACTGTTCC/ab=1/	*	*	*	*	*	*	*	*	*	*	*	*	*	*	N
0.0727	FCC17U2ACXX:3:1101:14302:60815#ACTGTTCC/ab=1/	FCC17U2ACXX:3:1101:20322:73349#ACTGTTCC/ab=3/	FCC17U2ACXX:3:1102:9585:14918#ACTGTTCC/ab=3/	74.5	63.6	69.1	56.4	67.2	4	0	0	11	6	10	7.89	N
0.0000	FCC17U2ACXX:3:1101:2092:44672#ACTGTTCC/ab=1/	*	*	*	*	*	*	*	*	*	*	*	*	*	*	N
0.0947	FCC17U2ACXX:3:1101:11994:90952#ACTGTTCC/ab=1/	FCC17U2ACXX:3:1102:6651:17992#ACTGTTCC/ab=3/	FCC17U2ACXX:3:1101:6077:37431#ACTGTTCC/ab=2/	71.4	53.6	64.3	46.4	66.7	10	5	4	11	1	7	11.11	N
0.0000	FCC17U2ACXX:3:1102:16155:28788#ACTGTTCC/ab=1/	*	*	*	*	*	*	*	*	*	*	*	*	*	*	N
0.0786	FCC17U2ACXX:3:1101:8652:57020#ACTGTTCC/ab=1/	FCC17U2ACXX:3:1101:19746:93231#ACTGTTCC/ab=2/	FCC17U2ACXX:3:1102:15033:7703#ACTGTTCC/ab=4/	91.1	75.0	87.5	66.1	86.7	3	1	0	14	3	1	4.08	N
0.0732	FCC17U2ACXX:3:1101:2343:32929#ACTGTTCC/ab=1/	FCC17U2ACXX:3:1102:3598:18934#ACTGTTCC/ab=2/	FCC17U2ACXX:3:1102:9482:28716#ACTGTTCC/ab=3/	87.9	70.7	79.3	56.9	80.3	5	1	0	12	5	4	10.87	N
0.0685	FCC17U2ACXX:3:1101:8422:6410#ACTGTTCC/ab=1/	FCC17U2ACXX:3:1102:19552:4011#ACTGTTCC/ab=3/	FCC17U2ACXX:3:1101:20322:73349#ACTGTTCC/ab=3/	81.5	72.2	77.8	51.9	78.0	13	8	2	6	1	0	4.76	N
0.0274	FCC17U2ACXX:3:1101:4445:86104#ACTGTTCC/ab=1/	FCC17U2ACXX:3:1102:11447:22531#ACTGTTCC/ab=2/	FCC17U2ACXX:3:1101:4286:88806#ACTGTTCC/ab=2/	86.8	64.2	83.0	56.6	84.7	1	1	0	16	3	4	4.55	N
0.0046	FCC17U2ACXX:3:1101:4270:19565#ACTGTTCC/ab=1/	FCC17U2ACXX:3:1102:19806:24326#ACTGTTCC/ab=3/	FCC17U2ACXX:3:1101:19583:82004#ACTGTTCC/ab=2/	82.1	82.1	80.4	82.1	83.3	1	1	2	3	3	4	2.17	N
0.0093	FCC17U2ACXX:3:1101:12098:8993#ACTGTTCC/ab=1/	FCC17U2ACXX:3:1102:13319:16448#ACTGTTCC/ab=4/	FCC17U2ACXX:3:1101:15200:51448#ACTGTTCC/ab=4/	80.5	56.1	82.9	43.9	76.7	5	22	2	12	4	1	2.94	N
0.0000	FCC17U2ACXX:3:1101:6213:64642#ACTGTTCC/ab=1/	*	*	*	*	*	*	*	*	*	*	*	*	*	*	N
0.0000	FCC17U2ACXX:3:1101:20137:47559#ACTGTTCC/ab=1/	*	*	*	*	*	*	*	*	*	*	*	*	*	*	N
0.0000	FCC17U2ACXX:3:1101:20695:99621#ACTGTTCC/ab=1/	FCC17U2ACXX:3:1101:15050:96898#ACTGTTCC/ab=2/	FCC17U2ACXX:3:1102:20142:31181#ACTGTTCC/ab=3/	94.6	58.9	92.9	62.5	91.7	0	0	0	20	0	3	1.92	N
0.0000	FCC17U2ACXX:3:1101:1472:38450#ACTGTTCC/ab=1/	*	*	*	*	*	*	*	*	*	*	*	*	*	*	N
0.1199	FCC17U2ACXX:3:1101:3004:74723#ACTGTTCC/ab=1/	FCC17U2ACXX:3:1102:8424:23061#ACTGTTCC/ab=2/	FCC17U2ACXX:3:1101:8998:58454#ACTGTTCC/ab=2/	87.7	84.2	57.9	56.1	82.0	18	2	4	2	0	1	4.17	N
0.0958	FCC17U2ACXX:3:1101:4655:48928#ACTGTTCC/ab=1/	FCC17U2ACXX:3:1102:11447:22531#ACTGTTCC/ab=2/	FCC17U2ACXX:3:1101:21061:99443#ACTGTTCC/ab=2/	96.2	65.4	94.2	65.4	93.4	1	1	0	19	0	2	2.04	N
0.0000	FCC17U2ACXX:3:1101:3260:93480#ACTGTTCC/ab=1/	*	*	*	*	*	*	*	*	*	*	*	*	*	*	N
0.0000	FCC17U2ACXX:3:1101:11236:98859#ACTGTTCC/ab=1/	*	*	*	*	*	*	*	*	*	*	*	*	*	*	N
0.0000	FCC17U2ACXX:3:1101:12307:83232#ACTGTTCC/ab=1/	*	*	*	*	*	*	*	*	*	*	*	*	*	*	N
0.0233	FCC17U2ACXX:3:1101:18282:87213#ACTGTTCC/ab=1/	FCC17U2ACXX:3:1102:3790:2528#ACTGTTCC/ab=2/	FCC17U2ACXX:3:1102:5328:14256#ACTGTTCC/ab=2/	78.6	69.6	76.8	64.3	78.3	2	1	0	8	3	10	2.33	N
0.0000	FCC17U2ACXX:3:1101:12020:53787#ACTGTTCC/ab=1/	*	*	*	*	*	*	*	*	*	*	*	*	*	*	N
0.0000	FCC17U2ACXX:3:1101:18903:49740#ACTGTTCC/ab=1/	*	*	*	*	*	*	*	*	*	*	*	*	*	*	N
0.0000	FCC17U2ACXX:3:1101:14617:10989#ACTGTTCC/ab=1/	*	*	*	*	*	*	*	*	*	*	*	*	*	*	N
0.0000	FCC17U2ACXX:3:1101:7113:77315#ACTGTTCC/ab=1/	*	*	*	*	*	*	*	*	*	*	*	*	*	*	N
0.0312	FCC17U2ACXX:3:1101:4613:51472#ACTGTTCC/ab=1/	FCC17U2ACXX:3:1102:4348:32193#ACTGTTCC/ab=4/	FCC17U2ACXX:3:1101:6871:62770#ACTGTTCC/ab=2/	93.1	91.4	84.5	86.2	91.9	6	1	1	1	0	1	1.89	N
0.0000	FCC17U2ACXX:3:1101:19359:40911#ACTGTTCC/ab=1/	*	*	*	*	*	*	*	*	*	*	*	*	*	*	N
0.0000	FCC17U2ACXX:3:1102:21127:6150#ACTGTTCC/ab=1/	*	*	*	*	*	*	*	*	*	*	*	*	*	*	N
0.0000	FCC17U2ACXX:3:1101:9299:13898#ACTGTTCC/ab=1/	*	*	*	*	*	*	*	*	*	*	*	*	*	*	N
0.0000	FCC17U2ACXX:3:1102:6305:14292#ACTGTTCC/ab=1/	*	*	*	*	*	*	*	*	*	*	*	*	*	*	N
0.0179	FCC17U2ACXX:3:1102:14929:12632#ACTGTTCC/ab=1/	FCC17U2ACXX:3:1101:4350:87403#ACTGTTCC/ab=2/	FCC17U2ACXX:3:1102:7826:31974#ACTGTTCC/ab=4/	88.3	83.3	86.7	86.7	87.5	1	0	0	4	1	6	1.92	N
0.0545	FCC17U2ACXX:3:1102:2964:28598#ACTGTTCC/ab=1/	FCC17U2ACXX:3:1102:10441:11992#ACTGTTCC/ab=4/	FCC17U2ACXX:3:1101:18867:97985#ACTGTTCC/ab=2/	83.6	76.4	69.1	56.4	75.0	11	5	4	6	2	1	9.52	N
0.0000	FCC17U2ACXX:3:1101:5564:86922#ACTGTTCC/ab=1/	*	*	*	*	*	*	*	*	*	*	*	*	*	*	N
0.0205	FCC17U2ACXX:3:1101:7269:18422#ACTGTTCC/ab=1/	FCC17U2ACXX:3:1101:21061:99443#ACTGTTCC/ab=2/	FCC17U2ACXX:3:1101:10460:35297#ACTGTTCC/ab=2/	76.4	72.7	65.5	52.7	73.2	11	7	6	3	2	1	5.00	N
0.0000	FCC17U2ACXX:3:1101:1871:73838#ACTGTTCC/ab=1/	*	*	*	*	*	*	*	*	*	*	*	*	*	*	N
0.0000	FCC17U2ACXX:3:1101:14223:33396#ACTGTTCC/ab=1/	*	*	*	*	*	*	*	*	*	*	*	*	*	*	N
0.0164	FCC17U2ACXX:3:1101:5187:29444#ACTGTTCC/ab=1/	FCC17U2ACXX:3:1102:19829:10098#ACTGTTCC/ab=2/	FCC17U2ACXX:3:1101:8836:96560#ACTGTTCC/ab=2/	75.0	62.5	66.7	52.1	68.4	3	1	1	11	13	12	12.50	N
0.0560	FCC17U2ACXX:3:1102:7844:5649#ACTGTTCC/ab=1/	FCC17U2ACXX:3:1101:19746:93231#ACTGTTCC/ab=2/	FCC17U2ACXX:3:1101:18350:39399#ACTGTTCC/ab=2/	69.1	58.2	54.5	34.5	59.7	16	8	6	10	4	2	18.75	N
0.0814	FCC17U2ACXX:3:1101:6006:45666#ACTGTTCC/ab=1/	FCC17U2ACXX:3:1102:10641:15435#ACTGTTCC/ab=3/	FCC17U2ACXX:3:1102:17595:5051#ACTGTTCC/ab=5/	70.9	61.8	60.0	40.0	63.9	5	0	0	14	10	8	14.71	N
0.0000	FCC17U2ACXX:3:1101:5487:44738#ACTGTTCC/ab=1/	*	*	*	*	*	*	*	*	*	*	*	*	*	*	N
0.0000	FCC17U2ACXX:3:1101:13308:41164#ACTGTTCC/ab=1/	*	*	*	*	*	*	*	*	*	*	*	*	*	*	N
0.0000	FCC17U2ACXX:3:1101:5275:75931#ACTGTTCC/ab=1/	*	*	*	*	*	*	*	*	*	*	*	*	*	*	N
0.0614	FCC17U2ACXX:3:1102:10029:2137#ACTGTTCC/ab=1/	FCC17U2ACXX:3:1101:1567:33331#ACTGTTCC/ab=2/	FCC17U2ACXX:3:1102:1716:26965#ACTGTTCC/ab=5/	82.1	71.4	71.4	55.4	70.0	11	5	2	7	2	3	15.00	N
0.0000	FCC17U2ACXX:3:1101:17755:65519#ACTGTTCC/ab=1/	*	*	*	*	*	*	*	*	*	*	*	*	*	*	N
0.0000	FCC17U2ACXX:3:1101:6543:54908#ACTGTTCC/ab=1/	*	*	*	*	*	*	*	*	*	*	*	*	*	*	N
0.0000	FCC17U2ACXX:3:1101:1719:34025#ACTGTTCC/ab=1/	*	*	*	*	*	*	*	*	*	*	*	*	*	*	N
0.0136	FCC17U2ACXX:3:1101:7734:74462#ACTGTTCC/ab=1/	FCC17U2ACXX:3:1102:5328:14256#ACTGTTCC/ab=2/	FCC17U2ACXX:3:1101:21061:99443#ACTGTTCC/ab=2/	73.1	63.5	67.3	57.7	63.9	5	3	6	8	9	7	8.57	N
0.0000	FCC17U2ACXX:3:1101:13549:72688#ACTGTTCC/ab=1/	*	*	*	*	*	*	*	*	*	*	*	*	*	*	N
0.0282	FCC17U2ACXX:3:1102:11744:19582#ACTGTTCC/ab=1/	FCC17U2ACXX:3:1102:20302:3354#ACTGTTCC/ab=5/	FCC17U2ACXX:3:1102:3790:2528#ACTGTTCC/ab=2/	84.2	75.4	78.9	73.7	79.0	2	1	1	9	3	5	6.67	N
0.0000	FCC17U2ACXX:3:1101:7829:87465#ACTGTTCC/ab=1/	*	*	*	*	*	*	*	*	*	*	*	*	*	*	N
0.0514	FCC17U2ACXX:3:1101:1948:89911#ACTGTTCC/ab=1/	FCC17U2ACXX:3:1102:15033:7703#ACTGTTCC/ab=4/	FCC17U2ACXX:3:1101:19408:77879#ACTGTTCC/ab=3/	96.4	89.3	92.9	82.1	91.7	2	0	0	6	2	0	3.85	N
0.0000	FCC17U2ACXX:3:1101:17507:99765#ACTGTTCC/ab=1/	*	*	*	*	*	*	*	*	*	*	*	*	*	*	N
0.0517	FCC17U2ACXX:3:1101:1411:30898#ACTGTTCC/ab=1/	FCC17U2ACXX:3:1102:20227:28699#ACTGTTCC/ab=2/	FCC17U2ACXX:3:1102:1899:7752#ACTGTTCC/ab=2/	77.8	66.7	74.1	51.9	71.2	10	7	2	10	3	1	5.00	N
0.0000	FCC17U2ACXX:3:1101:21158:63053#ACTGTTCC/ab=1/	*	*	*	*	*	*	*	*	*	*	*	*	*	*	N
0.0000	FCC17U2ACXX:3:1101:18606:44456#ACTGTTCC/ab=1/	*	*	*	*	*	*	*	*	*	*	*	*	*	*	N
0.0665	FCC17U2ACXX:3:1102:3439:3001#ACTGTTCC/ab=1/	FCC17U2ACXX:3:1102:19829:10098#ACTGTTCC/ab=2/	FCC17U2ACXX:3:1101:19408:77879#ACTGTTCC/ab=3/	93.0	70.2	91.2	64.9	91.7	1	1	0	21	1	2	1.92	N
0.0739	FCC17U2ACXX:3:1102:17452:31171#ACTGTTCC/ab=1/	FCC17U2ACXX:3:1102:12116:32427#ACTGTTCC/ab=2/	FCC17U2ACXX:3:1102:18534:27511#ACTGTTCC/ab=3/	80.0	72.7	63.6	49.1	74.6	13	4	2	9	4	2	10.00	N
0.0104	FCC17U2ACXX:3:1101:6661:37812#ACTGTTCC/ab=1/	FCC17U2ACXX:3:1101:12971:78691#ACTGTTCC/ab=2/	FCC17U2ACXX:3:1101:15656:70254#ACTGTTCC/ab=3/	70.7	55.2	65.5	43.1	66.7	2	5	0	16	7	10	7.89	N
0.0000	FCC17U2ACXX:3:1102:15077:14767#ACTGTTCC/ab=1/	*	*	*	*	*	*	*	*	*	*	*	*	*	*	N
0.0000	FCC17U2ACXX:3:1101:13132:45133#ACTGTTCC/ab=1/	*	*	*	*	*	*	*	*	*	*	*	*	*	*	N
0.0000	FCC17U2ACXX:3:1101:8128:13072#ACTGTTCC/ab=1/	*	*	*	*	*	*	*	*	*	*	*	*	*	*	N
0.0000	FCC17U2ACXX:3:1101:16708:51525#ACTGTTCC/ab=1/	*	*	*	*	*	*	*	*	*	*	*	*	*	*	N
0.0365	FCC17U2ACXX:3:1101:20601:43799#ACTGTTCC/ab=1/	FCC17U2ACXX:3:1102:19829:10098#ACTGTTCC/ab=2/	FCC17U2ACXX:3:1102:4064:31428#ACTGTTCC/ab=2/	75.4	73.8	67.2	62.3	74.2	4	0	1	6	6	9	2.22	N
0.0000	FCC17U2ACXX:3:1101:6952:55519#ACTGTTCC/ab=1/	FCC17U2ACXX:3:1102:9482:28716#ACTGTTCC/ab=3/	FCC17U2ACXX:3:1102:4064:31428#ACTGTTCC/ab=2/	78.7	63.9	77.0	72.1	78.5	0	0	4	10	1	8	2.13	N
0.0000	FCC17U2ACXX:3:1101:11649:54133#ACTGTTCC/ab=1/	*	*	*	*	*	*	*	*	*	*	*	*	*	*	N
0.0000	FCC17U2ACXX:3:1102:5817:25753#ACTGTTCC/ab=1/	*	*	*	*	*	*	*	*	*	*	*	*	*	*	N
0.0000	FCC17U2ACXX:3:1101:12010:97011#ACTGTTCC/ab=1/	*	*	*	*	*	*	*	*	*	*	*	*	*	*	N
0.0585	FCC17U2ACXX:3:1101:16357:56363#ACTGTTCC/ab=1/	FCC17U2ACXX:3:1101:13382:72046#ACTGTTCC/ab=2/	FCC17U2ACXX:3:1102:5328:14256#ACTGTTCC/ab=2/	82.1	62.5	76.8	50.0	76.7	2	0	0	20	8	4	6.98	N
0.0635	FCC17U2ACXX:3:1101:14298:85113#ACTGTTCC/ab=1/	FCC17U2ACXX:3:1102:8424:23061#ACTGTTCC/ab=2/	FCC17U2ACXX:3:1101:11715:79271#ACTGTTCC/ab=2/	71.2	59.6	61.5	57.7	60.7	5	0	4	11	6	11	15.62	N
0.0994	FCC17U2ACXX:3:1101:6622:50308#ACTGTTCC/ab=1/	FCC17U2ACXX:3:1102:8128:20957#ACTGTTCC/ab=3/	FCC17U2ACXX:3:1102:5328:14256#ACTGTTCC/ab=2/	70.9	61.8	54.5	50.9	63.2	10	1	10	9	3	3	14.71	N
0.0121	FCC17U2ACXX:3:1101:8793:18776#ACTGTTCC/ab=1/	FCC17U2ACXX:3:1102:19296:16092#ACTGTTCC/ab=3/	FCC17U2ACXX:3:1102:5111:32179#ACTGTTCC/ab=7/	98.2	96.4	94.6	91.1	95.0	2	1	0	1	0	0	1.85	N
0.0864	FCC17U2ACXX:3:1101:20274:8263#ACTGTTCC/ab=1/	FCC17U2ACXX:3:1101:13252:61257#ACTGTTCC/ab=2/	FCC17U2ACXX:3:1101:4286:88806#ACTGTTCC/ab=2/	85.5	65.5	80.0	63.6	79.7	3	2	1	12	0	7	6.82	N
0.0000	FCC17U2ACXX:3:1101:13770:43530#ACTGTTCC/ab=1/	*	*	*	*	*	*	*	*	*	*	*	*	*	*	N
0.0000	FCC17U2ACXX:3:1102:5146:9837#ACTGTTCC/ab=1/	*	*	*	*	*	*	*	*	*	*	*	*	*	*	N
0.0000	FCC17U2ACXX:3:1102:11792:26203#ACTGTTCC/ab=1/	*	*	*	*	*	*	*	*	*	*	*	*	*	*	N
0.0000	FCC17U2ACXX:3:1101:8759:49440#ACTGTTCC/ab=1/	*	*	*	*	*	*	*	*	*	*	*	*	*	*	N
0.0072	FCC17U2ACXX:3:1101:8128:89768#ACTGTTCC/ab=1/	FCC17U2ACXX:3:1102:19806:24326#ACTGTTCC/ab=3/	FCC17U2ACXX:3:1102:17153:14473#ACTGTTCC/ab=2/	92.9	91.1	91.1	96.4	91.7	1	0	3	1	0	1	1.96	N
0.0159	FCC17U2ACXX:3:1101:1715:29888#ACTGTTCC/ab=1/	FCC17U2ACXX:3:1101:10563:45505#ACTGTTCC/ab=2/	FCC17U2ACXX:3:1101:8385:94232#ACTGTTCC/ab=2/	70.4	63.0	74.1	51.9	76.3	5	9	3	5	1	4	2.50	N
0.0000	FCC17U2ACXX:3:1101:7101:42932#ACTGTTCC/ab=1/	*	*	*	*	*	*	*	*	*	*	*	*	*	*	N
0.0573	FCC17U2ACXX:3:1101:21206:30104#ACTGTTCC/ab=1/	FCC17U2ACXX:3:1101:10460:35297#ACTGTTCC/ab=2/	FCC17U2ACXX:3:1102:16992:28502#ACTGTTCC/ab=4/	87.0	85.2	74.1	64.8	86.2	7	0	0	6	9	2	2.17	N
0.0000	FCC17U2ACXX:3:1101:3807:28999#ACTGTTCC/ab=1/	*	*	*	*	*	*	*	*	*	*	*	*	*	*	N
0.0551	FCC17U2ACXX:3:1101:21227:15176#ACTGTTCC/ab=1/	FCC17U2ACXX:3:1101:9968:95680#ACTGTTCC/ab=2/	FCC17U2ACXX:3:1101:9297:93668#ACTGTTCC/ab=2/	90.7	83.3	83.3	66.7	82.8	7	4	0	5	1	0	8.89	N
0.0517	FCC17U2ACXX:3:1102:10771:6652#ACTGTTCC/ab=1/	FCC17U2ACXX:3:1101:4286:88806#ACTGTTCC/ab=2/	FCC17U2ACXX:3:1101:21061:99443#ACTGTTCC/ab=2/	89.1	78.2	85.5	74.5	85.2	1	0	0	8	0	6	4.26	N
0.0000	FCC17U2ACXX:3:1101:14251:92083#ACTGTTCC/ab=1/	*	*	*	*	*	*	*	*	*	*	*	*	*	*	N
0.0000	FCC17U2ACXX:3:1101:14840:5447#ACTGTTCC/ab=1/	*	*	*	*	*	*	*	*	*	*	*	*	*	*	N
0.0529	FCC17U2ACXX:3:1101:11422:36445#ACTGTTCC/ab=1/	FCC17U2ACXX:3:1101:17466:97705#ACTGTTCC/ab=3/	FCC17U2ACXX:3:1101:10460:35297#ACTGTTCC/ab=2/	78.6	64.3	76.8	58.9	77.6	5	6	3	8	0	4	2.33	N
0.0000	FCC17U2ACXX:3:1101:15046:15584#ACTGTTCC/ab=1/	*	*	*	*	*	*	*	*	*	*	*	*	*	*	N
0.0000	FCC17U2ACXX:3:1102:3000:14988#ACTGTTCC/ab=1/	*	*	*	*	*	*	*	*	*	*	*	*	*	*	N
0.0175	FCC17U2ACXX:3:1101:7608:43623#ACTGTTCC/ab=1/	FCC17U2ACXX:3:1101:9297:93668#ACTGTTCC/ab=2/	FCC17U2ACXX:3:1102:1899:7752#ACTGTTCC/ab=2/	68.5	66.7	63.0	51.9	65.5	2	0	2	7	7	9	2.78	N
0.0000	FCC17U2ACXX:3:1101:20245:85123#ACTGTTCC/ab=1/	FCC17U2ACXX:3:1101:2813:97880#ACTGTTCC/ab=3/	FCC17U2ACXX:3:1101:19408:77879#ACTGTTCC/ab=3/	92.9	75.0	91.1	73.2	90.0	0	0	0	11	1	3	1.96	N
0.0821	FCC17U2ACXX:3:1101:8758:71786#ACTGTTCC/ab=1/	FCC17U2ACXX:3:1101:20322:73349#ACTGTTCC/ab=3/	FCC17U2ACXX:3:1102:13174:24291#ACTGTTCC/ab=2/	78.4	74.5	64.7	58.8	71.2	9	2	6	10	3	6	5.26	N
0.0000	FCC17U2ACXX:3:1101:6922:13247#ACTGTTCC/ab=1/	*	*	*	*	*	*	*	*	*	*	*	*	*	*	N
0.1740	FCC17U2ACXX:3:1101:9600:19126#ACTGTTCC/ab=1/	FCC17U2ACXX:3:1101:2813:97880#ACTGTTCC/ab=3/	FCC17U2ACXX:3:1101:19583:82004#ACTGTTCC/ab=2/	92.9	76.8	85.7	69.6	86.7	4	0	0	11	2	2	8.33	N
0.0000	FCC17U2ACXX:3:1101:17677:4809#ACTGTTCC/ab=1/	*	*	*	*	*	*	*	*	*	*	*	*	*	*	N
0.0411	FCC17U2ACXX:3:1101:10273:67521#ACTGTTCC/ab=1/	FCC17U2ACXX:3:1102:10392:10572#ACTGTTCC/ab=2/	FCC17U2ACXX:3:1101:11715:79271#ACTGTTCC/ab=2/	85.5	76.4	83.6	65.5	83.6	5	5	3	7	1	1	4.35	N
0.0000	FCC17U2ACXX:3:1101:10128:14873#ACTGTTCC/ab=1/	*	*	*	*	*	*	*	*	*	*	*	*	*	*	N
0.0259	FCC17U2ACXX:3:1102:1825:8511#ACTGTTCC/ab=1/	FCC17U2ACXX:3:1102:1899:7752#ACTGTTCC/ab=2/	FCC17U2ACXX:3:1102:18806:22091#ACTGTTCC/ab=4/	66.0	42.0	60.0	32.0	56.9	5	3	5	15	9	8	10.00	N
0.0363	FCC17U2ACXX:3:1101:17967:10398#ACTGTTCC/ab=1/	FCC17U2ACXX:3:1102:17595:5051#ACTGTTCC/ab=5/	FCC17U2ACXX:3:1101:2813:97880#ACTGTTCC/ab=3/	82.1	75.0	78.6	75.0	83.3	4	2	4	5	1	3	4.55	N
0.0000	FCC17U2ACXX:3:1102:14649:13625#ACTGTTCC/ab=1/	*	*	*	*	*	*	*	*	*	*	*	*	*	*	N
0.0000	FCC17U2ACXX:3:1101:1535:48215#ACTGTTCC/ab=1/	*	*	*	*	*	*	*	*	*	*	*	*	*	*	N
0.0000	FCC17U2ACXX:3:1101:19515:5423#ACTGTTCC/ab=1/	*	*	*	*	*	*	*	*	*	*	*	*	*	*	N
0.1182	FCC17U2ACXX:3:1102:12574:8488#ACTGTTCC/ab=1/	FCC17U2ACXX:3:1101:8836:96560#ACTGTTCC/ab=2/	FCC17U2ACXX:3:1102:19829:10098#ACTGTTCC/ab=2/	73.2	58.9	60.7	46.4	59.6	12	7	10	8	0	2	20.59	N
0.0349	FCC17U2ACXX:3:1101:16445:52530#ACTGTTCC/ab=1/	FCC17U2ACXX:3:1101:1567:33331#ACTGTTCC/ab=2/	FCC17U2ACXX:3:1102:10641:15435#ACTGTTCC/ab=3/	70.9	60.0	65.5	45.5	64.9	2	0	0	14	9	9	8.33	N
0.0492	FCC17U2ACXX:3:1101:13797:32885#ACTGTTCC/ab=1/	FCC17U2ACXX:3:1102:12116:32427#ACTGTTCC/ab=2/	FCC17U2ACXX:3:1102:20227:28699#ACTGTTCC/ab=2/	71.9	64.9	66.7	70.2	67.2	3	0	0	8	4	12	7.89	N
0.0000	FCC17U2ACXX:3:1101:14327:28042#ACTGTTCC/ab=1/	*	*	*	*	*	*	*	*	*	*	*	*	*	*	N
0.0193	FCC17U2ACXX:3:1101:8550:45263#ACTGTTCC/ab=1/	FCC17U2ACXX:3:1102:7826:31974#ACTGTTCC/ab=4/	FCC17U2ACXX:3:1101:19677:53971#ACTGTTCC/ab=2/	96.4	92.7	92.7	89.1	90.5	3	0	2	4	6	1	3.92	N
0.0161	FCC17U2ACXX:3:1101:4656:6668#ACTGTTCC/ab=1/	FCC17U2ACXX:3:1102:8128:20957#ACTGTTCC/ab=3/	FCC17U2ACXX:3:1101:13382:72046#ACTGTTCC/ab=2/	71.7	64.2	67.9	54.7	70.5	1	0	1	13	8	9	5.56	N
0.0662	FCC17U2ACXX:3:1102:7321:22048#ACTGTTCC/ab=1/	FCC17U2ACXX:3:1101:10194:56929#ACTGTTCC/ab=2/	FCC17U2ACXX:3:1101:12971:78691#ACTGTTCC/ab=2/	85.7	75.0	69.6	50.0	72.1	11	3	2	12	7	2	14.29	N
0.0000	FCC17U2ACXX:3:1101:19538:92069#ACTGTTCC/ab=1/	*	*	*	*	*	*	*	*	*	*	*	*	*	*	N
0.0571	FCC17U2ACXX:3:1101:4901:73399#ACTGTTCC/ab=1/	FCC17U2ACXX:3:1102:10441:11992#ACTGTTCC/ab=4/	FCC17U2ACXX:3:1102:20227:28699#ACTGTTCC/ab=2/	81.5	70.4	74.1	61.1	71.2	4	0	1	12	9	5	10.00	N
0.0801	FCC17U2ACXX:3:1101:7532:15326#ACTGTTCC/ab=1/	FCC17U2ACXX:3:1101:4286:88806#ACTGTTCC/ab=2/	FCC17U2ACXX:3:1101:2813:97880#ACTGTTCC/ab=3/	83.6	69.1	81.8	56.4	83.3	6	8	3	9	0	0	2.22	N
0.0243	FCC17U2ACXX:3:1101:4845:29467#ACTGTTCC/ab=1/	FCC17U2ACXX:3:1101:15050:96898#ACTGTTCC/ab=2/	FCC17U2ACXX:3:1102:17595:5051#ACTGTTCC/ab=5/	90.9	74.5	89.1	70.9	84.7	1	1	1	9	1	4	2.04	N
0.0162	FCC17U2ACXX:3:1101:3112:5890#ACTGTTCC/ab=1/	FCC17U2ACXX:3:1102:10641:15435#ACTGTTCC/ab=3/	FCC17U2ACXX:3:1102:3598:18934#ACTGTTCC/ab=2/	87.7	78.9	86.0	78.9	86.9	1	1	1	6	1	4	2.04	N
0.0000	FCC17U2ACXX:3:1101:16842:21429#ACTGTTCC/ab=1/	*	*	*	*	*	*	*	*	*	*	*	*	*	*	N
0.0000	FCC17U2ACXX:3:1102:20187:25123#ACTGTTCC/ab=1/	*	*	*	*	*	*	*	*	*	*	*	*	*	*	N
0.0304	FCC17U2ACXX:3:1101:16566:4315#ACTGTTCC/ab=1/	FCC17U2ACXX:3:1102:18846:21826#ACTGTTCC/ab=2/	FCC17U2ACXX:3:1101:11715:79271#ACTGTTCC/ab=2/	98.2	96.5	91.2	87.7	95.1	5	1	0	1	0	0	1.82	N
0.0000	FCC17U2ACXX:3:1101:2476:88936#ACTGTTCC/ab=1/	*	*	*	*	*	*	*	*	*	*	*	*	*	*	N
0.0000	FCC17U2ACXX:3:1102:8374:16082#ACTGTTCC/ab=1/	*	*	*	*	*	*	*	*	*	*	*	*	*	*	N
0.0000	FCC17U2ACXX:3:1101:19184:83650#ACTGTTCC/ab=1/	*	*	*	*	*	*	*	*	*	*	*	*	*	*	N
0.0000	FCC17U2ACXX:3:1102:16961:32059#ACTGTTCC/ab=1/	*	*	*	*	*	*	*	*	*	*	*	*	*	*	N
0.0000	FCC17U2ACXX:3:1101:19446:15463#ACTGTTCC/ab=1/	*	*	*	*	*	*	*	*	*	*	*	*	*	*	N
0.1393	FCC17U2ACXX:3:1101:12295:90056#ACTGTTCC/ab=1/	FCC17U2ACXX:3:1102:12263:3849#ACTGTTCC/ab=2/	FCC17U2ACXX:3:1101:16850:68503#ACTGTTCC/ab=2/	79.6	68.5	66.7	50.0	71.2	7	0	1	15	8	4	16.22	N
0.0000	FCC17U2ACXX:3:1101:5094:80640#ACTGTTCC/ab=1/	*	*	*	*	*	*	*	*	*	*	*	*	*	*	N
0.0000	FCC17U2ACXX:3:1101:11611:69556#ACTGTTCC/ab=1/	*	*	*	*	*	*	*	*	*	*	*	*	*	*	N
0.0000	FCC17U2ACXX:3:1102:15993:13790#ACTGTTCC/ab=1/	*	*	*	*	*	*	*	*	*	*	*	*	*	*	N
0.0000	FCC17U2ACXX:3:1101:7102:98666#ACTGTTCC/ab=1/	*	*	*	*	*	*	*	*	*	*	*	*	*	*	N
0.0000	FCC17U2ACXX:3:1101:7581:41516#ACTGTTCC/ab=1/	*	*	*	*	*	*	*	*	*	*	*	*	*	*	N
0.0858	FCC17U2ACXX:3:1101:1888:38593#ACTGTTCC/ab=1/	FCC17U2ACXX:3:1102:18534:27511#ACTGTTCC/ab=3/	FCC17U2ACXX:3:1102:12263:3849#ACTGTTCC/ab=2/	84.2	59.6	80.7	50.9	81.4	2	0	0	18	4	5	4.35	N
0.0000	FCC17U2ACXX:3:1101:14937:2306#ACTGTTCC/ab=1/	*	*	*	*	*	*	*	*	*	*	*	*	*	*	N
0.0909	FCC17U2ACXX:3:1101:8163:84696#ACTGTTCC/ab=1/	FCC17U2ACXX:3:1102:13174:24291#ACTGTTCC/ab=2/	FCC17U2ACXX:3:1101:14046:66032#ACTGTTCC/ab=2/	79.3	69.0	69.0	53.4	69.8	11	4	5	7	1	3	15.00	N
0.0000	FCC17U2ACXX:3:1101:6486:69415#ACTGTTCC/ab=1/	*	*	*	*	*	*	*	*	*	*	*	*	*	*	N
0.0000	FCC17U2ACXX:3:1101:18052:86514#ACTGTTCC/ab=1/	*	*	*	*	*	*	*	*	*	*	*	*	*	*	N
0.0000	FCC17U2ACXX:3:1102:17153:14771#ACTGTTCC/ab=1/	*	*	*	*	*	*	*	*	*	*	*	*	*	*	N
0.0000	FCC17U2ACXX:3:1102:1542:30542#ACTGTTCC/ab=1/	*	*	*	*	*	*	*	*	*	*	*	*	*	*	N
0.0000	FCC17U2ACXX:3:1101:12434:30244#ACTGTTCC/ab=1/	*	*	*	*	*	*	*	*	*	*	*	*	*	*	N
0.0000	FCC17U2ACXX:3:1101:12092:14832#ACTGTTCC/ab=1/	*	*	*	*	*	*	*	*	*	*	*	*	*	*	N
0.1207	FCC17U2ACXX:3:1101:14042:11109#ACTGTTCC/ab=1/	FCC17U2ACXX:3:1102:9585:14918#ACTGTTCC/ab=3/	FCC17U2ACXX:3:1101:2015:45152#ACTGTTCC/ab=2/	78.2	61.8	61.8	43.6	63.8	11	4	4	10	1	5	26.47	N
0.0626	FCC17U2ACXX:3:1102:15371:29596#ACTGTTCC/ab=1/	FCC17U2ACXX:3:1101:17466:97705#ACTGTTCC/ab=3/	FCC17U2ACXX:3:1102:3598:18934#ACTGTTCC/ab=2/	89.5	80.7	84.2	86.0	85.2	2	0	5	5	0	1	6.25	N
0.0000	FCC17U2ACXX:3:1101:1753:62531#ACTGTTCC/ab=1/	*	*	*	*	*	*	*	*	*	*	*	*	*	*	N
0.0000	FCC17U2ACXX:3:1101:19163:2167#ACTGTTCC/ab=1/	*	*	*	*	*	*	*	*	*	*	*	*	*	*	N
0.0861	FCC17U2ACXX:3:1101:7348:93402#ACTGTTCC/ab=1/	FCC17U2ACXX:3:1102:8553:2338#ACTGTTCC/ab=4/	FCC17U2ACXX:3:1102:12263:3849#ACTGTTCC/ab=2/	90.9	70.9	85.5	67.3	83.1	2	0	0	13	2	7	6.38	N
0.0000	FCC17U2ACXX:3:1102:12337:19388#ACTGTTCC/ab=1/	*	*	*	*	*	*	*	*	*	*	*	*	*	*	N
0.0000	FCC17U2ACXX:3:1101:18456:69508#ACTGTTCC/ab=1/	*	*	*	*	*	*	*	*	*	*	*	*	*	*	N
0.0000	FCC17U2ACXX:3:1101:13289:56212#ACTGTTCC/ab=1/	*	*	*	*	*	*	*	*	*	*	*	*	*	*	N
0.0000	FCC17U2ACXX:3:1102:10023:23093#ACTGTTCC/ab=1/	*	*	*	*	*	*	*	*	*	*	*	*	*	*	N
0.0000	FCC17U2ACXX:3:1101:17362:40690#ACTGTTCC/ab=1/	*	*	*	*	*	*	*	*	*	*	*	*	*	*	N
0.0000	FCC17U2ACXX:3:1101:12005:42689#ACTGTTCC/ab=1/	*	*	*	*	*	*	*	*	*	*	*	*	*	*	N
0.0000	FCC17U2ACXX:3:1101:9284:47164#ACTGTTCC/ab=1/	*	*	*	*	*	*	*	*	*	*	*	*	*	*	N
0.0000	FCC17U2ACXX:3:1101:7871:91092#ACTGTTCC/ab=1/	*	*	*	*	*	*	*	*	*	*	*	*	*	*	N
0.0229	FCC17U2ACXX:3:1102:10097:27028#ACTGTTCC/ab=1/	FCC17U2ACXX:3:1101:15806:51053#ACTGTTCC/ab=3/	FCC17U2ACXX:3:1102:9046:23853#ACTGTTCC/ab=17/	85.7	64.3	71.4	42.9	74.1	1	0	0	4	1	1	20.00	N
0.0224	FCC17U2ACXX:3:1102:7719:12415#ACTGTTCC/ab=1/	FCC17U2ACXX:3:1101:18350:39399#ACTGTTCC/ab=2/	FCC17U2ACXX:3:1102:7448:16807#ACTGTTCC/ab=2/	72.2	59.3	66.7	50.0	63.8	3	1	0	13	12	10	8.33	N
0.0484	FCC17U2ACXX:3:1101:3238:25750#ACTGTTCC/ab=1/	FCC17U2ACXX:3:1102:14069:30139#ACTGTTCC/ab=19/	FCC17U2ACXX:3:1102:7826:31974#ACTGTTCC/ab=4/	73.2	67.9	67.9	57.1	71.4	3	0	1	12	7	10	7.89	N
0.0000	FCC17U2ACXX:3:1101:20215:82648#ACTGTTCC/ab=1/	*	*	*	*	*	*	*	*	*	*	*	*	*	*	N
0.0000	FCC17U2ACXX:3:1101:17159:55126#ACTGTTCC/ab=1/	*	*	*	*	*	*	*	*	*	*	*	*	*	*	N
0.0189	FCC17U2ACXX:3:1101:2255:72811#ACTGTTCC/ab=1/	FCC17U2ACXX:3:1101:4286:88806#ACTGTTCC/ab=2/	FCC17U2ACXX:3:1101:16850:68503#ACTGTTCC/ab=2/	68.8	64.6	60.4	56.2	69.5	11	12	14	2	0	1	6.45	N
0.0552	FCC17U2ACXX:3:1101:18262:99032#ACTGTTCC/ab=1/	FCC17U2ACXX:3:1102:19806:24326#ACTGTTCC/ab=3/	FCC17U2ACXX:3:1102:20142:31181#ACTGTTCC/ab=3/	91.1	83.9	87.5	85.7	85.0	2	0	0	4	0	5	4.08	N
0.0565	FCC17U2ACXX:3:1101:16541:46048#ACTGTTCC/ab=1/	FCC17U2ACXX:3:1102:20302:3354#ACTGTTCC/ab=5/	FCC17U2ACXX:3:1102:3790:2528#ACTGTTCC/ab=2/	83.9	78.6	78.6	76.8	80.0	6	2	3	5	1	3	6.82	N
0.0000	FCC17U2ACXX:3:1101:16387:97710#ACTGTTCC/ab=1/	*	*	*	*	*	*	*	*	*	*	*	*	*	*	N
0.0000	FCC17U2ACXX:3:1101:4741:42981#ACTGTTCC/ab=1/	*	*	*	*	*	*	*	*	*	*	*	*	*	*	N
0.0347	FCC17U2ACXX:3:1101:15261:18140#ACTGTTCC/ab=1/	FCC17U2ACXX:3:1101:11629:47646#ACTGTTCC/ab=2/	FCC17U2ACXX:3:1101:13382:72046#ACTGTTCC/ab=2/	70.2	66.7	64.9	52.6	67.8	13	6	8	3	1	2	5.26	N
0.0000	FCC17U2ACXX:3:1101:8150:49539#ACTGTTCC/ab=1/	*	*	*	*	*	*	*	*	*	*	*	*	*	*	N
0.0000	FCC17U2ACXX:3:1101:16647:31680#ACTGTTCC/ab=1/	*	*	*	*	*	*	*	*	*	*	*	*	*	*	N
0.0156	FCC17U2ACXX:3:1101:8409:75708#ACTGTTCC/ab=1/	FCC17U2ACXX:3:1102:19552:4011#ACTGTTCC/ab=3/	FCC17U2ACXX:3:1102:10441:11992#ACTGTTCC/ab=4/	64.3	60.7	55.4	48.2	63.8	10	11	9	4	2	3	5.88	N
0.0136	FCC17U2ACXX:3:1101:15727:44416#ACTGTTCC/ab=1/	FCC17U2ACXX:3:1102:15333:14642#ACTGTTCC/ab=7/	FCC17U2ACXX:3:1102:13319:16448#ACTGTTCC/ab=4/	73.1	71.2	61.5	50.0	66.7	8	7	8	7	7	3	5.41	N
0.0000	FCC17U2ACXX:3:1101:15552:60773#ACTGTTCC/ab=1/	*	*	*	*	*	*	*	*	*	*	*	*	*	*	N
0.0635	FCC17U2ACXX:3:1101:8522:42622#ACTGTTCC/ab=1/	FCC17U2ACXX:3:1101:17466:97705#ACTGTTCC/ab=3/	FCC17U2ACXX:3:1102:6477:7694#ACTGTTCC/ab=2/	83.6	74.5	72.7	63.6	72.9	9	5	3	6	1	1	12.20	N
0.0615	FCC17U2ACXX:3:1101:15149:21188#ACTGTTCC/ab=1/	FCC17U2ACXX:3:1102:4064:31428#ACTGTTCC/ab=2/	FCC17U2ACXX:3:1102:19829:10098#ACTGTTCC/ab=2/	88.5	77.0	82.0	62.3	80.0	5	2	1	10	3	2	8.00	N
0.0373	FCC17U2ACXX:3:1102:8104:31514#ACTGTTCC/ab=1/	FCC17U2ACXX:3:1101:5975:74686#ACTGTTCC/ab=2/	FCC17U2ACXX:3:1102:19829:10098#ACTGTTCC/ab=2/	76.7	73.3	71.7	63.3	75.0	3	0	0	9	8	8	4.55	N
0.0000	FCC17U2ACXX:3:1102:16519:7282#ACTGTTCC/ab=1/	*	*	*	*	*	*	*	*	*	*	*	*	*	*	N
0.0000	FCC17U2ACXX:3:1101:2430:16480#ACTGTTCC/ab=1/	*	*	*	*	*	*	*	*	*	*	*	*	*	*	N
0.0000	FCC17U2ACXX:3:1102:10660:29513#ACTGTTCC/ab=1/	*	*	*	*	*	*	*	*	*	*	*	*	*	*	N
0.0000	FCC17U2ACXX:3:1102:20519:14857#ACTGTTCC/ab=1/	*	*	*	*	*	*	*	*	*	*	*	*	*	*	N
0.0405	FCC17U2ACXX:3:1101:19140:25905#ACTGTTCC/ab=1/	FCC17U2ACXX:3:1102:15650:31873#ACTGTTCC/ab=2/	FCC17U2ACXX:3:1102:10393:3118#ACTGTTCC/ab=2/	85.7	78.6	82.1	76.8	83.3	3	1	4	5	1	1	4.35	N
0.0000	FCC17U2ACXX:3:1101:14160:89364#ACTGTTCC/ab=1/	FCC17U2ACXX:3:1101:2813:97880#ACTGTTCC/ab=3/	FCC17U2ACXX:3:1101:19408:77879#ACTGTTCC/ab=3/	89.3	75.0	87.5	73.2	86.7	0	0	0	9	1	5	2.04	N
0.0363	FCC17U2ACXX:3:1101:9369:36293#ACTGTTCC/ab=1/	FCC17U2ACXX:3:1101:11629:47646#ACTGTTCC/ab=2/	FCC17U2ACXX:3:1101:21061:99443#ACTGTTCC/ab=2/	87.7	80.7	86.0	78.9	85.2	3	2	2	4	0	3	2.04	N
0.0655	FCC17U2ACXX:3:1101:10224:38905#ACTGTTCC/ab=1/	FCC17U2ACXX:3:1101:15163:91719#ACTGTTCC/ab=2/	FCC17U2ACXX:3:1101:16850:68503#ACTGTTCC/ab=2/	92.9	76.8	91.1	69.6	88.5	3	4	1	10	0	2	3.92	N
0.0242	FCC17U2ACXX:3:1102:6903:12271#ACTGTTCC/ab=1/	FCC17U2ACXX:3:1102:10392:10572#ACTGTTCC/ab=2/	FCC17U2ACXX:3:1101:9880:19003#ACTGTTCC/ab=2/	77.6	70.7	70.7	63.8	71.7	6	4	5	6	3	4	9.76	N
0.0362	FCC17U2ACXX:3:1101:6357:91314#ACTGTTCC/ab=1/	FCC17U2ACXX:3:1102:8424:23061#ACTGTTCC/ab=2/	FCC17U2ACXX:3:1101:11629:47646#ACTGTTCC/ab=2/	91.2	87.7	84.2	75.4	88.5	4	1	1	4	2	1	4.00	N
0.0000	FCC17U2ACXX:3:1101:8365:77133#ACTGTTCC/ab=1/	*	*	*	*	*	*	*	*	*	*	*	*	*	*	N
0.0000	FCC17U2ACXX:3:1101:17658:34358#ACTGTTCC/ab=1/	*	*	*	*	*	*	*	*	*	*	*	*	*	*	N
0.0000	FCC17U2ACXX:3:1101:12388:82959#ACTGTTCC/ab=1/	*	*	*	*	*	*	*	*	*	*	*	*	*	*	N
0.1354	FCC17U2ACXX:3:1102:3026:17055#ACTGTTCC/ab=1/	FCC17U2ACXX:3:1102:19296:16092#ACTGTTCC/ab=3/	FCC17U2ACXX:3:1102:15333:14642#ACTGTTCC/ab=7/	100.0	76.8	98.2	75.0	96.7	1	0	0	13	0	0	1.82	N
0.0640	FCC17U2ACXX:3:1101:5681:24446#ACTGTTCC/ab=1/	FCC17U2ACXX:3:1102:12116:32427#ACTGTTCC/ab=2/	FCC17U2ACXX:3:1102:20227:28699#ACTGTTCC/ab=2/	86.0	84.2	78.9	70.2	85.2	5	0	0	6	5	3	2.08	N
0.0000	FCC17U2ACXX:3:1101:11632:20230#ACTGTTCC/ab=1/	*	*	*	*	*	*	*	*	*	*	*	*	*	*	N
0.0423	FCC17U2ACXX:3:1102:13025:21752#ACTGTTCC/ab=1/	FCC17U2ACXX:3:1102:10441:11992#ACTGTTCC/ab=4/	FCC17U2ACXX:3:1101:9880:19003#ACTGTTCC/ab=2/	80.7	70.2	73.7	56.1	73.8	9	8	6	6	1	1	9.52	N
0.0547	FCC17U2ACXX:3:1101:14905:40077#ACTGTTCC/ab=1/	FCC17U2ACXX:3:1101:13252:61257#ACTGTTCC/ab=2/	FCC17U2ACXX:3:1102:10392:10572#ACTGTTCC/ab=2/	91.1	75.0	89.3	80.4	90.0	1	0	0	9	0	7	2.00	N
0.0000	FCC17U2ACXX:3:1102:3885:5089#ACTGTTCC/ab=1/	*	*	*	*	*	*	*	*	*	*	*	*	*	*	N
0.0142	FCC17U2ACXX:3:1102:7363:5900#ACTGTTCC/ab=1/	FCC17U2ACXX:3:1102:13319:16448#ACTGTTCC/ab=4/	FCC17U2ACXX:3:1101:1567:33331#ACTGTTCC/ab=2/	88.9	74.1	81.5	55.6	81.4	5	7	0	10	7	1	9.09	N
0.0221	FCC17U2ACXX:3:1102:18737:16437#ACTGTTCC/ab=1/	FCC17U2ACXX:3:1102:12116:32427#ACTGTTCC/ab=2/	FCC17U2ACXX:3:1101:6077:37431#ACTGTTCC/ab=2/	64.5	48.4	58.1	32.3	55.0	2	0	2	10	8	11	11.11	N
0.0000	FCC17U2ACXX:3:1101:12584:48116#ACTGTTCC/ab=1/	*	*	*	*	*	*	*	*	*	*	*	*	*	*	N
0.0000	FCC17U2ACXX:3:1101:6883:59204#ACTGTTCC/ab=1/	*	*	*	*	*	*	*	*	*	*	*	*	*	*	N
0.0000	FCC17U2ACXX:3:1102:1450:13969#ACTGTTCC/ab=1/	*	*	*	*	*	*	*	*	*	*	*	*	*	*	N
0.0408	FCC17U2ACXX:3:1102:10483:28960#ACTGTTCC/ab=1/	FCC17U2ACXX:3:1101:17466:97705#ACTGTTCC/ab=3/	FCC17U2ACXX:3:1101:11629:47646#ACTGTTCC/ab=2/	78.9	64.9	78.9	50.9	80.3	6	7	3	10	2	0	2.22	N
0.0000	FCC17U2ACXX:3:1101:6112:46324#ACTGTTCC/ab=1/	*	*	*	*	*	*	*	*	*	*	*	*	*	*	N
0.0000	FCC17U2ACXX:3:1102:14884:24490#ACTGTTCC/ab=1/	*	*	*	*	*	*	*	*	*	*	*	*	*	*	N
0.0722	FCC17U2ACXX:3:1102:6611:31311#ACTGTTCC/ab=1/	FCC17U2ACXX:3:1102:16407:22155#ACTGTTCC/ab=4/	FCC17U2ACXX:3:1101:8764:82378#ACTGTTCC/ab=2/	75.0	71.4	62.5	51.8	73.8	6	0	0	10	9	12	5.00	N
0.3337	FCC17U2ACXX:3:1101:20990:97844#ACTGTTCC/ab=1/	FCC17U2ACXX:3:1101:1567:33331#ACTGTTCC/ab=2/	FCC17U2ACXX:3:1101:8836:96560#ACTGTTCC/ab=2/	92.5	77.4	75.5	54.7	78.9	8	0	0	13	3	1	19.51	Y
0.0000	FCC17U2ACXX:3:1101:13522:49404#ACTGTTCC/ab=1/	*	*	*	*	*	*	*	*	*	*	*	*	*	*	N
0.0000	FCC17U2ACXX:3:1101:13166:61695#ACTGTTCC/ab=1/	*	*	*	*	*	*	*	*	*	*	*	*	*	*	N
0.0256	FCC17U2ACXX:3:1102:16191:6502#ACTGTTCC/ab=1/	FCC17U2ACXX:3:1101:19703:94654#ACTGTTCC/ab=2/	FCC17U2ACXX:3:1101:9297:93668#ACTGTTCC/ab=2/	71.2	57.7	63.5	50.0	60.3	4	1	5	11	9	6	12.12	N
0.0000	FCC17U2ACXX:3:1101:11222:75224#ACTGTTCC/ab=1/	*	*	*	*	*	*	*	*	*	*	*	*	*	*	N
0.0000	FCC17U2ACXX:3:1101:5879:43728#ACTGTTCC/ab=1/	*	*	*	*	*	*	*	*	*	*	*	*	*	*	N
0.0380	FCC17U2ACXX:3:1101:19641:26975#ACTGTTCC/ab=1/	FCC17U2ACXX:3:1101:19677:53971#ACTGTTCC/ab=2/	FCC17U2ACXX:3:1102:6726:29847#ACTGTTCC/ab=2/	95.0	85.0	93.3	85.0	93.8	1	0	0	7	1	2	1.79	N
0.0381	FCC17U2ACXX:3:1101:11649:3103#ACTGTTCC/ab=1/	FCC17U2ACXX:3:1101:4350:87403#ACTGTTCC/ab=2/	FCC17U2ACXX:3:1102:20708:29898#ACTGTTCC/ab=5/	81.7	76.7	76.7	80.0	78.1	3	0	4	4	1	6	6.52	N
0.0318	FCC17U2ACXX:3:1101:3062:25988#ACTGTTCC/ab=1/	FCC17U2ACXX:3:1102:12116:32427#ACTGTTCC/ab=2/	FCC17U2ACXX:3:1101:1567:33331#ACTGTTCC/ab=2/	69.6	64.3	66.1	66.1	67.8	2	0	0	9	5	13	5.41	N
0.0000	FCC17U2ACXX:3:1101:13071:11519#ACTGTTCC/ab=1/	*	*	*	*	*	*	*	*	*	*	*	*	*	*	N
0.0000	FCC17U2ACXX:3:1101:6927:86398#ACTGTTCC/ab=1/	*	*	*	*	*	*	*	*	*	*	*	*	*	*	N
0.0344	FCC17U2ACXX:3:1101:18178:75789#ACTGTTCC/ab=1/	FCC17U2ACXX:3:1101:10194:56929#ACTGTTCC/ab=2/	FCC17U2ACXX:3:1101:13252:61257#ACTGTTCC/ab=2/	70.7	69.0	62.1	60.3	67.2	5	1	2	8	6	10	2.50	N
0.0000	FCC17U2ACXX:3:1101:16981:18030#ACTGTTCC/ab=1/	FCC17U2ACXX:3:1101:4350:87403#ACTGTTCC/ab=2/	FCC17U2ACXX:3:1101:18456:39545#ACTGTTCC/ab=3/	90.0	81.7	88.3	86.7	89.1	0	0	2	6	1	3	1.89	N
0.0352	FCC17U2ACXX:3:1101:11967:85688#ACTGTTCC/ab=1/	FCC17U2ACXX:3:1101:10460:35297#ACTGTTCC/ab=2/	FCC17U2ACXX:3:1102:18534:27511#ACTGTTCC/ab=3/	77.8	74.1	74.1	61.1	70.7	11	7	5	2	0	0	5.00	N
0.0000	FCC17U2ACXX:3:1101:8482:80971#ACTGTTCC/ab=1/	*	*	*	*	*	*	*	*	*	*	*	*	*	*	N
0.0249	FCC17U2ACXX:3:1101:12554:50555#ACTGTTCC/ab=1/	FCC17U2ACXX:3:1101:5975:74686#ACTGTTCC/ab=2/	FCC17U2ACXX:3:1101:9880:19003#ACTGTTCC/ab=2/	90.2	86.9	86.9	90.2	86.2	2	0	3	3	1	2	3.77	N
0.1052	FCC17U2ACXX:3:1101:2180:68413#ACTGTTCC/ab=1/	FCC17U2ACXX:3:1102:18855:29225#ACTGTTCC/ab=4/	FCC17U2ACXX:3:1101:19746:93231#ACTGTTCC/ab=2/	86.2	60.3	81.0	44.8	82.3	7	7	1	16	1	1	6.38	N
0.0428	FCC17U2ACXX:3:1101:12279:7458#ACTGTTCC/ab=1/	FCC17U2ACXX:3:1101:10460:35297#ACTGTTCC/ab=2/	FCC17U2ACXX:3:1102:14336:14713#ACTGTTCC/ab=6/	75.5	66.0	69.8	52.8	68.4	3	0	0	12	10	6	8.11	N
0.0000	FCC17U2ACXX:3:1102:14558:26788#ACTGTTCC/ab=1/	*	*	*	*	*	*	*	*	*	*	*	*	*	*	N
0.0000	FCC17U2ACXX:3:1102:12168:6615#ACTGTTCC/ab=1/	*	*	*	*	*	*	*	*	*	*	*	*	*	*	N
0.0000	FCC17U2ACXX:3:1101:1479:27435#ACTGTTCC/ab=1/	FCC17U2ACXX:3:1101:13382:72046#ACTGTTCC/ab=2/	FCC17U2ACXX:3:1101:21061:99443#ACTGTTCC/ab=2/	91.5	57.6	89.8	52.5	88.5	0	0	0	22	2	3	1.89	N
0.1819	FCC17U2ACXX:3:1101:14881:49947#ACTGTTCC/ab=1/	FCC17U2ACXX:3:1101:1567:33331#ACTGTTCC/ab=2/	FCC17U2ACXX:3:1102:12116:32427#ACTGTTCC/ab=2/	83.9	71.4	69.6	64.3	67.8	8	1	4	7	0	5	17.50	N
0.1486	FCC17U2ACXX:3:1101:10709:86526#ACTGTTCC/ab=1/	FCC17U2ACXX:3:1102:8553:2338#ACTGTTCC/ab=4/	FCC17U2ACXX:3:1102:12116:32427#ACTGTTCC/ab=2/	78.2	69.1	63.6	60.0	69.5	10	3	6	7	0	3	13.16	N
0.0224	FCC17U2ACXX:3:1102:3920:21650#ACTGTTCC/ab=1/	FCC17U2ACXX:3:1101:17466:97705#ACTGTTCC/ab=3/	FCC17U2ACXX:3:1102:3598:18934#ACTGTTCC/ab=2/	77.2	68.4	75.4	86.0	77.0	1	0	0	5	0	13	2.33	N
0.0361	FCC17U2ACXX:3:1101:20799:17616#ACTGTTCC/ab=1/	FCC17U2ACXX:3:1101:15163:91719#ACTGTTCC/ab=2/	FCC17U2ACXX:3:1102:10441:11992#ACTGTTCC/ab=4/	78.2	67.3	74.5	74.5	72.9	3	1	3	9	3	7	4.88	N
0.0000	FCC17U2ACXX:3:1101:17306:16345#ACTGTTCC/ab=1/	FCC17U2ACXX:3:1102:20142:31181#ACTGTTCC/ab=3/	FCC17U2ACXX:3:1102:19806:24326#ACTGTTCC/ab=3/	100.0	87.5	98.2	85.7	98.3	0	0	0	7	0	0	1.82	N
0.0000	FCC17U2ACXX:3:1101:18893:59319#ACTGTTCC/ab=1/	*	*	*	*	*	*	*	*	*	*	*	*	*	*	N
0.1355	FCC17U2ACXX:3:1102:11639:3061#ACTGTTCC/ab=1/	FCC17U2ACXX:3:1102:5328:14256#ACTGTTCC/ab=2/	FCC17U2ACXX:3:1102:20888:20306#ACTGTTCC/ab=2/	84.5	72.4	79.3	56.9	79.7	10	8	2	9	0	0	6.52	N
0.0000	FCC17U2ACXX:3:1101:11307:96713#ACTGTTCC/ab=1/	FCC17U2ACXX:3:1101:12667:66432#ACTGTTCC/ab=3/	FCC17U2ACXX:3:1102:7826:31974#ACTGTTCC/ab=4/	88.3	81.7	86.7	81.7	87.5	0	0	0	5	1	6	1.92	N
0.0000	FCC17U2ACXX:3:1101:9293:66416#ACTGTTCC/ab=1/	*	*	*	*	*	*	*	*	*	*	*	*	*	*	N
0.0000	FCC17U2ACXX:3:1102:18967:9254#ACTGTTCC/ab=1/	*	*	*	*	*	*	*	*	*	*	*	*	*	*	N
0.0000	FCC17U2ACXX:3:1102:9831:7892#ACTGTTCC/ab=1/	*	*	*	*	*	*	*	*	*	*	*	*	*	*	N
0.0266	FCC17U2ACXX:3:1101:9383:23610#ACTGTTCC/ab=1/	FCC17U2ACXX:3:1101:19361:50842#ACTGTTCC/ab=2/	FCC17U2ACXX:3:1102:15650:31873#ACTGTTCC/ab=2/	80.8	75.0	71.2	57.7	70.0	8	5	3	6	3	7	7.69	N
0.0265	FCC17U2ACXX:3:1102:3891:14844#ACTGTTCC/ab=1/	FCC17U2ACXX:3:1102:18855:29225#ACTGTTCC/ab=4/	FCC17U2ACXX:3:1101:20322:73349#ACTGTTCC/ab=3/	74.4	67.4	62.8	48.8	67.2	15	14	1	4	1	4	10.34	N
0.1255	FCC17U2ACXX:3:1102:11236:4851#ACTGTTCC/ab=1/	FCC17U2ACXX:3:1101:2813:97880#ACTGTTCC/ab=3/	FCC17U2ACXX:3:1101:15200:51448#ACTGTTCC/ab=4/	73.7	63.2	63.2	59.6	65.0	5	0	0	12	4	11	16.67	N
0.0624	FCC17U2ACXX:3:1102:10672:16332#ACTGTTCC/ab=1/	FCC17U2ACXX:3:1102:12116:32427#ACTGTTCC/ab=2/	FCC17U2ACXX:3:1102:8553:2338#ACTGTTCC/ab=4/	81.8	50.9	80.0	60.0	79.7	1	0	0	17	1	11	2.27	N
0.0000	FCC17U2ACXX:3:1102:12734:13642#ACTGTTCC/ab=1/	*	*	*	*	*	*	*	*	*	*	*	*	*	*	N
0.0000	FCC17U2ACXX:3:1102:17020:13361#ACTGTTCC/ab=1/	*	*	*	*	*	*	*	*	*	*	*	*	*	*	N
0.0000	FCC17U2ACXX:3:1101:10390:94859#ACTGTTCC/ab=1/	*	*	*	*	*	*	*	*	*	*	*	*	*	*	N
0.0861	FCC17U2ACXX:3:1101:19264:64397#ACTGTTCC/ab=1/	FCC17U2ACXX:3:1102:2547:13024#ACTGTTCC/ab=2/	FCC17U2ACXX:3:1102:4348:32193#ACTGTTCC/ab=4/	84.5	75.9	75.9	58.6	77.4	10	6	2	5	0	1	11.36	N
0.0000	FCC17U2ACXX:3:1101:13434:66106#ACTGTTCC/ab=1/	*	*	*	*	*	*	*	*	*	*	*	*	*	*	N
0.0592	FCC17U2ACXX:3:1101:14546:70859#ACTGTTCC/ab=1/	FCC17U2ACXX:3:1102:10392:10572#ACTGTTCC/ab=2/	FCC17U2ACXX:3:1101:11715:79271#ACTGTTCC/ab=2/	83.0	69.8	79.2	62.3	78.7	3	0	2	13	6	4	4.76	N
0.0000	FCC17U2ACXX:3:1102:8585:5626#ACTGTTCC/ab=1/	*	*	*	*	*	*	*	*	*	*	*	*	*	*	N
0.0000	FCC17U2ACXX:3:1101:9844:71618#ACTGTTCC/ab=1/	*	*	*	*	*	*	*	*	*	*	*	*	*	*	N
0.0000	FCC17U2ACXX:3:1102:9839:3575#ACTGTTCC/ab=1/	*	*	*	*	*	*	*	*	*	*	*	*	*	*	N
0.0000	FCC17U2ACXX:3:1102:13127:22749#ACTGTTCC/ab=1/	*	*	*	*	*	*	*	*	*	*	*	*	*	*	N
0.0000	FCC17U2ACXX:3:1102:7604:21476#ACTGTTCC/ab=1/	*	*	*	*	*	*	*	*	*	*	*	*	*	*	N
0.0000	FCC17U2ACXX:3:1101:5458:96561#ACTGTTCC/ab=1/	*	*	*	*	*	*	*	*	*	*	*	*	*	*	N
0.0000	FCC17U2ACXX:3:1101:19113:36538#ACTGTTCC/ab=1/	*	*	*	*	*	*	*	*	*	*	*	*	*	*	N
0.0000	FCC17U2ACXX:3:1101:3603:68449#ACTGTTCC/ab=1/	*	*	*	*	*	*	*	*	*	*	*	*	*	*	N
0.0000	FCC17U2ACXX:3:1101:14047:9778#AGTGTTCC/ab=1/	*	*	*	*	*	*	*	*	*	*	*	*	*	*	N
0.0000	FCC17U2ACXX:3:1102:17580:23724#ACTGTTCC/ab=1/	*	*	*	*	*	*	*	*	*	*	*	*	*	*	N
0.0445	FCC17U2ACXX:3:1101:18830:79205#ACTGTTCC/ab=1/	FCC17U2ACXX:3:1102:2342:24671#ACTGTTCC/ab=3/	FCC17U2ACXX:3:1102:20142:31181#ACTGTTCC/ab=3/	81.8	63.6	72.7	50.9	69.5	4	2	1	14	5	6	12.50	N
0.0000	FCC17U2ACXX:3:1101:5441:5946#ACTGTTCC/ab=1/	*	*	*	*	*	*	*	*	*	*	*	*	*	*	N
0.0385	FCC17U2ACXX:3:1101:16516:57573#ACTGTTCC/ab=1/	FCC17U2ACXX:3:1102:20227:28699#ACTGTTCC/ab=2/	FCC17U2ACXX:3:1102:5328:14256#ACTGTTCC/ab=2/	71.4	64.3	64.3	51.8	63.9	10	4	7	6	3	4	11.11	N
0.0286	FCC17U2ACXX:3:1101:9186:9560#ACTGTTCC/ab=1/	FCC17U2ACXX:3:1102:2342:24671#ACTGTTCC/ab=3/	FCC17U2ACXX:3:1101:21061:99443#ACTGTTCC/ab=2/	86.0	80.7	82.5	80.7	82.0	4	3	2	3	0	3	4.26	N
0.0000	FCC17U2ACXX:3:1101:9242:99121#ACTGTTCC/ab=1/	*	*	*	*	*	*	*	*	*	*	*	*	*	*	N
0.0000	FCC17U2ACXX:3:1102:19726:15072#ACTGTTCC/ab=1/	*	*	*	*	*	*	*	*	*	*	*	*	*	*	N
0.0000	FCC17U2ACXX:3:1102:12659:10078#ACTGTTCC/ab=1/	*	*	*	*	*	*	*	*	*	*	*	*	*	*	N
0.0000	FCC17U2ACXX:3:1102:18513:16256#ACTGTTCC/ab=1/	*	*	*	*	*	*	*	*	*	*	*	*	*	*	N
0.0708	FCC17U2ACXX:3:1101:3106:90855#ACTGTTCC/ab=1/	FCC17U2ACXX:3:1102:19296:16092#ACTGTTCC/ab=3/	FCC17U2ACXX:3:1102:12263:3849#ACTGTTCC/ab=2/	68.5	66.7	55.6	46.3	67.8	6	0	3	11	8	7	2.78	N
0.0297	FCC17U2ACXX:3:1102:3923:16075#ACTGTTCC/ab=1/	FCC17U2ACXX:3:1102:20302:3354#ACTGTTCC/ab=5/	FCC17U2ACXX:3:1101:15656:70254#ACTGTTCC/ab=3/	81.2	79.2	60.4	54.2	75.9	24	11	4	2	1	1	2.63	N
0.0000	FCC17U2ACXX:3:1101:17535:51199#ACTGTTCC/ab=1/	*	*	*	*	*	*	*	*	*	*	*	*	*	*	N
0.1495	FCC17U2ACXX:3:1101:11748:97212#ACTGTTCC/ab=1/	FCC17U2ACXX:3:1101:9880:19003#ACTGTTCC/ab=2/	FCC17U2ACXX:3:1102:14069:30139#ACTGTTCC/ab=19/	87.7	78.9	71.9	59.6	75.4	10	0	3	8	4	4	11.11	N
0.0000	FCC17U2ACXX:3:1101:19487:26010#ACTGTTCC/ab=1/	*	*	*	*	*	*	*	*	*	*	*	*	*	*	N
0.0000	FCC17U2ACXX:3:1102:8335:13763#ACTGTTCC/ab=1/	*	*	*	*	*	*	*	*	*	*	*	*	*	*	N
0.0000	FCC17U2ACXX:3:1101:21318:86399#ACTGTTCC/ab=1/	*	*	*	*	*	*	*	*	*	*	*	*	*	*	N
0.0000	FCC17U2ACXX:3:1101:17701:81928#ACTGTTCC/ab=1/	*	*	*	*	*	*	*	*	*	*	*	*	*	*	N
0.0000	FCC17U2ACXX:3:1101:8138:17946#ACTGTTCC/ab=1/	*	*	*	*	*	*	*	*	*	*	*	*	*	*	N
0.0196	FCC17U2ACXX:3:1101:9842:51737#ACTGTTCC/ab=1/	FCC17U2ACXX:3:1101:9880:19003#ACTGTTCC/ab=2/	FCC17U2ACXX:3:1102:9482:28716#ACTGTTCC/ab=3/	83.6	77.0	82.0	91.8	83.1	1	0	0	4	0	11	2.00	N
0.0000	FCC17U2ACXX:3:1101:11908:41587#ACTGTTCC/ab=1/	FCC17U2ACXX:3:1101:4350:87403#ACTGTTCC/ab=2/	FCC17U2ACXX:3:1102:7826:31974#ACTGTTCC/ab=4/	98.3	86.7	96.7	86.7	96.9	0	0	0	7	0	1	1.72	N
0.0000	FCC17U2ACXX:3:1101:18597:37899#ACTGTTCC/ab=1/	*	*	*	*	*	*	*	*	*	*	*	*	*	*	N
0.1015	FCC17U2ACXX:3:1101:13637:97864#ACTGTTCC/ab=1/	FCC17U2ACXX:3:1102:10441:11992#ACTGTTCC/ab=4/	FCC17U2ACXX:3:1101:2015:45152#ACTGTTCC/ab=2/	65.4	61.5	55.8	50.0	67.2	7	0	2	14	9	9	6.25	N
0.0000	FCC17U2ACXX:3:1102:7047:3957#ACTGTTCC/ab=1/	*	*	*	*	*	*	*	*	*	*	*	*	*	*	N
0.0000	FCC17U2ACXX:3:1101:13448:72294#ACTGTTCC/ab=1/	*	*	*	*	*	*	*	*	*	*	*	*	*	*	N
0.0448	FCC17U2ACXX:3:1101:7960:95238#ACTGTTCC/ab=1/	FCC17U2ACXX:3:1101:12667:66432#ACTGTTCC/ab=3/	FCC17U2ACXX:3:1102:7826:31974#ACTGTTCC/ab=4/	93.3	86.7	88.3	81.7	89.1	2	0	1	6	2	1	5.66	N
0.0199	FCC17U2ACXX:3:1101:4038:34842#ACTGTTCC/ab=1/	FCC17U2ACXX:3:1101:20437:55731#ACTGTTCC/ab=4/	FCC17U2ACXX:3:1101:1309:50195#ACTGTTCC/ab=2/	77.8	74.1	72.2	61.1	70.7	7	4	5	4	3	2	5.00	N
0.0297	FCC17U2ACXX:3:1101:9957:57130#ACTGTTCC/ab=1/	FCC17U2ACXX:3:1101:16850:68503#ACTGTTCC/ab=2/	FCC17U2ACXX:3:1101:6806:46189#ACTGTTCC/ab=2/	75.0	67.9	67.9	57.1	69.5	7	5	7	7	3	1	10.53	N
0.0943	FCC17U2ACXX:3:1102:15742:15048#ACTGTTCC/ab=1/	FCC17U2ACXX:3:1102:4348:32193#ACTGTTCC/ab=4/	FCC17U2ACXX:3:1101:19746:93231#ACTGTTCC/ab=2/	89.5	77.2	80.7	66.7	82.3	5	2	3	9	1	1	10.87	N
0.0000	FCC17U2ACXX:3:1101:19015:64990#ACTGTTCC/ab=1/	*	*	*	*	*	*	*	*	*	*	*	*	*	*	N
0.0000	FCC17U2ACXX:3:1101:8152:77500#ACTGTTCC/ab=1/	*	*	*	*	*	*	*	*	*	*	*	*	*	*	N
0.0852	FCC17U2ACXX:3:1101:17726:23571#ACTGTTCC/ab=1/	FCC17U2ACXX:3:1102:19296:16092#ACTGTTCC/ab=3/	FCC17U2ACXX:3:1101:12971:78691#ACTGTTCC/ab=2/	69.0	58.6	58.6	50.0	62.3	12	3	7	8	2	6	17.65	N
0.0000	FCC17U2ACXX:3:1101:3918:17099#ACTGTTCC/ab=1/	*	*	*	*	*	*	*	*	*	*	*	*	*	*	N
0.0000	FCC17U2ACXX:3:1101:20363:55600#ACTGTTCC/ab=1/	*	*	*	*	*	*	*	*	*	*	*	*	*	*	N
0.0000	FCC17U2ACXX:3:1102:3212:17689#ACTGTTCC/ab=1/	*	*	*	*	*	*	*	*	*	*	*	*	*	*	N
0.0000	FCC17U2ACXX:3:1102:16689:4170#ACTGTTCC/ab=1/	*	*	*	*	*	*	*	*	*	*	*	*	*	*	N
0.0642	FCC17U2ACXX:3:1101:11145:84782#ACTGTTCC/ab=1/	FCC17U2ACXX:3:1102:5328:14256#ACTGTTCC/ab=2/	FCC17U2ACXX:3:1101:6871:62770#ACTGTTCC/ab=2/	93.1	84.5	91.4	79.3	91.9	4	3	1	5	0	0	1.89	N
0.0000	FCC17U2ACXX:3:1102:2195:22509#ACTGTTCC/ab=1/	*	*	*	*	*	*	*	*	*	*	*	*	*	*	N
0.0000	FCC17U2ACXX:3:1101:1803:21883#ACTGTTCC/ab=1/	*	*	*	*	*	*	*	*	*	*	*	*	*	*	N
0.0276	FCC17U2ACXX:3:1101:5421:57684#ACTGTTCC/ab=1/	FCC17U2ACXX:3:1102:19552:4011#ACTGTTCC/ab=3/	FCC17U2ACXX:3:1102:19829:10098#ACTGTTCC/ab=2/	77.2	70.2	64.9	52.6	71.0	14	7	5	5	4	2	10.00	N
0.0000	FCC17U2ACXX:3:1101:14669:49121#ACTGTTCC/ab=1/	*	*	*	*	*	*	*	*	*	*	*	*	*	*	N
0.0000	FCC17U2ACXX:3:1101:9854:87588#ACTGTTCC/ab=1/	*	*	*	*	*	*	*	*	*	*	*	*	*	*	N
0.0082	FCC17U2ACXX:3:1101:9378:64113#ACTGTTCC/ab=1/	FCC17U2ACXX:3:1102:20142:31181#ACTGTTCC/ab=3/	FCC17U2ACXX:3:1102:17153:14473#ACTGTTCC/ab=2/	67.3	63.6	65.5	72.7	61.7	2	2	4	5	3	13	2.78	N
0.0270	FCC17U2ACXX:3:1101:5418:88821#ACTGTTCC/ab=1/	FCC17U2ACXX:3:1101:5975:74686#ACTGTTCC/ab=2/	FCC17U2ACXX:3:1101:9880:19003#ACTGTTCC/ab=2/	91.8	90.2	86.9	90.2	90.8	3	0	2	2	1	2	1.82	N
0.0000	FCC17U2ACXX:3:1101:11111:43706#ACTGTTCC/ab=1/	*	*	*	*	*	*	*	*	*	*	*	*	*	*	N
0.0000	FCC17U2ACXX:3:1101:1836:80327#ACTGTTCC/ab=1/	*	*	*	*	*	*	*	*	*	*	*	*	*	*	N
0.0000	FCC17U2ACXX:3:1101:15866:70557#ACTGTTCC/ab=1/	*	*	*	*	*	*	*	*	*	*	*	*	*	*	N
0.0393	FCC17U2ACXX:3:1101:8456:31329#ACTGTTCC/ab=1/	FCC17U2ACXX:3:1102:4348:32193#ACTGTTCC/ab=4/	FCC17U2ACXX:3:1102:18534:27511#ACTGTTCC/ab=3/	73.7	73.7	64.9	49.1	73.3	5	1	0	12	11	4	2.38	N
0.0000	FCC17U2ACXX:3:1101:13819:2988#ACTGTTCC/ab=1/	*	*	*	*	*	*	*	*	*	*	*	*	*	*	N
0.0000	FCC17U2ACXX:3:1101:5922:5069#ACTGTTCC/ab=1/	*	*	*	*	*	*	*	*	*	*	*	*	*	*	N
0.0000	FCC17U2ACXX:3:1101:18337:54398#ACTGTTCC/ab=1/	*	*	*	*	*	*	*	*	*	*	*	*	*	*	N
0.0000	FCC17U2ACXX:3:1101:19441:3804#ACTGTTCC/ab=1/	*	*	*	*	*	*	*	*	*	*	*	*	*	*	N
0.0000	FCC17U2ACXX:3:1101:13609:50702#ACTGTTCC/ab=1/	*	*	*	*	*	*	*	*	*	*	*	*	*	*	N
0.0900	FCC17U2ACXX:3:1102:15879:6105#ACTGTTCC/ab=1/	FCC17U2ACXX:3:1101:5967:76527#ACTGTTCC/ab=2/	FCC17U2ACXX:3:1101:15656:70254#ACTGTTCC/ab=3/	83.9	69.6	76.8	57.1	78.0	5	1	1	15	5	2	9.30	N
0.0000	FCC17U2ACXX:3:1101:8627:44938#ACTGTTCC/ab=1/	*	*	*	*	*	*	*	*	*	*	*	*	*	*	N
0.1024	FCC17U2ACXX:3:1102:16660:30010#ACTGTTCC/ab=1/	FCC17U2ACXX:3:1102:18534:27511#ACTGTTCC/ab=3/	FCC17U2ACXX:3:1101:1567:33331#ACTGTTCC/ab=2/	80.7	57.9	73.7	40.4	74.6	3	0	0	19	6	5	9.52	N
0.0000	FCC17U2ACXX:3:1101:7752:17040#ACTGTTCC/ab=1/	*	*	*	*	*	*	*	*	*	*	*	*	*	*	N
0.0000	FCC17U2ACXX:3:1102:13526:32256#ACTGTTCC/ab=1/	*	*	*	*	*	*	*	*	*	*	*	*	*	*	N
0.0000	FCC17U2ACXX:3:1101:7117:45204#ACTGTTCC/ab=1/	*	*	*	*	*	*	*	*	*	*	*	*	*	*	N
0.0000	FCC17U2ACXX:3:1101:19918:43971#ACTGTTCC/ab=1/	*	*	*	*	*	*	*	*	*	*	*	*	*	*	N
0.0000	FCC17U2ACXX:3:1101:17468:83883#ACTGTTCC/ab=1/	*	*	*	*	*	*	*	*	*	*	*	*	*	*	N
0.0000	FCC17U2ACXX:3:1102:17308:23553#ACTGTTCC/ab=1/	*	*	*	*	*	*	*	*	*	*	*	*	*	*	N
0.0000	FCC17U2ACXX:3:1101:7958:83925#ACTGTTCC/ab=1/	*	*	*	*	*	*	*	*	*	*	*	*	*	*	N
0.0422	FCC17U2ACXX:3:1101:18380:54866#ACTGTTCC/ab=1/	FCC17U2ACXX:3:1102:4064:31428#ACTGTTCC/ab=2/	FCC17U2ACXX:3:1101:5975:74686#ACTGTTCC/ab=2/	82.0	77.0	78.7	73.8	80.0	7	5	6	3	0	0	4.17	N
0.0000	FCC17U2ACXX:3:1101:1968:23862#ACTGTTCC/ab=1/	*	*	*	*	*	*	*	*	*	*	*	*	*	*	N
0.0000	FCC17U2ACXX:3:1102:1604:16703#ACTGTTCC/ab=1/	*	*	*	*	*	*	*	*	*	*	*	*	*	*	N
0.0000	FCC17U2ACXX:3:1101:1992:24952#ACTGTTCC/ab=1/	*	*	*	*	*	*	*	*	*	*	*	*	*	*	N
0.0000	FCC17U2ACXX:3:1101:16341:3781#ACTGTTCC/ab=1/	*	*	*	*	*	*	*	*	*	*	*	*	*	*	N
0.0000	FCC17U2ACXX:3:1102:15378:8708#ACTGTTCC/ab=1/	*	*	*	*	*	*	*	*	*	*	*	*	*	*	N
0.0302	FCC17U2ACXX:3:1101:20032:11212#ACTGTTCC/ab=1/	FCC17U2ACXX:3:1101:15163:91719#ACTGTTCC/ab=2/	FCC17U2ACXX:3:1101:10260:67603#ACTGTTCC/ab=6/	78.6	69.0	71.4	52.4	67.2	13	10	7	5	2	1	10.00	N
0.0116	FCC17U2ACXX:3:1102:9891:11429#ACCGTTCC/ab=1/	FCC17U2ACXX:3:1102:7826:31974#ACTGTTCC/ab=4/	FCC17U2ACXX:3:1102:17153:14473#ACTGTTCC/ab=2/	76.5	68.6	72.5	58.8	75.9	7	9	7	5	4	0	10.81	N
0.0000	FCC17U2ACXX:3:1101:10107:69326#ACTGTTCC/ab=1/	*	*	*	*	*	*	*	*	*	*	*	*	*	*	N
0.0000	FCC17U2ACXX:3:1102:2062:2809#ACTGTTCC/ab=1/	*	*	*	*	*	*	*	*	*	*	*	*	*	*	N
0.0000	FCC17U2ACXX:3:1101:16824:75580#ACTGTTCC/ab=1/	*	*	*	*	*	*	*	*	*	*	*	*	*	*	N
0.0285	FCC17U2ACXX:3:1101:4297:26378#ACTGTTCC/ab=1/	FCC17U2ACXX:3:1101:10194:56929#ACTGTTCC/ab=2/	FCC17U2ACXX:3:1101:6077:37431#ACTGTTCC/ab=2/	76.8	69.6	67.9	51.8	68.3	4	2	0	11	7	6	10.26	N
0.0468	FCC17U2ACXX:3:1102:6273:10692#ACTGTTCC/ab=1/	FCC17U2ACXX:3:1102:6477:7694#ACTGTTCC/ab=2/	FCC17U2ACXX:3:1101:10260:67603#ACTGTTCC/ab=6/	70.9	61.8	65.5	50.9	63.5	2	0	0	16	7	11	8.33	N
0.0000	FCC17U2ACXX:3:1101:2693:69594#ACTGTTCC/ab=1/	*	*	*	*	*	*	*	*	*	*	*	*	*	*	N
0.0546	FCC17U2ACXX:3:1101:13176:10058#ACTGTTCC/ab=1/	FCC17U2ACXX:3:1102:11447:22531#ACTGTTCC/ab=2/	FCC17U2ACXX:3:1101:11629:47646#ACTGTTCC/ab=2/	70.4	59.3	66.7	51.9	68.3	8	5	7	7	1	3	5.56	N
0.0000	FCC17U2ACXX:3:1101:7255:12540#ACTGTTCC/ab=1/	*	*	*	*	*	*	*	*	*	*	*	*	*	*	N
0.0000	FCC17U2ACXX:3:1101:3838:94844#ACTGTTCC/ab=1/	*	*	*	*	*	*	*	*	*	*	*	*	*	*	N
0.0000	FCC17U2ACXX:3:1101:8932:72545#ACTGTTCC/ab=1/	*	*	*	*	*	*	*	*	*	*	*	*	*	*	N
0.0000	FCC17U2ACXX:3:1101:19769:64096#ACTGTTCC/ab=1/	*	*	*	*	*	*	*	*	*	*	*	*	*	*	N
0.0000	FCC17U2ACXX:3:1102:9186:17246#ACTGTTCC/ab=1/	*	*	*	*	*	*	*	*	*	*	*	*	*	*	N
0.0000	FCC17U2ACXX:3:1101:14105:11789#ACTGTTCC/ab=1/	*	*	*	*	*	*	*	*	*	*	*	*	*	*	N
0.0000	FCC17U2ACXX:3:1101:20116:85461#ACTGTTCC/ab=1/	*	*	*	*	*	*	*	*	*	*	*	*	*	*	N
0.0000	FCC17U2ACXX:3:1102:18275:13263#ACTGTTCC/ab=1/	*	*	*	*	*	*	*	*	*	*	*	*	*	*	N
0.0000	FCC17U2ACXX:3:1102:11981:8233#ACTGTTCC/ab=1/	*	*	*	*	*	*	*	*	*	*	*	*	*	*	N
0.0555	FCC17U2ACXX:3:1101:14678:61790#ACTGTTCC/ab=1/	FCC17U2ACXX:3:1102:7471:24935#ACTGTTCC/ab=2/	FCC17U2ACXX:3:1102:10392:10572#ACTGTTCC/ab=2/	79.6	66.7	74.1	57.4	75.9	2	0	0	16	6	7	7.50	N
0.0000	FCC17U2ACXX:3:1101:19339:75259#ACTGTTCC/ab=1/	*	*	*	*	*	*	*	*	*	*	*	*	*	*	N
0.0428	FCC17U2ACXX:3:1101:19679:38298#ACTGTTCC/ab=1/	FCC17U2ACXX:3:1101:16850:68503#ACTGTTCC/ab=2/	FCC17U2ACXX:3:1101:1309:50195#ACTGTTCC/ab=2/	73.2	60.7	69.6	50.0	67.2	2	0	0	14	7	8	5.13	N
0.0000	FCC17U2ACXX:3:1101:9725:97987#ACTGTTCC/ab=1/	*	*	*	*	*	*	*	*	*	*	*	*	*	*	N
0.0637	FCC17U2ACXX:3:1101:8945:39664#ACTGTTCC/ab=1/	FCC17U2ACXX:3:1101:13252:61257#ACTGTTCC/ab=2/	FCC17U2ACXX:3:1102:14336:14713#ACTGTTCC/ab=6/	65.5	54.5	63.6	40.0	65.6	15	15	5	6	0	2	8.57	N
0.0000	FCC17U2ACXX:3:1101:13955:93941#ACTGTTCC/ab=1/	*	*	*	*	*	*	*	*	*	*	*	*	*	*	N
0.0249	FCC17U2ACXX:3:1101:13712:29913#ACTGTTCC/ab=1/	FCC17U2ACXX:3:1101:8764:82378#ACTGTTCC/ab=2/	FCC17U2ACXX:3:1101:15806:51053#ACTGTTCC/ab=3/	68.4	59.6	59.6	52.6	61.3	8	3	11	7	6	2	14.71	N
0.0101	FCC17U2ACXX:3:1101:20000:66287#ACTGTTCC/ab=1/	FCC17U2ACXX:3:1102:6651:17992#ACTGTTCC/ab=3/	FCC17U2ACXX:3:1101:13382:72046#ACTGTTCC/ab=2/	75.5	64.2	73.6	64.2	75.9	1	1	4	9	3	12	2.56	N
0.0000	FCC17U2ACXX:3:1101:14823:58993#ACTGTTCC/ab=1/	*	*	*	*	*	*	*	*	*	*	*	*	*	*	N
0.0499	FCC17U2ACXX:3:1101:5474:84659#ACTGTTCC/ab=1/	FCC17U2ACXX:3:1102:20708:29898#ACTGTTCC/ab=5/	FCC17U2ACXX:3:1102:6726:29847#ACTGTTCC/ab=2/	81.7	71.7	78.3	76.7	79.7	2	0	3	6	0	9	4.26	N
0.0462	FCC17U2ACXX:3:1101:11213:17250#ACTGTTCC/ab=1/	FCC17U2ACXX:3:1102:7471:24935#ACTGTTCC/ab=2/	FCC17U2ACXX:3:1101:10563:45505#ACTGTTCC/ab=2/	74.0	70.0	58.0	52.0	69.4	12	7	3	9	3	7	5.71	N
0.0000	FCC17U2ACXX:3:1101:2475:82378#ACTGTTCC/ab=1/	*	*	*	*	*	*	*	*	*	*	*	*	*	*	N
0.0000	FCC17U2ACXX:3:1101:7506:31299#ACTGTTCC/ab=1/	*	*	*	*	*	*	*	*	*	*	*	*	*	*	N
0.0870	FCC17U2ACXX:3:1102:19965:25330#ACTGTTCC/ab=1/	FCC17U2ACXX:3:1102:6651:17992#ACTGTTCC/ab=3/	FCC17U2ACXX:3:1101:12667:66432#ACTGTTCC/ab=3/	93.3	78.3	90.0	75.0	90.6	2	0	0	11	2	2	3.70	N
0.0000	FCC17U2ACXX:3:1101:10491:91158#ACTGTTCC/ab=1/	*	*	*	*	*	*	*	*	*	*	*	*	*	*	N
0.0000	FCC17U2ACXX:3:1101:16606:80765#ACTGTTCC/ab=1/	*	*	*	*	*	*	*	*	*	*	*	*	*	*	N
0.0442	FCC17U2ACXX:3:1102:17832:25565#ACTGTTCC/ab=1/	FCC17U2ACXX:3:1102:2547:13024#ACTGTTCC/ab=2/	FCC17U2ACXX:3:1102:4348:32193#ACTGTTCC/ab=4/	84.5	81.0	74.1	58.6	82.3	12	5	1	3	1	1	6.38	N
0.1318	FCC17U2ACXX:3:1101:13201:5847#ACTGTTCC/ab=1/	FCC17U2ACXX:3:1101:13382:72046#ACTGTTCC/ab=2/	FCC17U2ACXX:3:1102:12116:32427#ACTGTTCC/ab=2/	78.9	63.2	64.9	45.6	65.0	8	1	0	16	6	6	21.62	N
0.0165	FCC17U2ACXX:3:1101:18961:21897#ACTGTTCC/ab=1/	FCC17U2ACXX:3:1102:10393:3118#ACTGTTCC/ab=2/	FCC17U2ACXX:3:1101:18867:97985#ACTGTTCC/ab=2/	77.4	64.2	75.5	54.7	73.3	2	2	2	11	4	14	2.50	N
0.0000	FCC17U2ACXX:3:1101:2944:5788#ACTGTTCC/ab=1/	*	*	*	*	*	*	*	*	*	*	*	*	*	*	N
0.0391	FCC17U2ACXX:3:1101:3488:31627#ACTGTTCC/ab=1/	FCC17U2ACXX:3:1102:10441:11992#ACTGTTCC/ab=4/	FCC17U2ACXX:3:1101:20322:73349#ACTGTTCC/ab=3/	70.9	69.1	61.8	60.0	69.5	5	1	2	6	3	10	2.63	N
0.0000	FCC17U2ACXX:3:1101:6894:85560#ACTGTTCC/ab=1/	*	*	*	*	*	*	*	*	*	*	*	*	*	*	N
0.0000	FCC17U2ACXX:3:1101:16910:64267#ACTGTTCC/ab=1/	*	*	*	*	*	*	*	*	*	*	*	*	*	*	N
0.0962	FCC17U2ACXX:3:1102:9861:17967#ACTGTTCC/ab=1/	FCC17U2ACXX:3:1102:10641:15435#ACTGTTCC/ab=3/	FCC17U2ACXX:3:1101:9142:77008#ACTGTTCC/ab=2/	66.1	61.0	45.8	44.1	62.3	11	0	8	9	6	6	8.33	N
0.0219	FCC17U2ACXX:3:1102:19534:5363#ACTGTTCC/ab=1/	FCC17U2ACXX:3:1101:18456:39545#ACTGTTCC/ab=3/	FCC17U2ACXX:3:1101:12667:66432#ACTGTTCC/ab=3/	91.7	83.3	90.0	81.7	90.6	1	1	1	5	0	3	1.85	N
0.0216	FCC17U2ACXX:3:1101:9382:76853#ACTGTTCC/ab=1/	FCC17U2ACXX:3:1101:10563:45505#ACTGTTCC/ab=2/	FCC17U2ACXX:3:1102:9585:14918#ACTGTTCC/ab=3/	87.5	67.5	77.5	47.5	67.2	7	12	1	9	3	0	12.90	N
0.0000	FCC17U2ACXX:3:1101:8278:55290#ACTGTTCC/ab=1/	*	*	*	*	*	*	*	*	*	*	*	*	*	*	N
0.0000	FCC17U2ACXX:3:1101:13001:22145#ACTGTTCC/ab=1/	*	*	*	*	*	*	*	*	*	*	*	*	*	*	N
0.0454	FCC17U2ACXX:3:1102:10207:24877#ACTGTTCC/ab=1/	FCC17U2ACXX:3:1101:13382:72046#ACTGTTCC/ab=2/	FCC17U2ACXX:3:1101:20437:55731#ACTGTTCC/ab=4/	75.0	57.1	69.6	42.9	67.8	4	3	0	16	4	8	7.69	N
0.0000	FCC17U2ACXX:3:1101:8889:88190#ACTGTTCC/ab=1/	*	*	*	*	*	*	*	*	*	*	*	*	*	*	N
0.0295	FCC17U2ACXX:3:1101:2984:85296#ACTGTTCC/ab=1/	FCC17U2ACXX:3:1102:2342:24671#ACTGTTCC/ab=3/	FCC17U2ACXX:3:1101:21061:99443#ACTGTTCC/ab=2/	67.2	60.3	58.6	74.1	60.7	6	1	16	4	2	1	11.43	N
0.0000	FCC17U2ACXX:3:1102:21069:12211#ACTGTTCC/ab=1/	*	*	*	*	*	*	*	*	*	*	*	*	*	*	N
0.0410	FCC17U2ACXX:3:1101:3257:44526#ACTGTTCC/ab=1/	FCC17U2ACXX:3:1102:20227:28699#ACTGTTCC/ab=2/	FCC17U2ACXX:3:1102:12263:3849#ACTGTTCC/ab=2/	79.2	71.7	69.8	60.4	71.2	11	9	5	4	0	4	10.53	N
0.0000	FCC17U2ACXX:3:1101:19807:30505#ACTGTTCC/ab=1/	*	*	*	*	*	*	*	*	*	*	*	*	*	*	N
0.0000	FCC17U2ACXX:3:1101:12827:19466#ACTGTTCC/ab=1/	*	*	*	*	*	*	*	*	*	*	*	*	*	*	N
0.0000	FCC17U2ACXX:3:1102:4929:4108#ACTGTTCC/ab=1/	*	*	*	*	*	*	*	*	*	*	*	*	*	*	N
0.0000	FCC17U2ACXX:3:1101:8707:89234#ACTGTTCC/ab=1/	FCC17U2ACXX:3:1101:12667:66432#ACTGTTCC/ab=3/	FCC17U2ACXX:3:1102:7826:31974#ACTGTTCC/ab=4/	95.0	81.7	93.3	81.7	93.8	0	0	1	9	1	1	1.79	N
0.0000	FCC17U2ACXX:3:1101:2992:87327#ACTGTTCC/ab=1/	*	*	*	*	*	*	*	*	*	*	*	*	*	*	N
0.0214	FCC17U2ACXX:3:1101:13596:31098#ACTGTTCC/ab=1/	FCC17U2ACXX:3:1102:10641:15435#ACTGTTCC/ab=3/	FCC17U2ACXX:3:1102:3598:18934#ACTGTTCC/ab=2/	89.5	87.7	84.2	78.9	88.5	5	2	1	2	1	2	2.00	N
0.0812	FCC17U2ACXX:3:1101:14874:62996#ACTGTTCC/ab=1/	FCC17U2ACXX:3:1101:20437:55731#ACTGTTCC/ab=4/	FCC17U2ACXX:3:1102:20227:28699#ACTGTTCC/ab=2/	80.0	69.1	65.5	52.7	69.5	12	4	7	6	1	3	15.79	N
0.0000	FCC17U2ACXX:3:1101:2788:84521#ACTGTTCC/ab=1/	*	*	*	*	*	*	*	*	*	*	*	*	*	*	N
0.1281	FCC17U2ACXX:3:1101:2972:49047#ACTGTTCC/ab=1/	FCC17U2ACXX:3:1101:15163:91719#ACTGTTCC/ab=2/	FCC17U2ACXX:3:1101:8836:96560#ACTGTTCC/ab=2/	81.5	68.5	68.5	48.1	69.0	7	1	0	15	5	4	18.92	N
0.0000	FCC17U2ACXX:3:1101:5466:38198#ACTGTTCC/ab=1/	*	*	*	*	*	*	*	*	*	*	*	*	*	*	N
0.0484	FCC17U2ACXX:3:1101:18396:67231#ACTGTTCC/ab=1/	FCC17U2ACXX:3:1102:2547:13024#ACTGTTCC/ab=2/	FCC17U2ACXX:3:1101:16288:65848#ACTGTTCC/ab=2/	63.5	55.8	69.2	44.2	61.3	16	11	6	5	1	1	2.78	N
0.0000	FCC17U2ACXX:3:1101:16233:85268#ACTGTTCC/ab=1/	*	*	*	*	*	*	*	*	*	*	*	*	*	*	N
0.0000	FCC17U2ACXX:3:1101:13014:81237#ACTGTTCC/ab=1/	*	*	*	*	*	*	*	*	*	*	*	*	*	*	N
0.0000	FCC17U2ACXX:3:1101:17342:92638#ACTGTTCC/ab=1/	*	*	*	*	*	*	*	*	*	*	*	*	*	*	N
0.0109	FCC17U2ACXX:3:1101:15303:85756#ACTGTTCC/ab=1/	FCC17U2ACXX:3:1102:7826:31974#ACTGTTCC/ab=4/	FCC17U2ACXX:3:1102:18855:29225#ACTGTTCC/ab=4/	95.0	93.3	91.7	91.7	92.2	1	0	0	2	1	2	1.79	N
0.0336	FCC17U2ACXX:3:1101:9377:67332#ACTGTTCC/ab=1/	FCC17U2ACXX:3:1101:11715:79271#ACTGTTCC/ab=2/	FCC17U2ACXX:3:1102:10392:10572#ACTGTTCC/ab=2/	83.6	69.1	81.8	63.6	83.3	1	0	1	13	3	5	2.22	N
0.0611	FCC17U2ACXX:3:1102:3424:24392#ACTGTTCC/ab=1/	FCC17U2ACXX:3:1101:15050:96898#ACTGTTCC/ab=2/	FCC17U2ACXX:3:1101:15656:70254#ACTGTTCC/ab=3/	80.4	67.9	78.6	64.3	76.7	4	3	5	7	0	3	4.55	N
0.0000	FCC17U2ACXX:3:1101:14170:25050#ACTGTTCC/ab=1/	*	*	*	*	*	*	*	*	*	*	*	*	*	*	N
0.0380	FCC17U2ACXX:3:1101:4385:65614#ACTGTTCC/ab=1/	FCC17U2ACXX:3:1101:19361:50842#ACTGTTCC/ab=2/	FCC17U2ACXX:3:1102:20888:20306#ACTGTTCC/ab=2/	76.8	66.1	71.4	55.4	70.3	3	1	2	14	6	7	7.50	N
0.0000	FCC17U2ACXX:3:1101:1498:25875#ACTGTTCC/ab=1/	*	*	*	*	*	*	*	*	*	*	*	*	*	*	N
0.0000	FCC17U2ACXX:3:1101:5367:13685#ACTGTTCC/ab=1/	*	*	*	*	*	*	*	*	*	*	*	*	*	*	N
0.1234	FCC17U2ACXX:3:1101:8866:96546#ACTGTTCC/ab=1/	FCC17U2ACXX:3:1102:3598:18934#ACTGTTCC/ab=2/	FCC17U2ACXX:3:1101:9880:19003#ACTGTTCC/ab=2/	94.8	77.6	91.4	72.4	92.3	2	0	0	15	2	1	3.77	N
0.0000	FCC17U2ACXX:3:1101:8159:95279#ACTGTTCC/ab=1/	*	*	*	*	*	*	*	*	*	*	*	*	*	*	N
0.0000	FCC17U2ACXX:3:1102:10342:33168#ACTGTTCC/ab=1/	*	*	*	*	*	*	*	*	*	*	*	*	*	*	N
0.0000	FCC17U2ACXX:3:1102:17092:9675#ACTGTTCC/ab=1/	*	*	*	*	*	*	*	*	*	*	*	*	*	*	N
0.0000	FCC17U2ACXX:3:1101:7506:75512#ACTGTTCC/ab=1/	*	*	*	*	*	*	*	*	*	*	*	*	*	*	N
0.0310	FCC17U2ACXX:3:1101:19878:37574#ACTGTTCC/ab=1/	FCC17U2ACXX:3:1101:2813:97880#ACTGTTCC/ab=3/	FCC17U2ACXX:3:1102:15650:31873#ACTGTTCC/ab=2/	87.5	83.9	82.1	76.8	83.3	6	3	2	2	0	2	4.26	N
0.1026	FCC17U2ACXX:3:1101:4156:76746#ACTGTTCC/ab=1/	FCC17U2ACXX:3:1102:8238:17326#ACTGTTCC/ab=4/	FCC17U2ACXX:3:1101:1567:33331#ACTGTTCC/ab=2/	89.1	67.3	85.5	60.0	86.4	2	0	0	17	3	3	4.26	N
0.0202	FCC17U2ACXX:3:1101:5549:48429#ACTGTTCC/ab=1/	FCC17U2ACXX:3:1101:2015:45152#ACTGTTCC/ab=2/	FCC17U2ACXX:3:1101:16850:68503#ACTGTTCC/ab=2/	83.3	81.5	74.1	59.3	75.9	6	2	0	6	9	2	2.27	N
0.0000	FCC17U2ACXX:3:1102:11345:32591#ACTGTTCC/ab=1/	*	*	*	*	*	*	*	*	*	*	*	*	*	*	N
0.0000	FCC17U2ACXX:3:1102:12145:12631#ACTGTTCC/ab=1/	*	*	*	*	*	*	*	*	*	*	*	*	*	*	N
0.0877	FCC17U2ACXX:3:1101:4904:45507#ACTGTTCC/ab=1/	FCC17U2ACXX:3:1102:12192:19899#ACTGTTCC/ab=2/	FCC17U2ACXX:3:1102:20708:29898#ACTGTTCC/ab=5/	85.0	80.0	73.3	66.7	81.2	6	0	2	6	3	4	6.25	N
0.0000	FCC17U2ACXX:3:1101:13455:44295#ACTGTTCC/ab=1/	*	*	*	*	*	*	*	*	*	*	*	*	*	*	N
0.0000	FCC17U2ACXX:3:1101:9492:70225#ACTGTTCC/ab=1/	*	*	*	*	*	*	*	*	*	*	*	*	*	*	N
0.0000	FCC17U2ACXX:3:1102:19771:17224#ACTGTTCC/ab=1/	*	*	*	*	*	*	*	*	*	*	*	*	*	*	N
0.0000	FCC17U2ACXX:3:1101:16131:79710#ACTGTTCC/ab=1/	*	*	*	*	*	*	*	*	*	*	*	*	*	*	N
0.0000	FCC17U2ACXX:3:1101:3188:62574#ACTGTTCC/ab=1/	*	*	*	*	*	*	*	*	*	*	*	*	*	*	N
0.0000	FCC17U2ACXX:3:1101:19298:48017#ACTGTTCC/ab=1/	*	*	*	*	*	*	*	*	*	*	*	*	*	*	N
0.0273	FCC17U2ACXX:3:1102:14547:3617#ACTGTTCC/ab=1/	FCC17U2ACXX:3:1102:2342:24671#ACTGTTCC/ab=3/	FCC17U2ACXX:3:1101:11629:47646#ACTGTTCC/ab=2/	82.5	78.9	77.2	78.9	78.7	5	2	4	3	1	3	4.44	N
0.0463	FCC17U2ACXX:3:1101:13282:93745#ACTGTTCC/ab=1/	FCC17U2ACXX:3:1101:8836:96560#ACTGTTCC/ab=2/	FCC17U2ACXX:3:1102:8553:2338#ACTGTTCC/ab=4/	72.7	63.6	63.6	60.0	62.7	7	4	8	6	1	3	14.29	N
0.0602	FCC17U2ACXX:3:1101:10649:37487#ACTGTTCC/ab=1/	FCC17U2ACXX:3:1102:3598:18934#ACTGTTCC/ab=2/	FCC17U2ACXX:3:1102:19829:10098#ACTGTTCC/ab=2/	81.8	72.7	76.4	67.3	80.4	7	4	4	10	2	4	7.14	N
0.0000	FCC17U2ACXX:3:1101:19002:77833#ACTGTTCC/ab=1/	*	*	*	*	*	*	*	*	*	*	*	*	*	*	N
0.0000	FCC17U2ACXX:3:1101:17329:64394#ACTGTTCC/ab=1/	*	*	*	*	*	*	*	*	*	*	*	*	*	*	N
0.0000	FCC17U2ACXX:3:1101:19619:12608#ACTGTTCC/ab=1/	*	*	*	*	*	*	*	*	*	*	*	*	*	*	N
0.0000	FCC17U2ACXX:3:1101:13455:72472#ACTGTTCC/ab=1/	*	*	*	*	*	*	*	*	*	*	*	*	*	*	N
0.0000	FCC17U2ACXX:3:1101:1985:71125#ACTGTTCC/ab=1/	*	*	*	*	*	*	*	*	*	*	*	*	*	*	N
0.0000	FCC17U2ACXX:3:1101:10540:72847#ACTGTTCC/ab=1/	*	*	*	*	*	*	*	*	*	*	*	*	*	*	N
0.0000	FCC17U2ACXX:3:1101:19601:57431#ACTGTTCC/ab=1/	*	*	*	*	*	*	*	*	*	*	*	*	*	*	N
0.0000	FCC17U2ACXX:3:1101:7670:40905#ACTGTTCC/ab=1/	*	*	*	*	*	*	*	*	*	*	*	*	*	*	N
