TSC begin: Mon Dec  3 17:23:29 2012

1.	unique sort by abundance and init kmer data structure 
	Sequences State
	Maxlen	81	minlen	53	average lenght	61
	unique cost time 0 s
2.	start to do herarchical clustering for the high abundant sequences
	[1] do kmer and needle caculation
	cost time 0 s
	[2] denoise by a mismatch 
	cost time 0 s
	[3] do hclust for the high abundant sequences 
	Total sequences number 4411
	High abundant sequence 481
	High abundant seeds 426
	hclust total dist number need process 1128	 NumberofNodes	1128
	cost time 0 s
	hc_excute total cost time 0 s
3.	start to do greedy heuristic clustering for the low abundant sequences
	[1] preclust start 
	Indel Number 11	Preclust1	500
	cost time 1 s
	[2]. left low abundant sequences 
	HB OTU number 426
	Needle processed low abundant seq 3419
	low abundant indel	6	Low preclust2 number	324
	low abundant preclust left sequences   3089	3089
	100	1	0	0	522
	200	0	0	0	617
	300	0	0	0	716
	400	0	0	0	813
	500	1	1	0	912
	600	0	1	0	1006
	700	0	1	0	1102
	800	0	1	0	1199
	900	0	1	0	1289
	1000	1	1	1	1387
	1100	0	1	1	1482
	1200	0	1	1	1579
	1300	1	2	1	1676
	1400	0	2	1	1773
	1500	0	2	1	1867
	1600	1	3	1	1964
	1700	0	3	1	2061
	1800	0	3	1	2154
	1900	1	4	1	2251
	2000	0	4	1	2348
	2100	0	4	1	2445
	2200	1	5	1	2544
	2300	0	5	1	2640
	2400	0	5	1	2735
	2500	1	6	1	2828
	2600	0	6	1	2925
	2700	0	6	1	3020
	2800	1	7	1	3116
	2900	0	7	1	3213
	3000	1	7	2	3312
	low ab cost time 10 s
	seq num in otu 4411	otu number 3399
	greedy clustering  total cost time 11 s
Total cost time 11s
TSC end: Mon Dec  3 17:23:40 2012

