0.0000	FCC17U2ACXX:3:1102:16920:19519#ACTGTTCC/ab=33/	*	*	*	*	*	*	*	*	*	*	*	*	*	*	N
0.0000	FCC17U2ACXX:3:1101:6086:99762#ACTGTTCC/ab=9/	*	*	*	*	*	*	*	*	*	*	*	*	*	*	N
0.0000	FCC17U2ACXX:3:1102:7938:8858#ACTGTTCC/ab=7/	*	*	*	*	*	*	*	*	*	*	*	*	*	*	N
0.0000	FCC17U2ACXX:3:1102:3748:3070#ACTGTTCC/ab=6/	*	*	*	*	*	*	*	*	*	*	*	*	*	*	N
0.0000	FCC17U2ACXX:3:1101:5245:90117#ACTGTTCC/ab=6/	*	*	*	*	*	*	*	*	*	*	*	*	*	*	N
0.0000	FCC17U2ACXX:3:1101:8828:97354#ACTGTTCC/ab=6/	*	*	*	*	*	*	*	*	*	*	*	*	*	*	N
0.0000	FCC17U2ACXX:3:1101:2662:78885#ACTGTTCC/ab=6/	*	*	*	*	*	*	*	*	*	*	*	*	*	*	N
0.0000	FCC17U2ACXX:3:1102:17953:18158#ACTGTTCC/ab=5/	*	*	*	*	*	*	*	*	*	*	*	*	*	*	N
0.0188	FCC17U2ACXX:3:1101:7107:60799#ACTGTTCC/ab=4/	FCC17U2ACXX:3:1102:16920:19519#ACTGTTCC/ab=33/	FCC17U2ACXX:3:1101:6086:99762#ACTGTTCC/ab=9/	58.2	52.7	52.7	54.5	56.7	6	4	8	5	2	11	10.34	N
0.0384	FCC17U2ACXX:3:1102:2950:18608#ACTGTTCC/ab=4/	FCC17U2ACXX:3:1102:16920:19519#ACTGTTCC/ab=33/	FCC17U2ACXX:3:1101:6086:99762#ACTGTTCC/ab=9/	59.5	51.4	51.4	29.7	50.0	2	0	0	15	9	7	15.79	N
0.0000	FCC17U2ACXX:3:1101:12616:77359#ACTGTTCC/ab=4/	*	*	*	*	*	*	*	*	*	*	*	*	*	*	N
0.0000	FCC17U2ACXX:3:1101:17799:92585#ACTGTTCC/ab=4/	*	*	*	*	*	*	*	*	*	*	*	*	*	*	N
0.0222	FCC17U2ACXX:3:1101:9352:81033#ACTGTTCC/ab=4/	FCC17U2ACXX:3:1101:6086:99762#ACTGTTCC/ab=9/	FCC17U2ACXX:3:1102:16920:19519#ACTGTTCC/ab=33/	73.2	63.4	70.7	56.1	61.7	13	3	7	8	15	9	3.45	N
0.0000	FCC17U2ACXX:3:1102:6931:2955#ACTGTTCC/ab=4/	*	*	*	*	*	*	*	*	*	*	*	*	*	*	N
0.0000	FCC17U2ACXX:3:1101:14136:54854#ACTGTTCC/ab=4/	*	*	*	*	*	*	*	*	*	*	*	*	*	*	N
0.0000	FCC17U2ACXX:3:1101:4413:65916#ACTGTTCC/ab=4/	*	*	*	*	*	*	*	*	*	*	*	*	*	*	N
0.0000	FCC17U2ACXX:3:1101:5053:73923#ACTGTTCC/ab=4/	*	*	*	*	*	*	*	*	*	*	*	*	*	*	N
0.0674	FCC17U2ACXX:3:1102:19596:16018#ACTGTTCC/ab=4/	FCC17U2ACXX:3:1102:16920:19519#ACTGTTCC/ab=33/	FCC17U2ACXX:3:1101:6086:99762#ACTGTTCC/ab=9/	61.8	54.5	54.5	45.5	56.1	4	0	0	14	9	12	13.33	N
0.0000	FCC17U2ACXX:3:1101:2750:85085#ACTGTTCC/ab=4/	*	*	*	*	*	*	*	*	*	*	*	*	*	*	N
0.0000	FCC17U2ACXX:3:1102:2182:15545#ACTGTTCC/ab=3/	*	*	*	*	*	*	*	*	*	*	*	*	*	*	N
0.1041	FCC17U2ACXX:3:1101:15964:68602#ACTGTTCC/ab=3/	FCC17U2ACXX:3:1102:7938:8858#ACTGTTCC/ab=7/	FCC17U2ACXX:3:1101:6086:99762#ACTGTTCC/ab=9/	77.8	68.5	61.1	44.4	69.5	17	7	5	5	0	3	13.51	N
0.0000	FCC17U2ACXX:3:1101:3396:97849#ACTGTTCC/ab=3/	*	*	*	*	*	*	*	*	*	*	*	*	*	*	N
0.0000	FCC17U2ACXX:3:1102:19995:15519#ACTGTTCC/ab=3/	*	*	*	*	*	*	*	*	*	*	*	*	*	*	N
0.0000	FCC17U2ACXX:3:1101:15295:80494#ACTGTTCC/ab=3/	*	*	*	*	*	*	*	*	*	*	*	*	*	*	N
0.0065	FCC17U2ACXX:3:1101:18848:89596#ACTGTTCC/ab=3/	FCC17U2ACXX:3:1101:6086:99762#ACTGTTCC/ab=9/	FCC17U2ACXX:3:1101:8828:97354#ACTGTTCC/ab=6/	70.0	66.0	54.0	66.0	63.2	9	10	5	2	2	9	6.06	N
0.0086	FCC17U2ACXX:3:1101:16044:58336#CCTGTTCC/ab=3/	FCC17U2ACXX:3:1101:2662:78885#ACTGTTCC/ab=6/	FCC17U2ACXX:3:1101:6086:99762#ACTGTTCC/ab=9/	80.4	78.6	76.8	91.1	78.3	2	0	6	1	0	5	2.27	N
0.0000	FCC17U2ACXX:3:1102:2034:9142#ACTGTTCC/ab=3/	*	*	*	*	*	*	*	*	*	*	*	*	*	*	N
0.0000	FCC17U2ACXX:3:1102:9995:14971#ACTGTTCC/ab=3/	*	*	*	*	*	*	*	*	*	*	*	*	*	*	N
0.0000	FCC17U2ACXX:3:1102:8023:18863#ACTGTTCC/ab=3/	*	*	*	*	*	*	*	*	*	*	*	*	*	*	N
0.0532	FCC17U2ACXX:3:1102:11076:14984#ACTGTTCC/ab=3/	FCC17U2ACXX:3:1102:7938:8858#ACTGTTCC/ab=7/	FCC17U2ACXX:3:1101:5245:90117#ACTGTTCC/ab=6/	73.6	62.3	67.9	47.2	66.1	3	0	0	13	8	9	8.33	N
0.0000	FCC17U2ACXX:3:1101:13449:95218#ACTGTTCC/ab=2/	*	*	*	*	*	*	*	*	*	*	*	*	*	*	N
0.0000	FCC17U2ACXX:3:1102:18783:17013#ACTGTTCC/ab=2/	*	*	*	*	*	*	*	*	*	*	*	*	*	*	N
0.0649	FCC17U2ACXX:3:1101:13046:98482#ACTGTTCC/ab=2/	FCC17U2ACXX:3:1101:2662:78885#ACTGTTCC/ab=6/	FCC17U2ACXX:3:1101:9352:81033#ACTGTTCC/ab=4/	71.9	56.1	61.4	52.6	64.1	7	3	9	11	2	6	17.14	N
0.0888	FCC17U2ACXX:3:1101:5047:73646#ACTGTTCC/ab=2/	FCC17U2ACXX:3:1101:2750:85085#ACTGTTCC/ab=4/	FCC17U2ACXX:3:1101:8828:97354#ACTGTTCC/ab=6/	80.4	67.9	76.8	64.3	78.3	6	4	6	7	0	1	4.65	N
0.0326	FCC17U2ACXX:3:1102:10279:19387#ACTGTTCC/ab=2/	FCC17U2ACXX:3:1101:5245:90117#ACTGTTCC/ab=6/	FCC17U2ACXX:3:1102:6931:2955#ACTGTTCC/ab=4/	71.4	64.3	66.1	66.1	68.3	2	0	0	7	3	13	8.11	N
0.0192	FCC17U2ACXX:3:1101:5518:71567#ACTGTTCC/ab=2/	FCC17U2ACXX:3:1102:6931:2955#ACTGTTCC/ab=4/	FCC17U2ACXX:3:1101:7107:60799#ACTGTTCC/ab=4/	80.0	76.0	70.0	58.0	69.5	5	6	3	13	7	3	5.26	N
0.0770	FCC17U2ACXX:3:1101:14763:84103#ACTGTTCC/ab=2/	FCC17U2ACXX:3:1102:6931:2955#ACTGTTCC/ab=4/	FCC17U2ACXX:3:1101:6086:99762#ACTGTTCC/ab=9/	92.9	85.7	87.5	76.8	88.3	6	3	1	4	0	0	6.12	N
0.0105	FCC17U2ACXX:3:1101:9681:69907#ACTGTTCC/ab=2/	FCC17U2ACXX:3:1102:16920:19519#ACTGTTCC/ab=33/	FCC17U2ACXX:3:1101:5053:73923#ACTGTTCC/ab=4/	64.7	62.7	52.9	45.1	59.3	12	13	9	2	1	4	3.12	N
0.0000	FCC17U2ACXX:3:1101:9755:60813#ACTGTTCC/ab=2/	*	*	*	*	*	*	*	*	*	*	*	*	*	*	N
0.0357	FCC17U2ACXX:3:1101:3594:87672#ACTGTTCC/ab=2/	FCC17U2ACXX:3:1102:19596:16018#ACTGTTCC/ab=4/	FCC17U2ACXX:3:1102:6931:2955#ACTGTTCC/ab=4/	70.4	55.6	64.8	53.7	66.1	2	0	2	13	6	10	8.57	N
0.0000	FCC17U2ACXX:3:1102:2884:14535#ACTGTTCC/ab=2/	*	*	*	*	*	*	*	*	*	*	*	*	*	*	N
0.0298	FCC17U2ACXX:3:1101:12661:80838#ACTGTTCC/ab=2/	FCC17U2ACXX:3:1102:19596:16018#ACTGTTCC/ab=4/	FCC17U2ACXX:3:1101:8828:97354#ACTGTTCC/ab=6/	80.8	75.0	69.2	51.9	75.4	7	2	1	8	9	3	7.69	N
0.0000	FCC17U2ACXX:3:1101:15822:75660#ACTGTTCC/ab=2/	*	*	*	*	*	*	*	*	*	*	*	*	*	*	N
0.0440	FCC17U2ACXX:3:1101:8695:79519#ACTGTTCC/ab=2/	FCC17U2ACXX:3:1102:2950:18608#ACTGTTCC/ab=4/	FCC17U2ACXX:3:1102:6931:2955#ACTGTTCC/ab=4/	64.8	44.4	59.3	42.6	58.9	2	0	0	17	8	13	9.38	N
0.0000	FCC17U2ACXX:3:1101:14219:60656#ACTGTTCC/ab=2/	*	*	*	*	*	*	*	*	*	*	*	*	*	*	N
0.0000	FCC17U2ACXX:3:1101:10734:91488#ACTGTTCC/ab=2/	*	*	*	*	*	*	*	*	*	*	*	*	*	*	N
0.0000	FCC17U2ACXX:3:1101:4724:31087#ACTGTTCC/ab=2/	*	*	*	*	*	*	*	*	*	*	*	*	*	*	N
0.0000	FCC17U2ACXX:3:1101:12948:31201#ACTGTTCC/ab=2/	*	*	*	*	*	*	*	*	*	*	*	*	*	*	N
0.0198	FCC17U2ACXX:3:1101:3584:39916#ACTGTTCC/ab=2/	FCC17U2ACXX:3:1102:7938:8858#ACTGTTCC/ab=7/	FCC17U2ACXX:3:1101:5053:73923#ACTGTTCC/ab=4/	60.4	49.1	58.5	45.3	54.4	8	7	9	6	3	5	3.23	N
0.0793	FCC17U2ACXX:3:1102:12274:15939#ACTGTTCC/ab=2/	FCC17U2ACXX:3:1101:8828:97354#ACTGTTCC/ab=6/	FCC17U2ACXX:3:1101:9352:81033#ACTGTTCC/ab=4/	81.8	56.4	78.2	41.8	79.7	2	0	0	24	7	3	4.65	N
0.0000	FCC17U2ACXX:3:1101:13371:89911#ACTGTTCC/ab=2/	*	*	*	*	*	*	*	*	*	*	*	*	*	*	N
0.0186	FCC17U2ACXX:3:1102:2421:4724#ACTGTTCC/ab=2/	FCC17U2ACXX:3:1101:17799:92585#ACTGTTCC/ab=4/	FCC17U2ACXX:3:1102:6931:2955#ACTGTTCC/ab=4/	70.6	66.7	60.8	72.5	63.3	6	4	17	2	0	2	5.88	N
0.0000	FCC17U2ACXX:3:1101:17046:40548#ACTGTTCC/ab=2/	*	*	*	*	*	*	*	*	*	*	*	*	*	*	N
0.0000	FCC17U2ACXX:3:1101:16545:94000#ACTGTTCC/ab=2/	*	*	*	*	*	*	*	*	*	*	*	*	*	*	N
0.0284	FCC17U2ACXX:3:1101:8782:35040#ACTGTTCC/ab=2/	FCC17U2ACXX:3:1102:19596:16018#ACTGTTCC/ab=4/	FCC17U2ACXX:3:1102:7938:8858#ACTGTTCC/ab=7/	68.5	63.0	63.0	64.8	61.4	5	2	10	4	1	4	8.82	N
0.0000	FCC17U2ACXX:3:1101:7182:92679#ACTGTTCC/ab=2/	*	*	*	*	*	*	*	*	*	*	*	*	*	*	N
0.0516	FCC17U2ACXX:3:1101:4999:82297#ACTGTTCC/ab=2/	FCC17U2ACXX:3:1102:6931:2955#ACTGTTCC/ab=4/	FCC17U2ACXX:3:1102:7938:8858#ACTGTTCC/ab=7/	69.1	45.5	61.8	40.0	61.4	5	3	1	16	4	11	11.76	N
0.0183	FCC17U2ACXX:3:1102:8421:17938#ACTGTTCC/ab=2/	FCC17U2ACXX:3:1101:17799:92585#ACTGTTCC/ab=4/	FCC17U2ACXX:3:1102:6931:2955#ACTGTTCC/ab=4/	68.1	63.8	63.8	59.6	63.3	1	0	0	12	6	15	6.67	N
0.1331	FCC17U2ACXX:3:1101:3118:54691#ACTGTTCC/ab=2/	FCC17U2ACXX:3:1101:6086:99762#ACTGTTCC/ab=9/	FCC17U2ACXX:3:1102:6931:2955#ACTGTTCC/ab=4/	92.9	76.8	89.3	76.8	88.3	2	0	0	9	0	4	4.00	N
0.0147	FCC17U2ACXX:3:1102:12330:19275#ACTGTTCC/ab=2/	FCC17U2ACXX:3:1102:7938:8858#ACTGTTCC/ab=7/	FCC17U2ACXX:3:1101:7107:60799#ACTGTTCC/ab=4/	70.9	65.5	69.1	69.1	67.2	2	1	3	8	5	10	2.63	N
0.0492	FCC17U2ACXX:3:1101:8640:82135#ACTGTTCC/ab=2/	FCC17U2ACXX:3:1101:9352:81033#ACTGTTCC/ab=4/	FCC17U2ACXX:3:1102:16920:19519#ACTGTTCC/ab=33/	76.0	72.0	46.0	46.0	63.3	16	12	6	7	1	6	5.56	N
0.0000	FCC17U2ACXX:3:1101:8545:61860#ACTGTTCC/ab=2/	*	*	*	*	*	*	*	*	*	*	*	*	*	*	N
0.0252	FCC17U2ACXX:3:1102:12403:15327#ACTGTTCC/ab=2/	FCC17U2ACXX:3:1101:8828:97354#ACTGTTCC/ab=6/	FCC17U2ACXX:3:1101:9352:81033#ACTGTTCC/ab=4/	72.2	64.8	66.7	46.3	70.3	3	3	0	17	7	7	8.33	N
0.0000	FCC17U2ACXX:3:1101:8833:69336#ACTGTTCC/ab=2/	*	*	*	*	*	*	*	*	*	*	*	*	*	*	N
0.0132	FCC17U2ACXX:3:1101:16021:72985#ACTGTTCC/ab=2/	FCC17U2ACXX:3:1102:6931:2955#ACTGTTCC/ab=4/	FCC17U2ACXX:3:1101:12616:77359#ACTGTTCC/ab=4/	65.5	61.8	61.8	74.5	69.8	5	3	15	3	2	1	5.88	N
0.0296	FCC17U2ACXX:3:1101:8607:71640#ACTGTTCC/ab=2/	FCC17U2ACXX:3:1101:7107:60799#ACTGTTCC/ab=4/	FCC17U2ACXX:3:1102:7938:8858#ACTGTTCC/ab=7/	83.6	81.8	74.5	67.3	83.6	11	4	4	2	1	1	2.22	N
0.0000	FCC17U2ACXX:3:1101:3114:48208#ACTGTTCC/ab=2/	*	*	*	*	*	*	*	*	*	*	*	*	*	*	N
0.0000	FCC17U2ACXX:3:1101:2159:76130#ACTGTTCC/ab=2/	*	*	*	*	*	*	*	*	*	*	*	*	*	*	N
0.0000	FCC17U2ACXX:3:1102:14308:12477#ACTGTTCC/ab=2/	*	*	*	*	*	*	*	*	*	*	*	*	*	*	N
0.0000	FCC17U2ACXX:3:1102:5194:7991#ACTGTTCC/ab=2/	*	*	*	*	*	*	*	*	*	*	*	*	*	*	N
0.0000	FCC17U2ACXX:3:1102:4100:15403#ACTGTTCC/ab=2/	*	*	*	*	*	*	*	*	*	*	*	*	*	*	N
0.0237	FCC17U2ACXX:3:1101:2936:84307#ACTGTTCC/ab=2/	FCC17U2ACXX:3:1102:3748:3070#ACTGTTCC/ab=6/	FCC17U2ACXX:3:1102:6931:2955#ACTGTTCC/ab=4/	80.0	64.4	77.8	55.6	71.7	2	2	0	16	6	5	2.86	N
0.0000	FCC17U2ACXX:3:1102:8910:4842#ACTGTTCC/ab=2/	*	*	*	*	*	*	*	*	*	*	*	*	*	*	N
0.0514	FCC17U2ACXX:3:1101:12777:86148#ACTGTTCC/ab=2/	FCC17U2ACXX:3:1101:6086:99762#ACTGTTCC/ab=9/	FCC17U2ACXX:3:1102:6931:2955#ACTGTTCC/ab=4/	85.7	76.8	82.1	76.8	81.7	2	0	0	6	1	7	4.35	N
0.0111	FCC17U2ACXX:3:1101:21067:75935#ACTGTTCC/ab=2/	FCC17U2ACXX:3:1101:2750:85085#ACTGTTCC/ab=4/	FCC17U2ACXX:3:1101:12616:77359#ACTGTTCC/ab=4/	74.5	74.5	69.1	63.6	74.6	4	2	4	3	3	8	2.44	N
0.0000	FCC17U2ACXX:3:1101:3348:76722#ACTGTTCC/ab=2/	*	*	*	*	*	*	*	*	*	*	*	*	*	*	N
0.0000	FCC17U2ACXX:3:1102:20034:8772#ACTGTTCC/ab=2/	*	*	*	*	*	*	*	*	*	*	*	*	*	*	N
0.0000	FCC17U2ACXX:3:1101:3998:42725#ACTGTTCC/ab=2/	*	*	*	*	*	*	*	*	*	*	*	*	*	*	N
0.0000	FCC17U2ACXX:3:1101:13386:68358#ACTGTTCC/ab=2/	*	*	*	*	*	*	*	*	*	*	*	*	*	*	N
0.0000	FCC17U2ACXX:3:1102:17836:3228#ACTGTTCC/ab=2/	*	*	*	*	*	*	*	*	*	*	*	*	*	*	N
0.0582	FCC17U2ACXX:3:1101:4984:78397#ACTGTTCC/ab=2/	FCC17U2ACXX:3:1101:8828:97354#ACTGTTCC/ab=6/	FCC17U2ACXX:3:1101:9352:81033#ACTGTTCC/ab=4/	80.4	60.7	78.6	53.6	81.2	3	2	0	17	3	6	2.27	N
0.0000	FCC17U2ACXX:3:1102:6799:17877#ACTGTTCC/ab=2/	FCC17U2ACXX:3:1102:7938:8858#ACTGTTCC/ab=7/	FCC17U2ACXX:3:1101:7107:60799#ACTGTTCC/ab=4/	63.6	54.5	61.8	61.8	61.0	0	0	3	8	5	14	2.94	N
0.0000	FCC17U2ACXX:3:1101:13870:22521#ACTGTTCC/ab=2/	*	*	*	*	*	*	*	*	*	*	*	*	*	*	N
0.0000	FCC17U2ACXX:3:1101:5876:71022#ACTGTTCC/ab=2/	*	*	*	*	*	*	*	*	*	*	*	*	*	*	N
0.0000	FCC17U2ACXX:3:1101:1550:56160#ACTGTTCC/ab=2/	*	*	*	*	*	*	*	*	*	*	*	*	*	*	N
0.0000	FCC17U2ACXX:3:1101:12598:83926#ACTGTTCC/ab=2/	*	*	*	*	*	*	*	*	*	*	*	*	*	*	N
0.0000	FCC17U2ACXX:3:1102:14737:16789#ACTGTTCC/ab=2/	*	*	*	*	*	*	*	*	*	*	*	*	*	*	N
0.0000	FCC17U2ACXX:3:1101:17890:91328#ACTGTTCC/ab=2/	FCC17U2ACXX:3:1101:17799:92585#ACTGTTCC/ab=4/	FCC17U2ACXX:3:1102:6931:2955#ACTGTTCC/ab=4/	96.4	66.1	94.6	66.1	91.7	0	0	0	17	0	2	1.89	N
0.0000	FCC17U2ACXX:3:1102:6872:11321#ACTGTTCC/ab=2/	*	*	*	*	*	*	*	*	*	*	*	*	*	*	N
0.0000	FCC17U2ACXX:3:1101:18596:82424#ACTGTTCC/ab=2/	*	*	*	*	*	*	*	*	*	*	*	*	*	*	N
0.0000	FCC17U2ACXX:3:1102:7050:11094#ACTGTTCC/ab=2/	*	*	*	*	*	*	*	*	*	*	*	*	*	*	N
0.0000	FCC17U2ACXX:3:1102:19415:17383#ACTGTTCC/ab=2/	*	*	*	*	*	*	*	*	*	*	*	*	*	*	N
0.0263	FCC17U2ACXX:3:1102:10836:7303#ACTGTTCC/ab=2/	FCC17U2ACXX:3:1101:6086:99762#ACTGTTCC/ab=9/	FCC17U2ACXX:3:1101:2750:85085#ACTGTTCC/ab=4/	83.6	67.3	80.0	65.5	78.0	1	0	0	10	3	8	4.55	N
0.0366	FCC17U2ACXX:3:1101:7282:24884#ACTGTTCC/ab=2/	FCC17U2ACXX:3:1101:5053:73923#ACTGTTCC/ab=4/	FCC17U2ACXX:3:1101:2750:85085#ACTGTTCC/ab=4/	74.1	61.1	70.4	57.4	66.7	2	0	0	10	5	11	5.26	N
0.0000	FCC17U2ACXX:3:1101:2498:81141#ACTGTTCC/ab=2/	*	*	*	*	*	*	*	*	*	*	*	*	*	*	N
0.0000	FCC17U2ACXX:3:1101:16115:77272#ACTGTTCC/ab=2/	*	*	*	*	*	*	*	*	*	*	*	*	*	*	N
0.0000	FCC17U2ACXX:3:1101:13526:88893#ACTGTTCC/ab=2/	*	*	*	*	*	*	*	*	*	*	*	*	*	*	N
0.0149	FCC17U2ACXX:3:1101:7185:53435#ACTGTTCC/ab=2/	FCC17U2ACXX:3:1101:6086:99762#ACTGTTCC/ab=9/	FCC17U2ACXX:3:1101:8828:97354#ACTGTTCC/ab=6/	92.9	91.1	89.3	87.5	91.7	4	2	1	1	0	1	1.96	N
0.0000	FCC17U2ACXX:3:1101:17038:62012#ACTGTTCC/ab=2/	*	*	*	*	*	*	*	*	*	*	*	*	*	*	N
0.0176	FCC17U2ACXX:3:1101:8605:99464#ACTGTTCC/ab=2/	FCC17U2ACXX:3:1102:7938:8858#ACTGTTCC/ab=7/	FCC17U2ACXX:3:1102:19596:16018#ACTGTTCC/ab=4/	74.5	65.5	70.9	65.5	71.9	2	1	3	8	4	8	5.13	N
0.0000	FCC17U2ACXX:3:1101:12294:85723#ACTGTTCC/ab=2/	*	*	*	*	*	*	*	*	*	*	*	*	*	*	N
0.0000	FCC17U2ACXX:3:1102:19969:17451#ACTGTTCC/ab=2/	*	*	*	*	*	*	*	*	*	*	*	*	*	*	N
0.0360	FCC17U2ACXX:3:1101:3588:48684#ACTGTTCC/ab=2/	FCC17U2ACXX:3:1101:6086:99762#ACTGTTCC/ab=9/	FCC17U2ACXX:3:1101:2662:78885#ACTGTTCC/ab=6/	70.4	64.8	63.0	70.4	61.7	8	5	17	3	0	1	8.57	N
0.0590	FCC17U2ACXX:3:1101:14358:87718#ACTGTTCC/ab=1/	FCC17U2ACXX:3:1102:19596:16018#ACTGTTCC/ab=4/	FCC17U2ACXX:3:1101:8545:61860#ACTGTTCC/ab=2/	85.2	57.4	83.3	53.7	82.0	1	0	1	19	2	6	2.22	N
0.1211	FCC17U2ACXX:3:1101:3254:25589#ACTGTTCC/ab=1/	FCC17U2ACXX:3:1101:5047:73646#ACTGTTCC/ab=2/	FCC17U2ACXX:3:1101:16115:77272#ACTGTTCC/ab=2/	96.4	71.4	94.6	73.2	95.0	1	0	0	14	0	2	1.89	N
0.0000	FCC17U2ACXX:3:1101:15966:98388#ACTGTTCC/ab=1/	*	*	*	*	*	*	*	*	*	*	*	*	*	*	N
0.0547	FCC17U2ACXX:3:1101:9504:57814#ACTGTTCC/ab=1/	FCC17U2ACXX:3:1102:11076:14984#ACTGTTCC/ab=3/	FCC17U2ACXX:3:1101:3594:87672#ACTGTTCC/ab=2/	80.0	69.1	74.5	60.0	71.2	2	0	0	12	4	7	7.32	N
0.0067	FCC17U2ACXX:3:1101:7442:58689#ACTGTTCC/ab=1/	FCC17U2ACXX:3:1102:9995:14971#ACTGTTCC/ab=3/	FCC17U2ACXX:3:1101:8545:61860#ACTGTTCC/ab=2/	83.7	60.5	79.1	62.8	77.0	1	12	1	10	0	6	5.88	N
0.0179	FCC17U2ACXX:3:1101:5530:31997#ACTGTTCC/ab=1/	FCC17U2ACXX:3:1101:7282:24884#ACTGTTCC/ab=2/	FCC17U2ACXX:3:1101:9755:60813#ACTGTTCC/ab=2/	76.9	71.2	73.1	71.2	72.4	4	2	7	3	1	5	5.26	N
0.0580	FCC17U2ACXX:3:1101:6472:78783#ACTGTTCC/ab=1/	FCC17U2ACXX:3:1102:19415:17383#ACTGTTCC/ab=2/	FCC17U2ACXX:3:1102:12403:15327#ACTGTTCC/ab=2/	93.3	86.7	88.3	75.0	89.1	6	3	0	5	1	0	5.66	N
0.0449	FCC17U2ACXX:3:1101:15042:73126#ACAGTTCC/ab=1/	FCC17U2ACXX:3:1101:13449:95218#ACTGTTCC/ab=2/	FCC17U2ACXX:3:1102:12330:19275#ACTGTTCC/ab=2/	77.2	64.9	70.2	50.9	66.1	3	0	1	15	11	6	10.00	N
0.0597	FCC17U2ACXX:3:1101:17695:93479#ACTGTTCC/ab=1/	FCC17U2ACXX:3:1102:16920:19519#ACTGTTCC/ab=33/	FCC17U2ACXX:3:1101:8545:61860#ACTGTTCC/ab=2/	88.2	62.7	86.3	54.9	85.2	2	2	0	24	3	3	2.27	N
0.0304	FCC17U2ACXX:3:1101:7388:80660#ACTGTTCC/ab=1/	FCC17U2ACXX:3:1101:2159:76130#ACTGTTCC/ab=2/	FCC17U2ACXX:3:1101:14763:84103#ACTGTTCC/ab=2/	72.2	68.5	66.7	66.7	66.7	9	3	9	4	2	6	5.41	N
0.0000	FCC17U2ACXX:3:1101:13630:18822#ACTGTTCC/ab=1/	*	*	*	*	*	*	*	*	*	*	*	*	*	*	N
0.0025	FCC17U2ACXX:3:1102:2040:19047#ACTGTTCC/ab=1/	FCC17U2ACXX:3:1101:9755:60813#ACTGTTCC/ab=2/	FCC17U2ACXX:3:1101:8545:61860#ACTGTTCC/ab=2/	83.0	60.4	77.4	47.2	78.7	6	20	3	2	3	0	7.32	N
0.0000	FCC17U2ACXX:3:1101:19856:96818#ACTGTTCC/ab=1/	*	*	*	*	*	*	*	*	*	*	*	*	*	*	N
0.0464	FCC17U2ACXX:3:1101:13744:75146#ACTGTTCC/ab=1/	FCC17U2ACXX:3:1102:16920:19519#ACTGTTCC/ab=33/	FCC17U2ACXX:3:1102:19596:16018#ACTGTTCC/ab=4/	70.4	68.5	59.3	53.7	72.9	10	3	8	5	2	4	2.70	N
0.0000	FCC17U2ACXX:3:1101:6462:17090#ACTGTTCC/ab=1/	FCC17U2ACXX:3:1101:17890:91328#ACTGTTCC/ab=2/	FCC17U2ACXX:3:1102:14308:12477#ACTGTTCC/ab=2/	83.9	69.6	82.1	76.8	80.0	0	0	0	9	1	8	2.17	N
0.0000	FCC17U2ACXX:3:1101:17065:31870#ACTGTTCC/ab=1/	*	*	*	*	*	*	*	*	*	*	*	*	*	*	N
0.1044	FCC17U2ACXX:3:1101:19377:13742#ACTGTTCC/ab=1/	FCC17U2ACXX:3:1102:6931:2955#ACTGTTCC/ab=4/	FCC17U2ACXX:3:1101:2750:85085#ACTGTTCC/ab=4/	87.5	82.1	76.8	62.5	83.3	6	0	0	9	6	1	6.52	N
0.0135	FCC17U2ACXX:3:1101:13258:55928#ACTGTTCC/ab=1/	FCC17U2ACXX:3:1101:13046:98482#ACTGTTCC/ab=2/	FCC17U2ACXX:3:1102:19995:15519#ACTGTTCC/ab=3/	86.5	80.8	82.7	78.8	75.8	4	2	1	7	10	4	4.65	N
0.0641	FCC17U2ACXX:3:1101:12982:19443#ACTGTTCC/ab=1/	FCC17U2ACXX:3:1101:3348:76722#ACTGTTCC/ab=2/	FCC17U2ACXX:3:1101:8605:99464#ACTGTTCC/ab=2/	83.9	76.8	75.0	64.3	74.6	9	4	4	5	1	0	9.30	N
0.0506	FCC17U2ACXX:3:1101:19372:59285#ACTGTTCC/ab=1/	FCC17U2ACXX:3:1101:5047:73646#ACTGTTCC/ab=2/	FCC17U2ACXX:3:1101:17046:40548#ACTGTTCC/ab=2/	73.7	66.7	66.7	49.1	71.7	14	8	4	5	1	3	10.53	N
0.0315	FCC17U2ACXX:3:1101:13138:65501#ACTGTTCC/ab=1/	FCC17U2ACXX:3:1102:4100:15403#ACTGTTCC/ab=2/	FCC17U2ACXX:3:1101:3118:54691#ACTGTTCC/ab=2/	80.4	76.5	78.4	66.7	75.9	12	9	5	2	0	0	5.00	N
0.0487	FCC17U2ACXX:3:1101:9578:52774#ACTGTTCC/ab=1/	FCC17U2ACXX:3:1101:13870:22521#ACTGTTCC/ab=2/	FCC17U2ACXX:3:1102:12330:19275#ACTGTTCC/ab=2/	80.4	76.8	69.6	57.1	78.3	7	1	2	9	8	3	4.65	N
0.0000	FCC17U2ACXX:3:1101:9562:40091#ACTGTTCC/ab=1/	*	*	*	*	*	*	*	*	*	*	*	*	*	*	N
0.0275	FCC17U2ACXX:3:1101:20594:92787#ACTGTTCC/ab=1/	FCC17U2ACXX:3:1101:8545:61860#ACTGTTCC/ab=2/	FCC17U2ACXX:3:1102:19596:16018#ACTGTTCC/ab=4/	74.1	72.2	55.6	53.7	70.5	16	5	9	1	0	1	2.56	N
0.0159	FCC17U2ACXX:3:1101:6101:79716#ACTGTTCC/ab=1/	FCC17U2ACXX:3:1102:2421:4724#ACTGTTCC/ab=2/	FCC17U2ACXX:3:1101:9681:69907#ACTGTTCC/ab=2/	64.3	62.5	50.0	46.4	60.0	9	7	8	6	5	6	2.86	N
0.1027	FCC17U2ACXX:3:1101:8591:19153#ACTGTTCC/ab=1/	FCC17U2ACXX:3:1101:12777:86148#ACTGTTCC/ab=2/	FCC17U2ACXX:3:1102:19995:15519#ACTGTTCC/ab=3/	85.7	67.9	82.1	69.6	84.4	2	0	0	15	2	6	4.35	N
0.0158	FCC17U2ACXX:3:1101:6393:21427#ACTGTTCC/ab=1/	FCC17U2ACXX:3:1101:2159:76130#ACTGTTCC/ab=2/	FCC17U2ACXX:3:1101:5047:73646#ACTGTTCC/ab=2/	74.1	66.7	66.7	61.1	65.0	5	5	8	8	5	3	11.11	N
0.0000	FCC17U2ACXX:3:1101:11942:63497#ACTGTTCC/ab=1/	*	*	*	*	*	*	*	*	*	*	*	*	*	*	N
0.0359	FCC17U2ACXX:3:1101:12574:20064#ACTGTTCC/ab=1/	FCC17U2ACXX:3:1101:17046:40548#ACTGTTCC/ab=2/	FCC17U2ACXX:3:1101:8545:61860#ACTGTTCC/ab=2/	84.2	82.5	73.7	63.2	80.6	5	1	1	7	6	3	2.13	N
0.0668	FCC17U2ACXX:3:1101:3385:7056#ACTGTTCC/ab=1/	FCC17U2ACXX:3:1102:19596:16018#ACTGTTCC/ab=4/	FCC17U2ACXX:3:1101:7182:92679#ACTGTTCC/ab=2/	83.6	65.5	78.2	58.2	78.0	2	0	0	14	4	5	6.98	N
0.0799	FCC17U2ACXX:3:1101:13209:7722#ACTGTTCC/ab=1/	FCC17U2ACXX:3:1101:3396:97849#ACTGTTCC/ab=3/	FCC17U2ACXX:3:1102:6931:2955#ACTGTTCC/ab=4/	87.5	80.4	80.4	78.6	80.0	6	2	4	4	0	1	8.89	N
0.0217	FCC17U2ACXX:3:1101:16748:97719#ACTGTTCC/ab=1/	FCC17U2ACXX:3:1102:19596:16018#ACTGTTCC/ab=4/	FCC17U2ACXX:3:1101:3348:76722#ACTGTTCC/ab=2/	80.4	72.5	78.4	58.8	74.6	10	8	3	4	2	3	2.50	N
0.0953	FCC17U2ACXX:3:1101:15616:91901#ACTGTTCC/ab=1/	FCC17U2ACXX:3:1102:19596:16018#ACTGTTCC/ab=4/	FCC17U2ACXX:3:1102:10836:7303#ACTGTTCC/ab=2/	78.2	56.4	72.7	43.6	75.0	3	0	0	18	6	6	7.50	N
0.0000	FCC17U2ACXX:3:1101:7163:85725#ACTGTTCC/ab=1/	*	*	*	*	*	*	*	*	*	*	*	*	*	*	N
0.0254	FCC17U2ACXX:3:1101:9051:77835#ACTGTTCC/ab=1/	FCC17U2ACXX:3:1101:15964:68602#ACTGTTCC/ab=3/	FCC17U2ACXX:3:1102:14737:16789#ACTGTTCC/ab=2/	72.7	63.6	67.3	50.9	66.1	7	5	8	8	4	4	10.81	N
0.1032	FCC17U2ACXX:3:1101:11303:16698#ACTGTTCC/ab=1/	FCC17U2ACXX:3:1101:5518:71567#ACTGTTCC/ab=2/	FCC17U2ACXX:3:1101:2159:76130#ACTGTTCC/ab=2/	96.4	69.1	92.7	63.6	93.4	1	0	0	18	1	1	3.92	N
0.0169	FCC17U2ACXX:3:1101:16460:37219#ACTGTTCC/ab=1/	FCC17U2ACXX:3:1101:9681:69907#ACTGTTCC/ab=2/	FCC17U2ACXX:3:1101:13449:95218#ACTGTTCC/ab=2/	77.6	71.4	69.4	65.3	65.6	7	3	7	4	4	6	8.57	N
0.0715	FCC17U2ACXX:3:1101:15965:47064#ACTGTTCC/ab=1/	FCC17U2ACXX:3:1102:4100:15403#ACTGTTCC/ab=2/	FCC17U2ACXX:3:1101:3348:76722#ACTGTTCC/ab=2/	74.5	50.9	69.1	50.9	67.2	2	0	0	15	3	12	7.89	N
0.0440	FCC17U2ACXX:3:1101:15262:25553#ACTGTTCC/ab=1/	FCC17U2ACXX:3:1101:17890:91328#ACTGTTCC/ab=2/	FCC17U2ACXX:3:1102:12330:19275#ACTGTTCC/ab=2/	73.2	66.1	60.7	48.2	68.3	9	2	5	8	6	5	10.81	N
0.0000	FCC17U2ACXX:3:1102:2692:9697#ACTGTTCC/ab=1/	*	*	*	*	*	*	*	*	*	*	*	*	*	*	N
0.0822	FCC17U2ACXX:3:1101:18415:73917#ACTGTTCC/ab=1/	FCC17U2ACXX:3:1101:8605:99464#ACTGTTCC/ab=2/	FCC17U2ACXX:3:1101:4724:31087#ACTGTTCC/ab=2/	82.5	71.9	75.4	75.4	75.4	4	1	6	6	0	3	9.30	N
0.0245	FCC17U2ACXX:3:1102:15253:17679#ACTGTTCC/ab=1/	FCC17U2ACXX:3:1101:13449:95218#ACTGTTCC/ab=2/	FCC17U2ACXX:3:1101:8607:71640#ACTGTTCC/ab=2/	72.7	70.9	67.3	81.8	72.9	3	0	3	5	4	10	2.56	N
0.0644	FCC17U2ACXX:3:1101:17582:35859#ACTGTTCC/ab=1/	FCC17U2ACXX:3:1101:3584:39916#ACTGTTCC/ab=2/	FCC17U2ACXX:3:1102:7938:8858#ACTGTTCC/ab=7/	71.9	59.6	64.9	50.9	67.8	3	0	0	13	6	10	10.81	N
0.0695	FCC17U2ACXX:3:1101:7279:51961#ACTGTTCC/ab=1/	FCC17U2ACXX:3:1101:17046:40548#ACTGTTCC/ab=2/	FCC17U2ACXX:3:1101:4724:31087#ACTGTTCC/ab=2/	82.1	69.6	73.2	66.1	72.9	4	1	1	12	3	8	12.20	N
0.0000	FCC17U2ACXX:3:1101:17091:43242#ACTGTTCC/ab=1/	*	*	*	*	*	*	*	*	*	*	*	*	*	*	N
0.0000	FCC17U2ACXX:3:1101:18691:38527#ACTGTTCC/ab=1/	*	*	*	*	*	*	*	*	*	*	*	*	*	*	N
0.0000	FCC17U2ACXX:3:1101:10868:28532#ACTGTTCC/ab=1/	*	*	*	*	*	*	*	*	*	*	*	*	*	*	N
0.0307	FCC17U2ACXX:3:1101:20989:82604#ACTGTTCC/ab=1/	FCC17U2ACXX:3:1101:14136:54854#ACTGTTCC/ab=4/	FCC17U2ACXX:3:1102:12330:19275#ACTGTTCC/ab=2/	74.1	57.4	66.7	51.9	63.2	4	2	0	12	6	14	11.11	N
0.1321	FCC17U2ACXX:3:1101:4843:75986#ACTGTTCC/ab=1/	FCC17U2ACXX:3:1101:3348:76722#ACTGTTCC/ab=2/	FCC17U2ACXX:3:1102:10279:19387#ACTGTTCC/ab=2/	82.1	75.0	64.3	62.5	74.6	12	2	7	4	0	2	9.52	N
0.0690	FCC17U2ACXX:3:1102:16452:2549#ACTGTTCC/ab=1/	FCC17U2ACXX:3:1101:5053:73923#ACTGTTCC/ab=4/	FCC17U2ACXX:3:1102:19596:16018#ACTGTTCC/ab=4/	83.0	71.7	75.5	62.3	73.7	3	0	0	11	5	4	10.00	N
0.1043	FCC17U2ACXX:3:1101:17015:91345#ACTGTTCC/ab=1/	FCC17U2ACXX:3:1102:14308:12477#ACTGTTCC/ab=2/	FCC17U2ACXX:3:1102:2421:4724#ACTGTTCC/ab=2/	94.4	51.9	87.0	44.4	82.8	3	4	1	24	1	1	8.51	N
0.0478	FCC17U2ACXX:3:1101:21133:90384#ACTGTTCC/ab=1/	FCC17U2ACXX:3:1101:2662:78885#ACTGTTCC/ab=6/	FCC17U2ACXX:3:1101:16115:77272#ACTGTTCC/ab=2/	94.6	89.3	91.1	91.1	91.7	2	0	0	3	0	3	3.92	N
0.0466	FCC17U2ACXX:3:1101:16498:5292#ACTGTTCC/ab=1/	FCC17U2ACXX:3:1101:3588:48684#ACTGTTCC/ab=2/	FCC17U2ACXX:3:1102:8421:17938#ACTGTTCC/ab=2/	85.0	80.0	80.0	81.7	81.2	3	0	1	5	2	6	6.25	N
0.0159	FCC17U2ACXX:3:1101:10580:93078#ACTGTTCC/ab=1/	FCC17U2ACXX:3:1101:3998:42725#ACTGTTCC/ab=2/	FCC17U2ACXX:3:1102:20034:8772#ACTGTTCC/ab=2/	66.0	63.8	61.7	46.8	63.2	16	14	12	2	1	0	6.67	N
0.0801	FCC17U2ACXX:3:1101:16774:70238#ACTGTTCC/ab=1/	FCC17U2ACXX:3:1101:13870:22521#ACTGTTCC/ab=2/	FCC17U2ACXX:3:1101:17046:40548#ACTGTTCC/ab=2/	77.6	72.4	70.7	65.5	74.2	7	0	3	7	4	10	7.14	N
0.0000	FCC17U2ACXX:3:1101:11127:40153#ACTGTTCC/ab=1/	*	*	*	*	*	*	*	*	*	*	*	*	*	*	N
0.0415	FCC17U2ACXX:3:1101:10032:14859#ACTGTTCC/ab=1/	FCC17U2ACXX:3:1101:5053:73923#ACTGTTCC/ab=4/	FCC17U2ACXX:3:1101:12616:77359#ACTGTTCC/ab=4/	83.3	63.0	81.5	51.9	81.7	2	1	0	17	5	4	2.27	N
0.1146	FCC17U2ACXX:3:1101:9564:14589#ACTGTTCC/ab=1/	FCC17U2ACXX:3:1101:18848:89596#ACTGTTCC/ab=3/	FCC17U2ACXX:3:1102:8421:17938#ACTGTTCC/ab=2/	78.2	69.1	65.5	58.2	70.2	9	1	7	6	1	3	15.79	N
0.0307	FCC17U2ACXX:3:1101:3597:45448#ACTGTTCC/ab=1/	FCC17U2ACXX:3:1102:12330:19275#ACTGTTCC/ab=2/	FCC17U2ACXX:3:1102:9995:14971#ACTGTTCC/ab=3/	79.6	67.3	77.6	57.1	75.4	10	7	9	6	2	5	2.63	N
0.0000	FCC17U2ACXX:3:1101:15957:91702#ACTGTTCC/ab=1/	*	*	*	*	*	*	*	*	*	*	*	*	*	*	N
0.0000	FCC17U2ACXX:3:1102:2810:16332#ACTGTTCC/ab=1/	FCC17U2ACXX:3:1101:17046:40548#ACTGTTCC/ab=2/	FCC17U2ACXX:3:1101:8607:71640#ACTGTTCC/ab=2/	89.5	64.9	87.7	64.9	88.5	0	0	1	17	1	5	2.00	N
0.0885	FCC17U2ACXX:3:1101:8485:67006#ACTGTTCC/ab=1/	FCC17U2ACXX:3:1101:8828:97354#ACTGTTCC/ab=6/	FCC17U2ACXX:3:1102:12403:15327#ACTGTTCC/ab=2/	82.1	69.6	75.0	55.4	75.0	5	0	1	12	7	4	9.52	N
0.0000	FCC17U2ACXX:3:1101:17321:90021#ACTGTTCC/ab=1/	FCC17U2ACXX:3:1101:12661:80838#ACTGTTCC/ab=2/	FCC17U2ACXX:3:1101:8545:61860#ACTGTTCC/ab=2/	87.2	63.8	85.1	59.6	86.4	0	6	1	21	4	3	2.50	N
0.0380	FCC17U2ACXX:3:1101:3371:27907#ACTGTTCC/ab=1/	FCC17U2ACXX:3:1101:8605:99464#ACTGTTCC/ab=2/	FCC17U2ACXX:3:1101:4724:31087#ACTGTTCC/ab=2/	89.5	73.7	87.7	75.4	88.5	1	0	1	11	2	3	2.00	N
0.0691	FCC17U2ACXX:3:1101:13407:96086#ACTGTTCC/ab=1/	FCC17U2ACXX:3:1102:7938:8858#ACTGTTCC/ab=7/	FCC17U2ACXX:3:1101:7282:24884#ACTGTTCC/ab=2/	75.9	66.7	61.1	48.1	64.4	12	5	3	6	1	5	13.89	N
0.0000	FCC17U2ACXX:3:1101:7939:71987#ACTGTTCC/ab=1/	*	*	*	*	*	*	*	*	*	*	*	*	*	*	N
0.0189	FCC17U2ACXX:3:1101:4655:48341#ACTGTTCC/ab=1/	FCC17U2ACXX:3:1101:17890:91328#ACTGTTCC/ab=2/	FCC17U2ACXX:3:1102:6931:2955#ACTGTTCC/ab=4/	98.2	94.6	96.4	94.6	95.0	1	0	0	2	0	1	1.85	N
0.0519	FCC17U2ACXX:3:1101:12913:24477#ACTGTTCC/ab=1/	FCC17U2ACXX:3:1101:15295:80494#ACTGTTCC/ab=3/	FCC17U2ACXX:3:1101:17799:92585#ACTGTTCC/ab=4/	82.1	78.6	73.2	67.9	80.0	4	0	1	6	4	5	4.55	N
0.0000	FCC17U2ACXX:3:1101:19124:48262#ACTGTTCC/ab=1/	*	*	*	*	*	*	*	*	*	*	*	*	*	*	N
0.0000	FCC17U2ACXX:3:1101:13598:24834#ACTGTTCC/ab=1/	*	*	*	*	*	*	*	*	*	*	*	*	*	*	N
0.0357	FCC17U2ACXX:3:1102:12037:10094#ACTGTTCC/ab=1/	FCC17U2ACXX:3:1101:15964:68602#ACTGTTCC/ab=3/	FCC17U2ACXX:3:1102:17836:3228#ACTGTTCC/ab=2/	76.9	63.5	73.1	53.8	73.2	2	0	0	15	10	6	5.26	N
0.0615	FCC17U2ACXX:3:1101:1899:67986#ACTGTTCC/ab=1/	FCC17U2ACXX:3:1101:9755:60813#ACTGTTCC/ab=2/	FCC17U2ACXX:3:1101:12616:77359#ACTGTTCC/ab=4/	74.0	68.0	62.0	44.0	71.9	5	0	0	13	13	7	8.82	N
0.0194	FCC17U2ACXX:3:1101:5441:97487#ACTGTTCC/ab=1/	FCC17U2ACXX:3:1101:3998:42725#ACTGTTCC/ab=2/	FCC17U2ACXX:3:1102:7938:8858#ACTGTTCC/ab=7/	72.7	68.2	63.6	56.8	68.3	7	3	2	9	12	5	6.67	N
0.0227	FCC17U2ACXX:3:1102:5943:3098#ACTGTTCC/ab=1/	FCC17U2ACXX:3:1101:3588:48684#ACTGTTCC/ab=2/	FCC17U2ACXX:3:1101:1550:56160#ACTGTTCC/ab=2/	76.7	73.3	71.7	76.7	75.0	2	0	1	5	3	10	4.55	N
0.0000	FCC17U2ACXX:3:1101:3506:97036#ACTGTTCC/ab=1/	*	*	*	*	*	*	*	*	*	*	*	*	*	*	N
0.0000	FCC17U2ACXX:3:1101:19186:91745#ACTGTTCC/ab=1/	*	*	*	*	*	*	*	*	*	*	*	*	*	*	N
0.0651	FCC17U2ACXX:3:1101:13790:36369#ACTGTTCC/ab=1/	FCC17U2ACXX:3:1102:12274:15939#ACTGTTCC/ab=2/	FCC17U2ACXX:3:1102:8421:17938#ACTGTTCC/ab=2/	95.0	90.0	88.3	85.0	92.2	3	0	0	4	1	2	5.56	N
0.0000	FCC17U2ACXX:3:1101:11493:96687#ACTGTTCC/ab=1/	*	*	*	*	*	*	*	*	*	*	*	*	*	*	N
0.0032	FCC17U2ACXX:3:1101:17862:91201#ACTGTTCC/ab=1/	FCC17U2ACXX:3:1101:9681:69907#ACTGTTCC/ab=2/	FCC17U2ACXX:3:1101:5518:71567#ACTGTTCC/ab=2/	79.2	66.0	75.5	54.7	74.6	3	9	4	5	7	2	5.00	N
0.0000	FCC17U2ACXX:3:1101:7465:68103#ACTGTTCC/ab=1/	*	*	*	*	*	*	*	*	*	*	*	*	*	*	N
0.0000	FCC17U2ACXX:3:1101:20794:51174#ACTGTTCC/ab=1/	*	*	*	*	*	*	*	*	*	*	*	*	*	*	N
0.0896	FCC17U2ACXX:3:1102:14541:16238#ACTGTTCC/ab=1/	FCC17U2ACXX:3:1101:4999:82297#ACTGTTCC/ab=2/	FCC17U2ACXX:3:1102:9995:14971#ACTGTTCC/ab=3/	81.1	66.0	73.6	50.9	70.2	4	0	0	14	7	5	10.26	N
0.0000	FCC17U2ACXX:3:1101:8352:90115#ACTGTTCC/ab=1/	*	*	*	*	*	*	*	*	*	*	*	*	*	*	N
0.0000	FCC17U2ACXX:3:1101:6803:80922#ACTGTTCC/ab=1/	*	*	*	*	*	*	*	*	*	*	*	*	*	*	N
0.2111	FCC17U2ACXX:3:1101:19533:84516#ACTGTTCC/ab=1/	FCC17U2ACXX:3:1102:2884:14535#ACTGTTCC/ab=2/	FCC17U2ACXX:3:1101:8545:61860#ACTGTTCC/ab=2/	88.5	61.5	82.7	53.8	82.0	3	0	0	24	3	4	6.98	N
0.0000	FCC17U2ACXX:3:1101:2975:14526#ACTGTTCC/ab=1/	*	*	*	*	*	*	*	*	*	*	*	*	*	*	N
0.0512	FCC17U2ACXX:3:1102:2453:16810#ACTGTTCC/ab=1/	FCC17U2ACXX:3:1101:7107:60799#ACTGTTCC/ab=4/	FCC17U2ACXX:3:1101:12777:86148#ACTGTTCC/ab=2/	74.5	65.5	70.9	60.0	73.3	2	0	0	12	4	10	5.13	N
0.0050	FCC17U2ACXX:3:1101:13331:9691#ACTGTTCC/ab=1/	FCC17U2ACXX:3:1101:16115:77272#ACTGTTCC/ab=2/	FCC17U2ACXX:3:1101:13526:88893#ACTGTTCC/ab=2/	96.4	94.6	94.6	89.3	95.0	1	1	0	2	2	0	1.89	N
0.0000	FCC17U2ACXX:3:1101:13356:75527#ACTGTTCC/ab=1/	*	*	*	*	*	*	*	*	*	*	*	*	*	*	N
0.0718	FCC17U2ACXX:3:1101:12429:97697#ACTGTTCC/ab=1/	FCC17U2ACXX:3:1102:7050:11094#ACTGTTCC/ab=2/	FCC17U2ACXX:3:1101:9352:81033#ACTGTTCC/ab=4/	91.7	86.7	83.3	80.0	87.5	4	0	1	5	2	2	5.77	N
0.0135	FCC17U2ACXX:3:1101:17168:43262#ACTGTTCC/ab=1/	FCC17U2ACXX:3:1101:8607:71640#ACTGTTCC/ab=2/	FCC17U2ACXX:3:1101:18596:82424#ACTGTTCC/ab=2/	73.3	71.1	53.3	37.8	66.7	16	18	5	2	1	0	6.25	N
0.0000	FCC17U2ACXX:3:1101:17262:81153#ACTGTTCC/ab=1/	*	*	*	*	*	*	*	*	*	*	*	*	*	*	N
0.0000	FCC17U2ACXX:3:1101:9131:66195#ACTGTTCC/ab=1/	*	*	*	*	*	*	*	*	*	*	*	*	*	*	N
0.0292	FCC17U2ACXX:3:1101:8232:50243#ACTGTTCC/ab=1/	FCC17U2ACXX:3:1102:19415:17383#ACTGTTCC/ab=2/	FCC17U2ACXX:3:1102:8421:17938#ACTGTTCC/ab=2/	75.0	71.7	66.7	76.7	73.4	5	1	7	4	2	5	4.65	N
0.0000	FCC17U2ACXX:3:1101:10081:21999#ACTGTTCC/ab=1/	*	*	*	*	*	*	*	*	*	*	*	*	*	*	N
0.0626	FCC17U2ACXX:3:1101:20139:97791#ACTGTTCC/ab=1/	FCC17U2ACXX:3:1101:12661:80838#ACTGTTCC/ab=2/	FCC17U2ACXX:3:1101:5047:73646#ACTGTTCC/ab=2/	77.4	62.3	71.7	50.9	75.4	3	0	2	13	5	8	7.89	N
0.0507	FCC17U2ACXX:3:1101:12350:10095#ACTGTTCC/ab=1/	FCC17U2ACXX:3:1101:14136:54854#ACTGTTCC/ab=4/	FCC17U2ACXX:3:1101:8545:61860#ACTGTTCC/ab=2/	81.8	54.5	76.4	49.1	73.8	2	1	2	18	3	7	7.14	N
0.0568	FCC17U2ACXX:3:1102:13362:17027#ACTGTTCC/ab=1/	FCC17U2ACXX:3:1101:15964:68602#ACTGTTCC/ab=3/	FCC17U2ACXX:3:1102:19995:15519#ACTGTTCC/ab=3/	78.6	71.4	73.2	58.9	73.0	11	7	3	6	1	2	7.32	N
0.0233	FCC17U2ACXX:3:1101:10952:94844#ACTGTTCC/ab=1/	FCC17U2ACXX:3:1102:2884:14535#ACTGTTCC/ab=2/	FCC17U2ACXX:3:1101:9755:60813#ACTGTTCC/ab=2/	81.2	72.9	72.9	58.3	71.9	5	3	5	11	7	7	11.43	N
0.0509	FCC17U2ACXX:3:1101:19471:93874#ACTGTTCC/ab=1/	FCC17U2ACXX:3:1102:6799:17877#ACTGTTCC/ab=2/	FCC17U2ACXX:3:1101:8605:99464#ACTGTTCC/ab=2/	78.2	72.7	65.5	60.0	72.9	10	4	9	4	1	0	7.50	N
0.1628	FCC17U2ACXX:3:1101:1282:21086#ACTGTTCC/ab=1/	FCC17U2ACXX:3:1102:2950:18608#ACTGTTCC/ab=4/	FCC17U2ACXX:3:1101:9681:69907#ACTGTTCC/ab=2/	73.7	57.9	57.9	33.3	56.5	15	7	6	9	0	3	27.27	N
0.0000	FCC17U2ACXX:3:1101:17711:3440#ACTGTTCC/ab=1/	*	*	*	*	*	*	*	*	*	*	*	*	*	*	N
0.0240	FCC17U2ACXX:3:1101:2910:42304#ACTGTTCC/ab=1/	FCC17U2ACXX:3:1101:7107:60799#ACTGTTCC/ab=4/	FCC17U2ACXX:3:1101:2159:76130#ACTGTTCC/ab=2/	65.5	63.6	52.7	63.6	61.4	11	5	11	4	3	2	2.86	N
0.1140	FCC17U2ACXX:3:1101:7983:13344#ACTGTTCC/ab=1/	FCC17U2ACXX:3:1101:13449:95218#ACTGTTCC/ab=2/	FCC17U2ACXX:3:1102:11076:14984#ACTGTTCC/ab=3/	81.5	72.2	72.2	55.6	72.9	11	5	4	9	1	1	12.82	N
0.0000	FCC17U2ACXX:3:1101:17825:69268#ACTGTTCC/ab=1/	*	*	*	*	*	*	*	*	*	*	*	*	*	*	N
0.0478	FCC17U2ACXX:3:1101:6487:73275#ACTGTTCC/ab=1/	FCC17U2ACXX:3:1101:2662:78885#ACTGTTCC/ab=6/	FCC17U2ACXX:3:1101:16115:77272#ACTGTTCC/ab=2/	94.6	89.3	91.1	91.1	91.7	2	0	0	3	0	3	3.92	N
0.0693	FCC17U2ACXX:3:1101:18596:29435#ACTGTTCC/ab=1/	FCC17U2ACXX:3:1102:2182:15545#ACTGTTCC/ab=3/	FCC17U2ACXX:3:1101:9352:81033#ACTGTTCC/ab=4/	71.4	62.5	57.1	33.9	66.1	18	11	6	6	1	0	14.29	N
0.0000	FCC17U2ACXX:3:1101:10730:24394#ACTGTTCC/ab=1/	*	*	*	*	*	*	*	*	*	*	*	*	*	*	N
0.0216	FCC17U2ACXX:3:1101:14137:8178#ACTGTTCC/ab=1/	FCC17U2ACXX:3:1101:13870:22521#ACTGTTCC/ab=2/	FCC17U2ACXX:3:1102:14737:16789#ACTGTTCC/ab=2/	71.0	54.8	64.5	45.2	59.6	1	0	0	15	8	5	10.00	N
0.0475	FCC17U2ACXX:3:1101:18956:99528#ACTGTTCC/ab=1/	FCC17U2ACXX:3:1102:2950:18608#ACTGTTCC/ab=4/	FCC17U2ACXX:3:1102:19596:16018#ACTGTTCC/ab=4/	77.4	71.7	67.9	43.4	71.0	4	0	0	13	14	4	7.89	N
0.0085	FCC17U2ACXX:3:1101:19279:54166#ACTGTTCC/ab=1/	FCC17U2ACXX:3:1102:10279:19387#ACTGTTCC/ab=2/	FCC17U2ACXX:3:1101:12598:83926#ACTGTTCC/ab=2/	76.8	73.2	75.0	71.4	75.0	6	5	6	2	2	4	2.38	N
0.0767	FCC17U2ACXX:3:1101:1971:98686#ACTGTTCC/ab=1/	FCC17U2ACXX:3:1101:9755:60813#ACTGTTCC/ab=2/	FCC17U2ACXX:3:1102:10279:19387#ACTGTTCC/ab=2/	81.5	74.1	68.5	61.1	75.4	7	0	3	6	4	5	10.00	N
0.0294	FCC17U2ACXX:3:1101:8518:24882#ACTGTTCC/ab=1/	FCC17U2ACXX:3:1102:8910:4842#ACTGTTCC/ab=2/	FCC17U2ACXX:3:1101:3118:54691#ACTGTTCC/ab=2/	91.1	82.1	87.5	83.9	88.3	1	0	0	6	1	4	4.08	N
0.0000	FCC17U2ACXX:3:1101:2296:32618#ACTGTTCC/ab=1/	*	*	*	*	*	*	*	*	*	*	*	*	*	*	N
0.0000	FCC17U2ACXX:3:1101:7180:80629#ACTGTTCC/ab=1/	*	*	*	*	*	*	*	*	*	*	*	*	*	*	N
0.0796	FCC17U2ACXX:3:1101:12903:6228#ACTGTTCC/ab=1/	FCC17U2ACXX:3:1101:3584:39916#ACTGTTCC/ab=2/	FCC17U2ACXX:3:1101:8607:71640#ACTGTTCC/ab=2/	81.1	79.2	66.0	56.6	80.7	9	0	2	10	12	2	2.38	N
0.0826	FCC17U2ACXX:3:1101:12805:87138#ACTGTTCC/ab=1/	FCC17U2ACXX:3:1102:2950:18608#ACTGTTCC/ab=4/	FCC17U2ACXX:3:1101:5245:90117#ACTGTTCC/ab=6/	81.1	73.6	66.0	50.9	74.2	7	0	0	9	9	5	10.26	N
0.0000	FCC17U2ACXX:3:1101:4921:68127#ACTGTTCC/ab=1/	*	*	*	*	*	*	*	*	*	*	*	*	*	*	N
0.0149	FCC17U2ACXX:3:1101:1541:10161#ACTGTTCC/ab=1/	FCC17U2ACXX:3:1101:2159:76130#ACTGTTCC/ab=2/	FCC17U2ACXX:3:1102:9995:14971#ACTGTTCC/ab=3/	62.3	56.6	58.5	56.6	57.9	4	2	4	6	5	13	6.45	N
0.0122	FCC17U2ACXX:3:1101:14003:94316#ACTGTTCC/ab=1/	FCC17U2ACXX:3:1101:17046:40548#ACTGTTCC/ab=2/	FCC17U2ACXX:3:1101:21067:75935#ACTGTTCC/ab=2/	75.0	69.6	71.4	58.9	70.0	2	2	1	11	8	7	5.00	N
0.0000	FCC17U2ACXX:3:1101:5439:34821#ACTGTTCC/ab=1/	*	*	*	*	*	*	*	*	*	*	*	*	*	*	N
0.0270	FCC17U2ACXX:3:1101:13741:86972#ACTGTTCC/ab=1/	FCC17U2ACXX:3:1101:17046:40548#ACTGTTCC/ab=2/	FCC17U2ACXX:3:1102:12330:19275#ACTGTTCC/ab=2/	78.2	69.1	70.9	52.7	68.3	4	2	1	13	9	5	10.26	N
0.0918	FCC17U2ACXX:3:1102:7130:5086#ACTGTTCC/ab=1/	FCC17U2ACXX:3:1101:4724:31087#ACTGTTCC/ab=2/	FCC17U2ACXX:3:1101:3114:48208#ACTGTTCC/ab=2/	80.4	73.2	66.1	55.4	72.9	13	6	6	4	0	0	9.76	N
0.0179	FCC17U2ACXX:3:1101:4111:11164#ACTGTTCC/ab=1/	FCC17U2ACXX:3:1102:20034:8772#ACTGTTCC/ab=2/	FCC17U2ACXX:3:1101:8545:61860#ACTGTTCC/ab=2/	89.8	63.3	83.7	51.0	80.3	2	7	0	22	4	4	7.32	N
0.0973	FCC17U2ACXX:3:1101:1815:51457#ACTGTTCC/ab=1/	FCC17U2ACXX:3:1102:19596:16018#ACTGTTCC/ab=4/	FCC17U2ACXX:3:1101:1550:56160#ACTGTTCC/ab=2/	75.9	51.9	68.5	42.6	68.4	3	0	0	19	6	8	10.81	N
0.0053	FCC17U2ACXX:3:1101:19058:25582#ACTGTTCC/ab=1/	FCC17U2ACXX:3:1101:8607:71640#ACTGTTCC/ab=2/	FCC17U2ACXX:3:1101:2159:76130#ACTGTTCC/ab=2/	91.2	84.2	89.5	80.7	86.9	2	5	1	3	2	1	1.96	N
0.0625	FCC17U2ACXX:3:1101:1822:96763#ACTGTTCC/ab=1/	FCC17U2ACXX:3:1101:2662:78885#ACTGTTCC/ab=6/	FCC17U2ACXX:3:1101:16115:77272#ACTGTTCC/ab=2/	100.0	94.6	96.4	91.1	96.7	2	0	0	3	0	0	3.70	N
0.0000	FCC17U2ACXX:3:1101:11242:63731#ACTGTTCC/ab=1/	*	*	*	*	*	*	*	*	*	*	*	*	*	*	N
0.0388	FCC17U2ACXX:3:1102:6468:16456#ACTGTTCC/ab=1/	FCC17U2ACXX:3:1102:9995:14971#ACTGTTCC/ab=3/	FCC17U2ACXX:3:1101:3584:39916#ACTGTTCC/ab=2/	74.5	68.6	60.8	51.0	66.7	13	8	7	3	0	4	8.57	N
0.0032	FCC17U2ACXX:3:1102:15722:10221#ACTGTTCC/ab=1/	FCC17U2ACXX:3:1101:14136:54854#ACTGTTCC/ab=4/	FCC17U2ACXX:3:1101:4999:82297#ACTGTTCC/ab=2/	72.2	69.4	69.4	58.3	73.7	4	19	5	2	1	0	8.00	N
0.0000	FCC17U2ACXX:3:1101:18655:59804#ACTGTTCC/ab=1/	*	*	*	*	*	*	*	*	*	*	*	*	*	*	N
0.0870	FCC17U2ACXX:3:1101:16903:34969#ACTGTTCC/ab=1/	FCC17U2ACXX:3:1102:19415:17383#ACTGTTCC/ab=2/	FCC17U2ACXX:3:1101:18848:89596#ACTGTTCC/ab=3/	92.5	83.0	88.7	71.7	89.5	3	1	0	15	3	0	4.26	N
0.0000	FCC17U2ACXX:3:1101:16295:21013#ACTGTTCC/ab=1/	*	*	*	*	*	*	*	*	*	*	*	*	*	*	N
0.0000	FCC17U2ACXX:3:1101:7464:60940#ACTGTTCC/ab=1/	*	*	*	*	*	*	*	*	*	*	*	*	*	*	N
0.0489	FCC17U2ACXX:3:1102:5159:11346#ACTGTTCC/ab=1/	FCC17U2ACXX:3:1101:5053:73923#ACTGTTCC/ab=4/	FCC17U2ACXX:3:1102:4100:15403#ACTGTTCC/ab=2/	66.7	63.0	57.4	38.9	59.6	4	0	1	10	8	10	5.88	N
0.0591	FCC17U2ACXX:3:1101:6056:78176#ACTGTTCC/ab=1/	FCC17U2ACXX:3:1101:8695:79519#ACTGTTCC/ab=2/	FCC17U2ACXX:3:1102:17953:18158#ACTGTTCC/ab=5/	68.5	59.3	59.3	37.0	60.7	4	0	1	14	10	8	15.63	N
0.0000	FCC17U2ACXX:3:1101:14859:32226#ACTGTTCC/ab=1/	*	*	*	*	*	*	*	*	*	*	*	*	*	*	N
0.0345	FCC17U2ACXX:3:1101:7411:83068#ACTGTTCC/ab=1/	FCC17U2ACXX:3:1101:13449:95218#ACTGTTCC/ab=2/	FCC17U2ACXX:3:1101:12661:80838#ACTGTTCC/ab=2/	85.2	72.2	79.6	68.5	80.7	4	5	2	8	1	3	6.98	N
0.0482	FCC17U2ACXX:3:1101:9217:56416#ACTGTTCC/ab=1/	FCC17U2ACXX:3:1101:8545:61860#ACTGTTCC/ab=2/	FCC17U2ACXX:3:1102:10836:7303#ACTGTTCC/ab=2/	80.0	67.3	69.1	60.0	71.2	6	3	5	8	2	4	18.42	N
0.0221	FCC17U2ACXX:3:1101:6659:12811#ACTGTTCC/ab=1/	FCC17U2ACXX:3:1101:9681:69907#ACTGTTCC/ab=2/	FCC17U2ACXX:3:1101:18596:82424#ACTGTTCC/ab=2/	76.9	73.1	71.2	51.9	74.6	2	0	0	13	15	5	5.26	N
0.0586	FCC17U2ACXX:3:1101:12004:77443#ACTGTTCC/ab=1/	FCC17U2ACXX:3:1101:14763:84103#ACTGTTCC/ab=2/	FCC17U2ACXX:3:1101:8545:61860#ACTGTTCC/ab=2/	77.2	63.2	70.2	57.9	70.0	4	1	4	10	2	9	10.00	N
0.0000	FCC17U2ACXX:3:1101:12099:86333#ACTGTTCC/ab=1/	*	*	*	*	*	*	*	*	*	*	*	*	*	*	N
0.0592	FCC17U2ACXX:3:1101:8986:50777#ACTGTTCC/ab=1/	FCC17U2ACXX:3:1102:2950:18608#ACTGTTCC/ab=4/	FCC17U2ACXX:3:1102:3748:3070#ACTGTTCC/ab=6/	81.1	73.6	71.7	54.7	69.4	4	0	0	11	9	3	10.26	N
0.0000	FCC17U2ACXX:3:1101:8049:42115#ACTGTTCC/ab=1/	*	*	*	*	*	*	*	*	*	*	*	*	*	*	N
0.0000	FCC17U2ACXX:3:1101:13311:37316#ACTGTTCC/ab=1/	*	*	*	*	*	*	*	*	*	*	*	*	*	*	N
0.0000	FCC17U2ACXX:3:1101:13776:62948#ACTGTTCC/ab=1/	*	*	*	*	*	*	*	*	*	*	*	*	*	*	N
0.0000	FCC17U2ACXX:3:1101:20765:51784#ACTGTTCC/ab=1/	*	*	*	*	*	*	*	*	*	*	*	*	*	*	N
0.1031	FCC17U2ACXX:3:1101:20324:86248#ACTGTTCC/ab=1/	FCC17U2ACXX:3:1101:5047:73646#ACTGTTCC/ab=2/	FCC17U2ACXX:3:1101:16115:77272#ACTGTTCC/ab=2/	92.9	76.8	89.3	73.2	90.0	2	0	0	10	1	3	4.00	N
0.0231	FCC17U2ACXX:3:1101:9953:53691#ACTGTTCC/ab=1/	FCC17U2ACXX:3:1101:8545:61860#ACTGTTCC/ab=2/	FCC17U2ACXX:3:1101:5518:71567#ACTGTTCC/ab=2/	79.2	66.0	75.5	66.0	72.9	5	4	7	7	3	3	5.00	N
0.1628	FCC17U2ACXX:3:1101:17722:8403#ACTGTTCC/ab=1/	FCC17U2ACXX:3:1101:7107:60799#ACTGTTCC/ab=4/	FCC17U2ACXX:3:1101:9352:81033#ACTGTTCC/ab=4/	77.2	61.4	73.7	45.6	74.6	11	8	3	11	0	1	4.76	N
0.0000	FCC17U2ACXX:3:1102:3191:15841#ACTGTTCC/ab=1/	*	*	*	*	*	*	*	*	*	*	*	*	*	*	N
0.1849	FCC17U2ACXX:3:1101:15346:39922#ACTGTTCC/ab=1/	FCC17U2ACXX:3:1101:3584:39916#ACTGTTCC/ab=2/	FCC17U2ACXX:3:1102:10279:19387#ACTGTTCC/ab=2/	81.1	62.3	64.2	41.5	58.3	8	0	0	14	6	10	26.47	N
0.0000	FCC17U2ACXX:3:1101:7881:64112#ACTGTTCC/ab=1/	*	*	*	*	*	*	*	*	*	*	*	*	*	*	N
0.0592	FCC17U2ACXX:3:1101:19412:15981#ACTGTTCC/ab=1/	FCC17U2ACXX:3:1101:2159:76130#ACTGTTCC/ab=2/	FCC17U2ACXX:3:1101:13870:22521#ACTGTTCC/ab=2/	81.8	72.7	72.7	69.1	72.6	8	5	8	5	0	3	12.50	N
0.0554	FCC17U2ACXX:3:1101:7676:88315#ACTGTTCC/ab=1/	FCC17U2ACXX:3:1102:2421:4724#ACTGTTCC/ab=2/	FCC17U2ACXX:3:1102:5194:7991#ACTGTTCC/ab=2/	93.3	85.0	90.0	81.7	90.6	2	0	0	7	2	2	3.70	N
0.0000	FCC17U2ACXX:3:1101:13861:32744#ACTGTTCC/ab=1/	*	*	*	*	*	*	*	*	*	*	*	*	*	*	N
0.0000	FCC17U2ACXX:3:1101:10797:98992#ACTGTTCC/ab=1/	*	*	*	*	*	*	*	*	*	*	*	*	*	*	N
0.0466	FCC17U2ACXX:3:1101:17441:65989#ACTGTTCC/ab=1/	FCC17U2ACXX:3:1101:8640:82135#ACTGTTCC/ab=2/	FCC17U2ACXX:3:1101:12777:86148#ACTGTTCC/ab=2/	77.8	70.4	72.2	55.6	73.3	3	0	0	12	9	6	7.69	N
0.0000	FCC17U2ACXX:3:1101:10642:24224#ACTGTTCC/ab=1/	FCC17U2ACXX:3:1101:6086:99762#ACTGTTCC/ab=9/	FCC17U2ACXX:3:1101:16115:77272#ACTGTTCC/ab=2/	96.4	91.1	94.6	92.9	91.7	0	0	0	3	0	2	1.89	N
0.1028	FCC17U2ACXX:3:1101:13296:79892#ACTGTTCC/ab=1/	FCC17U2ACXX:3:1101:12661:80838#ACTGTTCC/ab=2/	FCC17U2ACXX:3:1101:17046:40548#ACTGTTCC/ab=2/	85.7	69.0	73.8	57.1	67.7	8	2	4	16	5	0	16.13	N
0.0000	FCC17U2ACXX:3:1101:17368:48082#ACTGTTCC/ab=1/	*	*	*	*	*	*	*	*	*	*	*	*	*	*	N
0.0000	FCC17U2ACXX:3:1101:20715:72405#ACTGTTCC/ab=1/	*	*	*	*	*	*	*	*	*	*	*	*	*	*	N
0.1045	FCC17U2ACXX:3:1101:10944:35819#ACTGTTCC/ab=1/	FCC17U2ACXX:3:1102:8910:4842#ACTGTTCC/ab=2/	FCC17U2ACXX:3:1101:3348:76722#ACTGTTCC/ab=2/	69.1	54.5	61.8	45.5	59.3	4	0	0	13	4	13	11.76	N
0.0602	FCC17U2ACXX:3:1102:6999:4022#ACTGTTCC/ab=1/	FCC17U2ACXX:3:1101:3396:97849#ACTGTTCC/ab=3/	FCC17U2ACXX:3:1102:2034:9142#ACTGTTCC/ab=3/	90.6	81.1	79.2	69.8	81.7	5	0	1	7	6	2	11.63	N
0.0530	FCC17U2ACXX:3:1101:10239:86522#ACTGTTCC/ab=1/	FCC17U2ACXX:3:1102:19415:17383#ACTGTTCC/ab=2/	FCC17U2ACXX:3:1102:8421:17938#ACTGTTCC/ab=2/	95.0	86.7	90.0	76.7	90.6	2	0	0	8	3	0	5.56	N
0.0911	FCC17U2ACXX:3:1101:8611:36386#ACTGTTCC/ab=1/	FCC17U2ACXX:3:1101:13371:89911#ACTGTTCC/ab=2/	FCC17U2ACXX:3:1102:6931:2955#ACTGTTCC/ab=4/	98.2	91.1	92.9	83.9	93.3	3	0	0	5	1	0	5.77	N
0.0000	FCC17U2ACXX:3:1102:12411:5075#ACTGTTCC/ab=1/	*	*	*	*	*	*	*	*	*	*	*	*	*	*	N
0.0000	FCC17U2ACXX:3:1101:8202:39187#ACTGTTCC/ab=1/	*	*	*	*	*	*	*	*	*	*	*	*	*	*	N
0.0692	FCC17U2ACXX:3:1101:3094:5000#ACTGTTCC/ab=1/	FCC17U2ACXX:3:1101:3588:48684#ACTGTTCC/ab=2/	FCC17U2ACXX:3:1101:4999:82297#ACTGTTCC/ab=2/	83.0	77.4	69.8	50.9	76.6	9	1	1	9	8	0	7.32	N
0.1396	FCC17U2ACXX:3:1101:14295:88741#ACTGTTCC/ab=1/	FCC17U2ACXX:3:1101:2159:76130#ACTGTTCC/ab=2/	FCC17U2ACXX:3:1102:10836:7303#ACTGTTCC/ab=2/	89.1	80.0	69.1	58.2	76.7	12	3	3	7	1	1	11.36	N
0.0000	FCC17U2ACXX:3:1101:10238:74967#ACTGTTCC/ab=1/	*	*	*	*	*	*	*	*	*	*	*	*	*	*	N
0.0063	FCC17U2ACXX:3:1101:10402:20235#ACTGTTCC/ab=1/	FCC17U2ACXX:3:1101:3594:87672#ACTGTTCC/ab=2/	FCC17U2ACXX:3:1101:3348:76722#ACTGTTCC/ab=2/	89.1	87.3	87.3	94.5	88.1	1	0	1	1	0	5	2.08	N
0.0000	FCC17U2ACXX:3:1101:16978:82313#ACTGTTCC/ab=1/	*	*	*	*	*	*	*	*	*	*	*	*	*	*	N
0.0159	FCC17U2ACXX:3:1101:11536:44081#ACTGTTCC/ab=1/	FCC17U2ACXX:3:1102:6931:2955#ACTGTTCC/ab=4/	FCC17U2ACXX:3:1101:17890:91328#ACTGTTCC/ab=2/	94.6	91.1	92.9	94.6	91.7	1	0	0	2	0	3	1.92	N
0.0207	FCC17U2ACXX:3:1101:19186:66091#ACTGTTCC/ab=1/	FCC17U2ACXX:3:1102:12403:15327#ACTGTTCC/ab=2/	FCC17U2ACXX:3:1102:5194:7991#ACTGTTCC/ab=2/	77.6	72.4	75.9	75.9	75.8	6	6	4	4	1	4	2.27	N
0.0000	FCC17U2ACXX:3:1101:16724:98072#ACTGTTCC/ab=1/	*	*	*	*	*	*	*	*	*	*	*	*	*	*	N
0.0617	FCC17U2ACXX:3:1101:17928:33361#ACTGTTCC/ab=1/	FCC17U2ACXX:3:1101:2159:76130#ACTGTTCC/ab=2/	FCC17U2ACXX:3:1102:10836:7303#ACTGTTCC/ab=2/	88.7	79.2	75.5	56.6	75.0	8	3	1	10	4	3	11.90	N
0.0258	FCC17U2ACXX:3:1101:21235:36488#ACTGTTCC/ab=1/	FCC17U2ACXX:3:1101:16021:72985#ACTGTTCC/ab=2/	FCC17U2ACXX:3:1102:8421:17938#ACTGTTCC/ab=2/	91.5	78.0	89.8	78.0	87.5	1	1	0	9	1	4	1.89	N
0.0171	FCC17U2ACXX:3:1101:13341:24019#ACTGTTCC/ab=1/	FCC17U2ACXX:3:1101:16115:77272#ACTGTTCC/ab=2/	FCC17U2ACXX:3:1101:2662:78885#ACTGTTCC/ab=6/	96.4	94.6	92.9	91.1	95.0	2	0	1	1	0	1	1.89	N
0.0492	FCC17U2ACXX:3:1101:14240:59930#ACTGTTCC/ab=1/	FCC17U2ACXX:3:1101:17046:40548#ACTGTTCC/ab=2/	FCC17U2ACXX:3:1101:8607:71640#ACTGTTCC/ab=2/	67.9	62.5	62.5	60.7	64.4	3	0	2	11	5	12	8.57	N
0.0000	FCC17U2ACXX:3:1101:9802:63575#ACTGTTCC/ab=1/	*	*	*	*	*	*	*	*	*	*	*	*	*	*	N
0.0000	FCC17U2ACXX:3:1101:12624:28713#ACTGTTCC/ab=1/	*	*	*	*	*	*	*	*	*	*	*	*	*	*	N
0.1606	FCC17U2ACXX:3:1101:11178:56279#ACTGTTCC/ab=1/	FCC17U2ACXX:3:1102:2034:9142#ACTGTTCC/ab=3/	FCC17U2ACXX:3:1101:9681:69907#ACTGTTCC/ab=2/	69.2	55.8	63.5	36.5	59.3	15	10	6	9	0	0	9.09	N
0.0440	FCC17U2ACXX:3:1101:15600:8230#ACTGTTCC/ab=1/	FCC17U2ACXX:3:1101:12598:83926#ACTGTTCC/ab=2/	FCC17U2ACXX:3:1101:9352:81033#ACTGTTCC/ab=4/	80.0	71.7	76.7	81.7	78.1	2	0	0	6	1	11	4.35	N
0.0292	FCC17U2ACXX:3:1102:2242:3267#ACTGTTCC/ab=1/	FCC17U2ACXX:3:1102:9995:14971#ACTGTTCC/ab=3/	FCC17U2ACXX:3:1101:8607:71640#ACTGTTCC/ab=2/	79.6	70.4	75.9	66.7	78.7	2	1	0	11	4	7	4.88	N
0.0311	FCC17U2ACXX:3:1101:18625:4327#ACTGTTCC/ab=1/	FCC17U2ACXX:3:1102:7050:11094#ACTGTTCC/ab=2/	FCC17U2ACXX:3:1101:16021:72985#ACTGTTCC/ab=2/	91.5	86.4	89.8	84.7	90.5	3	2	3	3	0	1	1.89	N
0.0942	FCC17U2ACXX:3:1102:3982:8616#ACTGTTCC/ab=1/	FCC17U2ACXX:3:1101:13386:68358#ACTGTTCC/ab=2/	FCC17U2ACXX:3:1101:8782:35040#ACTGTTCC/ab=2/	94.5	89.1	85.5	85.5	89.8	4	0	2	3	0	1	6.12	N
0.0000	FCC17U2ACXX:3:1101:17547:90659#ACTGTTCC/ab=1/	*	*	*	*	*	*	*	*	*	*	*	*	*	*	N
0.0000	FCC17U2ACXX:3:1101:17812:99165#ACTGTTCC/ab=1/	*	*	*	*	*	*	*	*	*	*	*	*	*	*	N
0.0855	FCC17U2ACXX:3:1101:5361:45091#ACTGTTCC/ab=1/	FCC17U2ACXX:3:1102:8421:17938#ACTGTTCC/ab=2/	FCC17U2ACXX:3:1102:12403:15327#ACTGTTCC/ab=2/	86.7	81.7	75.0	70.0	81.2	10	3	5	3	0	0	6.12	N
0.0364	FCC17U2ACXX:3:1102:18743:6852#ACTGTTCC/ab=1/	FCC17U2ACXX:3:1102:8421:17938#ACTGTTCC/ab=2/	FCC17U2ACXX:3:1101:9352:81033#ACTGTTCC/ab=4/	98.3	95.0	95.0	90.0	95.3	2	0	0	3	1	0	3.51	N
0.0124	FCC17U2ACXX:3:1101:1572:69331#ACTGTTCC/ab=1/	FCC17U2ACXX:3:1101:6086:99762#ACTGTTCC/ab=9/	FCC17U2ACXX:3:1102:12330:19275#ACTGTTCC/ab=2/	83.0	74.5	74.5	55.3	78.0	10	17	1	4	2	1	11.43	N
0.0664	FCC17U2ACXX:3:1101:2975:49938#ACTGTTCC/ab=1/	FCC17U2ACXX:3:1101:3584:39916#ACTGTTCC/ab=2/	FCC17U2ACXX:3:1101:2498:81141#ACTGTTCC/ab=2/	68.5	50.0	55.6	35.2	53.2	6	2	3	13	3	13	23.33	N
0.0153	FCC17U2ACXX:3:1101:17668:38143#ACTGTTCC/ab=1/	FCC17U2ACXX:3:1101:5047:73646#ACTGTTCC/ab=2/	FCC17U2ACXX:3:1102:14737:16789#ACTGTTCC/ab=2/	85.7	83.9	80.4	78.6	83.3	3	1	4	2	1	2	2.13	N
0.0750	FCC17U2ACXX:3:1102:16905:6503#ACTGTTCC/ab=1/	FCC17U2ACXX:3:1101:17046:40548#ACTGTTCC/ab=2/	FCC17U2ACXX:3:1101:8545:61860#ACTGTTCC/ab=2/	87.7	70.2	82.5	64.9	82.0	2	0	0	15	3	10	6.38	N
0.2148	FCC17U2ACXX:3:1101:2593:72714#ACTGTTCC/ab=1/	FCC17U2ACXX:3:1102:2182:15545#ACTGTTCC/ab=3/	FCC17U2ACXX:3:1101:14763:84103#ACTGTTCC/ab=2/	85.7	71.4	73.2	53.6	75.0	11	4	4	8	0	0	17.07	N
0.0000	FCC17U2ACXX:3:1101:20773:36033#ACTGTTCC/ab=1/	*	*	*	*	*	*	*	*	*	*	*	*	*	*	N
0.0319	FCC17U2ACXX:3:1101:20283:36224#ACTGTTCC/ab=1/	FCC17U2ACXX:3:1101:6086:99762#ACTGTTCC/ab=9/	FCC17U2ACXX:3:1101:16115:77272#ACTGTTCC/ab=2/	94.6	91.1	91.1	92.9	90.0	2	0	0	2	0	3	3.92	N
0.0000	FCC17U2ACXX:3:1102:15110:7829#ACTGTTCC/ab=1/	*	*	*	*	*	*	*	*	*	*	*	*	*	*	N
0.0484	FCC17U2ACXX:3:1101:2497:82134#ACTGTTCC/ab=1/	FCC17U2ACXX:3:1101:3348:76722#ACTGTTCC/ab=2/	FCC17U2ACXX:3:1101:9755:60813#ACTGTTCC/ab=2/	79.6	75.9	72.2	70.4	74.6	5	0	1	5	4	10	4.88	N
0.0000	FCC17U2ACXX:3:1101:16627:39410#ACTGTTCC/ab=1/	*	*	*	*	*	*	*	*	*	*	*	*	*	*	N
0.1277	FCC17U2ACXX:3:1101:19784:89584#ACTGTTCC/ab=1/	FCC17U2ACXX:3:1101:15964:68602#ACTGTTCC/ab=3/	FCC17U2ACXX:3:1101:9352:81033#ACTGTTCC/ab=4/	78.9	66.7	71.9	54.4	71.4	11	7	5	8	0	1	9.76	N
0.0000	FCC17U2ACXX:3:1101:10474:11899#ACTGTTCC/ab=1/	*	*	*	*	*	*	*	*	*	*	*	*	*	*	N
0.0000	FCC17U2ACXX:3:1101:9254:53430#ACTGTTCC/ab=1/	*	*	*	*	*	*	*	*	*	*	*	*	*	*	N
0.0000	FCC17U2ACXX:3:1102:4127:15045#ACTGTTCC/ab=1/	*	*	*	*	*	*	*	*	*	*	*	*	*	*	N
0.0000	FCC17U2ACXX:3:1101:7095:36630#ACTGTTCC/ab=1/	*	*	*	*	*	*	*	*	*	*	*	*	*	*	N
0.0000	FCC17U2ACXX:3:1101:15518:27776#ACTGTTCC/ab=1/	*	*	*	*	*	*	*	*	*	*	*	*	*	*	N
0.0177	FCC17U2ACXX:3:1101:20288:94467#ACTGTTCC/ab=1/	FCC17U2ACXX:3:1102:6799:17877#ACTGTTCC/ab=2/	FCC17U2ACXX:3:1101:13386:68358#ACTGTTCC/ab=2/	87.3	81.8	83.6	76.4	84.7	1	0	0	5	2	5	4.35	N
0.0000	FCC17U2ACXX:3:1101:13181:79417#ACTGTTCC/ab=1/	*	*	*	*	*	*	*	*	*	*	*	*	*	*	N
0.0000	FCC17U2ACXX:3:1101:20614:40247#ACTGTTCC/ab=1/	*	*	*	*	*	*	*	*	*	*	*	*	*	*	N
0.0000	FCC17U2ACXX:3:1102:14016:19637#ACTGTTCC/ab=1/	*	*	*	*	*	*	*	*	*	*	*	*	*	*	N
0.0000	FCC17U2ACXX:3:1102:9029:13975#ACTGTTCC/ab=1/	*	*	*	*	*	*	*	*	*	*	*	*	*	*	N
0.0000	FCC17U2ACXX:3:1101:20988:28072#ACTGTTCC/ab=1/	*	*	*	*	*	*	*	*	*	*	*	*	*	*	N
0.0000	FCC17U2ACXX:3:1102:17693:8422#ACTGTTCC/ab=1/	*	*	*	*	*	*	*	*	*	*	*	*	*	*	N
0.0000	FCC17U2ACXX:3:1101:17493:86860#ACTGTTCC/ab=1/	FCC17U2ACXX:3:1101:2159:76130#ACTGTTCC/ab=2/	FCC17U2ACXX:3:1101:2498:81141#ACTGTTCC/ab=2/	69.6	46.4	67.9	37.5	67.2	0	0	0	21	12	9	2.63	N
0.0497	FCC17U2ACXX:3:1101:8158:76091#ACTGTTCC/ab=1/	FCC17U2ACXX:3:1102:14308:12477#ACTGTTCC/ab=2/	FCC17U2ACXX:3:1102:10836:7303#ACTGTTCC/ab=2/	85.7	73.2	80.4	60.7	81.7	4	2	0	10	3	3	6.67	N
0.0000	FCC17U2ACXX:3:1101:8153:50544#ACTGTTCC/ab=1/	*	*	*	*	*	*	*	*	*	*	*	*	*	*	N
0.0798	FCC17U2ACXX:3:1101:10206:65668#ACTGTTCC/ab=1/	FCC17U2ACXX:3:1102:6872:11321#ACTGTTCC/ab=2/	FCC17U2ACXX:3:1101:15822:75660#ACTGTTCC/ab=2/	80.0	70.9	70.9	54.5	73.3	11	7	5	5	0	1	12.82	N
0.0000	FCC17U2ACXX:3:1101:14635:37161#ACTGTTCC/ab=1/	*	*	*	*	*	*	*	*	*	*	*	*	*	*	N
0.0394	FCC17U2ACXX:3:1102:4440:6881#ACTGTTCC/ab=1/	FCC17U2ACXX:3:1102:19415:17383#ACTGTTCC/ab=2/	FCC17U2ACXX:3:1102:7050:11094#ACTGTTCC/ab=2/	93.3	81.7	91.7	83.3	92.2	1	0	1	8	1	2	1.82	N
0.0000	FCC17U2ACXX:3:1101:18643:90045#ACTGTTCC/ab=1/	*	*	*	*	*	*	*	*	*	*	*	*	*	*	N
0.0000	FCC17U2ACXX:3:1101:6440:16981#ACTGTTCC/ab=1/	*	*	*	*	*	*	*	*	*	*	*	*	*	*	N
0.0000	FCC17U2ACXX:3:1102:2803:4770#ACTGTTCC/ab=1/	*	*	*	*	*	*	*	*	*	*	*	*	*	*	N
0.0242	FCC17U2ACXX:3:1101:16264:8379#ACTGTTCC/ab=1/	FCC17U2ACXX:3:1101:8605:99464#ACTGTTCC/ab=2/	FCC17U2ACXX:3:1102:7938:8858#ACTGTTCC/ab=7/	78.6	71.4	73.2	67.9	74.6	3	1	4	7	4	4	7.32	N
0.0000	FCC17U2ACXX:3:1101:8028:42473#ACTGTTCC/ab=1/	*	*	*	*	*	*	*	*	*	*	*	*	*	*	N
0.0000	FCC17U2ACXX:3:1101:15790:67223#ACTGTTCC/ab=1/	*	*	*	*	*	*	*	*	*	*	*	*	*	*	N
0.0151	FCC17U2ACXX:3:1101:20432:57315#ACTGTTCC/ab=1/	FCC17U2ACXX:3:1102:6931:2955#ACTGTTCC/ab=4/	FCC17U2ACXX:3:1101:12948:31201#ACTGTTCC/ab=2/	94.6	91.1	92.9	89.3	93.3	1	0	2	3	1	0	1.92	N
0.0000	FCC17U2ACXX:3:1101:3221:77717#ACTGTTCC/ab=1/	*	*	*	*	*	*	*	*	*	*	*	*	*	*	N
0.0000	FCC17U2ACXX:3:1101:6406:82480#ACTGTTCC/ab=1/	*	*	*	*	*	*	*	*	*	*	*	*	*	*	N
0.0731	FCC17U2ACXX:3:1101:11245:31015#ACTGTTCC/ab=1/	FCC17U2ACXX:3:1101:3348:76722#ACTGTTCC/ab=2/	FCC17U2ACXX:3:1101:13870:22521#ACTGTTCC/ab=2/	85.2	77.8	79.6	64.8	78.7	4	0	0	10	6	4	6.98	N
0.0343	FCC17U2ACXX:3:1101:12304:32976#ACTGTTCC/ab=1/	FCC17U2ACXX:3:1101:16545:94000#ACTGTTCC/ab=2/	FCC17U2ACXX:3:1101:12777:86148#ACTGTTCC/ab=2/	96.4	85.7	94.6	80.4	93.3	1	0	0	8	2	0	1.89	N
0.0000	FCC17U2ACXX:3:1101:11594:47857#ACTGTTCC/ab=1/	*	*	*	*	*	*	*	*	*	*	*	*	*	*	N
0.0000	FCC17U2ACXX:3:1101:18744:25576#ACTGTTCC/ab=1/	*	*	*	*	*	*	*	*	*	*	*	*	*	*	N
0.0000	FCC17U2ACXX:3:1102:1826:13893#ACTGTTCC/ab=1/	*	*	*	*	*	*	*	*	*	*	*	*	*	*	N
0.0521	FCC17U2ACXX:3:1102:14853:2609#ACTGTTCC/ab=1/	FCC17U2ACXX:3:1101:5876:71022#ACTGTTCC/ab=2/	FCC17U2ACXX:3:1101:3584:39916#ACTGTTCC/ab=2/	100.0	70.6	94.1	64.7	87.7	1	0	0	5	0	0	6.25	N
0.0000	FCC17U2ACXX:3:1102:13593:16331#ACTGTTCC/ab=1/	FCC17U2ACXX:3:1101:16044:58336#CCTGTTCC/ab=3/	FCC17U2ACXX:3:1101:14219:60656#ACTGTTCC/ab=2/	100.0	66.1	98.2	64.3	98.3	0	0	0	19	0	0	1.82	N
0.1205	FCC17U2ACXX:3:1101:12734:68536#ACTGTTCC/ab=1/	FCC17U2ACXX:3:1101:4413:65916#ACTGTTCC/ab=4/	FCC17U2ACXX:3:1101:5053:73923#ACTGTTCC/ab=4/	89.2	83.8	81.1	67.6	75.4	22	3	3	2	0	1	6.45	N
0.0156	FCC17U2ACXX:3:1101:7237:48783#ACTGTTCC/ab=1/	FCC17U2ACXX:3:1101:3594:87672#ACTGTTCC/ab=2/	FCC17U2ACXX:3:1102:11076:14984#ACTGTTCC/ab=3/	69.1	60.0	65.5	49.1	62.1	5	4	5	6	4	7	5.56	N
0.0517	FCC17U2ACXX:3:1101:15232:54240#ACTGTTCC/ab=1/	FCC17U2ACXX:3:1101:3118:54691#ACTGTTCC/ab=2/	FCC17U2ACXX:3:1101:2159:76130#ACTGTTCC/ab=2/	63.6	56.4	52.7	49.1	55.2	11	4	11	5	1	5	12.90	N
0.0000	FCC17U2ACXX:3:1101:16850:92297#ACTGTTCC/ab=1/	*	*	*	*	*	*	*	*	*	*	*	*	*	*	N
0.0506	FCC17U2ACXX:3:1101:4433:76251#ACTGTTCC/ab=1/	FCC17U2ACXX:3:1101:8605:99464#ACTGTTCC/ab=2/	FCC17U2ACXX:3:1101:4724:31087#ACTGTTCC/ab=2/	78.9	70.2	73.7	75.4	73.8	4	1	6	6	1	4	7.14	N
0.0000	FCC17U2ACXX:3:1101:10117:14919#ACTGTTCC/ab=1/	*	*	*	*	*	*	*	*	*	*	*	*	*	*	N
0.0203	FCC17U2ACXX:3:1101:14336:65014#ACTGTTCC/ab=1/	FCC17U2ACXX:3:1101:7182:92679#ACTGTTCC/ab=2/	FCC17U2ACXX:3:1101:13386:68358#ACTGTTCC/ab=2/	70.9	67.3	63.6	70.9	66.1	4	1	13	3	1	3	5.41	N
0.0194	FCC17U2ACXX:3:1101:10922:13601#ACTGTTCC/ab=1/	FCC17U2ACXX:3:1101:8545:61860#ACTGTTCC/ab=2/	FCC17U2ACXX:3:1101:17046:40548#ACTGTTCC/ab=2/	70.0	54.0	68.0	42.0	58.3	6	5	7	12	8	6	2.94	N
0.0000	FCC17U2ACXX:3:1102:4378:2164#ACTGTTCC/ab=1/	*	*	*	*	*	*	*	*	*	*	*	*	*	*	N
0.0000	FCC17U2ACXX:3:1101:5288:72355#ACTGTTCC/ab=1/	*	*	*	*	*	*	*	*	*	*	*	*	*	*	N
0.0380	FCC17U2ACXX:3:1101:7108:82820#ACTGTTCC/ab=1/	FCC17U2ACXX:3:1101:17046:40548#ACTGTTCC/ab=2/	FCC17U2ACXX:3:1102:12330:19275#ACTGTTCC/ab=2/	69.0	56.9	60.3	44.8	64.4	4	1	1	14	9	10	14.29	N
0.0323	FCC17U2ACXX:3:1101:3921:54291#ACTGTTCC/ab=1/	FCC17U2ACXX:3:1102:16920:19519#ACTGTTCC/ab=33/	FCC17U2ACXX:3:1101:5876:71022#ACTGTTCC/ab=2/	66.7	54.9	60.8	31.4	57.8	10	8	10	10	4	3	9.68	N
0.0000	FCC17U2ACXX:3:1101:17699:37019#ACTGTTCC/ab=1/	*	*	*	*	*	*	*	*	*	*	*	*	*	*	N
0.0000	FCC17U2ACXX:3:1101:17463:73356#ACTGTTCC/ab=1/	*	*	*	*	*	*	*	*	*	*	*	*	*	*	N
0.0000	FCC17U2ACXX:3:1101:14493:77708#ACTGTTCC/ab=1/	*	*	*	*	*	*	*	*	*	*	*	*	*	*	N
0.0000	FCC17U2ACXX:3:1101:10751:46203#ACTGTTCC/ab=1/	*	*	*	*	*	*	*	*	*	*	*	*	*	*	N
0.0476	FCC17U2ACXX:3:1101:11967:73344#ACTGTTCC/ab=1/	FCC17U2ACXX:3:1101:13449:95218#ACTGTTCC/ab=2/	FCC17U2ACXX:3:1101:12661:80838#ACTGTTCC/ab=2/	74.1	64.8	74.1	59.3	75.0	8	9	5	5	0	1	2.50	N
0.0000	FCC17U2ACXX:3:1101:5792:87357#ACTGTTCC/ab=1/	*	*	*	*	*	*	*	*	*	*	*	*	*	*	N
0.0000	FCC17U2ACXX:3:1101:7965:45036#ACTGTTCC/ab=1/	*	*	*	*	*	*	*	*	*	*	*	*	*	*	N
0.0000	FCC17U2ACXX:3:1101:18182:31404#ACTGTTCC/ab=1/	*	*	*	*	*	*	*	*	*	*	*	*	*	*	N
0.0000	FCC17U2ACXX:3:1101:11047:27534#ACTGTTCC/ab=1/	*	*	*	*	*	*	*	*	*	*	*	*	*	*	N
0.0573	FCC17U2ACXX:3:1101:14267:7555#ACTGTTCC/ab=1/	FCC17U2ACXX:3:1101:2159:76130#ACTGTTCC/ab=2/	FCC17U2ACXX:3:1101:7107:60799#ACTGTTCC/ab=4/	96.5	93.0	89.5	84.2	90.2	5	1	1	2	0	0	3.77	N
0.0000	FCC17U2ACXX:3:1101:3733:67200#ACTGTTCC/ab=1/	*	*	*	*	*	*	*	*	*	*	*	*	*	*	N
0.0000	FCC17U2ACXX:3:1101:4900:10183#ACTGTTCC/ab=1/	*	*	*	*	*	*	*	*	*	*	*	*	*	*	N
0.0231	FCC17U2ACXX:3:1101:1450:34643#ACTGTTCC/ab=1/	FCC17U2ACXX:3:1101:4999:82297#ACTGTTCC/ab=2/	FCC17U2ACXX:3:1101:8695:79519#ACTGTTCC/ab=2/	65.4	61.5	61.5	50.0	64.3	2	0	0	8	7	12	6.25	N
0.0000	FCC17U2ACXX:3:1102:6480:2644#ACTGTTCC/ab=1/	*	*	*	*	*	*	*	*	*	*	*	*	*	*	N
0.0189	FCC17U2ACXX:3:1101:12989:40359#ACTGTTCC/ab=1/	FCC17U2ACXX:3:1101:14136:54854#ACTGTTCC/ab=4/	FCC17U2ACXX:3:1102:16920:19519#ACTGTTCC/ab=33/	98.2	94.6	96.4	94.6	96.7	1	0	0	2	0	1	1.85	N
0.0000	FCC17U2ACXX:3:1102:20823:3556#ACTGTTCC/ab=1/	*	*	*	*	*	*	*	*	*	*	*	*	*	*	N
0.0000	FCC17U2ACXX:3:1101:4453:13201#ACTGTTCC/ab=1/	*	*	*	*	*	*	*	*	*	*	*	*	*	*	N
0.0000	FCC17U2ACXX:3:1101:14994:97417#ACTGTTCC/ab=1/	*	*	*	*	*	*	*	*	*	*	*	*	*	*	N
0.0785	FCC17U2ACXX:3:1101:1323:25422#ACTGTTCC/ab=1/	FCC17U2ACXX:3:1101:13449:95218#ACTGTTCC/ab=2/	FCC17U2ACXX:3:1102:16920:19519#ACTGTTCC/ab=33/	75.9	70.4	64.8	61.1	71.2	6	0	2	10	7	6	7.89	N
0.0562	FCC17U2ACXX:3:1101:14663:71645#ACTGTTCC/ab=1/	FCC17U2ACXX:3:1102:12274:15939#ACTGTTCC/ab=2/	FCC17U2ACXX:3:1102:8421:17938#ACTGTTCC/ab=2/	90.0	85.0	83.3	85.0	87.5	3	0	0	4	1	5	5.88	N
0.0316	FCC17U2ACXX:3:1101:12476:49921#ACTGTTCC/ab=1/	FCC17U2ACXX:3:1102:8910:4842#ACTGTTCC/ab=2/	FCC17U2ACXX:3:1101:15295:80494#ACTGTTCC/ab=3/	92.9	89.3	89.3	85.7	90.0	2	0	0	4	2	2	4.00	N
0.0000	FCC17U2ACXX:3:1101:11978:21158#ACTGTTCC/ab=1/	*	*	*	*	*	*	*	*	*	*	*	*	*	*	N
0.0267	FCC17U2ACXX:3:1101:13788:89889#ACTGTTCC/ab=1/	FCC17U2ACXX:3:1102:7938:8858#ACTGTTCC/ab=7/	FCC17U2ACXX:3:1101:13386:68358#ACTGTTCC/ab=2/	78.2	63.6	76.4	69.1	74.6	1	0	0	12	4	8	2.38	N
0.0885	FCC17U2ACXX:3:1101:11793:31156#ACTGTTCC/ab=1/	FCC17U2ACXX:3:1101:3348:76722#ACTGTTCC/ab=2/	FCC17U2ACXX:3:1102:12330:19275#ACTGTTCC/ab=2/	78.6	73.2	67.9	53.6	74.6	5	0	1	12	7	4	7.32	N
0.0278	FCC17U2ACXX:3:1101:5431:16786#ACTGTTCC/ab=1/	FCC17U2ACXX:3:1101:2159:76130#ACTGTTCC/ab=2/	FCC17U2ACXX:3:1102:2182:15545#ACTGTTCC/ab=3/	78.2	70.9	69.1	56.4	73.3	4	2	2	10	5	11	10.26	N
0.0000	FCC17U2ACXX:3:1101:5743:74915#ACTGTTCC/ab=1/	*	*	*	*	*	*	*	*	*	*	*	*	*	*	N
0.0000	FCC17U2ACXX:3:1101:18498:89725#ACTGTTCC/ab=1/	FCC17U2ACXX:3:1102:14737:16789#ACTGTTCC/ab=2/	FCC17U2ACXX:3:1102:14308:12477#ACTGTTCC/ab=2/	73.2	69.6	71.4	82.1	71.7	0	0	0	3	1	14	2.50	N
0.0000	FCC17U2ACXX:3:1101:15655:77969#ACTGTTCC/ab=1/	*	*	*	*	*	*	*	*	*	*	*	*	*	*	N
0.0220	FCC17U2ACXX:3:1101:2244:62321#ACTGTTCC/ab=1/	FCC17U2ACXX:3:1101:3396:97849#ACTGTTCC/ab=3/	FCC17U2ACXX:3:1101:13371:89911#ACTGTTCC/ab=2/	81.8	72.7	80.0	89.1	80.0	1	0	0	6	1	11	2.27	N
0.1101	FCC17U2ACXX:3:1101:2994:6428#ACTGTTCC/ab=1/	FCC17U2ACXX:3:1102:7938:8858#ACTGTTCC/ab=7/	FCC17U2ACXX:3:1101:13386:68358#ACTGTTCC/ab=2/	81.1	67.9	75.5	67.9	74.6	3	0	0	10	1	11	7.50	N
0.0000	FCC17U2ACXX:3:1101:16798:11849#ACTGTTCC/ab=1/	*	*	*	*	*	*	*	*	*	*	*	*	*	*	N
0.1308	FCC17U2ACXX:3:1101:8045:62100#ACTGTTCC/ab=1/	FCC17U2ACXX:3:1101:15964:68602#ACTGTTCC/ab=3/	FCC17U2ACXX:3:1101:7282:24884#ACTGTTCC/ab=2/	80.8	67.3	69.2	51.9	68.4	10	5	4	12	1	2	16.67	N
0.0000	FCC17U2ACXX:3:1101:4527:76886#ACTGTTCC/ab=1/	*	*	*	*	*	*	*	*	*	*	*	*	*	*	N
0.0270	FCC17U2ACXX:3:1102:17354:7757#ACTGTTCC/ab=1/	FCC17U2ACXX:3:1102:9995:14971#ACTGTTCC/ab=3/	FCC17U2ACXX:3:1102:17953:18158#ACTGTTCC/ab=5/	85.4	81.2	70.8	60.4	70.2	11	7	14	3	1	0	5.13	N
0.0345	FCC17U2ACXX:3:1101:2515:64698#ACTGTTCC/ab=1/	FCC17U2ACXX:3:1101:4984:78397#ACTGTTCC/ab=2/	FCC17U2ACXX:3:1101:9352:81033#ACTGTTCC/ab=4/	90.0	85.0	85.0	80.0	87.5	2	0	1	5	2	3	5.88	N
0.0000	FCC17U2ACXX:3:1101:8670:43036#ACTGTTCC/ab=1/	*	*	*	*	*	*	*	*	*	*	*	*	*	*	N
0.0000	FCC17U2ACXX:3:1101:8798:92521#ACTGTTCC/ab=1/	*	*	*	*	*	*	*	*	*	*	*	*	*	*	N
0.0000	FCC17U2ACXX:3:1101:4228:91977#ACTGTTCC/ab=1/	*	*	*	*	*	*	*	*	*	*	*	*	*	*	N
0.0000	FCC17U2ACXX:3:1101:17216:65833#ACTGTTCC/ab=1/	*	*	*	*	*	*	*	*	*	*	*	*	*	*	N
0.0189	FCC17U2ACXX:3:1101:9880:70651#ACTGTTCC/ab=1/	FCC17U2ACXX:3:1101:13046:98482#ACTGTTCC/ab=2/	FCC17U2ACXX:3:1102:7050:11094#ACTGTTCC/ab=2/	85.0	80.0	81.7	78.3	82.8	2	1	1	5	2	6	4.08	N
0.0000	FCC17U2ACXX:3:1101:3541:87513#ACTGTTCC/ab=1/	*	*	*	*	*	*	*	*	*	*	*	*	*	*	N
0.0000	FCC17U2ACXX:3:1101:8530:74628#ACTGTTCC/ab=1/	*	*	*	*	*	*	*	*	*	*	*	*	*	*	N
0.0534	FCC17U2ACXX:3:1102:6488:2227#ACTGTTCC/ab=1/	FCC17U2ACXX:3:1102:9995:14971#ACTGTTCC/ab=3/	FCC17U2ACXX:3:1102:6872:11321#ACTGTTCC/ab=2/	81.1	71.7	75.5	54.7	75.0	9	6	5	6	1	1	7.50	N
0.0486	FCC17U2ACXX:3:1101:12601:98823#ACTGTTCC/ab=1/	FCC17U2ACXX:3:1101:15295:80494#ACTGTTCC/ab=3/	FCC17U2ACXX:3:1102:14737:16789#ACTGTTCC/ab=2/	98.2	94.6	92.9	87.5	96.7	4	1	0	2	0	0	3.77	N
0.0000	FCC17U2ACXX:3:1101:11431:84430#ACTGTTCC/ab=1/	*	*	*	*	*	*	*	*	*	*	*	*	*	*	N
0.0000	FCC17U2ACXX:3:1101:15532:19880#ACTGTTCC/ab=1/	*	*	*	*	*	*	*	*	*	*	*	*	*	*	N
0.0000	FCC17U2ACXX:3:1102:1873:12681#ACTGTTCC/ab=1/	*	*	*	*	*	*	*	*	*	*	*	*	*	*	N
0.0182	FCC17U2ACXX:3:1101:8873:49675#ACTGTTCC/ab=1/	FCC17U2ACXX:3:1101:8605:99464#ACTGTTCC/ab=2/	FCC17U2ACXX:3:1101:4724:31087#ACTGTTCC/ab=2/	82.5	73.7	78.9	75.4	80.3	1	0	4	7	2	4	4.44	N
0.0000	FCC17U2ACXX:3:1101:13936:71595#ACTGTTCC/ab=1/	*	*	*	*	*	*	*	*	*	*	*	*	*	*	N
0.0000	FCC17U2ACXX:3:1101:17957:52242#ACTGTTCC/ab=1/	*	*	*	*	*	*	*	*	*	*	*	*	*	*	N
0.0000	FCC17U2ACXX:3:1101:19257:39104#ACTGTTCC/ab=1/	*	*	*	*	*	*	*	*	*	*	*	*	*	*	N
0.0000	FCC17U2ACXX:3:1102:8111:5193#ACTGTTCC/ab=1/	*	*	*	*	*	*	*	*	*	*	*	*	*	*	N
0.0000	FCC17U2ACXX:3:1102:10314:2647#ACTGTTCC/ab=1/	*	*	*	*	*	*	*	*	*	*	*	*	*	*	N
0.0308	FCC17U2ACXX:3:1101:18608:34149#ACTGTTCC/ab=1/	FCC17U2ACXX:3:1101:7282:24884#ACTGTTCC/ab=2/	FCC17U2ACXX:3:1101:7107:60799#ACTGTTCC/ab=4/	75.0	67.3	65.4	46.2	67.8	7	4	2	11	7	4	14.29	N
0.0936	FCC17U2ACXX:3:1101:20856:15844#ACTGTTCC/ab=1/	FCC17U2ACXX:3:1101:5518:71567#ACTGTTCC/ab=2/	FCC17U2ACXX:3:1101:2159:76130#ACTGTTCC/ab=2/	94.5	67.3	90.9	63.6	91.8	1	0	1	18	1	1	4.00	N
0.0000	FCC17U2ACXX:3:1101:14510:57303#ACTGTTCC/ab=1/	*	*	*	*	*	*	*	*	*	*	*	*	*	*	N
0.0000	FCC17U2ACXX:3:1101:20975:39597#ACTGTTCC/ab=1/	*	*	*	*	*	*	*	*	*	*	*	*	*	*	N
0.0000	FCC17U2ACXX:3:1101:14372:67580#ACTGTTCC/ab=1/	*	*	*	*	*	*	*	*	*	*	*	*	*	*	N
0.0000	FCC17U2ACXX:3:1102:18644:10450#ACTGTTCC/ab=1/	*	*	*	*	*	*	*	*	*	*	*	*	*	*	N
0.0000	FCC17U2ACXX:3:1101:4247:15064#ACTGTTCC/ab=1/	*	*	*	*	*	*	*	*	*	*	*	*	*	*	N
0.0373	FCC17U2ACXX:3:1101:2174:81459#ACTGTTCC/ab=1/	FCC17U2ACXX:3:1101:15822:75660#ACTGTTCC/ab=2/	FCC17U2ACXX:3:1102:6931:2955#ACTGTTCC/ab=4/	83.9	78.6	78.6	76.8	80.0	5	2	2	4	1	4	6.82	N
0.0000	FCC17U2ACXX:3:1101:19528:77906#ACTGTTCC/ab=1/	*	*	*	*	*	*	*	*	*	*	*	*	*	*	N
0.0000	FCC17U2ACXX:3:1101:13212:21896#ACTGTTCC/ab=1/	*	*	*	*	*	*	*	*	*	*	*	*	*	*	N
0.0000	FCC17U2ACXX:3:1101:14969:49328#ACTGTTCC/ab=1/	*	*	*	*	*	*	*	*	*	*	*	*	*	*	N
0.0000	FCC17U2ACXX:3:1101:8785:71885#ACTGTTCC/ab=1/	*	*	*	*	*	*	*	*	*	*	*	*	*	*	N
0.0195	FCC17U2ACXX:3:1101:7874:23239#ACTGTTCC/ab=1/	FCC17U2ACXX:3:1101:4724:31087#ACTGTTCC/ab=2/	FCC17U2ACXX:3:1102:19415:17383#ACTGTTCC/ab=2/	64.4	60.0	53.3	42.2	60.7	8	3	5	10	14	7	7.41	N
0.0000	FCC17U2ACXX:3:1101:11361:88209#ACTGTTCC/ab=1/	*	*	*	*	*	*	*	*	*	*	*	*	*	*	N
0.0718	FCC17U2ACXX:3:1102:13419:15063#ACTGTTCC/ab=1/	FCC17U2ACXX:3:1101:17046:40548#ACTGTTCC/ab=2/	FCC17U2ACXX:3:1101:8545:61860#ACTGTTCC/ab=2/	86.0	70.2	82.5	63.2	82.0	3	1	0	14	3	4	4.26	N
0.0028	FCC17U2ACXX:3:1102:2596:10475#ACTGTTCC/ab=1/	FCC17U2ACXX:3:1101:3348:76722#ACTGTTCC/ab=2/	FCC17U2ACXX:3:1102:18783:17013#ACTGTTCC/ab=2/	64.0	60.0	60.0	32.0	55.9	6	14	1	2	4	1	13.33	N
0.0000	FCC17U2ACXX:3:1101:6006:34076#ACTGTTCC/ab=1/	*	*	*	*	*	*	*	*	*	*	*	*	*	*	N
0.0000	FCC17U2ACXX:3:1101:4494:81949#ACTGTTCC/ab=1/	*	*	*	*	*	*	*	*	*	*	*	*	*	*	N
0.0000	FCC17U2ACXX:3:1101:18582:17753#ACTGTTCC/ab=1/	*	*	*	*	*	*	*	*	*	*	*	*	*	*	N
0.0000	FCC17U2ACXX:3:1101:15425:12193#ACTGTTCC/ab=1/	*	*	*	*	*	*	*	*	*	*	*	*	*	*	N
0.0000	FCC17U2ACXX:3:1101:7639:66990#ACTGTTCC/ab=1/	*	*	*	*	*	*	*	*	*	*	*	*	*	*	N
0.0000	FCC17U2ACXX:3:1102:7831:4895#ACTGTTCC/ab=1/	*	*	*	*	*	*	*	*	*	*	*	*	*	*	N
0.0387	FCC17U2ACXX:3:1102:2390:4189#ACTGTTCC/ab=1/	FCC17U2ACXX:3:1101:12294:85723#ACTGTTCC/ab=2/	FCC17U2ACXX:3:1101:5047:73646#ACTGTTCC/ab=2/	78.4	62.2	70.3	59.5	66.7	8	14	7	6	0	1	11.54	N
0.0000	FCC17U2ACXX:3:1101:19092:5271#ACTGTTCC/ab=1/	*	*	*	*	*	*	*	*	*	*	*	*	*	*	N
0.0000	FCC17U2ACXX:3:1101:7072:87010#ACTGTTCC/ab=1/	*	*	*	*	*	*	*	*	*	*	*	*	*	*	N
0.0684	FCC17U2ACXX:3:1101:16544:3502#ACTGTTCC/ab=1/	FCC17U2ACXX:3:1101:12948:31201#ACTGTTCC/ab=2/	FCC17U2ACXX:3:1102:10279:19387#ACTGTTCC/ab=2/	75.0	57.1	69.6	64.3	71.7	2	0	0	12	2	12	7.69	N
0.0000	FCC17U2ACXX:3:1102:20777:19603#ACTGTTCC/ab=1/	*	*	*	*	*	*	*	*	*	*	*	*	*	*	N
0.0231	FCC17U2ACXX:3:1101:15701:46354#ACTGTTCC/ab=1/	FCC17U2ACXX:3:1102:11076:14984#ACTGTTCC/ab=3/	FCC17U2ACXX:3:1101:9755:60813#ACTGTTCC/ab=2/	74.5	64.7	70.6	60.8	67.2	2	1	0	17	10	8	5.56	N
0.0931	FCC17U2ACXX:3:1101:16524:44162#ACTGTTCC/ab=1/	FCC17U2ACXX:3:1101:8833:69336#ACTGTTCC/ab=2/	FCC17U2ACXX:3:1102:10279:19387#ACTGTTCC/ab=2/	83.9	76.8	73.2	57.1	78.3	5	0	0	10	6	3	9.30	N
0.0000	FCC17U2ACXX:3:1101:11013:61443#ACTGTTCC/ab=1/	*	*	*	*	*	*	*	*	*	*	*	*	*	*	N
0.0435	FCC17U2ACXX:3:1102:12337:14186#ACTGTTCC/ab=1/	FCC17U2ACXX:3:1101:17046:40548#ACTGTTCC/ab=2/	FCC17U2ACXX:3:1101:13449:95218#ACTGTTCC/ab=2/	66.1	60.7	58.9	48.2	62.7	3	0	3	15	9	8	8.82	N
0.0000	FCC17U2ACXX:3:1101:19623:71496#ACTGTTCC/ab=1/	*	*	*	*	*	*	*	*	*	*	*	*	*	*	N
0.0000	FCC17U2ACXX:3:1101:9400:33766#ACTGTTCC/ab=1/	*	*	*	*	*	*	*	*	*	*	*	*	*	*	N
0.0157	FCC17U2ACXX:3:1101:1386:13152#ACTGTTCC/ab=1/	FCC17U2ACXX:3:1101:3594:87672#ACTGTTCC/ab=2/	FCC17U2ACXX:3:1101:3348:76722#ACTGTTCC/ab=2/	94.5	90.9	92.7	94.5	91.5	1	0	1	2	0	2	1.96	N
0.0000	FCC17U2ACXX:3:1101:13983:44434#ACTGTTCC/ab=1/	*	*	*	*	*	*	*	*	*	*	*	*	*	*	N
0.0244	FCC17U2ACXX:3:1102:4553:12073#ACTGTTCC/ab=1/	FCC17U2ACXX:3:1101:3584:39916#ACTGTTCC/ab=2/	FCC17U2ACXX:3:1102:9995:14971#ACTGTTCC/ab=3/	66.7	64.8	61.1	55.6	61.0	2	0	0	10	9	11	2.86	N
0.0000	FCC17U2ACXX:3:1101:7680:88937#ACTGTTCC/ab=1/	*	*	*	*	*	*	*	*	*	*	*	*	*	*	N
0.0000	FCC17U2ACXX:3:1101:3732:9668#ACTGTTCC/ab=1/	*	*	*	*	*	*	*	*	*	*	*	*	*	*	N
0.0104	FCC17U2ACXX:3:1101:9751:81253#ACTGTTCC/ab=1/	FCC17U2ACXX:3:1101:12661:80838#ACTGTTCC/ab=2/	FCC17U2ACXX:3:1101:8545:61860#ACTGTTCC/ab=2/	83.0	62.3	81.1	50.9	81.4	1	2	1	16	7	3	2.33	N
0.0000	FCC17U2ACXX:3:1101:19871:21647#ACTGTTCC/ab=1/	*	*	*	*	*	*	*	*	*	*	*	*	*	*	N
0.0000	FCC17U2ACXX:3:1101:13019:43785#ACTGTTCC/ab=1/	*	*	*	*	*	*	*	*	*	*	*	*	*	*	N
0.0000	FCC17U2ACXX:3:1101:8338:95836#ACTGTTCC/ab=1/	*	*	*	*	*	*	*	*	*	*	*	*	*	*	N
0.0663	FCC17U2ACXX:3:1101:20567:31792#ACTGTTCC/ab=1/	FCC17U2ACXX:3:1101:5053:73923#ACTGTTCC/ab=4/	FCC17U2ACXX:3:1102:19596:16018#ACTGTTCC/ab=4/	79.2	67.9	71.7	62.3	70.2	3	0	0	11	5	6	10.53	N
0.0086	FCC17U2ACXX:3:1101:16182:7112#ACTGTTCC/ab=1/	FCC17U2ACXX:3:1101:13371:89911#ACTGTTCC/ab=2/	FCC17U2ACXX:3:1101:12294:85723#ACTGTTCC/ab=2/	96.4	94.6	94.6	96.4	93.3	1	0	1	1	0	1	1.89	N
0.0000	FCC17U2ACXX:3:1102:13670:7125#ACTGTTCC/ab=1/	*	*	*	*	*	*	*	*	*	*	*	*	*	*	N
0.0000	FCC17U2ACXX:3:1102:16730:13787#ACTGTTCC/ab=1/	*	*	*	*	*	*	*	*	*	*	*	*	*	*	N
0.0000	FCC17U2ACXX:3:1101:19981:47831#ACTGTTCC/ab=1/	*	*	*	*	*	*	*	*	*	*	*	*	*	*	N
0.0000	FCC17U2ACXX:3:1101:19313:97707#ACTGTTCC/ab=1/	*	*	*	*	*	*	*	*	*	*	*	*	*	*	N
0.0000	FCC17U2ACXX:3:1102:16693:18369#ACTGTTCC/ab=1/	*	*	*	*	*	*	*	*	*	*	*	*	*	*	N
0.0186	FCC17U2ACXX:3:1101:4968:76095#ACTGTTCC/ab=1/	FCC17U2ACXX:3:1101:15822:75660#ACTGTTCC/ab=2/	FCC17U2ACXX:3:1102:2034:9142#ACTGTTCC/ab=3/	82.4	76.5	76.5	70.6	75.0	3	1	3	6	5	4	7.69	N
0.0000	FCC17U2ACXX:3:1101:4976:43223#ACTGTTCC/ab=1/	*	*	*	*	*	*	*	*	*	*	*	*	*	*	N
0.0000	FCC17U2ACXX:3:1102:1639:3396#ACTGTTCC/ab=1/	*	*	*	*	*	*	*	*	*	*	*	*	*	*	N
0.0000	FCC17U2ACXX:3:1101:14213:86759#ACTGTTCC/ab=1/	*	*	*	*	*	*	*	*	*	*	*	*	*	*	N
0.0201	FCC17U2ACXX:3:1101:9620:14578#ACTGTTCC/ab=1/	FCC17U2ACXX:3:1101:12948:31201#ACTGTTCC/ab=2/	FCC17U2ACXX:3:1102:6872:11321#ACTGTTCC/ab=2/	76.8	73.2	71.4	69.6	73.3	4	2	7	4	2	2	4.88	N
0.0301	FCC17U2ACXX:3:1102:1389:3971#ACTGTTCC/ab=1/	FCC17U2ACXX:3:1101:12598:83926#ACTGTTCC/ab=2/	FCC17U2ACXX:3:1101:9352:81033#ACTGTTCC/ab=4/	91.7	85.0	90.0	81.7	90.6	2	1	0	5	1	3	1.85	N
0.0000	FCC17U2ACXX:3:1102:14941:11693#ACTGTTCC/ab=1/	*	*	*	*	*	*	*	*	*	*	*	*	*	*	N
0.0000	FCC17U2ACXX:3:1102:20555:3341#ACTGTTCC/ab=1/	*	*	*	*	*	*	*	*	*	*	*	*	*	*	N
0.0000	FCC17U2ACXX:3:1101:2671:64452#ACTGTTCC/ab=1/	*	*	*	*	*	*	*	*	*	*	*	*	*	*	N
0.0937	FCC17U2ACXX:3:1101:17692:51525#ACTGTTCC/ab=1/	FCC17U2ACXX:3:1102:5194:7991#ACTGTTCC/ab=2/	FCC17U2ACXX:3:1101:18596:82424#ACTGTTCC/ab=2/	100.0	85.0	98.3	83.3	98.4	1	0	0	9	0	0	1.69	N
0.0449	FCC17U2ACXX:3:1101:17873:71447#ACTGTTCC/ab=1/	FCC17U2ACXX:3:1101:12661:80838#ACTGTTCC/ab=2/	FCC17U2ACXX:3:1101:8605:99464#ACTGTTCC/ab=2/	56.5	47.8	50.0	30.4	47.5	11	10	11	4	0	1	17.39	N
0.0547	FCC17U2ACXX:3:1102:7414:9129#ACTGTTCC/ab=1/	FCC17U2ACXX:3:1102:11076:14984#ACTGTTCC/ab=3/	FCC17U2ACXX:3:1101:3348:76722#ACTGTTCC/ab=2/	80.0	69.1	74.5	58.2	71.2	2	0	0	12	4	7	7.32	N
0.0000	FCC17U2ACXX:3:1101:21048:82577#ACTGTTCC/ab=1/	*	*	*	*	*	*	*	*	*	*	*	*	*	*	N
0.0152	FCC17U2ACXX:3:1102:6815:17845#ACTGTTCC/ab=1/	FCC17U2ACXX:3:1101:5053:73923#ACTGTTCC/ab=4/	FCC17U2ACXX:3:1101:7282:24884#ACTGTTCC/ab=2/	62.3	50.9	58.5	62.3	61.4	1	0	1	8	3	18	6.45	N
0.0183	FCC17U2ACXX:3:1102:9863:8111#ACTGTTCC/ab=1/	FCC17U2ACXX:3:1102:2884:14535#ACTGTTCC/ab=2/	FCC17U2ACXX:3:1101:12661:80838#ACTGTTCC/ab=2/	63.6	63.6	52.7	52.7	63.3	10	4	8	3	3	5	2.86	N
0.0000	FCC17U2ACXX:3:1101:15548:63460#ACTGTTCC/ab=1/	*	*	*	*	*	*	*	*	*	*	*	*	*	*	N
0.1132	FCC17U2ACXX:3:1101:13463:56911#ACTGTTCC/ab=1/	FCC17U2ACXX:3:1101:2159:76130#ACTGTTCC/ab=2/	FCC17U2ACXX:3:1101:8782:35040#ACTGTTCC/ab=2/	87.3	85.5	72.7	61.8	86.4	7	0	1	8	5	1	2.13	N
0.0000	FCC17U2ACXX:3:1101:4874:34538#ACTGTTCC/ab=1/	*	*	*	*	*	*	*	*	*	*	*	*	*	*	N
0.0088	FCC17U2ACXX:3:1101:4496:12528#ACTGTTCC/ab=1/	FCC17U2ACXX:3:1102:2421:4724#ACTGTTCC/ab=2/	FCC17U2ACXX:3:1102:19415:17383#ACTGTTCC/ab=2/	91.7	88.3	90.0	91.7	90.6	1	1	1	2	0	3	1.85	N
0.0000	FCC17U2ACXX:3:1101:10697:84673#ACTGTTCC/ab=1/	*	*	*	*	*	*	*	*	*	*	*	*	*	*	N
0.0000	FCC17U2ACXX:3:1101:10351:53335#ACTGTTCC/ab=1/	*	*	*	*	*	*	*	*	*	*	*	*	*	*	N
0.0000	FCC17U2ACXX:3:1101:6803:82384#ACTGTTCC/ab=1/	*	*	*	*	*	*	*	*	*	*	*	*	*	*	N
0.0000	FCC17U2ACXX:3:1101:16994:86450#ACTGTTCC/ab=1/	*	*	*	*	*	*	*	*	*	*	*	*	*	*	N
0.0161	FCC17U2ACXX:3:1101:2015:39409#ACTGTTCC/ab=1/	FCC17U2ACXX:3:1102:6931:2955#ACTGTTCC/ab=4/	FCC17U2ACXX:3:1102:10279:19387#ACTGTTCC/ab=2/	72.7	61.8	69.1	56.4	66.1	1	0	1	13	8	9	5.26	N
0.0579	FCC17U2ACXX:3:1102:14481:19828#ACTGTTCC/ab=1/	FCC17U2ACXX:3:1102:8910:4842#ACTGTTCC/ab=2/	FCC17U2ACXX:3:1101:2936:84307#ACTGTTCC/ab=2/	66.1	58.9	60.7	67.9	62.9	3	0	1	11	4	15	8.82	N
0.0459	FCC17U2ACXX:3:1101:10432:84142#ACTGTTCC/ab=1/	FCC17U2ACXX:3:1101:8640:82135#ACTGTTCC/ab=2/	FCC17U2ACXX:3:1101:5876:71022#ACTGTTCC/ab=2/	60.3	53.4	51.7	51.7	53.4	6	1	3	8	4	15	12.90	N
0.0000	FCC17U2ACXX:3:1101:14823:35194#ACTGTTCC/ab=1/	*	*	*	*	*	*	*	*	*	*	*	*	*	*	N
0.0121	FCC17U2ACXX:3:1101:18265:38562#ACTGTTCC/ab=1/	FCC17U2ACXX:3:1102:8910:4842#ACTGTTCC/ab=2/	FCC17U2ACXX:3:1102:6931:2955#ACTGTTCC/ab=4/	98.2	96.4	94.6	91.1	96.7	1	0	0	2	1	0	1.85	N
0.1021	FCC17U2ACXX:3:1101:12136:24858#ACTGTTCC/ab=1/	FCC17U2ACXX:3:1101:3588:48684#ACTGTTCC/ab=2/	FCC17U2ACXX:3:1102:12403:15327#ACTGTTCC/ab=2/	86.7	78.3	78.3	68.3	79.7	5	0	1	9	4	3	10.64	N
0.0000	FCC17U2ACXX:3:1101:9603:14948#ACTGTTCC/ab=1/	*	*	*	*	*	*	*	*	*	*	*	*	*	*	N
0.0653	FCC17U2ACXX:3:1101:16257:67412#ACTGTTCC/ab=1/	FCC17U2ACXX:3:1102:10279:19387#ACTGTTCC/ab=2/	FCC17U2ACXX:3:1102:8910:4842#ACTGTTCC/ab=2/	72.2	64.8	59.3	55.6	66.1	9	2	11	5	1	3	11.43	N
0.0000	FCC17U2ACXX:3:1101:4509:31608#ACTGTTCC/ab=1/	*	*	*	*	*	*	*	*	*	*	*	*	*	*	N
0.0833	FCC17U2ACXX:3:1102:4059:16690#ACTGTTCC/ab=1/	FCC17U2ACXX:3:1102:8910:4842#ACTGTTCC/ab=2/	FCC17U2ACXX:3:1101:3118:54691#ACTGTTCC/ab=2/	100.0	85.7	98.2	83.9	98.3	1	0	0	8	0	0	1.82	N
0.0195	FCC17U2ACXX:3:1101:19498:53913#ACTGTTCC/ab=1/	FCC17U2ACXX:3:1102:2421:4724#ACTGTTCC/ab=2/	FCC17U2ACXX:3:1102:12403:15327#ACTGTTCC/ab=2/	75.9	74.1	64.8	70.4	75.9	11	5	7	2	1	5	2.50	N
0.0471	FCC17U2ACXX:3:1101:11813:22441#ACTGTTCC/ab=1/	FCC17U2ACXX:3:1101:7107:60799#ACTGTTCC/ab=4/	FCC17U2ACXX:3:1101:2159:76130#ACTGTTCC/ab=2/	94.7	84.2	93.0	84.2	90.2	1	0	1	6	0	2	1.89	N
0.0022	FCC17U2ACXX:3:1101:18890:7668#ACTGTTCC/ab=1/	FCC17U2ACXX:3:1101:15295:80494#ACTGTTCC/ab=3/	FCC17U2ACXX:3:1101:12948:31201#ACTGTTCC/ab=2/	94.6	87.5	92.9	83.9	93.3	1	4	1	2	2	0	1.92	N
0.0202	FCC17U2ACXX:3:1101:2049:59481#ACTGTTCC/ab=1/	FCC17U2ACXX:3:1101:2159:76130#ACTGTTCC/ab=2/	FCC17U2ACXX:3:1101:4724:31087#ACTGTTCC/ab=2/	79.2	77.4	60.4	58.5	72.1	15	7	10	1	0	1	2.44	N
0.0335	FCC17U2ACXX:3:1101:12352:59582#ACTGTTCC/ab=1/	FCC17U2ACXX:3:1101:4724:31087#ACTGTTCC/ab=2/	FCC17U2ACXX:3:1101:8605:99464#ACTGTTCC/ab=2/	87.7	87.7	75.4	75.4	88.5	8	1	1	2	2	3	2.00	N
0.0000	FCC17U2ACXX:3:1101:11652:41555#ACTGTTCC/ab=1/	*	*	*	*	*	*	*	*	*	*	*	*	*	*	N
0.0086	FCC17U2ACXX:3:1101:3842:10108#ACTGTTCC/ab=1/	FCC17U2ACXX:3:1102:2884:14535#ACTGTTCC/ab=2/	FCC17U2ACXX:3:1102:16920:19519#ACTGTTCC/ab=33/	96.4	94.6	94.6	96.4	95.0	1	0	1	1	0	1	1.89	N
0.0000	FCC17U2ACXX:3:1101:6601:71904#ACTGTTCC/ab=1/	*	*	*	*	*	*	*	*	*	*	*	*	*	*	N
0.0555	FCC17U2ACXX:3:1102:18521:19765#ACTGTTCC/ab=1/	FCC17U2ACXX:3:1102:8910:4842#ACTGTTCC/ab=2/	FCC17U2ACXX:3:1101:4984:78397#ACTGTTCC/ab=2/	72.7	58.2	67.3	45.5	64.1	11	10	6	9	1	4	8.11	N
0.1076	FCC17U2ACXX:3:1102:18957:15189#ACTGTTCC/ab=1/	FCC17U2ACXX:3:1101:2159:76130#ACTGTTCC/ab=2/	FCC17U2ACXX:3:1101:5518:71567#ACTGTTCC/ab=2/	92.7	89.1	63.6	63.6	88.5	18	1	1	2	1	2	4.08	N
0.0000	FCC17U2ACXX:3:1101:9962:83959#ACTGTTCC/ab=1/	*	*	*	*	*	*	*	*	*	*	*	*	*	*	N
0.0000	FCC17U2ACXX:3:1101:14595:71848#ACTGTTCC/ab=1/	*	*	*	*	*	*	*	*	*	*	*	*	*	*	N
0.0000	FCC17U2ACXX:3:1101:7399:12577#ACTGTTCC/ab=1/	*	*	*	*	*	*	*	*	*	*	*	*	*	*	N
0.0747	FCC17U2ACXX:3:1101:9577:54234#ACTGTTCC/ab=1/	FCC17U2ACXX:3:1101:14763:84103#ACTGTTCC/ab=2/	FCC17U2ACXX:3:1101:17046:40548#ACTGTTCC/ab=2/	81.5	63.0	74.1	48.1	72.6	8	3	1	13	4	6	10.00	N
0.0059	FCC17U2ACXX:3:1101:16824:78231#ACTGTTCC/ab=1/	FCC17U2ACXX:3:1102:19415:17383#ACTGTTCC/ab=2/	FCC17U2ACXX:3:1102:2421:4724#ACTGTTCC/ab=2/	84.7	81.4	83.1	88.1	84.1	2	3	5	2	1	2	2.04	N
0.0138	FCC17U2ACXX:3:1101:4794:93727#ACTGTTCC/ab=1/	FCC17U2ACXX:3:1102:12274:15939#ACTGTTCC/ab=2/	FCC17U2ACXX:3:1102:5194:7991#ACTGTTCC/ab=2/	91.7	90.0	88.3	81.7	90.6	2	1	0	3	2	2	1.85	N
0.0000	FCC17U2ACXX:3:1101:4297:67075#ACTGTTCC/ab=1/	*	*	*	*	*	*	*	*	*	*	*	*	*	*	N
0.0000	FCC17U2ACXX:3:1101:18657:69040#ACTGTTCC/ab=1/	*	*	*	*	*	*	*	*	*	*	*	*	*	*	N
0.0000	FCC17U2ACXX:3:1101:14950:59119#ACTGTTCC/ab=1/	*	*	*	*	*	*	*	*	*	*	*	*	*	*	N
0.0000	FCC17U2ACXX:3:1101:8669:51054#ACTGTTCC/ab=1/	*	*	*	*	*	*	*	*	*	*	*	*	*	*	N
0.0209	FCC17U2ACXX:3:1101:1456:43921#ACTGTTCC/ab=1/	FCC17U2ACXX:3:1101:9755:60813#ACTGTTCC/ab=2/	FCC17U2ACXX:3:1101:17890:91328#ACTGTTCC/ab=2/	73.7	60.5	65.8	63.2	73.7	2	0	1	14	15	9	12.00	N
0.0000	FCC17U2ACXX:3:1101:7259:41445#ACTGTTCC/ab=1/	*	*	*	*	*	*	*	*	*	*	*	*	*	*	N
0.0085	FCC17U2ACXX:3:1101:12957:86228#ACTGTTCC/ab=1/	FCC17U2ACXX:3:1101:13386:68358#ACTGTTCC/ab=2/	FCC17U2ACXX:3:1101:3348:76722#ACTGTTCC/ab=2/	77.8	72.2	75.9	77.8	74.6	1	1	0	6	3	11	2.44	N
0.0000	FCC17U2ACXX:3:1101:15281:20680#ACTGTTCC/ab=1/	*	*	*	*	*	*	*	*	*	*	*	*	*	*	N
0.0000	FCC17U2ACXX:3:1102:6842:15732#ACTGTTCC/ab=1/	*	*	*	*	*	*	*	*	*	*	*	*	*	*	N
0.0000	FCC17U2ACXX:3:1101:8811:78543#ACTGTTCC/ab=1/	*	*	*	*	*	*	*	*	*	*	*	*	*	*	N
0.0961	FCC17U2ACXX:3:1101:4829:70869#ACTGTTCC/ab=1/	FCC17U2ACXX:3:1101:13870:22521#ACTGTTCC/ab=2/	FCC17U2ACXX:3:1101:9681:69907#ACTGTTCC/ab=2/	77.8	71.1	66.7	51.1	66.7	20	4	3	8	4	3	9.38	N
0.0286	FCC17U2ACXX:3:1101:9100:47169#ACTGTTCC/ab=1/	FCC17U2ACXX:3:1101:15295:80494#ACTGTTCC/ab=3/	FCC17U2ACXX:3:1102:10836:7303#ACTGTTCC/ab=2/	73.2	67.9	67.9	69.6	70.0	2	0	0	6	3	12	7.89	N
0.0000	FCC17U2ACXX:3:1101:18904:41405#ACTGTTCC/ab=1/	*	*	*	*	*	*	*	*	*	*	*	*	*	*	N
0.0000	FCC17U2ACXX:3:1101:18678:3813#ACTGTTCC/ab=1/	*	*	*	*	*	*	*	*	*	*	*	*	*	*	N
0.0110	FCC17U2ACXX:3:1101:16859:44411#ACTGTTCC/ab=1/	FCC17U2ACXX:3:1101:18596:82424#ACTGTTCC/ab=2/	FCC17U2ACXX:3:1101:13526:88893#ACTGTTCC/ab=2/	66.0	58.5	58.5	50.9	59.6	10	13	8	5	4	4	12.90	N
0.0000	FCC17U2ACXX:3:1101:11881:82974#ACTGTTCC/ab=1/	*	*	*	*	*	*	*	*	*	*	*	*	*	*	N
0.0000	FCC17U2ACXX:3:1102:12672:13613#ACTGTTCC/ab=1/	*	*	*	*	*	*	*	*	*	*	*	*	*	*	N
0.0625	FCC17U2ACXX:3:1101:15061:37558#ACTGTTCC/ab=1/	FCC17U2ACXX:3:1102:14737:16789#ACTGTTCC/ab=2/	FCC17U2ACXX:3:1101:15295:80494#ACTGTTCC/ab=3/	100.0	89.3	98.2	87.5	96.7	1	0	0	6	0	0	1.82	N
0.0620	FCC17U2ACXX:3:1101:16623:50354#ACTGTTCC/ab=1/	FCC17U2ACXX:3:1101:12661:80838#ACTGTTCC/ab=2/	FCC17U2ACXX:3:1102:4100:15403#ACTGTTCC/ab=2/	92.5	66.0	88.7	56.6	87.9	2	1	1	17	3	0	4.26	N
0.0000	FCC17U2ACXX:3:1101:3639:29458#ACTGTTCC/ab=1/	*	*	*	*	*	*	*	*	*	*	*	*	*	*	N
0.0000	FCC17U2ACXX:3:1101:12451:6240#ACTGTTCC/ab=1/	*	*	*	*	*	*	*	*	*	*	*	*	*	*	N
0.0000	FCC17U2ACXX:3:1101:17343:77439#ACTGTTCC/ab=1/	*	*	*	*	*	*	*	*	*	*	*	*	*	*	N
0.0000	FCC17U2ACXX:3:1101:17159:71862#ACTGTTCC/ab=1/	*	*	*	*	*	*	*	*	*	*	*	*	*	*	N
0.0000	FCC17U2ACXX:3:1101:18416:30965#ACTGTTCC/ab=1/	*	*	*	*	*	*	*	*	*	*	*	*	*	*	N
0.0000	FCC17U2ACXX:3:1101:12823:53995#ACTGTTCC/ab=1/	*	*	*	*	*	*	*	*	*	*	*	*	*	*	N
0.0000	FCC17U2ACXX:3:1101:18322:24209#ACTGTTCC/ab=1/	*	*	*	*	*	*	*	*	*	*	*	*	*	*	N
0.0000	FCC17U2ACXX:3:1101:9053:10567#ACTGTTCC/ab=1/	*	*	*	*	*	*	*	*	*	*	*	*	*	*	N
0.0000	FCC17U2ACXX:3:1101:17422:73828#ACTGTTCC/ab=1/	*	*	*	*	*	*	*	*	*	*	*	*	*	*	N
0.0000	FCC17U2ACXX:3:1101:14525:41285#ACTGTTCC/ab=1/	*	*	*	*	*	*	*	*	*	*	*	*	*	*	N
0.0467	FCC17U2ACXX:3:1101:10692:26767#ACTGTTCC/ab=1/	FCC17U2ACXX:3:1101:5047:73646#ACTGTTCC/ab=2/	FCC17U2ACXX:3:1101:16545:94000#ACTGTTCC/ab=2/	75.5	62.3	69.8	66.0	68.3	5	2	7	8	1	11	8.11	N
0.0085	FCC17U2ACXX:3:1101:2315:54334#ACTGTTCC/ab=1/	FCC17U2ACXX:3:1101:1550:56160#ACTGTTCC/ab=2/	FCC17U2ACXX:3:1102:12274:15939#ACTGTTCC/ab=2/	73.3	71.7	71.7	86.7	73.4	3	2	7	2	1	6	2.33	N
0.0708	FCC17U2ACXX:3:1101:17828:9210#ACTGTTCC/ab=1/	FCC17U2ACXX:3:1102:5194:7991#ACTGTTCC/ab=2/	FCC17U2ACXX:3:1102:8421:17938#ACTGTTCC/ab=2/	91.7	86.7	85.0	73.3	87.5	6	1	1	5	2	0	7.69	N
0.0000	FCC17U2ACXX:3:1101:2803:75638#ACTGTTCC/ab=1/	*	*	*	*	*	*	*	*	*	*	*	*	*	*	N
0.0000	FCC17U2ACXX:3:1101:10206:16506#ACTGTTCC/ab=1/	*	*	*	*	*	*	*	*	*	*	*	*	*	*	N
0.0189	FCC17U2ACXX:3:1102:14933:12699#ACTGTTCC/ab=1/	FCC17U2ACXX:3:1101:9755:60813#ACTGTTCC/ab=2/	FCC17U2ACXX:3:1101:9681:69907#ACTGTTCC/ab=2/	70.8	60.4	60.4	39.6	63.2	13	8	6	5	5	3	17.24	N
0.0475	FCC17U2ACXX:3:1101:3190:3788#ACTGTTCC/ab=1/	FCC17U2ACXX:3:1101:16044:58336#CCTGTTCC/ab=3/	FCC17U2ACXX:3:1101:15295:80494#ACTGTTCC/ab=3/	92.9	85.7	87.5	80.4	86.7	2	0	0	6	2	2	6.12	N
0.0625	FCC17U2ACXX:3:1102:6960:2886#ACTGTTCC/ab=1/	FCC17U2ACXX:3:1101:8833:69336#ACTGTTCC/ab=2/	FCC17U2ACXX:3:1101:13371:89911#ACTGTTCC/ab=2/	100.0	89.3	98.2	87.5	98.3	1	0	0	6	0	0	1.82	N
0.0217	FCC17U2ACXX:3:1101:6266:71423#ACTGTTCC/ab=1/	FCC17U2ACXX:3:1102:8421:17938#ACTGTTCC/ab=2/	FCC17U2ACXX:3:1102:7050:11094#ACTGTTCC/ab=2/	95.0	90.0	93.3	90.0	93.8	1	0	0	4	1	2	1.79	N
0.0000	FCC17U2ACXX:3:1101:18343:74684#ACTGTTCC/ab=1/	*	*	*	*	*	*	*	*	*	*	*	*	*	*	N
0.0072	FCC17U2ACXX:3:1101:19109:90660#ACTGTTCC/ab=1/	FCC17U2ACXX:3:1101:12294:85723#ACTGTTCC/ab=2/	FCC17U2ACXX:3:1101:13371:89911#ACTGTTCC/ab=2/	92.9	91.1	91.1	96.4	90.0	1	0	2	1	0	2	1.96	N
0.0000	FCC17U2ACXX:3:1101:21286:62446#ACTGTTCC/ab=1/	*	*	*	*	*	*	*	*	*	*	*	*	*	*	N
0.0000	FCC17U2ACXX:3:1101:12763:75218#ACTGTTCC/ab=1/	*	*	*	*	*	*	*	*	*	*	*	*	*	*	N
0.0545	FCC17U2ACXX:3:1101:9080:35978#ACTGTTCC/ab=1/	FCC17U2ACXX:3:1101:2498:81141#ACTGTTCC/ab=2/	FCC17U2ACXX:3:1101:2750:85085#ACTGTTCC/ab=4/	75.9	66.7	70.4	64.8	70.7	3	0	6	12	4	4	7.89	N
0.0000	FCC17U2ACXX:3:1101:13076:77003#ACTGTTCC/ab=1/	*	*	*	*	*	*	*	*	*	*	*	*	*	*	N
0.0373	FCC17U2ACXX:3:1101:1357:30751#ACTGTTCC/ab=1/	FCC17U2ACXX:3:1101:13449:95218#ACTGTTCC/ab=2/	FCC17U2ACXX:3:1101:17046:40548#ACTGTTCC/ab=2/	72.7	61.8	70.9	54.5	72.9	6	4	4	8	2	7	2.56	N
0.0000	FCC17U2ACXX:3:1102:12524:19649#ACTGTTCC/ab=1/	*	*	*	*	*	*	*	*	*	*	*	*	*	*	N
0.0000	FCC17U2ACXX:3:1101:9188:19592#ACTGTTCC/ab=1/	*	*	*	*	*	*	*	*	*	*	*	*	*	*	N
0.0468	FCC17U2ACXX:3:1102:15220:2059#ACTGTTCC/ab=1/	FCC17U2ACXX:3:1101:9681:69907#ACTGTTCC/ab=2/	FCC17U2ACXX:3:1102:10279:19387#ACTGTTCC/ab=2/	70.9	65.5	54.5	47.3	62.7	12	5	11	3	0	4	8.33	N
0.0000	FCC17U2ACXX:3:1101:3173:17631#ACTGTTCC/ab=1/	*	*	*	*	*	*	*	*	*	*	*	*	*	*	N
0.0000	FCC17U2ACXX:3:1102:19075:15534#ACTGTTCC/ab=1/	*	*	*	*	*	*	*	*	*	*	*	*	*	*	N
0.0000	FCC17U2ACXX:3:1101:11435:47820#ACTGTTCC/ab=1/	*	*	*	*	*	*	*	*	*	*	*	*	*	*	N
0.0151	FCC17U2ACXX:3:1101:17517:83495#ACTGTTCC/ab=1/	FCC17U2ACXX:3:1102:2950:18608#ACTGTTCC/ab=4/	FCC17U2ACXX:3:1102:9995:14971#ACTGTTCC/ab=3/	70.0	63.3	60.0	46.7	57.9	3	1	5	6	6	3	10.53	N
0.0000	FCC17U2ACXX:3:1101:2208:27425#ACTGTTCC/ab=1/	*	*	*	*	*	*	*	*	*	*	*	*	*	*	N
0.1730	FCC17U2ACXX:3:1101:17771:53032#ACTGTTCC/ab=1/	FCC17U2ACXX:3:1102:2034:9142#ACTGTTCC/ab=3/	FCC17U2ACXX:3:1101:14219:60656#ACTGTTCC/ab=2/	96.2	92.5	86.8	86.8	93.0	5	0	2	4	0	0	4.08	N
0.0000	FCC17U2ACXX:3:1101:18227:79544#ACTGTTCC/ab=1/	*	*	*	*	*	*	*	*	*	*	*	*	*	*	N
0.0188	FCC17U2ACXX:3:1101:14078:12444#ACTGTTCC/ab=1/	FCC17U2ACXX:3:1102:7938:8858#ACTGTTCC/ab=7/	FCC17U2ACXX:3:1101:17046:40548#ACTGTTCC/ab=2/	75.5	71.4	63.3	53.1	64.4	13	14	9	3	1	1	5.71	N
0.0000	FCC17U2ACXX:3:1101:11821:53903#ACTGTTCC/ab=1/	*	*	*	*	*	*	*	*	*	*	*	*	*	*	N
0.0000	FCC17U2ACXX:3:1101:8149:19851#ACTGTTCC/ab=1/	*	*	*	*	*	*	*	*	*	*	*	*	*	*	N
0.0000	FCC17U2ACXX:3:1102:19742:9014#ACTGTTCC/ab=1/	*	*	*	*	*	*	*	*	*	*	*	*	*	*	N
0.0000	FCC17U2ACXX:3:1101:14234:60544#ACTGTTCC/ab=1/	*	*	*	*	*	*	*	*	*	*	*	*	*	*	N
0.0840	FCC17U2ACXX:3:1102:1556:10373#ACTGTTCC/ab=1/	FCC17U2ACXX:3:1101:15964:68602#ACTGTTCC/ab=3/	FCC17U2ACXX:3:1101:3348:76722#ACTGTTCC/ab=2/	82.5	59.6	75.4	45.6	72.9	3	0	1	19	7	4	9.30	N
0.0000	FCC17U2ACXX:3:1102:7517:13631#ACTGTTCC/ab=1/	*	*	*	*	*	*	*	*	*	*	*	*	*	*	N
0.0000	FCC17U2ACXX:3:1101:14637:64836#ACTGTTCC/ab=1/	*	*	*	*	*	*	*	*	*	*	*	*	*	*	N
0.0411	FCC17U2ACXX:3:1101:5089:14544#ACTGTTCC/ab=1/	FCC17U2ACXX:3:1101:16044:58336#CCTGTTCC/ab=3/	FCC17U2ACXX:3:1101:15295:80494#ACTGTTCC/ab=3/	94.6	89.3	89.3	80.4	90.0	2	0	0	5	2	1	6.00	N
0.0000	FCC17U2ACXX:3:1101:14889:11738#ACTGTTCC/ab=1/	*	*	*	*	*	*	*	*	*	*	*	*	*	*	N
0.0274	FCC17U2ACXX:3:1102:19261:11257#ACTGTTCC/ab=1/	FCC17U2ACXX:3:1101:3588:48684#ACTGTTCC/ab=2/	FCC17U2ACXX:3:1102:12274:15939#ACTGTTCC/ab=2/	86.7	81.7	85.0	83.3	85.9	3	2	4	3	0	2	1.96	N
0.0000	FCC17U2ACXX:3:1101:19479:14854#ACTGTTCC/ab=1/	*	*	*	*	*	*	*	*	*	*	*	*	*	*	N
0.0000	FCC17U2ACXX:3:1102:8907:15369#ACTGTTCC/ab=1/	*	*	*	*	*	*	*	*	*	*	*	*	*	*	N
0.0000	FCC17U2ACXX:3:1101:9054:67167#ACTGTTCC/ab=1/	*	*	*	*	*	*	*	*	*	*	*	*	*	*	N
0.0000	FCC17U2ACXX:3:1101:8268:97332#ACTGTTCC/ab=1/	*	*	*	*	*	*	*	*	*	*	*	*	*	*	N
0.0436	FCC17U2ACXX:3:1101:1354:97248#ACTGTTCC/ab=1/	FCC17U2ACXX:3:1101:8607:71640#ACTGTTCC/ab=2/	FCC17U2ACXX:3:1102:14737:16789#ACTGTTCC/ab=2/	74.5	62.7	66.7	47.1	68.3	13	9	5	7	2	3	11.76	N
0.0000	FCC17U2ACXX:3:1101:4878:13757#ACTGTTCC/ab=1/	*	*	*	*	*	*	*	*	*	*	*	*	*	*	N
0.0000	FCC17U2ACXX:3:1101:12264:31309#ACTGTTCC/ab=1/	*	*	*	*	*	*	*	*	*	*	*	*	*	*	N
0.0000	FCC17U2ACXX:3:1101:6749:51012#ACTGTTCC/ab=1/	*	*	*	*	*	*	*	*	*	*	*	*	*	*	N
0.0000	FCC17U2ACXX:3:1101:4876:92515#ACTGTTCC/ab=1/	*	*	*	*	*	*	*	*	*	*	*	*	*	*	N
0.1085	FCC17U2ACXX:3:1101:10073:11897#ACTGTTCC/ab=1/	FCC17U2ACXX:3:1102:7938:8858#ACTGTTCC/ab=7/	FCC17U2ACXX:3:1101:8545:61860#ACTGTTCC/ab=2/	93.8	77.1	87.5	66.7	85.2	3	0	0	18	5	6	7.14	N
0.0514	FCC17U2ACXX:3:1101:15900:79715#ACTGTTCC/ab=1/	FCC17U2ACXX:3:1101:14763:84103#ACTGTTCC/ab=2/	FCC17U2ACXX:3:1101:13371:89911#ACTGTTCC/ab=2/	96.4	91.1	92.9	83.9	91.7	4	2	0	3	0	0	3.85	N
0.0000	FCC17U2ACXX:3:1101:3010:74629#ACTGTTCC/ab=1/	*	*	*	*	*	*	*	*	*	*	*	*	*	*	N
0.0000	FCC17U2ACXX:3:1101:5074:81564#ACTGTTCC/ab=1/	*	*	*	*	*	*	*	*	*	*	*	*	*	*	N
0.0000	FCC17U2ACXX:3:1101:17230:63401#ACTGTTCC/ab=1/	*	*	*	*	*	*	*	*	*	*	*	*	*	*	N
0.0000	FCC17U2ACXX:3:1102:12924:13130#ACTGTTCC/ab=1/	*	*	*	*	*	*	*	*	*	*	*	*	*	*	N
0.0000	FCC17U2ACXX:3:1101:13450:94509#ACTGTTCC/ab=1/	*	*	*	*	*	*	*	*	*	*	*	*	*	*	N
0.0548	FCC17U2ACXX:3:1101:13703:83203#ACTGTTCC/ab=1/	FCC17U2ACXX:3:1102:11076:14984#ACTGTTCC/ab=3/	FCC17U2ACXX:3:1101:15964:68602#ACTGTTCC/ab=3/	78.2	70.9	67.3	61.8	69.6	8	3	6	6	1	7	10.26	N
0.0000	FCC17U2ACXX:3:1101:4713:94378#ACTGTTCC/ab=1/	*	*	*	*	*	*	*	*	*	*	*	*	*	*	N
0.0000	FCC17U2ACXX:3:1101:13185:20203#ACTGTTCC/ab=1/	*	*	*	*	*	*	*	*	*	*	*	*	*	*	N
0.0627	FCC17U2ACXX:3:1101:17355:38654#ACTGTTCC/ab=1/	FCC17U2ACXX:3:1102:20034:8772#ACTGTTCC/ab=2/	FCC17U2ACXX:3:1102:6799:17877#ACTGTTCC/ab=2/	74.5	60.0	67.3	49.1	67.8	4	1	0	11	3	11	10.81	N
0.0000	FCC17U2ACXX:3:1101:9891:17763#ACTGTTCC/ab=1/	*	*	*	*	*	*	*	*	*	*	*	*	*	*	N
0.0000	FCC17U2ACXX:3:1101:20517:78404#ACTGTTCC/ab=1/	*	*	*	*	*	*	*	*	*	*	*	*	*	*	N
0.0000	FCC17U2ACXX:3:1101:4010:61825#ACTGTTCC/ab=1/	*	*	*	*	*	*	*	*	*	*	*	*	*	*	N
0.0000	FCC17U2ACXX:3:1101:19350:60886#ACTGTTCC/ab=1/	*	*	*	*	*	*	*	*	*	*	*	*	*	*	N
0.0000	FCC17U2ACXX:3:1101:8329:86826#ACTGTTCA/ab=1/	*	*	*	*	*	*	*	*	*	*	*	*	*	*	N
0.0000	FCC17U2ACXX:3:1101:4238:34993#ACTGTTCC/ab=1/	*	*	*	*	*	*	*	*	*	*	*	*	*	*	N
0.0293	FCC17U2ACXX:3:1101:1298:77002#ACTGTTCC/ab=1/	FCC17U2ACXX:3:1102:19415:17383#ACTGTTCC/ab=2/	FCC17U2ACXX:3:1101:9352:81033#ACTGTTCC/ab=4/	89.7	84.5	84.5	79.3	83.9	4	2	2	6	3	1	6.12	N
0.0000	FCC17U2ACXX:3:1101:19271:90564#ACTGTTCC/ab=1/	*	*	*	*	*	*	*	*	*	*	*	*	*	*	N
0.0000	FCC17U2ACXX:3:1101:19022:46313#ACTGTTCC/ab=1/	*	*	*	*	*	*	*	*	*	*	*	*	*	*	N
0.1016	FCC17U2ACXX:3:1101:15893:79202#ACTGTTCC/ab=1/	FCC17U2ACXX:3:1101:13449:95218#ACTGTTCC/ab=2/	FCC17U2ACXX:3:1101:9681:69907#ACTGTTCC/ab=2/	85.5	65.5	78.2	65.5	76.3	5	1	2	11	2	5	9.30	N
0.0000	FCC17U2ACXX:3:1101:5253:46986#ACTGTTCC/ab=1/	*	*	*	*	*	*	*	*	*	*	*	*	*	*	N
0.0000	FCC17U2ACXX:3:1101:17591:31595#ACTGTTCC/ab=1/	*	*	*	*	*	*	*	*	*	*	*	*	*	*	N
0.0000	FCC17U2ACXX:3:1101:2659:9565#ACTGTTCC/ab=1/	*	*	*	*	*	*	*	*	*	*	*	*	*	*	N
0.0083	FCC17U2ACXX:3:1101:5837:23215#ACTGTTCC/ab=1/	FCC17U2ACXX:3:1101:5047:73646#ACTGTTCC/ab=2/	FCC17U2ACXX:3:1102:8910:4842#ACTGTTCC/ab=2/	54.5	52.7	49.1	69.1	52.6	5	2	17	1	0	5	3.45	N
0.0193	FCC17U2ACXX:3:1101:4491:91486#ACTGTTCC/ab=1/	FCC17U2ACXX:3:1101:15295:80494#ACTGTTCC/ab=3/	FCC17U2ACXX:3:1102:8910:4842#ACTGTTCC/ab=2/	92.9	92.9	89.3	85.7	91.7	2	0	0	3	3	1	1.92	N
0.0000	FCC17U2ACXX:3:1102:14127:10364#ACTGTTCC/ab=1/	*	*	*	*	*	*	*	*	*	*	*	*	*	*	N
0.0000	FCC17U2ACXX:3:1102:1331:7585#ACTGTTCC/ab=1/	*	*	*	*	*	*	*	*	*	*	*	*	*	*	N
0.0565	FCC17U2ACXX:3:1101:5166:89697#ACTGTTCC/ab=1/	FCC17U2ACXX:3:1102:4100:15403#ACTGTTCC/ab=2/	FCC17U2ACXX:3:1101:9755:60813#ACTGTTCC/ab=2/	83.3	77.8	72.2	63.0	76.3	6	1	1	6	3	5	7.14	N
0.0000	FCC17U2ACXX:3:1102:15494:13604#ACTGTTCC/ab=1/	*	*	*	*	*	*	*	*	*	*	*	*	*	*	N
0.0000	FCC17U2ACXX:3:1101:7358:69550#ACTGTTCC/ab=1/	*	*	*	*	*	*	*	*	*	*	*	*	*	*	N
0.0000	FCC17U2ACXX:3:1101:14676:64818#ACTGTTCC/ab=1/	*	*	*	*	*	*	*	*	*	*	*	*	*	*	N
0.0000	FCC17U2ACXX:3:1101:8538:95145#ACTGTTCC/ab=1/	*	*	*	*	*	*	*	*	*	*	*	*	*	*	N
0.0000	FCC17U2ACXX:3:1102:15859:12141#ACTGTTCC/ab=1/	*	*	*	*	*	*	*	*	*	*	*	*	*	*	N
0.0536	FCC17U2ACXX:3:1101:9328:59342#ACTGTTCC/ab=1/	FCC17U2ACXX:3:1102:9995:14971#ACTGTTCC/ab=3/	FCC17U2ACXX:3:1101:8545:61860#ACTGTTCC/ab=2/	74.5	64.7	70.6	56.9	64.9	6	1	4	10	5	9	5.56	N
0.0124	FCC17U2ACXX:3:1101:11062:64832#ACTGTTCC/ab=1/	FCC17U2ACXX:3:1101:7107:60799#ACTGTTCC/ab=4/	FCC17U2ACXX:3:1101:15964:68602#ACTGTTCC/ab=3/	67.9	58.5	64.2	47.2	62.3	2	1	1	11	11	13	5.88	N
0.0000	FCC17U2ACXX:3:1101:14925:34723#ACTGTTCC/ab=1/	*	*	*	*	*	*	*	*	*	*	*	*	*	*	N
0.0000	FCC17U2ACXX:3:1102:7266:13955#ACTGTTCC/ab=1/	*	*	*	*	*	*	*	*	*	*	*	*	*	*	N
0.1243	FCC17U2ACXX:3:1102:6435:12634#ACTGTTCC/ab=1/	FCC17U2ACXX:3:1101:7107:60799#ACTGTTCC/ab=4/	FCC17U2ACXX:3:1101:3118:54691#ACTGTTCC/ab=2/	69.6	51.8	60.7	55.4	61.7	7	3	10	10	0	4	14.71	N
0.0000	FCC17U2ACXX:3:1101:13805:89630#ACTGTTCC/ab=1/	*	*	*	*	*	*	*	*	*	*	*	*	*	*	N
0.0202	FCC17U2ACXX:3:1101:3295:81288#ACTGTTCC/ab=1/	FCC17U2ACXX:3:1101:13449:95218#ACTGTTCC/ab=2/	FCC17U2ACXX:3:1101:12661:80838#ACTGTTCC/ab=2/	81.1	73.6	73.6	56.6	71.9	5	5	2	10	6	1	10.26	N
0.0000	FCC17U2ACXX:3:1101:17425:11783#ACTGTTCC/ab=1/	*	*	*	*	*	*	*	*	*	*	*	*	*	*	N
0.0000	FCC17U2ACXX:3:1101:8630:54632#ACTGTTCC/ab=1/	*	*	*	*	*	*	*	*	*	*	*	*	*	*	N
0.0000	FCC17U2ACXX:3:1101:16876:7739#ACTGTTCC/ab=1/	*	*	*	*	*	*	*	*	*	*	*	*	*	*	N
0.0000	FCC17U2ACXX:3:1101:5168:89666#ACTGTTCC/ab=1/	*	*	*	*	*	*	*	*	*	*	*	*	*	*	N
0.0199	FCC17U2ACXX:3:1101:19312:59333#ACTGTTCC/ab=1/	FCC17U2ACXX:3:1101:5053:73923#ACTGTTCC/ab=4/	FCC17U2ACXX:3:1101:17038:62012#ACTGTTCC/ab=2/	66.0	61.7	70.2	48.9	68.3	16	17	7	3	1	1	3.03	N
0.0000	FCC17U2ACXX:3:1101:5078:43605#ACTGTTCC/ab=1/	*	*	*	*	*	*	*	*	*	*	*	*	*	*	N
0.0000	FCC17U2ACXX:3:1101:8307:94588#ACTGTTCC/ab=1/	FCC17U2ACXX:3:1101:3348:76722#ACTGTTCC/ab=2/	FCC17U2ACXX:3:1101:13386:68358#ACTGTTCC/ab=2/	89.1	72.7	87.3	70.9	86.4	0	0	2	11	3	3	2.08	N
0.0514	FCC17U2ACXX:3:1101:13116:18805#ACTGTTCC/ab=1/	FCC17U2ACXX:3:1102:12274:15939#ACTGTTCC/ab=2/	FCC17U2ACXX:3:1101:3588:48684#ACTGTTCC/ab=2/	96.7	90.0	93.3	83.3	93.8	2	0	0	6	2	0	3.57	N
0.0000	FCC17U2ACXX:3:1101:11956:24023#ACTGTTCC/ab=1/	*	*	*	*	*	*	*	*	*	*	*	*	*	*	N
0.1526	FCC17U2ACXX:3:1101:8185:65040#ACTGTTCC/ab=1/	FCC17U2ACXX:3:1101:2159:76130#ACTGTTCC/ab=2/	FCC17U2ACXX:3:1101:8782:35040#ACTGTTCC/ab=2/	85.5	80.0	72.7	61.8	81.4	7	0	0	10	5	2	6.82	N
0.0000	FCC17U2ACXX:3:1101:5315:56712#ACTGTTCC/ab=1/	*	*	*	*	*	*	*	*	*	*	*	*	*	*	N
0.0000	FCC17U2ACXX:3:1101:1422:9875#ACTGTTCC/ab=1/	*	*	*	*	*	*	*	*	*	*	*	*	*	*	N
0.0000	FCC17U2ACXX:3:1101:3495:76118#ACTGTTCC/ab=1/	*	*	*	*	*	*	*	*	*	*	*	*	*	*	N
0.0000	FCC17U2ACXX:3:1101:7034:74054#ACTGTTCC/ab=1/	*	*	*	*	*	*	*	*	*	*	*	*	*	*	N
0.0000	FCC17U2ACXX:3:1101:18920:6345#ACTGTTCC/ab=1/	*	*	*	*	*	*	*	*	*	*	*	*	*	*	N
0.0191	FCC17U2ACXX:3:1101:16913:53400#ACTGTTCC/ab=1/	FCC17U2ACXX:3:1102:4100:15403#ACTGTTCC/ab=2/	FCC17U2ACXX:3:1101:17046:40548#ACTGTTCC/ab=2/	80.4	76.5	70.6	66.7	72.1	5	5	2	8	4	7	5.13	N
0.0000	FCC17U2ACXX:3:1101:2544:38956#ACTGTTCC/ab=1/	*	*	*	*	*	*	*	*	*	*	*	*	*	*	N
0.0343	FCC17U2ACXX:3:1101:14880:33181#ACTGTTCC/ab=1/	FCC17U2ACXX:3:1101:8828:97354#ACTGTTCC/ab=6/	FCC17U2ACXX:3:1101:14763:84103#ACTGTTCC/ab=2/	96.4	92.9	92.9	85.7	93.3	2	0	0	4	2	0	3.85	N
0.0000	FCC17U2ACXX:3:1102:12886:10915#ACTGTTCC/ab=1/	*	*	*	*	*	*	*	*	*	*	*	*	*	*	N
0.0189	FCC17U2ACXX:3:1102:20462:7330#ACTGTTCC/ab=1/	FCC17U2ACXX:3:1101:3594:87672#ACTGTTCC/ab=2/	FCC17U2ACXX:3:1101:3348:76722#ACTGTTCC/ab=2/	98.2	94.5	96.4	94.5	94.9	1	0	1	2	0	0	1.89	N
0.0000	FCC17U2ACXX:3:1101:18538:99651#ACTGTTCC/ab=1/	*	*	*	*	*	*	*	*	*	*	*	*	*	*	N
0.0000	FCC17U2ACXX:3:1101:11451:67828#ACTGTTCC/ab=1/	*	*	*	*	*	*	*	*	*	*	*	*	*	*	N
0.0111	FCC17U2ACXX:3:1101:7074:55867#ACTGTTCC/ab=1/	FCC17U2ACXX:3:1101:8607:71640#ACTGTTCC/ab=2/	FCC17U2ACXX:3:1102:7938:8858#ACTGTTCC/ab=7/	72.2	68.5	68.5	81.5	71.2	1	1	3	7	1	15	5.41	N
0.0000	FCC17U2ACXX:3:1101:17893:43693#ACTGTTCC/ab=1/	*	*	*	*	*	*	*	*	*	*	*	*	*	*	N
0.0000	FCC17U2ACXX:3:1101:14086:82857#ACTGTTCC/ab=1/	*	*	*	*	*	*	*	*	*	*	*	*	*	*	N
0.0460	FCC17U2ACXX:3:1101:17812:76043#ACTGTTCC/ab=1/	FCC17U2ACXX:3:1101:2159:76130#ACTGTTCC/ab=2/	FCC17U2ACXX:3:1102:2950:18608#ACTGTTCC/ab=4/	76.5	66.7	60.8	52.9	71.7	7	2	3	13	8	8	14.71	N
0.0000	FCC17U2ACXX:3:1101:5934:68919#ACTGTTCC/ab=1/	*	*	*	*	*	*	*	*	*	*	*	*	*	*	N
0.0000	FCC17U2ACXX:3:1102:17773:4377#ACTGTTCC/ab=1/	*	*	*	*	*	*	*	*	*	*	*	*	*	*	N
0.0078	FCC17U2ACXX:3:1102:6093:2441#ACTGTTCC/ab=1/	FCC17U2ACXX:3:1101:8833:69336#ACTGTTCC/ab=2/	FCC17U2ACXX:3:1101:14763:84103#ACTGTTCC/ab=2/	82.1	80.4	80.4	92.9	81.7	2	1	7	1	0	1	2.22	N
0.0000	FCC17U2ACXX:3:1102:9299:5768#ACTGTTCC/ab=1/	*	*	*	*	*	*	*	*	*	*	*	*	*	*	N
0.0000	FCC17U2ACXX:3:1102:2259:7838#ACTGTTCC/ab=1/	*	*	*	*	*	*	*	*	*	*	*	*	*	*	N
0.0000	FCC17U2ACXX:3:1101:3796:48135#ACTGTTCC/ab=1/	*	*	*	*	*	*	*	*	*	*	*	*	*	*	N
0.0000	FCC17U2ACXX:3:1101:13497:99813#ACTGTTCC/ab=1/	*	*	*	*	*	*	*	*	*	*	*	*	*	*	N
0.0000	FCC17U2ACXX:3:1101:9463:26389#ACTGTTCC/ab=1/	*	*	*	*	*	*	*	*	*	*	*	*	*	*	N
0.0000	FCC17U2ACXX:3:1101:19274:42745#ACTGTTCC/ab=1/	*	*	*	*	*	*	*	*	*	*	*	*	*	*	N
0.0000	FCC17U2ACXX:3:1101:15448:52978#ACTGTTCC/ab=1/	*	*	*	*	*	*	*	*	*	*	*	*	*	*	N
0.0000	FCC17U2ACXX:3:1102:4582:6016#ACTGTTCC/ab=1/	*	*	*	*	*	*	*	*	*	*	*	*	*	*	N
0.0000	FCC17U2ACXX:3:1101:9245:25087#ACTGTTCC/ab=1/	*	*	*	*	*	*	*	*	*	*	*	*	*	*	N
0.0094	FCC17U2ACXX:3:1101:10978:66510#ACTGTTCC/ab=1/	FCC17U2ACXX:3:1101:13371:89911#ACTGTTCC/ab=2/	FCC17U2ACXX:3:1101:12294:85723#ACTGTTCC/ab=2/	98.2	96.4	96.4	96.4	96.7	1	0	0	1	0	1	1.85	N
0.0624	FCC17U2ACXX:3:1102:12124:18009#ACTGTTCC/ab=1/	FCC17U2ACXX:3:1101:9755:60813#ACTGTTCC/ab=2/	FCC17U2ACXX:3:1101:2750:85085#ACTGTTCC/ab=4/	85.7	75.5	71.4	61.2	68.4	7	3	2	9	2	7	13.51	N
0.0378	FCC17U2ACXX:3:1101:7189:55069#ACTGTTCC/ab=1/	FCC17U2ACXX:3:1101:6086:99762#ACTGTTCC/ab=9/	FCC17U2ACXX:3:1101:16115:77272#ACTGTTCC/ab=2/	98.2	94.6	94.6	92.9	95.0	2	0	0	2	0	1	3.77	N
0.0237	FCC17U2ACXX:3:1101:6837:43057#ACTGTTCC/ab=1/	FCC17U2ACXX:3:1102:11076:14984#ACTGTTCC/ab=3/	FCC17U2ACXX:3:1101:3348:76722#ACTGTTCC/ab=2/	74.5	69.1	65.5	49.1	67.2	6	4	3	9	6	4	7.89	N
0.0000	FCC17U2ACXX:3:1102:2899:18457#ACTGTTCC/ab=1/	*	*	*	*	*	*	*	*	*	*	*	*	*	*	N
0.0501	FCC17U2ACXX:3:1101:3514:35709#ACTGTTCC/ab=1/	FCC17U2ACXX:3:1102:2034:9142#ACTGTTCC/ab=3/	FCC17U2ACXX:3:1101:7182:92679#ACTGTTCC/ab=2/	83.3	70.4	75.9	53.7	72.9	4	1	0	13	7	3	9.76	N
0.0000	FCC17U2ACXX:3:1101:6582:10630#ACTGTTCC/ab=1/	*	*	*	*	*	*	*	*	*	*	*	*	*	*	N
0.0000	FCC17U2ACXX:3:1101:20015:95167#ACTGTTCC/ab=1/	*	*	*	*	*	*	*	*	*	*	*	*	*	*	N
0.0000	FCC17U2ACXX:3:1101:17736:47367#ACTGTTCC/ab=1/	*	*	*	*	*	*	*	*	*	*	*	*	*	*	N
0.0000	FCC17U2ACXX:3:1101:7628:81122#ACTGTTCC/ab=1/	*	*	*	*	*	*	*	*	*	*	*	*	*	*	N
0.0000	FCC17U2ACXX:3:1101:3604:67909#ACTGTTCC/ab=1/	*	*	*	*	*	*	*	*	*	*	*	*	*	*	N
0.0641	FCC17U2ACXX:3:1101:5691:55694#ACTGTTCC/ab=1/	FCC17U2ACXX:3:1101:8695:79519#ACTGTTCC/ab=2/	FCC17U2ACXX:3:1101:8640:82135#ACTGTTCC/ab=2/	73.1	61.5	69.2	51.9	63.3	6	4	7	9	1	2	5.56	N
0.0000	FCC17U2ACXX:3:1101:1354:47986#ACTGTTCC/ab=1/	*	*	*	*	*	*	*	*	*	*	*	*	*	*	N
0.0000	FCC17U2ACXX:3:1101:12267:29125#ACTGTTCC/ab=1/	*	*	*	*	*	*	*	*	*	*	*	*	*	*	N
0.0000	FCC17U2ACXX:3:1101:13426:51923#ACTGTTCC/ab=1/	*	*	*	*	*	*	*	*	*	*	*	*	*	*	N
0.0626	FCC17U2ACXX:3:1102:9575:10554#ACTGTTCC/ab=1/	FCC17U2ACXX:3:1101:5053:73923#ACTGTTCC/ab=4/	FCC17U2ACXX:3:1101:2159:76130#ACTGTTCC/ab=2/	76.1	54.3	69.6	52.2	63.9	6	2	4	13	3	14	9.38	N
0.0342	FCC17U2ACXX:3:1101:18903:57327#ACTGTTCC/ab=1/	FCC17U2ACXX:3:1101:18596:82424#ACTGTTCC/ab=2/	FCC17U2ACXX:3:1102:12274:15939#ACTGTTCC/ab=2/	88.3	81.7	86.7	85.0	87.5	2	1	3	4	0	2	1.92	N
0.0000	FCC17U2ACXX:3:1101:12651:98969#ACTGTTCC/ab=1/	*	*	*	*	*	*	*	*	*	*	*	*	*	*	N
0.0000	FCC17U2ACXX:3:1101:15097:93762#ACTGTACC/ab=1/	*	*	*	*	*	*	*	*	*	*	*	*	*	*	N
0.0000	FCC17U2ACXX:3:1101:9156:70849#ACTGTTCC/ab=1/	*	*	*	*	*	*	*	*	*	*	*	*	*	*	N
0.0000	FCC17U2ACXX:3:1101:5567:7482#ACTGTTCC/ab=1/	*	*	*	*	*	*	*	*	*	*	*	*	*	*	N
0.0086	FCC17U2ACXX:3:1102:6316:2597#ACTGTTCC/ab=1/	FCC17U2ACXX:3:1102:12274:15939#ACTGTTCC/ab=2/	FCC17U2ACXX:3:1102:19415:17383#ACTGTTCC/ab=2/	90.0	86.7	88.3	85.0	89.1	1	1	0	3	1	4	1.89	N
0.0000	FCC17U2ACXX:3:1101:10629:62316#ACTGTTCC/ab=1/	*	*	*	*	*	*	*	*	*	*	*	*	*	*	N
0.0155	FCC17U2ACXX:3:1101:13153:44321#ACTGTTCC/ab=1/	FCC17U2ACXX:3:1102:5194:7991#ACTGTTCC/ab=2/	FCC17U2ACXX:3:1102:12274:15939#ACTGTTCC/ab=2/	85.0	81.7	83.3	81.7	84.4	2	1	5	2	0	2	2.00	N
0.0000	FCC17U2ACXX:3:1101:6920:37729#ACTGTTCC/ab=1/	*	*	*	*	*	*	*	*	*	*	*	*	*	*	N
0.0000	FCC17U2ACXX:3:1101:8434:45112#ACTGTTCC/ab=1/	*	*	*	*	*	*	*	*	*	*	*	*	*	*	N
0.0000	FCC17U2ACXX:3:1101:12448:93962#ACTGTTCC/ab=1/	*	*	*	*	*	*	*	*	*	*	*	*	*	*	N
0.0000	FCC17U2ACXX:3:1101:3772:77704#ACTGTTCC/ab=1/	*	*	*	*	*	*	*	*	*	*	*	*	*	*	N
0.0000	FCC17U2ACXX:3:1101:17270:86884#ACTGTTCC/ab=1/	*	*	*	*	*	*	*	*	*	*	*	*	*	*	N
0.0234	FCC17U2ACXX:3:1101:17826:26643#ACTGTTCC/ab=1/	FCC17U2ACXX:3:1102:19596:16018#ACTGTTCC/ab=4/	FCC17U2ACXX:3:1101:9755:60813#ACTGTTCC/ab=2/	90.6	88.7	83.0	86.8	86.0	5	1	3	1	0	1	2.13	N
0.0000	FCC17U2ACXX:3:1101:13684:62994#ACTGTTCC/ab=1/	*	*	*	*	*	*	*	*	*	*	*	*	*	*	N
0.0208	FCC17U2ACXX:3:1101:13378:34369#ACTGTTCC/ab=1/	FCC17U2ACXX:3:1101:15295:80494#ACTGTTCC/ab=3/	FCC17U2ACXX:3:1102:10836:7303#ACTGTTCC/ab=2/	69.6	64.3	66.1	69.6	68.3	2	0	4	5	2	11	5.41	N
0.0000	FCC17U2ACXX:3:1101:17126:81922#ACTGTTCC/ab=1/	*	*	*	*	*	*	*	*	*	*	*	*	*	*	N
0.0000	FCC17U2ACXX:3:1101:17896:90338#ACTGTTCC/ab=1/	*	*	*	*	*	*	*	*	*	*	*	*	*	*	N
0.0000	FCC17U2ACXX:3:1101:7975:64134#ACTGTTCC/ab=1/	*	*	*	*	*	*	*	*	*	*	*	*	*	*	N
0.0000	FCC17U2ACXX:3:1101:19296:94000#ACTGTTCC/ab=1/	*	*	*	*	*	*	*	*	*	*	*	*	*	*	N
0.0669	FCC17U2ACXX:3:1101:15711:18270#ACTGTTCC/ab=1/	FCC17U2ACXX:3:1101:16545:94000#ACTGTTCC/ab=2/	FCC17U2ACXX:3:1101:8545:61860#ACTGTTCC/ab=2/	89.3	58.9	82.1	50.0	82.0	3	2	0	19	2	12	8.70	N
0.0000	FCC17U2ACXX:3:1101:4916:17520#ACTGTTCA/ab=1/	*	*	*	*	*	*	*	*	*	*	*	*	*	*	N
0.0000	FCC17U2ACXX:3:1101:4978:80503#ACTGTTCC/ab=1/	*	*	*	*	*	*	*	*	*	*	*	*	*	*	N
0.0000	FCC17U2ACXX:3:1101:19089:75588#ACTGTTCC/ab=1/	*	*	*	*	*	*	*	*	*	*	*	*	*	*	N
0.0000	FCC17U2ACXX:3:1101:6807:91125#ACTGTTCC/ab=1/	*	*	*	*	*	*	*	*	*	*	*	*	*	*	N
0.0000	FCC17U2ACXX:3:1102:2193:6440#ACTGTTCC/ab=1/	*	*	*	*	*	*	*	*	*	*	*	*	*	*	N
0.0343	FCC17U2ACXX:3:1101:13105:98962#ACTGTTCC/ab=1/	FCC17U2ACXX:3:1102:11076:14984#ACTGTTCC/ab=3/	FCC17U2ACXX:3:1101:8640:82135#ACTGTTCC/ab=2/	73.2	66.1	71.4	58.9	70.0	8	8	7	4	0	3	2.50	N
0.0000	FCC17U2ACXX:3:1101:12493:69372#ACTGTTCC/ab=1/	*	*	*	*	*	*	*	*	*	*	*	*	*	*	N
0.0000	FCC17U2ACXX:3:1102:1728:11026#ACTGTTCC/ab=1/	*	*	*	*	*	*	*	*	*	*	*	*	*	*	N
0.0966	FCC17U2ACXX:3:1101:9727:76856#ACTGTTCC/ab=1/	FCC17U2ACXX:3:1101:9681:69907#ACTGTTCC/ab=2/	FCC17U2ACXX:3:1102:12330:19275#ACTGTTCC/ab=2/	80.0	66.0	66.0	48.0	66.1	6	0	1	13	8	9	21.21	N
0.0000	FCC17U2ACXX:3:1101:6939:42633#ACTGTTCC/ab=1/	*	*	*	*	*	*	*	*	*	*	*	*	*	*	N
0.0000	FCC17U2ACXX:3:1101:3346:88953#ACTGTTCC/ab=1/	*	*	*	*	*	*	*	*	*	*	*	*	*	*	N
0.0000	FCC17U2ACXX:3:1101:16202:75242#ACTGTTCC/ab=1/	*	*	*	*	*	*	*	*	*	*	*	*	*	*	N
0.0278	FCC17U2ACXX:3:1101:9890:94531#ACTGTTCC/ab=1/	FCC17U2ACXX:3:1102:4100:15403#ACTGTTCC/ab=2/	FCC17U2ACXX:3:1101:12661:80838#ACTGTTCC/ab=2/	69.4	63.3	65.3	57.1	63.2	9	9	17	3	0	1	6.25	N
0.0000	FCC17U2ACXX:3:1101:11559:70023#ACTGTTCC/ab=1/	*	*	*	*	*	*	*	*	*	*	*	*	*	*	N
0.0000	FCC17U2ACXX:3:1101:8740:68619#ACTGTTCC/ab=1/	*	*	*	*	*	*	*	*	*	*	*	*	*	*	N
0.0000	FCC17U2ACXX:3:1101:3749:19315#ACTGTTCC/ab=1/	*	*	*	*	*	*	*	*	*	*	*	*	*	*	N
0.0000	FCC17U2ACXX:3:1102:5551:18242#ACTGTTCC/ab=1/	*	*	*	*	*	*	*	*	*	*	*	*	*	*	N
0.0000	FCC17U2ACXX:3:1102:3364:4666#ACTGTTCC/ab=1/	*	*	*	*	*	*	*	*	*	*	*	*	*	*	N
0.0000	FCC17U2ACXX:3:1101:11706:83785#ACTGTTCC/ab=1/	*	*	*	*	*	*	*	*	*	*	*	*	*	*	N
0.0000	FCC17U2ACXX:3:1101:7447:26758#ACTGTTCC/ab=1/	*	*	*	*	*	*	*	*	*	*	*	*	*	*	N
0.1890	FCC17U2ACXX:3:1101:6481:22451#ACTGTTCC/ab=1/	FCC17U2ACXX:3:1102:2034:9142#ACTGTTCC/ab=3/	FCC17U2ACXX:3:1101:14219:60656#ACTGTTCC/ab=2/	98.1	94.3	88.7	86.8	94.7	5	0	0	4	0	1	4.00	N
0.0000	FCC17U2ACXX:3:1101:1542:84125#ACTGTTCC/ab=1/	*	*	*	*	*	*	*	*	*	*	*	*	*	*	N
0.0000	FCC17U2ACXX:3:1101:14899:12868#ACTGTTCC/ab=1/	*	*	*	*	*	*	*	*	*	*	*	*	*	*	N
0.0000	FCC17U2ACXX:3:1102:5535:18958#ACTGTTCC/ab=1/	*	*	*	*	*	*	*	*	*	*	*	*	*	*	N
0.0000	FCC17U2ACXX:3:1101:4814:76206#ACTGTTCC/ab=1/	*	*	*	*	*	*	*	*	*	*	*	*	*	*	N
0.0135	FCC17U2ACXX:3:1101:19651:70623#ACTGTTCC/ab=1/	FCC17U2ACXX:3:1102:7050:11094#ACTGTTCC/ab=2/	FCC17U2ACXX:3:1102:8421:17938#ACTGTTCC/ab=2/	91.7	88.3	88.3	90.0	87.5	1	0	2	3	1	2	3.77	N
0.0000	FCC17U2ACXX:3:1101:3429:53169#ACTGTTCC/ab=1/	*	*	*	*	*	*	*	*	*	*	*	*	*	*	N
0.0000	FCC17U2ACXX:3:1101:2602:53671#ACTGTTCC/ab=1/	*	*	*	*	*	*	*	*	*	*	*	*	*	*	N
0.0000	FCC17U2ACXX:3:1101:4317:78208#ACTGTTCC/ab=1/	*	*	*	*	*	*	*	*	*	*	*	*	*	*	N
0.0273	FCC17U2ACXX:3:1101:16824:97378#ACTGTTCC/ab=1/	FCC17U2ACXX:3:1102:12274:15939#ACTGTTCC/ab=2/	FCC17U2ACXX:3:1101:4984:78397#ACTGTTCC/ab=2/	91.7	86.7	88.3	75.0	87.5	4	3	0	5	2	0	3.77	N
0.0294	FCC17U2ACXX:3:1101:13737:35680#ACTGTTCC/ab=1/	FCC17U2ACXX:3:1101:16545:94000#ACTGTTCC/ab=2/	FCC17U2ACXX:3:1101:15295:80494#ACTGTTCC/ab=3/	91.1	82.1	89.3	85.7	90.0	1	0	0	6	1	4	2.00	N
0.0000	FCC17U2ACXX:3:1101:8483:34891#ACTGTTCC/ab=1/	*	*	*	*	*	*	*	*	*	*	*	*	*	*	N
0.0420	FCC17U2ACXX:3:1101:19779:66528#ACTGTTCC/ab=1/	FCC17U2ACXX:3:1101:13046:98482#ACTGTTCC/ab=2/	FCC17U2ACXX:3:1102:8421:17938#ACTGTTCC/ab=2/	73.3	66.7	65.0	66.7	68.8	5	1	5	6	2	9	10.00	N
0.1031	FCC17U2ACXX:3:1101:11680:93682#ACTGTTCC/ab=1/	FCC17U2ACXX:3:1102:11076:14984#ACTGTTCC/ab=3/	FCC17U2ACXX:3:1101:5053:73923#ACTGTTCC/ab=4/	68.4	63.2	57.9	60.5	61.7	23	3	7	2	0	2	8.33	N
0.0937	FCC17U2ACXX:3:1101:4244:70703#ACTGTTCC/ab=1/	FCC17U2ACXX:3:1102:19995:15519#ACTGTTCC/ab=3/	FCC17U2ACXX:3:1102:19415:17383#ACTGTTCC/ab=2/	100.0	98.3	85.0	83.3	95.3	9	0	0	1	0	0	1.69	N
0.0000	FCC17U2ACXX:3:1101:19428:70407#ACTGTTCC/ab=1/	*	*	*	*	*	*	*	*	*	*	*	*	*	*	N
0.0706	FCC17U2ACXX:3:1102:19143:5605#ACTGTTCC/ab=1/	FCC17U2ACXX:3:1101:12777:86148#ACTGTTCC/ab=2/	FCC17U2ACXX:3:1102:10836:7303#ACTGTTCC/ab=2/	92.9	78.6	87.5	67.9	88.3	2	0	0	11	3	1	6.12	N
0.0000	FCC17U2ACXX:3:1101:8520:4691#ACTGTTCC/ab=1/	*	*	*	*	*	*	*	*	*	*	*	*	*	*	N
0.0214	FCC17U2ACXX:3:1101:9411:70083#ACTGTTCC/ab=1/	FCC17U2ACXX:3:1101:8545:61860#ACTGTTCC/ab=2/	FCC17U2ACXX:3:1101:3584:39916#ACTGTTCC/ab=2/	61.8	67.3	54.5	41.8	65.6	4	1	1	10	12	11	2.70	N
0.0000	FCC17U2ACXX:3:1101:12136:49541#ACTGTTCC/ab=1/	*	*	*	*	*	*	*	*	*	*	*	*	*	*	N
0.0000	FCC17U2ACXX:3:1102:3394:16435#ACTGTTCC/ab=1/	*	*	*	*	*	*	*	*	*	*	*	*	*	*	N
0.0312	FCC17U2ACXX:3:1101:1934:28140#ACTGTTCC/ab=1/	FCC17U2ACXX:3:1101:15822:75660#ACTGTTCC/ab=2/	FCC17U2ACXX:3:1101:6086:99762#ACTGTTCC/ab=9/	100.0	94.6	98.2	92.9	96.7	1	0	0	3	0	0	1.82	N
0.0000	FCC17U2ACXX:3:1101:5653:72120#ACTGTTCC/ab=1/	*	*	*	*	*	*	*	*	*	*	*	*	*	*	N
0.0000	FCC17U2ACXX:3:1101:10240:99758#ACTGTTCC/ab=1/	*	*	*	*	*	*	*	*	*	*	*	*	*	*	N
0.0000	FCC17U2ACXX:3:1101:4264:66695#ACTGTTCC/ab=1/	*	*	*	*	*	*	*	*	*	*	*	*	*	*	N
0.0000	FCC17U2ACXX:3:1101:19551:54869#ACTGTTCC/ab=1/	*	*	*	*	*	*	*	*	*	*	*	*	*	*	N
0.0656	FCC17U2ACXX:3:1102:19254:5325#ACTGTTCC/ab=1/	FCC17U2ACXX:3:1101:14136:54854#ACTGTTCC/ab=4/	FCC17U2ACXX:3:1101:3396:97849#ACTGTTCC/ab=3/	76.7	72.1	55.8	46.5	67.8	16	5	5	2	0	0	6.45	N
0.0000	FCC17U2ACXX:3:1101:14799:44827#ACTGTTCC/ab=1/	*	*	*	*	*	*	*	*	*	*	*	*	*	*	N
0.0310	FCC17U2ACXX:3:1101:15640:16915#ACTGTTCC/ab=1/	FCC17U2ACXX:3:1101:8607:71640#ACTGTTCC/ab=2/	FCC17U2ACXX:3:1101:2159:76130#ACTGTTCC/ab=2/	91.2	86.0	89.5	78.9	90.2	5	5	0	3	0	1	1.96	N
0.0000	FCC17U2ACXX:3:1101:19079:97287#ACTGTTCC/ab=1/	*	*	*	*	*	*	*	*	*	*	*	*	*	*	N
0.0000	FCC17U2ACXX:3:1102:6122:15035#ACTGTTCC/ab=1/	*	*	*	*	*	*	*	*	*	*	*	*	*	*	N
0.0968	FCC17U2ACXX:3:1101:13913:96507#ACTGTTCC/ab=1/	FCC17U2ACXX:3:1102:7938:8858#ACTGTTCC/ab=7/	FCC17U2ACXX:3:1102:17836:3228#ACTGTTCC/ab=2/	86.5	80.8	65.4	55.8	81.4	17	5	4	3	0	1	7.14	N
0.0000	FCC17U2ACXX:3:1101:13493:80276#ACTGTTCC/ab=1/	*	*	*	*	*	*	*	*	*	*	*	*	*	*	N
