TSC begin: Mon Dec  3 17:23:43 2012

1.	unique sort by abundance and init kmer data structure 
	Sequences State
	Maxlen	74	minlen	56	average lenght	61
	unique cost time 0 s
2.	start to do herarchical clustering for the high abundant sequences
	[1] do kmer and needle caculation
	cost time 0 s
	[2] denoise by a mismatch 
	cost time 0 s
	[3] do hclust for the high abundant sequences 
	Total sequences number 770
	High abundant sequence 40
	High abundant seeds 39
	hclust total dist number need process 35	 NumberofNodes	35
	cost time 0 s
	hc_excute total cost time 0 s
3.	start to do greedy heuristic clustering for the low abundant sequences
	[1] preclust start 
	Indel Number 0	Preclust1	33
	cost time 0 s
	[2]. left low abundant sequences 
	HB OTU number 39
	Needle processed low abundant seq 697
	low abundant indel	2	Low preclust2 number	41
	low abundant preclust left sequences   654	654
	100	0	0	0	138
	200	0	0	0	236
	300	0	0	0	336
	400	0	0	0	436
	500	0	0	0	534
	600	0	0	0	633
	low ab cost time 0 s
	seq num in otu 770	otu number 685
	greedy clustering  total cost time 0 s
Total cost time 0s
TSC end: Mon Dec  3 17:23:43 2012

