TSC begin: Mon Dec  3 17:23:44 2012

1.	unique sort by abundance and init kmer data structure 
	Sequences State
	Maxlen	81	minlen	56	average lenght	61
	unique cost time 0 s
2.	start to do herarchical clustering for the high abundant sequences
	[1] do kmer and needle caculation
	cost time 0 s
	[2] denoise by a mismatch 
	cost time 0 s
	[3] do hclust for the high abundant sequences 
	Total sequences number 746
	High abundant sequence 30
	High abundant seeds 29
	hclust total dist number need process 19	 NumberofNodes	19
	cost time 0 s
	hc_excute total cost time 0 s
3.	start to do greedy heuristic clustering for the low abundant sequences
	[1] preclust start 
	Indel Number 0	Preclust1	29
	cost time 0 s
	[2]. left low abundant sequences 
	HB OTU number 29
	Needle processed low abundant seq 687
	low abundant indel	1	Low preclust2 number	50
	low abundant preclust left sequences   636	636
	100	0	0	0	129
	200	0	0	0	229
	300	0	0	0	329
	400	0	0	0	426
	500	0	0	0	524
	600	0	0	0	623
	low ab cost time 0 s
	seq num in otu 746	otu number 658
	greedy clustering  total cost time 0 s
Total cost time 0s
TSC end: Mon Dec  3 17:23:44 2012

