TSC begin: Mon Dec  3 17:23:46 2012

1.	unique sort by abundance and init kmer data structure 
	Sequences State
	Maxlen	81	minlen	56	average lenght	61
	unique cost time 0 s
2.	start to do herarchical clustering for the high abundant sequences
	[1] do kmer and needle caculation
	cost time 0 s
	[2] denoise by a mismatch 
	cost time 0 s
	[3] do hclust for the high abundant sequences 
	Total sequences number 668
	High abundant sequence 54
	High abundant seeds 52
	hclust total dist number need process 21	 NumberofNodes	21
	cost time 0 s
	hc_excute total cost time 0 s
3.	start to do greedy heuristic clustering for the low abundant sequences
	[1] preclust start 
	Indel Number 1	Preclust1	33
	cost time 0 s
	[2]. left low abundant sequences 
	HB OTU number 52
	Needle processed low abundant seq 580
	low abundant indel	0	Low preclust2 number	41
	low abundant preclust left sequences   539	539
	100	0	0	0	151
	200	0	0	0	248
	300	0	0	0	345
	400	0	0	0	442
	500	0	0	0	541
	low ab cost time 0 s
	seq num in otu 668	otu number 578
	greedy clustering  total cost time 0 s
Total cost time 0s
TSC end: Mon Dec  3 17:23:46 2012

