TSC begin: Mon Dec  3 17:23:46 2012

1.	unique sort by abundance and init kmer data structure 
	Sequences State
	Maxlen	80	minlen	56	average lenght	61
	unique cost time 0 s
2.	start to do herarchical clustering for the high abundant sequences
	[1] do kmer and needle caculation
	cost time 0 s
	[2] denoise by a mismatch 
	cost time 0 s
	[3] do hclust for the high abundant sequences 
	Total sequences number 660
	High abundant sequence 46
	High abundant seeds 45
	hclust total dist number need process 19	 NumberofNodes	19
	cost time 0 s
	hc_excute total cost time 0 s
3.	start to do greedy heuristic clustering for the low abundant sequences
	[1] preclust start 
	Indel Number 2	Preclust1	38
	cost time 0 s
	[2]. left low abundant sequences 
	HB OTU number 45
	Needle processed low abundant seq 574
	low abundant indel	0	Low preclust2 number	46
	low abundant preclust left sequences   528	528
	100	0	0	0	143
	200	0	0	0	240
	300	0	0	0	338
	400	0	0	0	432
	500	0	0	0	531
	low ab cost time 0 s
	seq num in otu 660	otu number 558
	greedy clustering  total cost time 0 s
Total cost time 0s
TSC end: Mon Dec  3 17:23:46 2012

