[1]. BIPES begain: Mon Dec  3 17:22:06 2012
	BIPES end: Mon Dec  3 17:23:18 2012
[2]. UCHIME begain: Mon Dec  3 17:23:18 2012
	UCHIME end: Mon Dec  3 17:23:23 2012
[3]. Gast Begin: Mon Dec  3 17:23:24 2012
	Gast End: Mon Dec  3 17:23:29 2012
[4]. TSC otu picking Begin: Mon Dec  3 17:23:29 2012
	TSC otu picking End: Mon Dec  3 17:23:40 2012
	Transfer otu table format Begin:Mon Dec  3 17:23:40 2012
	Transfer otu table format End:Mon Dec  3 17:23:40 2012
[5]. Generate OTU table Begin:Mon Dec  3 17:23:41 2012
	OTU table and Taxon table generated:Mon Dec  3 17:23:41 2012

[6]. Start tax_otu
	Tax otu end:
[7]. do rarefaction analysis, first normalize tags to a number Mon Dec  3 17:23:43 2012
	rarefaction analysis end: Mon Dec  3 17:23:50 2012
[8]. Barchat phylum and genus distribution
	Barchat phylum and genus distribution end
[9]. Cluster plot
[10]. PCA Plot by group Mon Dec  3 17:23:52 2012
[11]. LEfSe begain:Mon Dec  3 17:24:01 2012
	LEfSe End: Mon Dec  3 17:24:33 2012
MetaP-V1.0 END:Mon Dec  3 17:24:33 2012
