0.0000	FCC17U2ACXX:3:1102:16132:42663#ACTGTTCC/ab=21/	*	*	*	*	*	*	*	*	*	*	*	*	*	*	N
0.0000	FCC17U2ACXX:3:1102:6806:32938#ACTGTTCC/ab=18/	*	*	*	*	*	*	*	*	*	*	*	*	*	*	N
0.0000	FCC17U2ACXX:3:1102:8973:44803#ACTGTTCC/ab=17/	*	*	*	*	*	*	*	*	*	*	*	*	*	*	N
0.0000	FCC17U2ACXX:3:1102:15562:36938#ACTGTTCC/ab=15/	*	*	*	*	*	*	*	*	*	*	*	*	*	*	N
0.0000	FCC17U2ACXX:3:1102:13926:31605#ACTGTTCC/ab=11/	*	*	*	*	*	*	*	*	*	*	*	*	*	*	N
0.0000	FCC17U2ACXX:3:1102:4225:32695#ACTGTTCC/ab=11/	*	*	*	*	*	*	*	*	*	*	*	*	*	*	N
0.0000	FCC17U2ACXX:3:1102:15665:29265#ACTGTTCC/ab=10/	*	*	*	*	*	*	*	*	*	*	*	*	*	*	N
0.0000	FCC17U2ACXX:3:1102:5418:6277#ACTGTTCC/ab=8/	*	*	*	*	*	*	*	*	*	*	*	*	*	*	N
0.0000	FCC17U2ACXX:3:1102:1769:29157#ACTGTTCC/ab=8/	*	*	*	*	*	*	*	*	*	*	*	*	*	*	N
0.0274	FCC17U2ACXX:3:1102:17613:31062#ACTGTTCC/ab=8/	FCC17U2ACXX:3:1102:16132:42663#ACTGTTCC/ab=21/	FCC17U2ACXX:3:1102:8973:44803#ACTGTTCC/ab=17/	60.7	55.4	50.0	50.0	55.0	8	4	10	8	5	4	9.68	N
0.0000	FCC17U2ACXX:3:1102:6712:30935#ACTGTTCC/ab=7/	*	*	*	*	*	*	*	*	*	*	*	*	*	*	N
0.0310	FCC17U2ACXX:3:1102:1988:43689#ACTGTTCC/ab=7/	FCC17U2ACXX:3:1102:6806:32938#ACTGTTCC/ab=18/	FCC17U2ACXX:3:1102:15562:36938#ACTGTTCC/ab=15/	67.3	49.1	60.0	54.5	59.3	3	1	7	12	4	11	12.12	N
0.0000	FCC17U2ACXX:3:1101:17582:53060#ACTGTTCC/ab=7/	*	*	*	*	*	*	*	*	*	*	*	*	*	*	N
0.0000	FCC17U2ACXX:3:1102:10844:38424#ACTGTTCC/ab=7/	*	*	*	*	*	*	*	*	*	*	*	*	*	*	N
0.0183	FCC17U2ACXX:3:1102:20369:35200#ACTGTTCC/ab=6/	FCC17U2ACXX:3:1102:6806:32938#ACTGTTCC/ab=18/	FCC17U2ACXX:3:1102:16132:42663#ACTGTTCC/ab=21/	58.9	55.4	50.0	46.4	55.0	10	6	17	3	2	0	9.68	N
0.0360	FCC17U2ACXX:3:1101:19008:72245#ACTGTTCC/ab=5/	FCC17U2ACXX:3:1102:15665:29265#ACTGTTCC/ab=10/	FCC17U2ACXX:3:1102:6806:32938#ACTGTTCC/ab=18/	67.9	58.9	62.5	62.5	61.7	6	3	16	5	1	1	8.57	N
0.0416	FCC17U2ACXX:3:1101:19741:62248#ACTGTTCC/ab=4/	FCC17U2ACXX:3:1102:5418:6277#ACTGTTCC/ab=8/	FCC17U2ACXX:3:1102:15665:29265#ACTGTTCC/ab=10/	71.4	58.9	67.9	55.4	66.7	2	0	0	13	6	12	5.26	N
0.0000	FCC17U2ACXX:3:1101:16471:98642#ACTGTTCC/ab=4/	*	*	*	*	*	*	*	*	*	*	*	*	*	*	N
0.0000	FCC17U2ACXX:3:1102:10762:44056#ACTGTTCC/ab=4/	*	*	*	*	*	*	*	*	*	*	*	*	*	*	N
0.0000	FCC17U2ACXX:3:1101:19006:96193#ACTGTTCC/ab=4/	*	*	*	*	*	*	*	*	*	*	*	*	*	*	N
0.0000	FCC17U2ACXX:3:1101:11099:71239#ACTGTTCC/ab=4/	*	*	*	*	*	*	*	*	*	*	*	*	*	*	N
0.0698	FCC17U2ACXX:3:1101:11384:71000#ACTGTTCC/ab=4/	FCC17U2ACXX:3:1102:8973:44803#ACTGTTCC/ab=17/	FCC17U2ACXX:3:1102:16132:42663#ACTGTTCC/ab=21/	78.2	70.9	69.1	67.3	72.9	4	0	0	8	4	9	10.26	N
0.0155	FCC17U2ACXX:3:1101:11131:85321#ACTGTTCC/ab=4/	FCC17U2ACXX:3:1102:8973:44803#ACTGTTCC/ab=17/	FCC17U2ACXX:3:1102:17613:31062#ACTGTTCC/ab=8/	65.5	61.8	61.8	60.0	64.4	4	2	6	6	5	7	5.88	N
0.0000	FCC17U2ACXX:3:1102:10230:36503#ACTGTTCC/ab=4/	*	*	*	*	*	*	*	*	*	*	*	*	*	*	N
0.0000	FCC17U2ACXX:3:1102:18813:10395#ACTGTTCC/ab=4/	*	*	*	*	*	*	*	*	*	*	*	*	*	*	N
0.0000	FCC17U2ACXX:3:1102:9737:44117#ACTGTTCC/ab=4/	*	*	*	*	*	*	*	*	*	*	*	*	*	*	N
0.0000	FCC17U2ACXX:3:1102:17867:16650#ACTGTTCC/ab=4/	*	*	*	*	*	*	*	*	*	*	*	*	*	*	N
0.0479	FCC17U2ACXX:3:1102:8658:11799#ACTGTTCC/ab=4/	FCC17U2ACXX:3:1102:16132:42663#ACTGTTCC/ab=21/	FCC17U2ACXX:3:1102:17613:31062#ACTGTTCC/ab=8/	87.5	55.4	85.7	55.4	83.3	1	2	0	18	0	6	2.08	N
0.0000	FCC17U2ACXX:3:1102:1536:38404#ACTGTTCC/ab=4/	*	*	*	*	*	*	*	*	*	*	*	*	*	*	N
0.0430	FCC17U2ACXX:3:1102:5958:33733#ACTGTTCC/ab=4/	FCC17U2ACXX:3:1102:8973:44803#ACTGTTCC/ab=17/	FCC17U2ACXX:3:1102:15562:36938#ACTGTTCC/ab=15/	70.9	65.5	61.8	70.9	66.1	6	2	15	3	0	1	8.33	N
0.0000	FCC17U2ACXX:3:1102:16751:4138#ACTGTTCC/ab=4/	*	*	*	*	*	*	*	*	*	*	*	*	*	*	N
0.0979	FCC17U2ACXX:3:1102:7102:25997#ACTGTTCC/ab=3/	FCC17U2ACXX:3:1102:15562:36938#ACTGTTCC/ab=15/	FCC17U2ACXX:3:1102:16132:42663#ACTGTTCC/ab=21/	72.7	61.8	60.0	47.3	61.0	6	0	0	11	7	10	17.65	N
0.0000	FCC17U2ACXX:3:1102:12639:21223#ACTGTTCC/ab=3/	*	*	*	*	*	*	*	*	*	*	*	*	*	*	N
0.0000	FCC17U2ACXX:3:1102:10654:24951#ACTGTTCC/ab=3/	*	*	*	*	*	*	*	*	*	*	*	*	*	*	N
0.0354	FCC17U2ACXX:3:1102:17090:25115#ACTGTTCC/ab=3/	FCC17U2ACXX:3:1102:5418:6277#ACTGTTCC/ab=8/	FCC17U2ACXX:3:1102:20369:35200#ACTGTTCC/ab=6/	71.4	67.9	66.1	76.8	70.0	8	3	11	2	0	1	5.26	N
0.0000	FCC17U2ACXX:3:1101:5850:65368#ACTGTTCC/ab=3/	*	*	*	*	*	*	*	*	*	*	*	*	*	*	N
0.0206	FCC17U2ACXX:3:1102:10732:29980#ACTGTTCC/ab=3/	FCC17U2ACXX:3:1101:17582:53060#ACTGTTCC/ab=7/	FCC17U2ACXX:3:1102:13926:31605#ACTGTTCC/ab=11/	87.5	82.1	85.7	78.6	85.0	2	1	1	6	3	2	2.08	N
0.0125	FCC17U2ACXX:3:1102:17339:24686#ACTGTTCC/ab=3/	FCC17U2ACXX:3:1102:13926:31605#ACTGTTCC/ab=11/	FCC17U2ACXX:3:1102:10844:38424#ACTGTTCC/ab=7/	82.1	80.4	80.4	80.4	81.7	3	2	2	3	2	4	2.22	N
0.0000	FCC17U2ACXX:3:1102:12586:19802#ACTGTTCC/ab=3/	*	*	*	*	*	*	*	*	*	*	*	*	*	*	N
0.0125	FCC17U2ACXX:3:1102:9169:13148#ACTGTTCC/ab=3/	FCC17U2ACXX:3:1102:6712:30935#ACTGTTCC/ab=7/	FCC17U2ACXX:3:1102:13926:31605#ACTGTTCC/ab=11/	66.7	62.2	62.2	44.4	54.8	18	23	5	4	3	2	7.14	N
0.0183	FCC17U2ACXX:3:1101:10165:50909#ACTGTTCC/ab=3/	FCC17U2ACXX:3:1101:17582:53060#ACTGTTCC/ab=7/	FCC17U2ACXX:3:1102:10844:38424#ACTGTTCC/ab=7/	85.7	83.9	82.1	87.5	85.0	2	0	2	3	2	4	2.13	N
0.0000	FCC17U2ACXX:3:1101:4124:60300#ACTGTTCC/ab=3/	*	*	*	*	*	*	*	*	*	*	*	*	*	*	N
0.0000	FCC17U2ACXX:3:1102:6801:35303#ACTGTTCC/ab=3/	*	*	*	*	*	*	*	*	*	*	*	*	*	*	N
0.0162	FCC17U2ACXX:3:1102:16918:36202#ACTGTTCC/ab=3/	FCC17U2ACXX:3:1102:16132:42663#ACTGTTCC/ab=21/	FCC17U2ACXX:3:1102:15665:29265#ACTGTTCC/ab=10/	78.0	70.0	74.0	62.0	66.7	1	0	0	13	9	9	5.41	N
0.0000	FCC17U2ACXX:3:1101:15711:52715#ACTGTTCC/ab=3/	*	*	*	*	*	*	*	*	*	*	*	*	*	*	N
0.0024	FCC17U2ACXX:3:1102:4225:42937#ACTGTTCC/ab=3/	FCC17U2ACXX:3:1102:10844:38424#ACTGTTCC/ab=7/	FCC17U2ACXX:3:1102:6712:30935#ACTGTTCC/ab=7/	76.9	74.4	71.8	56.4	75.0	3	21	3	4	3	1	3.45	N
0.0000	FCC17U2ACXX:3:1102:19693:14744#ACTGTTCC/ab=3/	*	*	*	*	*	*	*	*	*	*	*	*	*	*	N
0.0000	FCC17U2ACXX:3:1102:19014:35368#ACTGTTCC/ab=3/	*	*	*	*	*	*	*	*	*	*	*	*	*	*	N
0.0176	FCC17U2ACXX:3:1102:2792:38795#ACTGTTCC/ab=3/	FCC17U2ACXX:3:1102:1988:43689#ACTGTTCC/ab=7/	FCC17U2ACXX:3:1102:6712:30935#ACTGTTCC/ab=7/	73.3	66.7	73.3	61.7	75.0	3	4	10	5	1	1	2.27	N
0.0431	FCC17U2ACXX:3:1102:7197:16016#ACTGTTCC/ab=3/	FCC17U2ACXX:3:1102:13926:31605#ACTGTTCC/ab=11/	FCC17U2ACXX:3:1102:5418:6277#ACTGTTCC/ab=8/	91.1	87.5	83.9	82.1	86.7	6	2	2	2	0	1	4.08	N
0.1447	FCC17U2ACXX:3:1102:4798:28565#ACTGTTCC/ab=3/	FCC17U2ACXX:3:1102:4225:32695#ACTGTTCC/ab=11/	FCC17U2ACXX:3:1102:8973:44803#ACTGTTCC/ab=17/	80.7	50.9	75.4	50.9	76.3	2	0	0	19	1	10	6.98	N
0.0000	FCC17U2ACXX:3:1102:10629:37386#ACTGTTCC/ab=3/	*	*	*	*	*	*	*	*	*	*	*	*	*	*	N
0.0309	FCC17U2ACXX:3:1102:11373:31071#ACTGTTCC/ab=3/	FCC17U2ACXX:3:1102:4225:32695#ACTGTTCC/ab=11/	FCC17U2ACXX:3:1102:17613:31062#ACTGTTCC/ab=8/	70.4	48.1	68.5	35.2	66.7	6	6	2	16	6	6	2.70	N
0.0444	FCC17U2ACXX:3:1102:4085:11622#ACTGTTCC/ab=3/	FCC17U2ACXX:3:1102:6806:32938#ACTGTTCC/ab=18/	FCC17U2ACXX:3:1102:20369:35200#ACTGTTCC/ab=6/	63.2	57.9	57.9	50.9	58.3	3	0	0	11	7	17	9.09	N
0.0472	FCC17U2ACXX:3:1101:9833:59750#ACTGTTCC/ab=3/	FCC17U2ACXX:3:1102:8973:44803#ACTGTTCC/ab=17/	FCC17U2ACXX:3:1102:17613:31062#ACTGTTCC/ab=8/	64.7	56.9	56.9	49.0	56.9	4	1	8	14	4	10	13.79	N
0.0000	FCC17U2ACXX:3:1102:16596:27503#ACTGTTCC/ab=3/	*	*	*	*	*	*	*	*	*	*	*	*	*	*	N
0.0160	FCC17U2ACXX:3:1102:2749:3081#ACTGTTCC/ab=3/	FCC17U2ACXX:3:1102:10844:38424#ACTGTTCC/ab=7/	FCC17U2ACXX:3:1102:6712:30935#ACTGTTCC/ab=7/	81.5	61.1	77.8	51.9	73.4	1	2	1	17	4	5	4.76	N
0.0000	FCC17U2ACXX:3:1102:11376:19901#ACTGTTCC/ab=3/	*	*	*	*	*	*	*	*	*	*	*	*	*	*	N
0.0414	FCC17U2ACXX:3:1101:12811:43732#ACTGTTCC/ab=3/	FCC17U2ACXX:3:1102:5418:6277#ACTGTTCC/ab=8/	FCC17U2ACXX:3:1102:15665:29265#ACTGTTCC/ab=10/	75.0	62.5	69.6	53.6	67.8	3	0	4	11	6	6	7.69	N
0.0275	FCC17U2ACXX:3:1101:7904:32040#ACTGTTCC/ab=2/	FCC17U2ACXX:3:1102:6712:30935#ACTGTTCC/ab=7/	FCC17U2ACXX:3:1102:10762:44056#ACTGTTCC/ab=4/	78.8	76.9	59.6	61.5	78.9	13	5	8	5	5	0	2.50	N
0.0342	FCC17U2ACXX:3:1102:13290:39002#ACTGTTCC/ab=2/	FCC17U2ACXX:3:1102:6806:32938#ACTGTTCC/ab=18/	FCC17U2ACXX:3:1102:15665:29265#ACTGTTCC/ab=10/	70.9	65.5	65.5	63.6	65.0	8	5	10	3	0	3	8.33	N
0.0638	FCC17U2ACXX:3:1102:19524:22583#ACTGTTCC/ab=2/	FCC17U2ACXX:3:1101:11384:71000#ACTGTTCC/ab=4/	FCC17U2ACXX:3:1102:8973:44803#ACTGTTCC/ab=17/	80.0	70.9	72.7	63.6	74.6	7	5	6	5	0	1	10.00	N
0.0000	FCC17U2ACXX:3:1101:14265:43856#ACTGTTCC/ab=2/	*	*	*	*	*	*	*	*	*	*	*	*	*	*	N
0.0000	FCC17U2ACXX:3:1101:4737:53038#ACTGTTCC/ab=2/	*	*	*	*	*	*	*	*	*	*	*	*	*	*	N
0.0000	FCC17U2ACXX:3:1102:17196:25443#ACTGTTCC/ab=2/	*	*	*	*	*	*	*	*	*	*	*	*	*	*	N
0.0130	FCC17U2ACXX:3:1102:10801:31032#ACTGTTCC/ab=2/	FCC17U2ACXX:3:1102:1536:38404#ACTGTTCC/ab=4/	FCC17U2ACXX:3:1102:8973:44803#ACTGTTCC/ab=17/	66.0	59.6	61.7	55.3	68.3	5	2	1	6	10	13	6.90	N
0.0295	FCC17U2ACXX:3:1101:14321:55801#ACTGTTCC/ab=2/	FCC17U2ACXX:3:1101:11131:85321#ACTGTTCC/ab=4/	FCC17U2ACXX:3:1102:8658:11799#ACTGTTCC/ab=4/	67.3	65.5	56.4	52.7	64.4	7	2	3	9	9	7	5.56	N
0.1462	FCC17U2ACXX:3:1102:3849:17325#ACTGTTCC/ab=2/	FCC17U2ACXX:3:1102:10230:36503#ACTGTTCC/ab=4/	FCC17U2ACXX:3:1102:1988:43689#ACTGTTCC/ab=7/	84.5	60.3	81.0	43.1	81.2	9	10	0	14	0	1	4.26	N
0.0654	FCC17U2ACXX:3:1102:14179:33326#ACTGTTCC/ab=2/	FCC17U2ACXX:3:1101:16471:98642#ACTGTTCC/ab=4/	FCC17U2ACXX:3:1102:20369:35200#ACTGTTCC/ab=6/	71.4	61.9	71.4	69.0	56.5	17	3	8	4	2	3	3.33	N
0.0000	FCC17U2ACXX:3:1101:11939:60396#ACTGTTCC/ab=2/	*	*	*	*	*	*	*	*	*	*	*	*	*	*	N
0.0259	FCC17U2ACXX:3:1101:12766:84644#ACTGTTCC/ab=2/	FCC17U2ACXX:3:1102:1536:38404#ACTGTTCC/ab=4/	FCC17U2ACXX:3:1102:8973:44803#ACTGTTCC/ab=17/	74.5	70.9	70.9	63.6	73.3	9	6	7	2	0	2	5.13	N
0.0181	FCC17U2ACXX:3:1101:8407:53424#ACTGTTCC/ab=2/	FCC17U2ACXX:3:1102:6712:30935#ACTGTTCC/ab=7/	FCC17U2ACXX:3:1102:10230:36503#ACTGTTCC/ab=4/	71.4	62.5	67.9	64.3	67.8	2	3	1	12	3	11	5.26	N
0.0000	FCC17U2ACXX:3:1102:17764:18950#ACTGTTCC/ab=2/	*	*	*	*	*	*	*	*	*	*	*	*	*	*	N
0.0000	FCC17U2ACXX:3:1101:13151:83075#ACTGTTCC/ab=2/	*	*	*	*	*	*	*	*	*	*	*	*	*	*	N
0.0283	FCC17U2ACXX:3:1101:9295:57865#ACTGTTCC/ab=2/	FCC17U2ACXX:3:1102:1988:43689#ACTGTTCC/ab=7/	FCC17U2ACXX:3:1102:6806:32938#ACTGTTCC/ab=18/	72.7	69.7	39.4	27.3	58.1	14	6	7	2	1	0	4.35	N
0.0000	FCC17U2ACXX:3:1101:16521:58946#ACTGTTCC/ab=2/	*	*	*	*	*	*	*	*	*	*	*	*	*	*	N
0.0224	FCC17U2ACXX:3:1101:13640:49192#ACTGTTCC/ab=2/	FCC17U2ACXX:3:1102:1536:38404#ACTGTTCC/ab=4/	FCC17U2ACXX:3:1102:16132:42663#ACTGTTCC/ab=21/	93.0	89.5	91.2	87.7	91.8	3	2	1	2	0	1	1.92	N
0.0000	FCC17U2ACXX:3:1101:8569:81386#ACTGTTCC/ab=2/	*	*	*	*	*	*	*	*	*	*	*	*	*	*	N
0.0467	FCC17U2ACXX:3:1101:4340:91929#ACTGTTCC/ab=2/	FCC17U2ACXX:3:1102:5958:33733#ACTGTTCC/ab=4/	FCC17U2ACXX:3:1102:8973:44803#ACTGTTCC/ab=17/	87.3	81.8	76.4	63.6	80.3	6	1	2	7	5	3	6.67	N
0.0409	FCC17U2ACXX:3:1102:9922:44057#ACTGTTCC/ab=2/	FCC17U2ACXX:3:1101:11131:85321#ACTGTTCC/ab=4/	FCC17U2ACXX:3:1102:18813:10395#ACTGTTCC/ab=4/	62.5	57.1	55.4	44.6	57.6	3	0	0	14	12	11	9.38	N
0.0000	FCC17U2ACXX:3:1101:4148:26836#ACTGTTCC/ab=2/	*	*	*	*	*	*	*	*	*	*	*	*	*	*	N
0.0405	FCC17U2ACXX:3:1101:4448:98259#ACTGTTCC/ab=2/	FCC17U2ACXX:3:1102:15665:29265#ACTGTTCC/ab=10/	FCC17U2ACXX:3:1102:17613:31062#ACTGTTCC/ab=8/	74.5	72.7	65.5	58.2	71.7	10	4	6	6	3	3	2.50	N
0.1145	FCC17U2ACXX:3:1101:10181:55628#ACTGTTCC/ab=2/	FCC17U2ACXX:3:1102:9737:44117#ACTGTTCC/ab=4/	FCC17U2ACXX:3:1102:16132:42663#ACTGTTCC/ab=21/	82.1	58.9	78.6	50.0	75.0	3	0	0	19	5	6	4.55	N
0.0635	FCC17U2ACXX:3:1101:15417:91223#ACTGTTCC/ab=2/	FCC17U2ACXX:3:1102:5958:33733#ACTGTTCC/ab=4/	FCC17U2ACXX:3:1102:6712:30935#ACTGTTCC/ab=7/	76.8	71.4	62.5	58.9	73.8	8	0	3	8	9	6	7.50	N
0.0000	FCC17U2ACXX:3:1102:12828:26649#ACTGTTCC/ab=2/	*	*	*	*	*	*	*	*	*	*	*	*	*	*	N
0.0000	FCC17U2ACXX:3:1101:4669:88484#ACTGTTCC/ab=2/	*	*	*	*	*	*	*	*	*	*	*	*	*	*	N
0.0479	FCC17U2ACXX:3:1101:14919:83900#ACTGTTCC/ab=2/	FCC17U2ACXX:3:1102:6806:32938#ACTGTTCC/ab=18/	FCC17U2ACXX:3:1101:19008:72245#ACTGTTCC/ab=5/	80.4	58.9	76.8	58.9	75.4	2	1	0	16	3	9	4.65	N
0.0762	FCC17U2ACXX:3:1102:20249:11705#ACTGTTCC/ab=2/	FCC17U2ACXX:3:1102:9737:44117#ACTGTTCC/ab=4/	FCC17U2ACXX:3:1101:19008:72245#ACTGTTCC/ab=5/	84.2	50.9	82.5	54.4	82.0	1	0	0	23	2	7	2.13	N
0.0286	FCC17U2ACXX:3:1101:19743:76872#ACTGTTCC/ab=2/	FCC17U2ACXX:3:1102:5958:33733#ACTGTTCC/ab=4/	FCC17U2ACXX:3:1102:18813:10395#ACTGTTCC/ab=4/	72.2	61.1	64.8	55.6	59.3	4	1	4	8	5	9	11.43	N
0.0000	FCC17U2ACXX:3:1102:15631:10952#ACTGTTCC/ab=2/	*	*	*	*	*	*	*	*	*	*	*	*	*	*	N
0.0592	FCC17U2ACXX:3:1101:14453:69438#ACTGTTCC/ab=2/	FCC17U2ACXX:3:1102:10762:44056#ACTGTTCC/ab=4/	FCC17U2ACXX:3:1102:5958:33733#ACTGTTCC/ab=4/	69.6	67.9	57.1	46.4	66.1	6	0	0	8	9	10	2.63	N
0.0793	FCC17U2ACXX:3:1101:18993:30653#ACTGTTCC/ab=2/	FCC17U2ACXX:3:1102:6712:30935#ACTGTTCC/ab=7/	FCC17U2ACXX:3:1101:11099:71239#ACTGTTCC/ab=4/	86.7	68.3	83.3	68.3	84.4	2	0	2	13	2	4	4.00	N
0.0000	FCC17U2ACXX:3:1102:2500:34509#ACTGTTCC/ab=2/	*	*	*	*	*	*	*	*	*	*	*	*	*	*	N
0.0000	FCC17U2ACXX:3:1102:12077:35818#ACTGTTCC/ab=2/	*	*	*	*	*	*	*	*	*	*	*	*	*	*	N
0.0000	FCC17U2ACXX:3:1102:7210:33840#ACTGTTCC/ab=2/	*	*	*	*	*	*	*	*	*	*	*	*	*	*	N
0.0363	FCC17U2ACXX:3:1101:17629:97490#ACTGTTCC/ab=2/	FCC17U2ACXX:3:1101:19008:72245#ACTGTTCC/ab=5/	FCC17U2ACXX:3:1102:4225:32695#ACTGTTCC/ab=11/	73.6	69.8	62.3	49.1	70.2	17	10	7	2	0	1	5.41	N
0.0243	FCC17U2ACXX:3:1102:14899:37296#ACTGTTCC/ab=2/	FCC17U2ACXX:3:1102:16751:4138#ACTGTTCC/ab=4/	FCC17U2ACXX:3:1102:9737:44117#ACTGTTCC/ab=4/	98.3	91.5	96.6	88.1	96.8	1	1	0	4	0	0	1.75	N
0.0063	FCC17U2ACXX:3:1102:10820:32883#ACTGTTCC/ab=2/	FCC17U2ACXX:3:1102:1988:43689#ACTGTTCC/ab=7/	FCC17U2ACXX:3:1102:10762:44056#ACTGTTCC/ab=4/	71.7	49.1	69.8	49.1	66.7	1	5	1	15	4	14	2.70	N
0.0374	FCC17U2ACXX:3:1102:18750:29646#ACTGTTCC/ab=2/	FCC17U2ACXX:3:1101:11099:71239#ACTGTTCC/ab=4/	FCC17U2ACXX:3:1101:16471:98642#ACTGTTCC/ab=4/	64.9	54.4	66.7	50.9	62.9	7	8	10	6	0	5	2.63	N
0.0176	FCC17U2ACXX:3:1102:13531:14506#ACTGTTCC/ab=2/	FCC17U2ACXX:3:1101:19741:62248#ACTGTTCC/ab=4/	FCC17U2ACXX:3:1102:5418:6277#ACTGTTCC/ab=8/	72.0	70.0	60.0	58.0	66.7	8	2	8	3	4	5	2.86	N
0.0000	FCC17U2ACXX:3:1101:5128:84013#ACTGTTCC/ab=2/	*	*	*	*	*	*	*	*	*	*	*	*	*	*	N
0.0000	FCC17U2ACXX:3:1102:18168:15842#ACTGTTCC/ab=2/	*	*	*	*	*	*	*	*	*	*	*	*	*	*	N
0.0000	FCC17U2ACXX:3:1101:11994:64266#ACTGTTCC/ab=2/	*	*	*	*	*	*	*	*	*	*	*	*	*	*	N
0.0000	FCC17U2ACXX:3:1102:19165:30817#ACTGTTCC/ab=2/	*	*	*	*	*	*	*	*	*	*	*	*	*	*	N
0.0000	FCC17U2ACXX:3:1102:7365:17521#ACTGTTCC/ab=2/	*	*	*	*	*	*	*	*	*	*	*	*	*	*	N
0.0133	FCC17U2ACXX:3:1101:2678:83543#ACTGTTCC/ab=2/	FCC17U2ACXX:3:1102:18813:10395#ACTGTTCC/ab=4/	FCC17U2ACXX:3:1102:9737:44117#ACTGTTCC/ab=4/	74.0	68.0	66.0	56.0	68.4	5	7	4	14	10	4	8.82	N
0.0752	FCC17U2ACXX:3:1101:7450:70523#ACTGTTCC/ab=2/	FCC17U2ACXX:3:1102:5958:33733#ACTGTTCC/ab=4/	FCC17U2ACXX:3:1102:6712:30935#ACTGTTCC/ab=7/	75.9	66.7	63.0	50.0	68.9	7	0	1	11	11	8	13.89	N
0.0082	FCC17U2ACXX:3:1102:18068:9974#ACTGTTCC/ab=2/	FCC17U2ACXX:3:1102:6806:32938#ACTGTTCC/ab=18/	FCC17U2ACXX:3:1101:19008:72245#ACTGTTCC/ab=5/	82.4	62.7	78.4	56.9	75.4	1	5	0	15	3	10	5.00	N
0.0000	FCC17U2ACXX:3:1102:12828:33241#ACTGTTCC/ab=2/	*	*	*	*	*	*	*	*	*	*	*	*	*	*	N
0.0000	FCC17U2ACXX:3:1102:6685:28319#ACTGTTCC/ab=2/	*	*	*	*	*	*	*	*	*	*	*	*	*	*	N
0.0000	FCC17U2ACXX:3:1102:2031:31797#ACTGTTCC/ab=2/	*	*	*	*	*	*	*	*	*	*	*	*	*	*	N
0.0758	FCC17U2ACXX:3:1102:13139:29691#ACTGTTCC/ab=2/	FCC17U2ACXX:3:1102:15665:29265#ACTGTTCC/ab=10/	FCC17U2ACXX:3:1102:1988:43689#ACTGTTCC/ab=7/	63.5	55.8	59.6	53.8	61.7	6	0	0	11	9	16	6.45	N
0.0329	FCC17U2ACXX:3:1101:21231:88761#ACTGTTCC/ab=2/	FCC17U2ACXX:3:1102:6712:30935#ACTGTTCC/ab=7/	FCC17U2ACXX:3:1102:18813:10395#ACTGTTCC/ab=4/	78.3	75.0	73.3	78.3	75.0	3	0	1	4	2	10	4.44	N
0.0324	FCC17U2ACXX:3:1102:12270:16459#ACTGTTCC/ab=2/	FCC17U2ACXX:3:1102:17613:31062#ACTGTTCC/ab=8/	FCC17U2ACXX:3:1102:10230:36503#ACTGTTCC/ab=4/	87.5	67.9	85.7	66.1	85.0	1	1	1	12	1	4	2.08	N
0.0085	FCC17U2ACXX:3:1102:17000:34002#ACTGTTCC/ab=2/	FCC17U2ACXX:3:1102:1536:38404#ACTGTTCC/ab=4/	FCC17U2ACXX:3:1101:19006:96193#ACTGTTCC/ab=4/	71.7	69.6	67.4	52.2	62.7	8	13	11	2	1	0	6.25	N
0.0000	FCC17U2ACXX:3:1101:16485:70814#ACTGTTCC/ab=2/	*	*	*	*	*	*	*	*	*	*	*	*	*	*	N
0.0000	FCC17U2ACXX:3:1102:14233:30775#ACTGTTCC/ab=2/	*	*	*	*	*	*	*	*	*	*	*	*	*	*	N
0.0708	FCC17U2ACXX:3:1101:18582:43340#ACTGTTCC/ab=2/	FCC17U2ACXX:3:1102:17867:16650#ACTGTTCC/ab=4/	FCC17U2ACXX:3:1102:16751:4138#ACTGTTCC/ab=4/	77.4	69.8	66.0	47.2	71.9	20	12	2	4	0	2	10.81	N
0.0592	FCC17U2ACXX:3:1101:5237:44932#ACTGTTCC/ab=2/	FCC17U2ACXX:3:1102:1536:38404#ACTGTTCC/ab=4/	FCC17U2ACXX:3:1101:16471:98642#ACTGTTCC/ab=4/	66.1	53.6	57.1	50.0	55.7	10	5	12	7	1	4	15.62	N
0.0121	FCC17U2ACXX:3:1102:12700:4285#ACTGTTCC/ab=2/	FCC17U2ACXX:3:1102:1988:43689#ACTGTTCC/ab=7/	FCC17U2ACXX:3:1101:11099:71239#ACTGTTCC/ab=4/	70.4	63.0	64.8	81.5	63.2	3	0	12	5	6	5	8.57	N
0.0868	FCC17U2ACXX:3:1102:7248:13227#ACTGTTCC/ab=2/	FCC17U2ACXX:3:1102:15665:29265#ACTGTTCC/ab=10/	FCC17U2ACXX:3:1102:4225:32695#ACTGTTCC/ab=11/	75.0	60.7	64.3	50.0	65.6	5	0	2	10	4	11	16.67	N
0.0335	FCC17U2ACXX:3:1102:11751:27901#ACTGTTCC/ab=1/	FCC17U2ACXX:3:1101:4340:91929#ACTGTTCC/ab=2/	FCC17U2ACXX:3:1101:9833:59750#ACTGTTCC/ab=3/	78.4	68.6	74.5	47.1	73.2	9	8	4	8	3	0	5.26	N
0.0609	FCC17U2ACXX:3:1102:15999:9239#ACTGTTCC/ab=1/	FCC17U2ACXX:3:1102:19014:35368#ACTGTTCC/ab=3/	FCC17U2ACXX:3:1102:2749:3081#ACTGTTCC/ab=3/	80.0	73.3	71.7	70.0	76.6	4	0	3	6	2	7	9.09	N
0.0000	FCC17U2ACXX:3:1102:17485:12343#ACTGTTCC/ab=1/	*	*	*	*	*	*	*	*	*	*	*	*	*	*	N
0.0000	FCC17U2ACXX:3:1101:11595:93233#ACTGTTCC/ab=1/	*	*	*	*	*	*	*	*	*	*	*	*	*	*	N
0.0341	FCC17U2ACXX:3:1101:17410:8265#ACTGTTCC/ab=1/	FCC17U2ACXX:3:1101:19006:96193#ACTGTTCC/ab=4/	FCC17U2ACXX:3:1102:8658:11799#ACTGTTCC/ab=4/	74.5	69.1	69.1	67.3	68.3	3	0	3	9	6	10	7.89	N
0.0206	FCC17U2ACXX:3:1101:18341:12924#ACTGTTCC/ab=1/	FCC17U2ACXX:3:1102:20249:11705#ACTGTTCC/ab=2/	FCC17U2ACXX:3:1101:4124:60300#ACTGTTCC/ab=3/	85.5	80.0	83.6	85.5	84.7	2	1	6	3	0	3	2.17	N
0.0000	FCC17U2ACXX:3:1102:7271:23228#ACTGTTCC/ab=1/	*	*	*	*	*	*	*	*	*	*	*	*	*	*	N
0.0000	FCC17U2ACXX:3:1101:17990:12444#ACTGTTCC/ab=1/	*	*	*	*	*	*	*	*	*	*	*	*	*	*	N
0.0400	FCC17U2ACXX:3:1102:15577:39735#ACTGTTCC/ab=1/	FCC17U2ACXX:3:1102:12828:26649#ACTGTTCC/ab=2/	FCC17U2ACXX:3:1101:15711:52715#ACTGTTCC/ab=3/	73.6	49.1	67.9	39.6	66.1	3	0	0	18	17	9	8.33	N
0.0611	FCC17U2ACXX:3:1101:8566:47489#ACTGTTCC/ab=1/	FCC17U2ACXX:3:1101:16521:58946#ACTGTTCC/ab=2/	FCC17U2ACXX:3:1102:3849:17325#ACTGTTCC/ab=2/	88.3	85.0	81.7	73.3	89.1	4	0	0	7	5	2	3.92	N
0.0000	FCC17U2ACXX:3:1102:18365:39758#ACTGTTCC/ab=1/	*	*	*	*	*	*	*	*	*	*	*	*	*	*	N
0.0483	FCC17U2ACXX:3:1102:1445:15877#ACTGTTCC/ab=1/	FCC17U2ACXX:3:1101:15711:52715#ACTGTTCC/ab=3/	FCC17U2ACXX:3:1101:14453:69438#ACTGTTCC/ab=2/	85.5	65.5	76.4	45.5	80.0	4	3	0	20	6	2	11.90	N
0.1929	FCC17U2ACXX:3:1102:8334:23225#ACTGTTCC/ab=1/	FCC17U2ACXX:3:1102:4085:11622#ACTGTTCC/ab=3/	FCC17U2ACXX:3:1101:11939:60396#ACTGTTCC/ab=2/	92.1	47.6	88.9	42.9	87.5	2	0	0	31	3	2	3.57	N
0.0000	FCC17U2ACXX:3:1102:8307:5230#ACTGTTCC/ab=1/	*	*	*	*	*	*	*	*	*	*	*	*	*	*	N
0.0571	FCC17U2ACXX:3:1101:14145:65369#ACTGTTCC/ab=1/	FCC17U2ACXX:3:1102:4798:28565#ACTGTTCC/ab=3/	FCC17U2ACXX:3:1102:12828:26649#ACTGTTCC/ab=2/	80.0	80.0	60.0	56.4	78.0	21	3	5	3	3	0	2.27	N
0.0000	FCC17U2ACXX:3:1101:15288:30071#ACTGTTCC/ab=1/	*	*	*	*	*	*	*	*	*	*	*	*	*	*	N
0.0088	FCC17U2ACXX:3:1101:11714:13514#ACTGTTCC/ab=1/	FCC17U2ACXX:3:1101:7450:70523#ACTGTTCC/ab=2/	FCC17U2ACXX:3:1102:17867:16650#ACTGTTCC/ab=4/	71.4	69.4	65.3	55.1	74.2	4	2	0	6	14	7	2.94	N
0.0000	FCC17U2ACXX:3:1101:12722:33588#ACTGTTCC/ab=1/	FCC17U2ACXX:3:1102:10762:44056#ACTGTTCC/ab=4/	FCC17U2ACXX:3:1102:6801:35303#ACTGTTCC/ab=3/	98.2	96.4	96.4	92.9	96.7	1	2	0	0	1	0	1.85	N
0.0560	FCC17U2ACXX:3:1102:11505:6370#ACTGTTCC/ab=1/	FCC17U2ACXX:3:1101:10181:55628#ACTGTTCC/ab=2/	FCC17U2ACXX:3:1101:12766:84644#ACTGTTCC/ab=2/	79.2	71.7	77.4	62.3	75.4	11	8	7	4	0	1	2.44	N
0.0051	FCC17U2ACXX:3:1101:11516:90837#ACTGTTCC/ab=1/	FCC17U2ACXX:3:1101:19008:72245#ACTGTTCC/ab=5/	FCC17U2ACXX:3:1102:12828:33241#ACTGTTCC/ab=2/	69.8	66.0	64.2	58.5	67.2	5	7	4	5	9	5	5.71	N
0.1149	FCC17U2ACXX:3:1101:6708:52138#ACTGTTCC/ab=1/	FCC17U2ACXX:3:1102:10820:32883#ACTGTTCC/ab=2/	FCC17U2ACXX:3:1101:11099:71239#ACTGTTCC/ab=4/	82.8	75.9	67.2	50.0	77.4	17	6	3	4	0	1	9.09	N
0.0000	FCC17U2ACXX:3:1101:13217:82115#ACTGTTCC/ab=1/	*	*	*	*	*	*	*	*	*	*	*	*	*	*	N
0.0445	FCC17U2ACXX:3:1101:2268:72277#ACTGTTCC/ab=1/	FCC17U2ACXX:3:1102:15665:29265#ACTGTTCC/ab=10/	FCC17U2ACXX:3:1101:10181:55628#ACTGTTCC/ab=2/	82.1	75.0	76.8	69.6	76.7	4	1	0	8	4	5	6.98	N
0.0308	FCC17U2ACXX:3:1102:8265:33566#ACTGTTCC/ab=1/	FCC17U2ACXX:3:1101:9295:57865#ACTGTTCC/ab=2/	FCC17U2ACXX:3:1101:4124:60300#ACTGTTCC/ab=3/	78.2	67.3	72.7	52.7	72.9	7	5	6	8	3	5	7.50	N
0.1087	FCC17U2ACXX:3:1101:4634:58268#ACTGTTCC/ab=1/	FCC17U2ACXX:3:1101:4448:98259#ACTGTTCC/ab=2/	FCC17U2ACXX:3:1101:5128:84013#ACTGTTCC/ab=2/	87.7	80.7	71.9	63.2	81.7	11	4	2	7	1	1	8.70	N
0.0000	FCC17U2ACXX:3:1101:15435:66808#ACTGTTCC/ab=1/	*	*	*	*	*	*	*	*	*	*	*	*	*	*	N
0.3332	FCC17U2ACXX:3:1102:16840:11208#ACTGTTCC/ab=1/	FCC17U2ACXX:3:1102:18750:29646#ACTGTTCC/ab=2/	FCC17U2ACXX:3:1102:9169:13148#ACTGTTCC/ab=3/	100.0	86.4	93.2	79.7	93.7	4	0	0	8	0	0	7.27	Y
0.0000	FCC17U2ACXX:3:1101:4509:4765#ACTGTTCC/ab=1/	*	*	*	*	*	*	*	*	*	*	*	*	*	*	N
0.0651	FCC17U2ACXX:3:1101:14231:72045#ACTGTTCC/ab=1/	FCC17U2ACXX:3:1102:11373:31071#ACTGTTCC/ab=3/	FCC17U2ACXX:3:1101:19743:76872#ACTGTTCC/ab=2/	79.2	67.9	66.0	47.2	67.8	11	6	5	8	2	0	16.67	N
0.0466	FCC17U2ACXX:3:1102:16543:43272#ACTGTTCC/ab=1/	FCC17U2ACXX:3:1101:4124:60300#ACTGTTCC/ab=3/	FCC17U2ACXX:3:1101:17629:97490#ACTGTTCC/ab=2/	83.0	77.4	81.1	75.5	82.5	6	3	5	3	0	1	2.33	N
0.0192	FCC17U2ACXX:3:1101:14006:84598#ACTGTTCC/ab=1/	FCC17U2ACXX:3:1101:11099:71239#ACTGTTCC/ab=4/	FCC17U2ACXX:3:1102:17196:25443#ACTGTTCC/ab=2/	79.7	71.2	76.3	83.1	76.2	1	0	1	7	2	10	4.44	N
0.1109	FCC17U2ACXX:3:1101:16621:48072#ACTGTTCC/ab=1/	FCC17U2ACXX:3:1102:19524:22583#ACTGTTCC/ab=2/	FCC17U2ACXX:3:1102:7365:17521#ACTGTTCC/ab=2/	83.6	74.5	78.2	70.9	77.0	4	0	0	10	3	6	6.98	N
0.0627	FCC17U2ACXX:3:1101:19375:91614#ACTGTTCC/ab=1/	FCC17U2ACXX:3:1102:4798:28565#ACTGTTCC/ab=3/	FCC17U2ACXX:3:1102:18068:9974#ACTGTTCC/ab=2/	85.5	69.1	81.8	58.2	80.3	2	0	0	15	5	4	4.44	N
0.0000	FCC17U2ACXX:3:1102:18174:29616#ACTGTTCC/ab=1/	*	*	*	*	*	*	*	*	*	*	*	*	*	*	N
0.0481	FCC17U2ACXX:3:1101:13488:78286#ACTGTTCC/ab=1/	FCC17U2ACXX:3:1101:2678:83543#ACTGTTCC/ab=2/	FCC17U2ACXX:3:1102:8658:11799#ACTGTTCC/ab=4/	77.8	72.2	68.5	61.1	73.7	5	0	3	7	6	5	7.69	N
0.0000	FCC17U2ACXX:3:1102:11080:30659#ACTGTTCC/ab=1/	*	*	*	*	*	*	*	*	*	*	*	*	*	*	N
0.0000	FCC17U2ACXX:3:1101:9584:14219#ACTGTTCC/ab=1/	*	*	*	*	*	*	*	*	*	*	*	*	*	*	N
0.1655	FCC17U2ACXX:3:1101:7467:56487#ACTGTTCC/ab=1/	FCC17U2ACXX:3:1102:17090:25115#ACTGTTCC/ab=3/	FCC17U2ACXX:3:1102:9169:13148#ACTGTTCC/ab=3/	90.7	53.7	88.9	53.7	85.7	1	0	0	24	0	5	2.08	N
0.1356	FCC17U2ACXX:3:1101:9254:50381#ACTGTTCC/ab=1/	FCC17U2ACXX:3:1102:12828:33241#ACTGTTCC/ab=2/	FCC17U2ACXX:3:1102:17339:24686#ACTGTTCC/ab=3/	89.3	51.8	87.5	53.6	88.3	1	0	0	21	0	6	2.04	N
0.0399	FCC17U2ACXX:3:1101:18071:80732#ACTGTTCC/ab=1/	FCC17U2ACXX:3:1102:6712:30935#ACTGTTCC/ab=7/	FCC17U2ACXX:3:1101:15711:52715#ACTGTTCC/ab=3/	95.0	86.7	93.3	86.7	93.8	1	0	0	5	0	3	1.79	N
0.0000	FCC17U2ACXX:3:1102:11333:44786#ACTGTTCC/ab=1/	*	*	*	*	*	*	*	*	*	*	*	*	*	*	N
0.0643	FCC17U2ACXX:3:1101:9229:31135#ACTGTTCC/ab=1/	FCC17U2ACXX:3:1102:12639:21223#ACTGTTCC/ab=3/	FCC17U2ACXX:3:1101:12766:84644#ACTGTTCC/ab=2/	76.4	65.5	69.1	54.5	69.5	7	2	7	9	3	1	10.53	N
0.1103	FCC17U2ACXX:3:1101:16817:16205#ACTGTTCC/ab=1/	FCC17U2ACXX:3:1102:7365:17521#ACTGTTCC/ab=2/	FCC17U2ACXX:3:1102:13531:14506#ACTGTTCC/ab=2/	79.2	54.7	69.8	47.2	67.7	4	0	4	14	3	6	13.51	N
0.0000	FCC17U2ACXX:3:1101:11362:48246#ACTGTTCC/ab=1/	*	*	*	*	*	*	*	*	*	*	*	*	*	*	N
0.0589	FCC17U2ACXX:3:1101:15210:22455#ACTGTTCC/ab=1/	FCC17U2ACXX:3:1102:10801:31032#ACTGTTCC/ab=2/	FCC17U2ACXX:3:1101:10181:55628#ACTGTTCC/ab=2/	82.1	75.0	73.2	62.5	75.0	9	8	5	5	0	1	9.52	N
0.0000	FCC17U2ACXX:3:1101:19797:62360#ACTGTTCC/ab=1/	*	*	*	*	*	*	*	*	*	*	*	*	*	*	N
0.0426	FCC17U2ACXX:3:1101:18083:52604#ACTGTTCC/ab=1/	FCC17U2ACXX:3:1102:18068:9974#ACTGTTCC/ab=2/	FCC17U2ACXX:3:1101:4124:60300#ACTGTTCC/ab=3/	75.9	70.4	64.8	74.1	69.5	6	2	12	3	0	2	7.89	N
0.0294	FCC17U2ACXX:3:1101:8797:32858#ACTGTTCC/ab=1/	FCC17U2ACXX:3:1102:5958:33733#ACTGTTCC/ab=4/	FCC17U2ACXX:3:1101:15417:91223#ACTGTTCC/ab=2/	83.9	67.9	80.4	73.2	80.6	1	0	1	12	3	7	4.44	N
0.0000	FCC17U2ACXX:3:1102:14051:13604#ACTGTTCC/ab=1/	*	*	*	*	*	*	*	*	*	*	*	*	*	*	N
0.0000	FCC17U2ACXX:3:1102:9610:36797#ACTGTTCC/ab=1/	*	*	*	*	*	*	*	*	*	*	*	*	*	*	N
0.0000	FCC17U2ACXX:3:1101:7048:78046#ACTGTTCC/ab=1/	*	*	*	*	*	*	*	*	*	*	*	*	*	*	N
0.0447	FCC17U2ACXX:3:1101:3645:73446#ACTGTTCC/ab=1/	FCC17U2ACXX:3:1102:7248:13227#ACTGTTCC/ab=2/	FCC17U2ACXX:3:1101:2678:83543#ACTGTTCC/ab=2/	90.9	69.1	89.1	60.0	89.5	1	0	0	17	4	1	2.04	N
0.0432	FCC17U2ACXX:3:1101:15773:82612#ACTGTTCC/ab=1/	FCC17U2ACXX:3:1102:6712:30935#ACTGTTCC/ab=7/	FCC17U2ACXX:3:1101:15711:52715#ACTGTTCC/ab=3/	96.7	88.3	95.0	86.7	95.3	1	0	0	5	0	2	1.75	N
0.0138	FCC17U2ACXX:3:1101:19684:4750#ACTGTTCC/ab=1/	FCC17U2ACXX:3:1101:8569:81386#ACTGTTCC/ab=2/	FCC17U2ACXX:3:1102:16918:36202#ACTGTTCC/ab=3/	75.0	66.1	73.2	76.8	74.6	5	7	9	5	2	3	2.44	N
0.0000	FCC17U2ACXX:3:1101:6952:97519#ACTGTTCC/ab=1/	*	*	*	*	*	*	*	*	*	*	*	*	*	*	N
0.0000	FCC17U2ACXX:3:1101:20238:14419#ACTGTTCC/ab=1/	*	*	*	*	*	*	*	*	*	*	*	*	*	*	N
0.0000	FCC17U2ACXX:3:1101:6888:18757#ACTGTTCC/ab=1/	*	*	*	*	*	*	*	*	*	*	*	*	*	*	N
0.0000	FCC17U2ACXX:3:1101:12872:67843#ACTGTTCC/ab=1/	*	*	*	*	*	*	*	*	*	*	*	*	*	*	N
0.0000	FCC17U2ACXX:3:1101:18758:67170#ACTGTTCC/ab=1/	FCC17U2ACXX:3:1101:17629:97490#ACTGTTCC/ab=2/	FCC17U2ACXX:3:1101:5850:65368#ACTGTTCC/ab=3/	92.5	64.2	90.6	58.5	88.5	0	0	1	21	2	1	2.08	N
0.0000	FCC17U2ACXX:3:1102:3442:27897#ACTGTTCC/ab=1/	*	*	*	*	*	*	*	*	*	*	*	*	*	*	N
0.0698	FCC17U2ACXX:3:1101:19934:32975#ACTGTTCC/ab=1/	FCC17U2ACXX:3:1101:12766:84644#ACTGTTCC/ab=2/	FCC17U2ACXX:3:1102:10762:44056#ACTGTTCC/ab=4/	78.6	55.4	66.1	33.9	62.7	7	3	1	18	6	5	18.92	N
0.0000	FCC17U2ACXX:3:1101:15644:65754#ACTGTTCC/ab=1/	*	*	*	*	*	*	*	*	*	*	*	*	*	*	N
0.0488	FCC17U2ACXX:3:1101:16163:4425#ACTGTTCC/ab=1/	FCC17U2ACXX:3:1101:12766:84644#ACTGTTCC/ab=2/	FCC17U2ACXX:3:1101:14453:69438#ACTGTTCC/ab=2/	70.2	57.9	56.1	42.1	61.4	8	3	1	12	6	10	21.21	N
0.0668	FCC17U2ACXX:3:1102:2252:29222#ACTGTTCC/ab=1/	FCC17U2ACXX:3:1102:4798:28565#ACTGTTCC/ab=3/	FCC17U2ACXX:3:1101:4124:60300#ACTGTTCC/ab=3/	80.0	61.8	74.5	52.7	74.6	2	0	1	14	3	8	7.32	N
0.0000	FCC17U2ACXX:3:1102:17510:26336#ACTGTTCC/ab=1/	*	*	*	*	*	*	*	*	*	*	*	*	*	*	N
0.0000	FCC17U2ACXX:3:1101:17943:50301#ACTGTTCC/ab=1/	*	*	*	*	*	*	*	*	*	*	*	*	*	*	N
0.2408	FCC17U2ACXX:3:1101:2562:5716#ACTGTTCC/ab=1/	FCC17U2ACXX:3:1102:17090:25115#ACTGTTCC/ab=3/	FCC17U2ACXX:3:1102:9169:13148#ACTGTTCC/ab=3/	94.6	91.1	60.7	53.6	91.4	24	1	0	3	1	1	3.92	N
0.0294	FCC17U2ACXX:3:1101:10775:63441#ACTGTTCC/ab=1/	FCC17U2ACXX:3:1102:17339:24686#ACTGTTCC/ab=3/	FCC17U2ACXX:3:1102:6712:30935#ACTGTTCC/ab=7/	84.9	62.3	81.1	49.1	84.4	2	4	0	26	5	2	4.65	N
0.1160	FCC17U2ACXX:3:1102:9570:37132#ACTGTTCC/ab=1/	FCC17U2ACXX:3:1101:14321:55801#ACTGTTCC/ab=2/	FCC17U2ACXX:3:1101:9833:59750#ACTGTTCC/ab=3/	80.4	66.1	69.6	50.0	70.7	5	0	2	15	6	3	15.38	N
0.0000	FCC17U2ACXX:3:1101:17088:18421#ACTGTTCC/ab=1/	*	*	*	*	*	*	*	*	*	*	*	*	*	*	N
0.0262	FCC17U2ACXX:3:1102:10425:16413#ACTGTTCC/ab=1/	FCC17U2ACXX:3:1102:3849:17325#ACTGTTCC/ab=2/	FCC17U2ACXX:3:1102:1988:43689#ACTGTTCC/ab=7/	85.0	81.7	78.3	81.7	81.2	5	2	2	2	0	5	4.08	N
0.0904	FCC17U2ACXX:3:1102:16351:41809#ACTGTTCC/ab=1/	FCC17U2ACXX:3:1102:16918:36202#ACTGTTCC/ab=3/	FCC17U2ACXX:3:1101:19743:76872#ACTGTTCC/ab=2/	75.0	62.5	66.1	37.5	66.1	4	0	0	19	10	6	13.51	N
0.2335	FCC17U2ACXX:3:1101:7586:77699#ACTGTTCC/ab=1/	FCC17U2ACXX:3:1102:19693:14744#ACTGTTCC/ab=3/	FCC17U2ACXX:3:1102:15631:10952#ACTGTTCC/ab=2/	96.6	58.6	93.1	58.6	91.2	1	0	0	27	0	2	3.70	N
0.0333	FCC17U2ACXX:3:1101:12303:44191#ACTGTACC/ab=1/	FCC17U2ACXX:3:1102:12828:33241#ACTGTTCC/ab=2/	FCC17U2ACXX:3:1101:16521:58946#ACTGTTCC/ab=2/	80.4	71.4	76.8	62.5	79.7	5	6	5	9	2	0	4.65	N
0.0208	FCC17U2ACXX:3:1102:17501:8254#ACTGTTCC/ab=1/	FCC17U2ACXX:3:1101:16471:98642#ACTGTTCC/ab=4/	FCC17U2ACXX:3:1101:19741:62248#ACTGTTCC/ab=4/	100.0	96.6	98.3	94.8	98.4	1	0	0	2	0	0	1.75	N
0.0000	FCC17U2ACXX:3:1101:18375:23364#ACTGTTCC/ab=1/	FCC17U2ACXX:3:1101:4669:88484#ACTGTTCC/ab=2/	FCC17U2ACXX:3:1102:7197:16016#ACTGTTCC/ab=3/	83.9	75.0	82.1	83.9	80.0	1	6	7	0	1	1	2.17	N
0.0987	FCC17U2ACXX:3:1102:7268:21619#ACTGTTCC/ab=1/	FCC17U2ACXX:3:1102:6806:32938#ACTGTTCC/ab=18/	FCC17U2ACXX:3:1101:14919:83900#ACTGTTCC/ab=2/	94.6	58.9	92.9	53.6	93.4	1	0	0	24	2	1	1.92	N
0.0431	FCC17U2ACXX:3:1102:15618:42595#ACTGTTCC/ab=1/	FCC17U2ACXX:3:1101:19006:96193#ACTGTTCC/ab=4/	FCC17U2ACXX:3:1102:17613:31062#ACTGTTCC/ab=8/	94.6	83.9	92.9	87.5	93.3	1	0	2	6	0	2	1.92	N
0.0326	FCC17U2ACXX:3:1101:21314:27252#ACTGTTCC/ab=1/	FCC17U2ACXX:3:1102:4085:11622#ACTGTTCC/ab=3/	FCC17U2ACXX:3:1102:10654:24951#ACTGTTCC/ab=3/	82.6	67.4	76.1	50.0	60.7	3	1	1	16	9	10	8.57	N
0.0833	FCC17U2ACXX:3:1101:2747:42024#ACTGTTCC/ab=1/	FCC17U2ACXX:3:1101:4448:98259#ACTGTTCC/ab=2/	FCC17U2ACXX:3:1102:16751:4138#ACTGTTCC/ab=4/	79.3	72.4	70.7	60.3	74.2	12	6	7	4	0	0	9.52	N
0.0441	FCC17U2ACXX:3:1101:17187:90490#ACTGTTCC/ab=1/	FCC17U2ACXX:3:1101:14919:83900#ACTGTTCC/ab=2/	FCC17U2ACXX:3:1102:20249:11705#ACTGTTCC/ab=2/	84.2	78.9	78.9	75.4	80.3	3	0	2	5	2	5	6.67	N
0.0234	FCC17U2ACXX:3:1101:2011:57147#ACTGTTCC/ab=1/	FCC17U2ACXX:3:1101:15711:52715#ACTGTTCC/ab=3/	FCC17U2ACXX:3:1102:6712:30935#ACTGTTCC/ab=7/	91.7	85.0	88.3	86.7	89.1	1	0	1	5	1	3	3.77	N
0.0475	FCC17U2ACXX:3:1101:20454:3664#ACTGTTCC/ab=1/	FCC17U2ACXX:3:1101:14919:83900#ACTGTTCC/ab=2/	FCC17U2ACXX:3:1102:5958:33733#ACTGTTCC/ab=4/	76.4	56.4	65.5	41.8	66.1	5	2	4	15	6	5	16.67	N
0.0147	FCC17U2ACXX:3:1101:19653:69983#ACTGTTCC/ab=1/	FCC17U2ACXX:3:1101:5128:84013#ACTGTTCC/ab=2/	FCC17U2ACXX:3:1102:19693:14744#ACTGTTCC/ab=3/	91.1	87.5	87.5	89.3	90.0	1	0	0	3	1	4	4.08	N
0.0416	FCC17U2ACXX:3:1101:14988:42732#ACTGTTCC/ab=1/	FCC17U2ACXX:3:1101:17582:53060#ACTGTTCC/ab=7/	FCC17U2ACXX:3:1101:11994:64266#ACTGTTCC/ab=2/	100.0	92.9	98.2	91.1	96.7	1	0	0	4	0	0	1.82	N
0.0000	FCC17U2ACXX:3:1102:19362:43649#ACTGTTCC/ab=1/	*	*	*	*	*	*	*	*	*	*	*	*	*	*	N
0.0086	FCC17U2ACXX:3:1102:10364:40429#ACTGTTCC/ab=1/	FCC17U2ACXX:3:1102:5418:6277#ACTGTTCC/ab=8/	FCC17U2ACXX:3:1101:4669:88484#ACTGTTCC/ab=2/	96.4	94.6	94.6	96.4	95.0	1	0	0	1	0	2	1.89	N
0.0000	FCC17U2ACXX:3:1101:3422:63388#ACTGTTCC/ab=1/	*	*	*	*	*	*	*	*	*	*	*	*	*	*	N
0.0000	FCC17U2ACXX:3:1102:2262:17694#ACTGTTCC/ab=1/	*	*	*	*	*	*	*	*	*	*	*	*	*	*	N
0.0000	FCC17U2ACXX:3:1102:12205:30930#ACTGTTCC/ab=1/	*	*	*	*	*	*	*	*	*	*	*	*	*	*	N
0.0056	FCC17U2ACXX:3:1101:15524:33582#ACTGTTCC/ab=1/	FCC17U2ACXX:3:1102:4798:28565#ACTGTTCC/ab=3/	FCC17U2ACXX:3:1101:17629:97490#ACTGTTCC/ab=2/	83.0	55.3	78.7	53.2	80.7	1	7	4	15	4	5	5.41	N
0.0419	FCC17U2ACXX:3:1102:19217:17436#ACTGTTCC/ab=1/	FCC17U2ACXX:3:1102:1536:38404#ACTGTTCC/ab=4/	FCC17U2ACXX:3:1102:10801:31032#ACTGTTCC/ab=2/	89.1	65.5	85.5	63.6	86.2	1	1	1	20	2	3	4.26	N
0.0000	FCC17U2ACXX:3:1101:5788:44453#ACTGTTCC/ab=1/	*	*	*	*	*	*	*	*	*	*	*	*	*	*	N
0.1235	FCC17U2ACXX:3:1101:10113:50471#ACTGTTCC/ab=1/	FCC17U2ACXX:3:1102:8973:44803#ACTGTTCC/ab=17/	FCC17U2ACXX:3:1101:16521:58946#ACTGTTCC/ab=2/	73.7	68.4	56.1	42.1	69.5	9	0	0	11	9	9	7.69	N
0.0866	FCC17U2ACXX:3:1101:5957:69742#ACTGTTCC/ab=1/	FCC17U2ACXX:3:1102:4798:28565#ACTGTTCC/ab=3/	FCC17U2ACXX:3:1101:5237:44932#ACTGTTCC/ab=2/	80.0	61.8	72.7	40.0	68.3	3	0	0	22	9	5	10.00	N
0.0348	FCC17U2ACXX:3:1101:13699:91945#ACTGTTCC/ab=1/	FCC17U2ACXX:3:1102:4085:11622#ACTGTTCC/ab=3/	FCC17U2ACXX:3:1102:18068:9974#ACTGTTCC/ab=2/	88.2	66.7	82.4	49.0	80.3	5	8	0	15	3	2	7.14	N
0.0000	FCC17U2ACXX:3:1101:9497:57273#ACTGTTCC/ab=1/	*	*	*	*	*	*	*	*	*	*	*	*	*	*	N
0.0229	FCC17U2ACXX:3:1101:6874:75695#ACTGTTCC/ab=1/	FCC17U2ACXX:3:1101:19008:72245#ACTGTTCC/ab=5/	FCC17U2ACXX:3:1101:17629:97490#ACTGTTCC/ab=2/	85.5	70.9	83.6	67.3	82.5	2	2	2	10	3	3	2.17	N
0.0029	FCC17U2ACXX:3:1101:10533:13521#ACTGTTCC/ab=1/	FCC17U2ACXX:3:1102:1988:43689#ACTGTTCC/ab=7/	FCC17U2ACXX:3:1101:15711:52715#ACTGTTCC/ab=3/	85.0	81.7	78.3	61.7	82.8	8	9	1	1	4	0	4.08	N
0.0801	FCC17U2ACXX:3:1102:9451:38943#ACTGTTCC/ab=1/	FCC17U2ACXX:3:1102:9737:44117#ACTGTTCC/ab=4/	FCC17U2ACXX:3:1102:10762:44056#ACTGTTCC/ab=4/	76.8	53.6	69.6	42.9	71.7	3	0	3	16	4	9	10.26	N
0.0000	FCC17U2ACXX:3:1101:2379:79387#ACTGTTCC/ab=1/	*	*	*	*	*	*	*	*	*	*	*	*	*	*	N
0.0826	FCC17U2ACXX:3:1102:17428:12694#ACTGTTCC/ab=1/	FCC17U2ACXX:3:1101:19006:96193#ACTGTTCC/ab=4/	FCC17U2ACXX:3:1102:7197:16016#ACTGTTCC/ab=3/	82.1	73.2	75.0	57.1	76.7	10	7	3	5	0	0	9.52	N
0.0000	FCC17U2ACXX:3:1101:14309:47026#ACTGTTCC/ab=1/	*	*	*	*	*	*	*	*	*	*	*	*	*	*	N
0.0208	FCC17U2ACXX:3:1101:10032:91462#ACTGTTCC/ab=1/	FCC17U2ACXX:3:1101:11994:64266#ACTGTTCC/ab=2/	FCC17U2ACXX:3:1102:17867:16650#ACTGTTCC/ab=4/	100.0	98.2	96.4	94.6	96.7	2	0	0	1	0	0	1.82	N
0.0000	FCC17U2ACXX:3:1102:20092:45135#ACTGTTCC/ab=1/	*	*	*	*	*	*	*	*	*	*	*	*	*	*	N
0.1218	FCC17U2ACXX:3:1101:11430:11571#ACTGTTCC/ab=1/	FCC17U2ACXX:3:1101:4448:98259#ACTGTTCC/ab=2/	FCC17U2ACXX:3:1101:10181:55628#ACTGTTCC/ab=2/	86.0	77.2	75.4	66.7	79.0	11	4	4	5	0	1	11.36	N
0.0136	FCC17U2ACXX:3:1102:9873:23615#ACTGTTCC/ab=1/	FCC17U2ACXX:3:1102:1988:43689#ACTGTTCC/ab=7/	FCC17U2ACXX:3:1102:4085:11622#ACTGTTCC/ab=3/	67.2	62.1	60.3	36.2	64.5	3	1	1	16	26	6	8.33	N
0.1004	FCC17U2ACXX:3:1101:2575:68319#ACTGTTCC/ab=1/	FCC17U2ACXX:3:1102:4085:11622#ACTGTTCC/ab=3/	FCC17U2ACXX:3:1101:11939:60396#ACTGTTCC/ab=2/	84.1	50.8	81.0	46.0	78.5	2	0	0	25	5	6	3.92	N
0.0000	FCC17U2ACXX:3:1101:11084:87338#ACTGTTCC/ab=1/	*	*	*	*	*	*	*	*	*	*	*	*	*	*	N
0.0104	FCC17U2ACXX:3:1102:2081:10268#ACTGTTCC/ab=1/	FCC17U2ACXX:3:1102:7248:13227#ACTGTTCC/ab=2/	FCC17U2ACXX:3:1102:16596:27503#ACTGTTCC/ab=3/	86.0	71.9	82.5	66.7	80.3	2	4	2	7	3	3	4.26	N
0.0460	FCC17U2ACXX:3:1102:4627:34966#ACTGTTCC/ab=1/	FCC17U2ACXX:3:1102:17090:25115#ACTGTTCC/ab=3/	FCC17U2ACXX:3:1102:17000:34002#ACTGTTCC/ab=2/	76.9	46.2	71.8	41.0	63.2	6	1	0	14	13	8	7.14	N
0.0437	FCC17U2ACXX:3:1101:15706:54437#ACTGTTCC/ab=1/	FCC17U2ACXX:3:1102:9922:44057#ACTGTTCC/ab=2/	FCC17U2ACXX:3:1102:13139:29691#ACTGTTCC/ab=2/	64.3	51.8	57.1	57.1	55.9	3	0	4	9	3	14	12.50	N
0.0444	FCC17U2ACXX:3:1101:12809:24460#ACTGTTCC/ab=1/	FCC17U2ACXX:3:1101:12766:84644#ACTGTTCC/ab=2/	FCC17U2ACXX:3:1102:9737:44117#ACTGTTCC/ab=4/	83.6	78.2	78.2	63.6	78.3	11	8	3	3	0	1	6.98	N
0.0000	FCC17U2ACXX:3:1102:5716:13805#ACTGTTCC/ab=1/	FCC17U2ACXX:3:1102:4085:11622#ACTGTTCC/ab=3/	FCC17U2ACXX:3:1102:12077:35818#ACTGTTCC/ab=2/	66.1	55.9	64.4	57.6	62.9	0	0	0	13	8	16	2.63	N
0.1156	FCC17U2ACXX:3:1101:6955:72560#ACTGTTCC/ab=1/	FCC17U2ACXX:3:1101:4340:91929#ACTGTTCC/ab=2/	FCC17U2ACXX:3:1102:8658:11799#ACTGTTCC/ab=4/	73.2	62.5	64.3	50.0	70.0	5	0	0	14	6	10	13.89	N
0.0000	FCC17U2ACXX:3:1101:2284:26978#ACTGTTCC/ab=1/	*	*	*	*	*	*	*	*	*	*	*	*	*	*	N
0.0000	FCC17U2ACXX:3:1101:5008:23852#ACTGTTCC/ab=1/	*	*	*	*	*	*	*	*	*	*	*	*	*	*	N
0.0000	FCC17U2ACXX:3:1101:8262:12635#ACTGTTCC/ab=1/	*	*	*	*	*	*	*	*	*	*	*	*	*	*	N
0.0000	FCC17U2ACXX:3:1101:20168:56041#ACTGTTCC/ab=1/	*	*	*	*	*	*	*	*	*	*	*	*	*	*	N
0.0000	FCC17U2ACXX:3:1101:11422:35194#ACTGTTCC/ab=1/	*	*	*	*	*	*	*	*	*	*	*	*	*	*	N
0.0458	FCC17U2ACXX:3:1101:7066:95591#ACTGTTCC/ab=1/	FCC17U2ACXX:3:1102:6712:30935#ACTGTTCC/ab=7/	FCC17U2ACXX:3:1102:14233:30775#ACTGTTCC/ab=2/	88.3	85.0	83.3	73.3	85.9	3	0	0	7	5	2	3.92	N
0.0000	FCC17U2ACXX:3:1101:11697:35362#ACTGTTCC/ab=1/	*	*	*	*	*	*	*	*	*	*	*	*	*	*	N
0.0000	FCC17U2ACXX:3:1101:13902:82406#ACTGTTCC/ab=1/	*	*	*	*	*	*	*	*	*	*	*	*	*	*	N
0.1276	FCC17U2ACXX:3:1102:11573:39873#ACTGTTCC/ab=1/	FCC17U2ACXX:3:1101:4340:91929#ACTGTTCC/ab=2/	FCC17U2ACXX:3:1102:7365:17521#ACTGTTCC/ab=2/	80.7	64.9	75.4	56.1	73.8	4	0	0	14	4	7	6.98	N
0.0000	FCC17U2ACXX:3:1101:17174:12918#ACTGTTCC/ab=1/	*	*	*	*	*	*	*	*	*	*	*	*	*	*	N
0.0000	FCC17U2ACXX:3:1101:9009:75253#ACTGTTCC/ab=1/	*	*	*	*	*	*	*	*	*	*	*	*	*	*	N
0.0365	FCC17U2ACXX:3:1101:9225:90443#ACTGTTCC/ab=1/	FCC17U2ACXX:3:1101:15417:91223#ACTGTTCC/ab=2/	FCC17U2ACXX:3:1102:18168:15842#ACTGTTCC/ab=2/	76.5	68.6	72.5	58.8	71.2	7	11	4	7	0	5	5.41	N
0.0000	FCC17U2ACXX:3:1101:15583:81672#ACTGTTCC/ab=1/	*	*	*	*	*	*	*	*	*	*	*	*	*	*	N
0.0632	FCC17U2ACXX:3:1101:19082:25228#ACTGTTCC/ab=1/	FCC17U2ACXX:3:1102:4085:11622#ACTGTTCC/ab=3/	FCC17U2ACXX:3:1101:19008:72245#ACTGTTCC/ab=5/	78.0	70.0	68.0	46.0	70.5	6	2	0	15	6	8	11.43	N
0.0000	FCC17U2ACXX:3:1102:20259:9529#ACTGTTCC/ab=1/	*	*	*	*	*	*	*	*	*	*	*	*	*	*	N
0.0000	FCC17U2ACXX:3:1101:6496:73504#ACTGTTCC/ab=1/	*	*	*	*	*	*	*	*	*	*	*	*	*	*	N
0.0000	FCC17U2ACXX:3:1101:12476:23251#ACTGTTCC/ab=1/	*	*	*	*	*	*	*	*	*	*	*	*	*	*	N
0.0341	FCC17U2ACXX:3:1101:19153:45214#ACTGTTCC/ab=1/	FCC17U2ACXX:3:1101:2678:83543#ACTGTTCC/ab=2/	FCC17U2ACXX:3:1101:17629:97490#ACTGTTCC/ab=2/	85.7	61.2	83.7	53.1	86.0	1	0	0	19	6	5	2.44	N
0.0000	FCC17U2ACXX:3:1101:12772:41643#ACTGTTCC/ab=1/	*	*	*	*	*	*	*	*	*	*	*	*	*	*	N
0.0092	FCC17U2ACXX:3:1101:5249:13767#ACTGTTCC/ab=1/	FCC17U2ACXX:3:1101:14265:43856#ACTGTTCC/ab=2/	FCC17U2ACXX:3:1101:12766:84644#ACTGTTCC/ab=2/	68.6	68.6	60.8	56.9	67.9	6	6	8	4	4	6	2.86	N
0.0000	FCC17U2ACXX:3:1101:4856:75420#ACTGTTCC/ab=1/	*	*	*	*	*	*	*	*	*	*	*	*	*	*	N
0.0000	FCC17U2ACXX:3:1101:6618:77771#ACTGTTCC/ab=1/	*	*	*	*	*	*	*	*	*	*	*	*	*	*	N
0.0296	FCC17U2ACXX:3:1102:3102:3481#ACTGTTCC/ab=1/	FCC17U2ACXX:3:1102:17196:25443#ACTGTTCC/ab=2/	FCC17U2ACXX:3:1102:1988:43689#ACTGTTCC/ab=7/	93.3	88.3	91.7	85.0	92.2	2	1	2	3	0	1	1.82	N
0.0000	FCC17U2ACXX:3:1101:17243:41246#ACTGTTCC/ab=1/	*	*	*	*	*	*	*	*	*	*	*	*	*	*	N
0.0243	FCC17U2ACXX:3:1101:5964:3932#ACTGTTCC/ab=1/	FCC17U2ACXX:3:1102:19693:14744#ACTGTTCC/ab=3/	FCC17U2ACXX:3:1102:19165:30817#ACTGTTCC/ab=2/	98.2	92.9	96.4	89.3	96.7	1	0	0	4	1	0	1.85	N
0.0611	FCC17U2ACXX:3:1101:11360:98004#ACTGTTCC/ab=1/	FCC17U2ACXX:3:1101:4340:91929#ACTGTTCC/ab=2/	FCC17U2ACXX:3:1102:8973:44803#ACTGTTCC/ab=17/	80.0	67.3	67.3	47.3	67.8	7	2	0	12	6	6	18.92	N
0.0998	FCC17U2ACXX:3:1101:16951:91062#ACTGTTCC/ab=1/	FCC17U2ACXX:3:1101:14321:55801#ACTGTTCC/ab=2/	FCC17U2ACXX:3:1102:15562:36938#ACTGTTCC/ab=15/	70.9	58.2	50.9	36.4	56.1	15	6	6	8	1	4	21.88	N
0.0498	FCC17U2ACXX:3:1102:9333:16811#ACTGTTCC/ab=1/	FCC17U2ACXX:3:1101:4148:26836#ACTGTTCC/ab=2/	FCC17U2ACXX:3:1102:7197:16016#ACTGTTCC/ab=3/	73.2	60.7	69.6	78.6	71.7	2	0	0	8	1	16	5.13	N
0.0000	FCC17U2ACXX:3:1101:2135:59171#ACTGTTCC/ab=1/	*	*	*	*	*	*	*	*	*	*	*	*	*	*	N
0.0000	FCC17U2ACXX:3:1102:6017:43327#ACTGTTCC/ab=1/	*	*	*	*	*	*	*	*	*	*	*	*	*	*	N
0.0131	FCC17U2ACXX:3:1101:7428:58594#ACTGTTCC/ab=1/	FCC17U2ACXX:3:1101:11384:71000#ACTGTTCC/ab=4/	FCC17U2ACXX:3:1101:4448:98259#ACTGTTCC/ab=2/	69.6	62.5	64.3	48.2	63.8	5	5	5	10	9	4	8.33	N
0.0000	FCC17U2ACXX:3:1101:18059:83790#ACTGTTCC/ab=1/	*	*	*	*	*	*	*	*	*	*	*	*	*	*	N
0.0000	FCC17U2ACXX:3:1101:17446:91961#ACTGTTCC/ab=1/	*	*	*	*	*	*	*	*	*	*	*	*	*	*	N
0.0312	FCC17U2ACXX:3:1101:4985:63796#ACTGTTCC/ab=1/	FCC17U2ACXX:3:1101:4148:26836#ACTGTTCC/ab=2/	FCC17U2ACXX:3:1101:10181:55628#ACTGTTCC/ab=2/	76.8	73.2	69.6	62.5	73.3	8	4	8	3	1	0	7.32	N
0.0842	FCC17U2ACXX:3:1101:7005:62372#ACTGTTCC/ab=1/	FCC17U2ACXX:3:1101:16521:58946#ACTGTTCC/ab=2/	FCC17U2ACXX:3:1102:3849:17325#ACTGTTCC/ab=2/	91.7	85.0	85.0	73.3	90.6	4	0	0	8	4	1	7.84	N
0.0466	FCC17U2ACXX:3:1101:3816:29091#ACTGTTCC/ab=1/	FCC17U2ACXX:3:1101:12766:84644#ACTGTTCC/ab=2/	FCC17U2ACXX:3:1101:4448:98259#ACTGTTCC/ab=2/	76.3	59.3	67.8	54.2	65.6	4	2	3	14	4	7	12.50	N
0.0000	FCC17U2ACXX:3:1102:6312:27702#ACTGTTCC/ab=1/	*	*	*	*	*	*	*	*	*	*	*	*	*	*	N
0.0687	FCC17U2ACXX:3:1101:4543:31942#ACTGTTCC/ab=1/	FCC17U2ACXX:3:1102:20369:35200#ACTGTTCC/ab=6/	FCC17U2ACXX:3:1102:10732:29980#ACTGTTCC/ab=3/	80.4	58.9	78.6	66.1	80.0	1	0	0	14	0	11	2.27	N
0.0360	FCC17U2ACXX:3:1101:5115:41755#ACTGTTCC/ab=1/	FCC17U2ACXX:3:1102:18813:10395#ACTGTTCC/ab=4/	FCC17U2ACXX:3:1102:10801:31032#ACTGTTCC/ab=2/	64.9	54.4	63.2	43.9	59.3	12	9	9	10	4	3	8.33	N
0.0260	FCC17U2ACXX:3:1101:12788:67709#ACTGTTCC/ab=1/	FCC17U2ACXX:3:1101:4148:26836#ACTGTTCC/ab=2/	FCC17U2ACXX:3:1102:5418:6277#ACTGTTCC/ab=8/	83.9	82.1	75.0	87.5	81.7	5	0	8	1	0	1	2.17	N
0.0715	FCC17U2ACXX:3:1101:9635:30744#ACTGTTCC/ab=1/	FCC17U2ACXX:3:1101:8569:81386#ACTGTTCC/ab=2/	FCC17U2ACXX:3:1101:11939:60396#ACTGTTCC/ab=2/	86.9	82.0	73.8	70.5	83.1	10	3	2	3	0	3	6.00	N
0.0049	FCC17U2ACXX:3:1101:10849:84317#ACTGTTCC/ab=1/	FCC17U2ACXX:3:1101:4148:26836#ACTGTTCC/ab=2/	FCC17U2ACXX:3:1101:19006:96193#ACTGTTCC/ab=4/	85.5	63.6	81.8	52.7	81.7	5	15	3	3	2	2	4.44	N
0.0196	FCC17U2ACXX:3:1101:10153:87601#ACTGTTCC/ab=1/	FCC17U2ACXX:3:1101:5128:84013#ACTGTTCC/ab=2/	FCC17U2ACXX:3:1102:12828:33241#ACTGTTCC/ab=2/	68.5	64.8	63.0	64.8	64.4	8	6	10	3	1	3	5.71	N
0.0194	FCC17U2ACXX:3:1102:2891:24537#ACTGTTCC/ab=1/	FCC17U2ACXX:3:1102:19693:14744#ACTGTTCC/ab=3/	FCC17U2ACXX:3:1102:19165:30817#ACTGTTCC/ab=2/	89.3	83.9	87.5	89.3	88.3	1	0	0	3	0	6	2.04	N
0.0902	FCC17U2ACXX:3:1101:17842:94275#ACTGTTCC/ab=1/	FCC17U2ACXX:3:1101:19743:76872#ACTGTTCC/ab=2/	FCC17U2ACXX:3:1102:7365:17521#ACTGTTCC/ab=2/	83.9	51.8	80.4	46.4	76.7	4	3	0	20	2	5	4.44	N
0.0000	FCC17U2ACXX:3:1102:5802:33203#ACTGTTCC/ab=1/	*	*	*	*	*	*	*	*	*	*	*	*	*	*	N
0.0730	FCC17U2ACXX:3:1102:15077:9596#ACTGTTCC/ab=1/	FCC17U2ACXX:3:1101:9295:57865#ACTGTTCC/ab=2/	FCC17U2ACXX:3:1101:15417:91223#ACTGTTCC/ab=2/	75.0	62.5	64.3	42.9	70.3	5	0	1	14	10	9	16.67	N
0.0876	FCC17U2ACXX:3:1101:15371:47651#ACTGTTCC/ab=1/	FCC17U2ACXX:3:1102:8973:44803#ACTGTTCC/ab=17/	FCC17U2ACXX:3:1101:4669:88484#ACTGTTCC/ab=2/	82.1	80.4	58.9	44.6	79.7	13	1	0	7	7	3	2.22	N
0.0092	FCC17U2ACXX:3:1102:4773:10633#ACTGTTCC/ab=1/	FCC17U2ACXX:3:1102:17090:25115#ACTGTTCC/ab=3/	FCC17U2ACXX:3:1101:4669:88484#ACTGTTCC/ab=2/	64.3	62.5	64.3	64.3	66.7	4	4	14	2	1	0	2.78	N
0.0000	FCC17U2ACXX:3:1102:8485:2351#ACTGTTCC/ab=1/	*	*	*	*	*	*	*	*	*	*	*	*	*	*	N
0.0429	FCC17U2ACXX:3:1101:8234:26642#ACTGTTCC/ab=1/	FCC17U2ACXX:3:1102:12639:21223#ACTGTTCC/ab=3/	FCC17U2ACXX:3:1101:19006:96193#ACTGTTCC/ab=4/	82.7	65.4	80.8	59.6	83.3	1	0	0	18	4	5	2.38	N
0.0122	FCC17U2ACXX:3:1101:4719:26239#ACTGTTCC/ab=1/	FCC17U2ACXX:3:1102:10801:31032#ACTGTTCC/ab=2/	FCC17U2ACXX:3:1102:12077:35818#ACTGTTCC/ab=2/	86.9	85.2	83.6	88.5	86.2	3	1	6	1	0	1	1.92	N
0.0000	FCC17U2ACXX:3:1101:2618:38557#ACTGTTCC/ab=1/	*	*	*	*	*	*	*	*	*	*	*	*	*	*	N
0.0000	FCC17U2ACXX:3:1102:7797:30212#ACTGTTCC/ab=1/	*	*	*	*	*	*	*	*	*	*	*	*	*	*	N
0.1196	FCC17U2ACXX:3:1102:7669:39598#ACTGTTCC/ab=1/	FCC17U2ACXX:3:1102:16918:36202#ACTGTTCC/ab=3/	FCC17U2ACXX:3:1101:4448:98259#ACTGTTCC/ab=2/	86.7	71.7	81.7	61.7	82.8	6	4	4	9	0	1	6.12	N
0.0755	FCC17U2ACXX:3:1101:9182:8179#ACTGTTCC/ab=1/	FCC17U2ACXX:3:1101:8569:81386#ACTGTTCC/ab=2/	FCC17U2ACXX:3:1102:18068:9974#ACTGTTCC/ab=2/	76.3	67.8	61.0	50.8	68.8	10	2	5	8	3	6	12.50	N
0.0182	FCC17U2ACXX:3:1101:7637:2259#ACTGTTCC/ab=1/	FCC17U2ACXX:3:1102:2792:38795#ACTGTTCC/ab=3/	FCC17U2ACXX:3:1101:4448:98259#ACTGTTCC/ab=2/	77.8	74.1	70.4	53.7	68.3	13	16	6	3	1	0	7.50	N
0.0000	FCC17U2ACXX:3:1101:15972:90106#ACTGTTCC/ab=1/	*	*	*	*	*	*	*	*	*	*	*	*	*	*	N
0.0000	FCC17U2ACXX:3:1101:14907:55080#ACTGTTCC/ab=1/	*	*	*	*	*	*	*	*	*	*	*	*	*	*	N
0.0000	FCC17U2ACXX:3:1101:16695:97035#ACTGTTCC/ab=1/	*	*	*	*	*	*	*	*	*	*	*	*	*	*	N
0.1202	FCC17U2ACXX:3:1101:14300:60775#ACTGTTCC/ab=1/	FCC17U2ACXX:3:1101:7904:32040#ACTGTTCC/ab=2/	FCC17U2ACXX:3:1101:19741:62248#ACTGTTCC/ab=4/	75.0	68.8	53.1	34.4	61.3	7	1	4	11	3	0	9.09	N
0.0000	FCC17U2ACXX:3:1101:10984:86495#ACTGTTCC/ab=1/	*	*	*	*	*	*	*	*	*	*	*	*	*	*	N
0.0000	FCC17U2ACXX:3:1101:2466:4005#ACTGTTCC/ab=1/	*	*	*	*	*	*	*	*	*	*	*	*	*	*	N
0.0350	FCC17U2ACXX:3:1101:13591:52813#ACTGTTCC/ab=1/	FCC17U2ACXX:3:1101:4448:98259#ACTGTTCC/ab=2/	FCC17U2ACXX:3:1101:11994:64266#ACTGTTCC/ab=2/	78.9	73.7	77.2	59.6	80.0	11	9	2	4	1	0	6.82	N
0.0190	FCC17U2ACXX:3:1101:15090:73645#ACTGTTCC/ab=1/	FCC17U2ACXX:3:1101:16521:58946#ACTGTTCC/ab=2/	FCC17U2ACXX:3:1101:15711:52715#ACTGTTCC/ab=3/	91.7	86.7	90.0	85.0	90.6	1	0	0	5	2	3	1.85	N
0.0000	FCC17U2ACXX:3:1101:12371:59269#ACTGTTCC/ab=1/	*	*	*	*	*	*	*	*	*	*	*	*	*	*	N
0.1363	FCC17U2ACXX:3:1101:18743:43617#ACTGTTCC/ab=1/	FCC17U2ACXX:3:1102:7248:13227#ACTGTTCC/ab=2/	FCC17U2ACXX:3:1101:14321:55801#ACTGTTCC/ab=2/	80.5	65.9	73.2	56.1	66.1	21	2	2	7	4	4	10.00	N
0.0879	FCC17U2ACXX:3:1102:12916:36974#ACTGTTCC/ab=1/	FCC17U2ACXX:3:1102:4798:28565#ACTGTTCC/ab=3/	FCC17U2ACXX:3:1102:15665:29265#ACTGTTCC/ab=10/	78.6	73.2	60.7	57.1	71.2	11	2	8	3	0	2	7.32	N
0.0681	FCC17U2ACXX:3:1102:5457:19847#ACTGTTCC/ab=1/	FCC17U2ACXX:3:1102:10844:38424#ACTGTTCC/ab=7/	FCC17U2ACXX:3:1101:21231:88761#ACTGTTCC/ab=2/	79.3	58.6	74.1	48.3	75.0	7	6	4	14	2	2	6.98	N
0.1672	FCC17U2ACXX:3:1101:7631:11112#ACTGTTCC/ab=1/	FCC17U2ACXX:3:1101:18993:30653#ACTGTTCC/ab=2/	FCC17U2ACXX:3:1101:15711:52715#ACTGTTCC/ab=3/	96.7	78.3	90.0	68.3	90.6	3	0	0	13	2	0	7.41	N
0.0434	FCC17U2ACXX:3:1102:7167:41453#ACTGTTCC/ab=1/	FCC17U2ACXX:3:1102:9922:44057#ACTGTTCC/ab=2/	FCC17U2ACXX:3:1102:10801:31032#ACTGTTCC/ab=2/	74.5	70.9	67.3	47.3	69.5	18	9	4	2	0	1	5.13	N
0.0000	FCC17U2ACXX:3:1101:13765:3237#ACTGTTCC/ab=1/	*	*	*	*	*	*	*	*	*	*	*	*	*	*	N
0.0000	FCC17U2ACXX:3:1101:18226:15627#ACTGTTCC/ab=1/	*	*	*	*	*	*	*	*	*	*	*	*	*	*	N
0.0000	FCC17U2ACXX:3:1101:18783:99021#ACTGTTCC/ab=1/	*	*	*	*	*	*	*	*	*	*	*	*	*	*	N
0.0000	FCC17U2ACXX:3:1102:5668:5361#ACTGTTCC/ab=1/	*	*	*	*	*	*	*	*	*	*	*	*	*	*	N
0.0459	FCC17U2ACXX:3:1101:19516:69012#ACTGTTCC/ab=1/	FCC17U2ACXX:3:1101:9295:57865#ACTGTTCC/ab=2/	FCC17U2ACXX:3:1102:15631:10952#ACTGTTCC/ab=2/	78.9	68.4	75.4	68.4	70.1	2	0	0	13	5	13	4.65	N
0.0990	FCC17U2ACXX:3:1101:17924:58236#ACTGTTCC/ab=1/	FCC17U2ACXX:3:1101:11131:85321#ACTGTTCC/ab=4/	FCC17U2ACXX:3:1101:16485:70814#ACTGTTCC/ab=2/	79.6	59.3	75.9	59.3	72.4	2	0	0	13	1	10	4.88	N
0.0425	FCC17U2ACXX:3:1101:16738:97188#ACTGTTCC/ab=1/	FCC17U2ACXX:3:1102:4798:28565#ACTGTTCC/ab=3/	FCC17U2ACXX:3:1102:18068:9974#ACTGTTCC/ab=2/	78.2	65.5	78.2	60.0	78.7	5	8	4	7	0	2	4.65	N
0.0421	FCC17U2ACXX:3:1101:7519:36776#ACTGTTCC/ab=1/	FCC17U2ACXX:3:1101:11131:85321#ACTGTTCC/ab=4/	FCC17U2ACXX:3:1101:11384:71000#ACTGTTCC/ab=4/	82.7	78.8	75.0	73.1	78.0	3	0	1	8	5	8	4.88	N
0.0543	FCC17U2ACXX:3:1101:13575:44099#ACTGTTCC/ab=1/	FCC17U2ACXX:3:1102:1988:43689#ACTGTTCC/ab=7/	FCC17U2ACXX:3:1102:14233:30775#ACTGTTCC/ab=2/	80.0	68.3	76.7	71.7	76.6	2	0	0	9	2	10	4.35	N
0.0000	FCC17U2ACXX:3:1102:14941:22292#ACTGTTCC/ab=1/	*	*	*	*	*	*	*	*	*	*	*	*	*	*	N
0.0000	FCC17U2ACXX:3:1101:17491:18923#ACTGTTCC/ab=1/	*	*	*	*	*	*	*	*	*	*	*	*	*	*	N
0.0088	FCC17U2ACXX:3:1101:16096:76386#ACTGTTCC/ab=1/	FCC17U2ACXX:3:1101:21231:88761#ACTGTTCC/ab=2/	FCC17U2ACXX:3:1102:3849:17325#ACTGTTCC/ab=2/	78.3	75.0	76.7	80.0	78.1	2	2	5	2	0	6	2.17	N
0.0169	FCC17U2ACXX:3:1101:10841:54840#ACTGTTCC/ab=1/	FCC17U2ACXX:3:1101:17629:97490#ACTGTTCC/ab=2/	FCC17U2ACXX:3:1101:4124:60300#ACTGTTCC/ab=3/	76.9	69.2	69.2	73.1	70.2	5	1	8	4	5	3	11.11	N
0.0000	FCC17U2ACXX:3:1101:12147:82044#ACTGTTCC/ab=1/	*	*	*	*	*	*	*	*	*	*	*	*	*	*	N
0.0421	FCC17U2ACXX:3:1101:4630:22999#ACTGTTCC/ab=1/	FCC17U2ACXX:3:1101:4669:88484#ACTGTTCC/ab=2/	FCC17U2ACXX:3:1102:17339:24686#ACTGTTCC/ab=3/	78.6	62.5	76.8	71.4	75.0	1	0	0	9	0	12	2.33	N
0.0000	FCC17U2ACXX:3:1102:14264:36379#ACTGTTCC/ab=1/	*	*	*	*	*	*	*	*	*	*	*	*	*	*	N
0.0450	FCC17U2ACXX:3:1101:5343:86230#ACTGTTCC/ab=1/	FCC17U2ACXX:3:1102:19014:35368#ACTGTTCC/ab=3/	FCC17U2ACXX:3:1102:12828:33241#ACTGTTCC/ab=2/	76.8	69.6	75.0	55.4	76.7	10	13	2	5	0	1	2.38	N
0.1027	FCC17U2ACXX:3:1102:9610:37085#ACTGTTCC/ab=1/	FCC17U2ACXX:3:1101:4340:91929#ACTGTTCC/ab=2/	FCC17U2ACXX:3:1101:16485:70814#ACTGTTCC/ab=2/	81.5	64.8	77.8	61.1	75.9	2	0	0	16	2	8	4.76	N
0.0000	FCC17U2ACXX:3:1101:7666:56482#ACTGTTCC/ab=1/	*	*	*	*	*	*	*	*	*	*	*	*	*	*	N
0.0784	FCC17U2ACXX:3:1102:8028:30683#ACTGTTCC/ab=1/	FCC17U2ACXX:3:1102:3849:17325#ACTGTTCC/ab=2/	FCC17U2ACXX:3:1101:16521:58946#ACTGTTCC/ab=2/	91.7	85.0	85.0	73.3	85.9	8	4	0	4	0	1	7.84	N
0.0000	FCC17U2ACXX:3:1101:11255:30246#ACTGTTCC/ab=1/	*	*	*	*	*	*	*	*	*	*	*	*	*	*	N
0.0000	FCC17U2ACXX:3:1101:4330:99133#ACTGTTCC/ab=1/	*	*	*	*	*	*	*	*	*	*	*	*	*	*	N
0.0000	FCC17U2ACXX:3:1101:6711:81894#ACTGTTCC/ab=1/	*	*	*	*	*	*	*	*	*	*	*	*	*	*	N
0.1022	FCC17U2ACXX:3:1102:13176:28310#ACTGTTCC/ab=1/	FCC17U2ACXX:3:1102:12639:21223#ACTGTTCC/ab=3/	FCC17U2ACXX:3:1102:1536:38404#ACTGTTCC/ab=4/	87.3	65.5	83.6	58.2	82.0	4	4	2	12	0	2	4.35	N
0.0000	FCC17U2ACXX:3:1101:9824:50892#ACTGTTCC/ab=1/	*	*	*	*	*	*	*	*	*	*	*	*	*	*	N
0.0842	FCC17U2ACXX:3:1101:14470:71799#ACTGTTCC/ab=1/	FCC17U2ACXX:3:1102:12828:26649#ACTGTTCC/ab=2/	FCC17U2ACXX:3:1101:12766:84644#ACTGTTCC/ab=2/	86.0	61.4	80.7	49.1	78.7	2	0	1	24	6	1	6.52	N
0.1370	FCC17U2ACXX:3:1102:9723:44301#ACTGTTCC/ab=1/	FCC17U2ACXX:3:1102:12828:33241#ACTGTTCC/ab=2/	FCC17U2ACXX:3:1101:5237:44932#ACTGTTCC/ab=2/	82.5	70.0	77.5	65.0	69.8	2	0	1	25	3	3	6.45	N
0.0486	FCC17U2ACXX:3:1101:7148:19398#ACTGTTCC/ab=1/	FCC17U2ACXX:3:1102:10801:31032#ACTGTTCC/ab=2/	FCC17U2ACXX:3:1102:12077:35818#ACTGTTCC/ab=2/	98.4	96.7	91.8	88.5	96.9	4	0	0	2	1	0	1.69	N
0.0091	FCC17U2ACXX:3:1101:8365:68206#ACTGTTCC/ab=1/	FCC17U2ACXX:3:1101:4669:88484#ACTGTTCC/ab=2/	FCC17U2ACXX:3:1102:10732:29980#ACTGTTCC/ab=3/	75.0	71.4	73.2	78.6	75.0	1	0	2	3	1	11	2.44	N
0.0000	FCC17U2ACXX:3:1101:7009:63235#ACTGTTCC/ab=1/	*	*	*	*	*	*	*	*	*	*	*	*	*	*	N
0.0000	FCC17U2ACXX:3:1101:6834:67370#ACTGTTCC/ab=1/	*	*	*	*	*	*	*	*	*	*	*	*	*	*	N
0.0089	FCC17U2ACXX:3:1101:9965:45358#ACTGTTCC/ab=1/	FCC17U2ACXX:3:1102:10801:31032#ACTGTTCC/ab=2/	FCC17U2ACXX:3:1102:16918:36202#ACTGTTCC/ab=3/	67.2	62.1	62.1	65.5	66.7	2	2	12	7	4	6	8.33	N
0.0000	FCC17U2ACXX:3:1101:17855:86158#ACTGTTCC/ab=1/	*	*	*	*	*	*	*	*	*	*	*	*	*	*	N
0.0000	FCC17U2ACXX:3:1101:2370:93017#ACTGTTCC/ab=1/	*	*	*	*	*	*	*	*	*	*	*	*	*	*	N
0.0000	FCC17U2ACXX:3:1102:5720:3484#ACTGTTCC/ab=1/	*	*	*	*	*	*	*	*	*	*	*	*	*	*	N
0.0000	FCC17U2ACXX:3:1101:18886:54779#ACTGTTCC/ab=1/	*	*	*	*	*	*	*	*	*	*	*	*	*	*	N
0.0000	FCC17U2ACXX:3:1101:13133:81016#ACTGTTCC/ab=1/	*	*	*	*	*	*	*	*	*	*	*	*	*	*	N
0.0198	FCC17U2ACXX:3:1102:19238:12575#ACTGTTCC/ab=1/	FCC17U2ACXX:3:1102:19693:14744#ACTGTTCC/ab=3/	FCC17U2ACXX:3:1102:17090:25115#ACTGTTCC/ab=3/	78.6	73.2	75.0	71.4	76.7	3	2	4	4	1	5	4.76	N
0.0520	FCC17U2ACXX:3:1101:4435:47930#ACTGTTCC/ab=1/	FCC17U2ACXX:3:1102:16596:27503#ACTGTTCC/ab=3/	FCC17U2ACXX:3:1101:11939:60396#ACTGTTCC/ab=2/	72.9	67.8	64.4	62.7	76.7	7	1	3	6	3	10	7.50	N
0.0293	FCC17U2ACXX:3:1101:9529:44929#ACTGTTCC/ab=1/	FCC17U2ACXX:3:1102:10801:31032#ACTGTTCC/ab=2/	FCC17U2ACXX:3:1102:9169:13148#ACTGTTCC/ab=3/	83.7	71.4	77.6	61.2	78.7	7	17	4	6	0	1	7.89	N
0.0557	FCC17U2ACXX:3:1101:9957:64606#ACTGTTCC/ab=1/	FCC17U2ACXX:3:1102:17613:31062#ACTGTTCC/ab=8/	FCC17U2ACXX:3:1102:18750:29646#ACTGTTCC/ab=2/	74.5	69.1	63.6	47.3	66.1	17	10	5	3	0	1	7.89	N
0.0000	FCC17U2ACXX:3:1101:11936:73478#ACTGTTCC/ab=1/	*	*	*	*	*	*	*	*	*	*	*	*	*	*	N
0.0000	FCC17U2ACXX:3:1101:12543:56991#ACTGTTCC/ab=1/	*	*	*	*	*	*	*	*	*	*	*	*	*	*	N
0.0478	FCC17U2ACXX:3:1101:16891:26661#ACTGTTCC/ab=1/	FCC17U2ACXX:3:1101:8569:81386#ACTGTTCC/ab=2/	FCC17U2ACXX:3:1102:16918:36202#ACTGTTCC/ab=3/	95.1	90.2	91.8	91.8	92.3	2	0	0	3	0	3	3.57	N
0.0000	FCC17U2ACXX:3:1101:8617:32356#ACTGTTCC/ab=1/	*	*	*	*	*	*	*	*	*	*	*	*	*	*	N
0.0000	FCC17U2ACXX:3:1101:19448:14384#ACTGTTCC/ab=1/	FCC17U2ACXX:3:1101:11131:85321#ACTGTTCC/ab=4/	FCC17U2ACXX:3:1102:11373:31071#ACTGTTCC/ab=3/	96.3	66.7	94.4	63.0	93.0	0	0	0	18	1	1	1.96	N
0.0517	FCC17U2ACXX:3:1101:3521:60675#ACTGTTCC/ab=1/	FCC17U2ACXX:3:1101:11131:85321#ACTGTTCC/ab=4/	FCC17U2ACXX:3:1102:12270:16459#ACTGTTCC/ab=2/	74.5	70.6	66.7	51.0	64.9	4	0	0	12	11	8	5.56	N
0.0182	FCC17U2ACXX:3:1101:1276:64650#ACTGTTCC/ab=1/	FCC17U2ACXX:3:1102:5958:33733#ACTGTTCC/ab=4/	FCC17U2ACXX:3:1102:4798:28565#ACTGTTCC/ab=3/	85.5	78.2	81.8	60.0	83.1	1	0	0	13	9	0	4.44	N
0.0000	FCC17U2ACXX:3:1102:20574:23187#ACTGTCCC/ab=1/	*	*	*	*	*	*	*	*	*	*	*	*	*	*	N
0.1283	FCC17U2ACXX:3:1101:11962:38044#ACTGTTCC/ab=1/	FCC17U2ACXX:3:1102:15631:10952#ACTGTTCC/ab=2/	FCC17U2ACXX:3:1102:10801:31032#ACTGTTCC/ab=2/	80.6	71.0	67.7	66.1	68.2	7	1	8	9	1	3	13.64	N
0.0000	FCC17U2ACXX:3:1102:13285:26028#ACTGTTCC/ab=1/	*	*	*	*	*	*	*	*	*	*	*	*	*	*	N
0.0000	FCC17U2ACXX:3:1101:7345:73065#ACTGTTCC/ab=1/	*	*	*	*	*	*	*	*	*	*	*	*	*	*	N
0.0479	FCC17U2ACXX:3:1102:18803:12365#ACTGTTCC/ab=1/	FCC17U2ACXX:3:1102:8973:44803#ACTGTTCC/ab=17/	FCC17U2ACXX:3:1101:8569:81386#ACTGTTCC/ab=2/	77.6	67.2	69.0	53.4	69.2	10	7	6	8	2	2	12.50	N
0.0515	FCC17U2ACXX:3:1101:5800:65570#ACTGTTCC/ab=1/	FCC17U2ACXX:3:1102:5958:33733#ACTGTTCC/ab=4/	FCC17U2ACXX:3:1101:11131:85321#ACTGTTCC/ab=4/	92.7	89.1	89.1	85.5	88.1	2	0	0	5	1	3	4.08	N
0.0157	FCC17U2ACXX:3:1101:6281:89151#ACTGTTCC/ab=1/	FCC17U2ACXX:3:1102:10762:44056#ACTGTTCC/ab=4/	FCC17U2ACXX:3:1102:5418:6277#ACTGTTCC/ab=8/	94.6	92.9	91.1	91.1	91.7	2	0	2	1	0	1	1.92	N
0.0173	FCC17U2ACXX:3:1101:20089:89949#ACTGTTCC/ab=1/	FCC17U2ACXX:3:1102:10762:44056#ACTGTTCC/ab=4/	FCC17U2ACXX:3:1102:5418:6277#ACTGTTCC/ab=8/	96.4	94.6	92.9	91.1	93.3	2	0	2	1	0	0	1.89	N
0.0322	FCC17U2ACXX:3:1102:4467:42983#ACTGTTCC/ab=1/	FCC17U2ACXX:3:1102:10801:31032#ACTGTTCC/ab=2/	FCC17U2ACXX:3:1102:16918:36202#ACTGTTCC/ab=3/	70.7	65.5	69.0	60.3	69.5	12	10	9	4	1	0	5.00	N
0.0000	FCC17U2ACXX:3:1102:8336:18438#ACTGTTCC/ab=1/	*	*	*	*	*	*	*	*	*	*	*	*	*	*	N
0.0345	FCC17U2ACXX:3:1102:19025:11954#ACTGTTCC/ab=1/	FCC17U2ACXX:3:1101:16521:58946#ACTGTTCC/ab=2/	FCC17U2ACXX:3:1101:15711:52715#ACTGTTCC/ab=3/	91.7	83.3	90.0	85.0	90.6	1	0	0	5	0	5	1.85	N
0.0000	FCC17U2ACXX:3:1101:8634:34663#ACTGTTCC/ab=1/	*	*	*	*	*	*	*	*	*	*	*	*	*	*	N
0.0219	FCC17U2ACXX:3:1101:9802:25897#ACTGTTCC/ab=1/	FCC17U2ACXX:3:1101:13640:49192#ACTGTTCC/ab=2/	FCC17U2ACXX:3:1101:4148:26836#ACTGTTCC/ab=2/	76.9	73.1	57.7	48.1	66.7	13	12	7	2	0	2	5.26	N
0.0372	FCC17U2ACXX:3:1102:9552:17936#ACTGTTCC/ab=1/	FCC17U2ACXX:3:1102:4225:32695#ACTGTTCC/ab=11/	FCC17U2ACXX:3:1101:19006:96193#ACTGTTCC/ab=4/	83.6	70.9	76.4	65.5	76.7	5	3	4	9	3	4	9.52	N
0.0326	FCC17U2ACXX:3:1102:7447:45121#ACTGTTCC/ab=1/	FCC17U2ACXX:3:1102:17339:24686#ACTGTTCC/ab=3/	FCC17U2ACXX:3:1102:17867:16650#ACTGTTCC/ab=4/	83.9	82.1	76.8	71.4	80.0	3	0	2	6	5	2	2.17	N
0.0472	FCC17U2ACXX:3:1101:12181:23414#ACTGTTCC/ab=1/	FCC17U2ACXX:3:1102:19014:35368#ACTGTTCC/ab=3/	FCC17U2ACXX:3:1101:16521:58946#ACTGTTCC/ab=2/	83.3	71.7	78.3	76.7	79.7	2	0	3	9	2	6	6.38	N
0.0459	FCC17U2ACXX:3:1101:3805:18097#ACTGTTCC/ab=1/	FCC17U2ACXX:3:1102:10801:31032#ACTGTTCC/ab=2/	FCC17U2ACXX:3:1102:12077:35818#ACTGTTCC/ab=2/	96.7	95.1	90.2	88.5	95.4	4	0	0	2	1	1	1.72	N
0.0128	FCC17U2ACXX:3:1101:18726:52638#ACTGTTCC/ab=1/	FCC17U2ACXX:3:1101:5850:65368#ACTGTTCC/ab=3/	FCC17U2ACXX:3:1101:10181:55628#ACTGTTCC/ab=2/	73.7	68.4	71.9	66.7	71.7	3	3	10	5	2	5	2.44	N
0.1032	FCC17U2ACXX:3:1102:14751:26277#ACTGTTCC/ab=1/	FCC17U2ACXX:3:1101:4148:26836#ACTGTTCC/ab=2/	FCC17U2ACXX:3:1102:7197:16016#ACTGTTCC/ab=3/	96.4	82.1	92.9	78.6	93.3	2	0	0	9	1	1	3.85	N
0.3748	FCC17U2ACXX:3:1101:16178:19879#ACTGTTCC/ab=1/	FCC17U2ACXX:3:1101:5128:84013#ACTGTTCC/ab=2/	FCC17U2ACXX:3:1102:5418:6277#ACTGTTCC/ab=8/	100.0	92.9	83.9	76.8	93.3	9	0	0	4	0	0	7.69	Y
0.0421	FCC17U2ACXX:3:1101:18685:69698#ACTGTTCC/ab=1/	FCC17U2ACXX:3:1102:16132:42663#ACTGTTCC/ab=21/	FCC17U2ACXX:3:1102:12077:35818#ACTGTTCC/ab=2/	72.7	67.3	72.7	60.0	74.6	13	10	6	3	0	1	2.50	N
0.0219	FCC17U2ACXX:3:1102:3733:42243#ACTGTTCC/ab=1/	FCC17U2ACXX:3:1101:16521:58946#ACTGTTCC/ab=2/	FCC17U2ACXX:3:1101:15711:52715#ACTGTTCC/ab=3/	91.7	83.3	90.0	85.0	90.6	1	1	1	5	0	3	1.85	N
0.0308	FCC17U2ACXX:3:1102:19862:29575#ACTGTTCC/ab=1/	FCC17U2ACXX:3:1102:12828:26649#ACTGTTCC/ab=2/	FCC17U2ACXX:3:1101:16521:58946#ACTGTTCC/ab=2/	63.8	58.6	60.3	48.3	63.3	2	0	0	14	10	13	5.71	N
0.1880	FCC17U2ACXX:3:1102:1605:18933#ACTGTTCC/ab=1/	FCC17U2ACXX:3:1102:9169:13148#ACTGTTCC/ab=3/	FCC17U2ACXX:3:1102:16918:36202#ACTGTTCC/ab=3/	81.7	58.3	76.7	60.0	75.4	3	0	0	14	0	13	6.52	N
0.0986	FCC17U2ACXX:3:1102:17136:2267#ACTGTTCC/ab=1/	FCC17U2ACXX:3:1101:4448:98259#ACTGTTCC/ab=2/	FCC17U2ACXX:3:1101:5237:44932#ACTGTTCC/ab=2/	82.8	63.8	77.6	53.4	78.0	3	0	0	17	5	8	6.67	N
0.2486	FCC17U2ACXX:3:1101:7503:38017#ACTGTTCC/ab=1/	FCC17U2ACXX:3:1102:7365:17521#ACTGTTCC/ab=2/	FCC17U2ACXX:3:1102:12828:33241#ACTGTTCC/ab=2/	86.0	73.7	61.4	45.6	75.4	13	0	5	9	3	1	16.67	N
0.0000	FCC17U2ACXX:3:1101:4585:41139#ACTGTTCC/ab=1/	*	*	*	*	*	*	*	*	*	*	*	*	*	*	N
0.0000	FCC17U2ACXX:3:1101:5121:50120#ACTGTTCC/ab=1/	*	*	*	*	*	*	*	*	*	*	*	*	*	*	N
0.1102	FCC17U2ACXX:3:1102:3177:25988#ACTGTTCC/ab=1/	FCC17U2ACXX:3:1102:12828:33241#ACTGTTCC/ab=2/	FCC17U2ACXX:3:1102:11373:31071#ACTGTTCC/ab=3/	70.2	59.6	57.4	42.6	58.3	5	0	0	14	6	13	17.86	N
0.0539	FCC17U2ACXX:3:1101:20632:31979#ACTGTTCC/ab=1/	FCC17U2ACXX:3:1101:4448:98259#ACTGTTCC/ab=2/	FCC17U2ACXX:3:1102:10801:31032#ACTGTTCC/ab=2/	73.3	56.7	68.3	58.3	72.1	2	0	0	15	5	12	7.32	N
0.0482	FCC17U2ACXX:3:1101:1662:54284#ACTGTTCC/ab=1/	FCC17U2ACXX:3:1102:5958:33733#ACTGTTCC/ab=4/	FCC17U2ACXX:3:1102:10762:44056#ACTGTTCC/ab=4/	72.2	64.8	66.7	57.4	66.1	3	0	0	11	7	11	8.33	N
0.0197	FCC17U2ACXX:3:1101:3676:67290#ACTGTTCC/ab=1/	FCC17U2ACXX:3:1102:19014:35368#ACTGTTCC/ab=3/	FCC17U2ACXX:3:1102:14233:30775#ACTGTTCC/ab=2/	78.3	75.0	75.0	76.7	78.1	3	1	3	4	2	7	6.67	N
0.0000	FCC17U2ACXX:3:1101:3909:84688#ACTGTTCC/ab=1/	*	*	*	*	*	*	*	*	*	*	*	*	*	*	N
0.0090	FCC17U2ACXX:3:1101:3747:76870#ACTGTTCC/ab=1/	FCC17U2ACXX:3:1102:4225:32695#ACTGTTCC/ab=11/	FCC17U2ACXX:3:1102:16751:4138#ACTGTTCC/ab=4/	93.2	93.2	89.8	86.4	93.7	1	0	1	3	3	0	1.82	N
0.0133	FCC17U2ACXX:3:1101:8847:89795#ACTGTTCC/ab=1/	FCC17U2ACXX:3:1102:8658:11799#ACTGTTCC/ab=4/	FCC17U2ACXX:3:1102:17613:31062#ACTGTTCC/ab=8/	78.6	76.8	75.0	85.7	76.7	3	1	6	2	1	3	2.33	N
0.0316	FCC17U2ACXX:3:1102:9905:6596#ACTGTTCC/ab=1/	FCC17U2ACXX:3:1102:6712:30935#ACTGTTCC/ab=7/	FCC17U2ACXX:3:1102:19014:35368#ACTGTTCC/ab=3/	93.3	83.3	90.0	80.0	90.6	1	0	0	8	2	2	3.70	N
0.1480	FCC17U2ACXX:3:1101:19211:68625#ACTGTTCC/ab=1/	FCC17U2ACXX:3:1102:17613:31062#ACTGTTCC/ab=8/	FCC17U2ACXX:3:1102:12700:4285#ACTGTTCC/ab=2/	76.9	63.5	55.8	44.2	57.9	10	1	8	8	1	5	21.21	N
0.0000	FCC17U2ACXX:3:1102:5083:7645#ACTGTTCC/ab=1/	*	*	*	*	*	*	*	*	*	*	*	*	*	*	N
0.1458	FCC17U2ACXX:3:1102:13390:45145#ACTGTTCC/ab=1/	FCC17U2ACXX:3:1102:10844:38424#ACTGTTCC/ab=7/	FCC17U2ACXX:3:1102:20369:35200#ACTGTTCC/ab=6/	94.6	78.6	92.9	71.4	93.5	4	3	0	11	0	0	1.92	N
0.0000	FCC17U2ACXX:3:1101:15753:61534#ACTGTTCC/ab=1/	*	*	*	*	*	*	*	*	*	*	*	*	*	*	N
0.1002	FCC17U2ACXX:3:1101:14189:91014#ACTGTTCC/ab=1/	FCC17U2ACXX:3:1102:8658:11799#ACTGTTCC/ab=4/	FCC17U2ACXX:3:1101:11131:85321#ACTGTTCC/ab=4/	68.5	61.1	55.6	50.0	62.7	6	0	2	11	5	11	12.12	N
0.0000	FCC17U2ACXX:3:1101:2171:47343#ACTGTTCC/ab=1/	*	*	*	*	*	*	*	*	*	*	*	*	*	*	N
0.0431	FCC17U2ACXX:3:1102:5014:34639#ACTGTTCC/ab=1/	FCC17U2ACXX:3:1102:11376:19901#ACTGTTCC/ab=3/	FCC17U2ACXX:3:1102:13926:31605#ACTGTTCC/ab=11/	91.1	85.7	87.5	83.9	86.7	4	2	2	3	0	1	4.08	N
0.0000	FCC17U2ACXX:3:1101:2768:49347#ACTGTTCC/ab=1/	*	*	*	*	*	*	*	*	*	*	*	*	*	*	N
0.0000	FCC17U2ACXX:3:1102:14218:27641#ACTGTTCC/ab=1/	*	*	*	*	*	*	*	*	*	*	*	*	*	*	N
0.0702	FCC17U2ACXX:3:1101:17545:66861#ACTGTTCC/ab=1/	FCC17U2ACXX:3:1101:13640:49192#ACTGTTCC/ab=2/	FCC17U2ACXX:3:1102:9922:44057#ACTGTTCC/ab=2/	83.9	53.6	78.6	46.4	74.6	2	1	2	19	2	5	6.82	N
0.0043	FCC17U2ACXX:3:1102:20478:31793#ACTGTTCC/ab=1/	FCC17U2ACXX:3:1102:1536:38404#ACTGTTCC/ab=4/	FCC17U2ACXX:3:1102:12700:4285#ACTGTTCC/ab=2/	77.1	74.3	62.9	54.3	63.8	5	5	3	4	12	4	3.85	N
0.0640	FCC17U2ACXX:3:1102:8037:28445#ACTGTTCC/ab=1/	FCC17U2ACXX:3:1101:11939:60396#ACTGTTCC/ab=2/	FCC17U2ACXX:3:1101:8569:81386#ACTGTTCC/ab=2/	90.2	75.4	86.9	70.5	85.9	2	0	2	12	3	1	3.77	N
0.0000	FCC17U2ACXX:3:1102:6641:3080#ACTGTTCC/ab=1/	*	*	*	*	*	*	*	*	*	*	*	*	*	*	N
0.1030	FCC17U2ACXX:3:1102:15946:29648#ACTGTTCC/ab=1/	FCC17U2ACXX:3:1101:17629:97490#ACTGTTCC/ab=2/	FCC17U2ACXX:3:1102:2500:34509#ACTGTTCC/ab=2/	90.6	52.8	88.7	52.8	89.5	1	0	0	21	1	4	2.13	N
0.0344	FCC17U2ACXX:3:1102:20599:35219#ACTGTTCC/ab=1/	FCC17U2ACXX:3:1101:8569:81386#ACTGTTCC/ab=2/	FCC17U2ACXX:3:1101:9295:57865#ACTGTTCC/ab=2/	72.4	63.8	70.7	63.8	75.4	6	5	8	6	1	3	2.44	N
0.0000	FCC17U2ACXX:3:1102:3418:20639#ACTGTTCC/ab=1/	*	*	*	*	*	*	*	*	*	*	*	*	*	*	N
0.0000	FCC17U2ACXX:3:1101:12991:33194#ACTGTTCC/ab=1/	*	*	*	*	*	*	*	*	*	*	*	*	*	*	N
0.0416	FCC17U2ACXX:3:1101:5516:78880#ACTGTTCC/ab=1/	FCC17U2ACXX:3:1101:5128:84013#ACTGTTCC/ab=2/	FCC17U2ACXX:3:1101:4737:53038#ACTGTTCC/ab=2/	100.0	92.9	98.2	91.1	96.7	1	0	0	4	0	0	1.82	N
0.0000	FCC17U2ACXX:3:1101:15682:62983#ACTGTTCC/ab=1/	*	*	*	*	*	*	*	*	*	*	*	*	*	*	N
0.0853	FCC17U2ACXX:3:1101:19612:57646#ACTGTTCC/ab=1/	FCC17U2ACXX:3:1102:14179:33326#ACTGTTCC/ab=2/	FCC17U2ACXX:3:1102:20249:11705#ACTGTTCC/ab=2/	78.6	53.6	75.0	46.4	74.6	2	0	0	25	6	8	4.76	N
0.0158	FCC17U2ACXX:3:1101:12473:62036#ACTGTTCC/ab=1/	FCC17U2ACXX:3:1102:6712:30935#ACTGTTCC/ab=7/	FCC17U2ACXX:3:1102:19014:35368#ACTGTTCC/ab=3/	91.7	88.3	88.3	80.0	89.1	1	0	0	6	4	1	3.77	N
0.0600	FCC17U2ACXX:3:1102:11724:42559#ACTGTTCC/ab=1/	FCC17U2ACXX:3:1101:16521:58946#ACTGTTCC/ab=2/	FCC17U2ACXX:3:1102:2749:3081#ACTGTTCC/ab=3/	88.3	81.7	83.3	71.7	87.5	3	0	0	8	4	3	6.00	N
0.0428	FCC17U2ACXX:3:1101:14277:73743#ACTGTTCC/ab=1/	FCC17U2ACXX:3:1101:16521:58946#ACTGTTCC/ab=2/	FCC17U2ACXX:3:1101:15711:52715#ACTGTTCC/ab=3/	93.3	88.3	88.3	85.0	89.1	3	1	1	3	0	2	5.66	N
0.0000	FCC17U2ACXX:3:1102:12295:16632#ACTGTTCC/ab=1/	*	*	*	*	*	*	*	*	*	*	*	*	*	*	N
0.0585	FCC17U2ACXX:3:1102:9706:33052#ACTGTTCC/ab=1/	FCC17U2ACXX:3:1102:4085:11622#ACTGTTCC/ab=3/	FCC17U2ACXX:3:1102:18068:9974#ACTGTTCC/ab=2/	82.5	59.6	78.9	49.1	80.3	1	0	0	32	6	4	4.44	N
0.0439	FCC17U2ACXX:3:1102:19527:45144#ACTGTTCC/ab=1/	FCC17U2ACXX:3:1101:16521:58946#ACTGTTCC/ab=2/	FCC17U2ACXX:3:1102:3849:17325#ACTGTTCC/ab=2/	85.0	81.7	78.3	73.3	85.9	3	0	0	7	5	4	4.08	N
0.0000	FCC17U2ACXX:3:1101:4410:35559#ACTGTTCC/ab=1/	FCC17U2ACXX:3:1101:16521:58946#ACTGTTCC/ab=2/	FCC17U2ACXX:3:1102:6712:30935#ACTGTTCC/ab=7/	86.7	80.0	85.0	85.0	85.9	0	0	3	4	0	5	1.96	N
0.1298	FCC17U2ACXX:3:1101:14159:85401#ACTGTTCC/ab=1/	FCC17U2ACXX:3:1102:15631:10952#ACTGTTCC/ab=2/	FCC17U2ACXX:3:1102:16918:36202#ACTGTTCC/ab=3/	83.6	77.0	72.1	67.2	77.9	15	4	5	4	0	1	8.51	N
0.0000	FCC17U2ACXX:3:1101:2702:49833#ACTGTTCC/ab=1/	*	*	*	*	*	*	*	*	*	*	*	*	*	*	N
0.0147	FCC17U2ACXX:3:1101:20231:17528#ACTGTTCC/ab=1/	FCC17U2ACXX:3:1101:4448:98259#ACTGTTCC/ab=2/	FCC17U2ACXX:3:1102:13139:29691#ACTGTTCC/ab=2/	78.0	58.0	76.0	48.0	71.2	3	2	6	15	13	2	2.63	N
0.0000	FCC17U2ACXX:3:1101:10508:35314#ACTGTTCC/ab=1/	*	*	*	*	*	*	*	*	*	*	*	*	*	*	N
0.0150	FCC17U2ACXX:3:1101:7964:68796#ACTGTTCC/ab=1/	FCC17U2ACXX:3:1102:16132:42663#ACTGTTCC/ab=21/	FCC17U2ACXX:3:1102:13290:39002#ACTGTTCC/ab=2/	78.7	74.5	70.2	59.6	72.1	10	15	4	3	1	0	5.71	N
0.0000	FCC17U2ACXX:3:1101:12856:96240#ACTGTTCC/ab=1/	*	*	*	*	*	*	*	*	*	*	*	*	*	*	N
0.0000	FCC17U2ACXX:3:1101:5071:73627#ACTGTTCC/ab=1/	*	*	*	*	*	*	*	*	*	*	*	*	*	*	N
0.0034	FCC17U2ACXX:3:1102:10284:31940#ACTGTTCC/ab=1/	FCC17U2ACXX:3:1102:2031:31797#ACTGTTCC/ab=2/	FCC17U2ACXX:3:1101:16471:98642#ACTGTTCC/ab=4/	83.3	80.6	69.4	61.1	71.7	5	25	1	4	3	1	3.45	N
0.0000	FCC17U2ACXX:3:1101:18676:19382#ACTGTTCC/ab=1/	*	*	*	*	*	*	*	*	*	*	*	*	*	*	N
0.0574	FCC17U2ACXX:3:1101:12222:84248#ACTGTTCC/ab=1/	FCC17U2ACXX:3:1101:10181:55628#ACTGTTCC/ab=2/	FCC17U2ACXX:3:1102:16918:36202#ACTGTTCC/ab=3/	84.2	70.2	73.7	50.9	72.3	8	5	5	11	3	0	14.29	N
0.0000	FCC17U2ACXX:3:1101:18441:62189#ACTGTTCC/ab=1/	*	*	*	*	*	*	*	*	*	*	*	*	*	*	N
0.0000	FCC17U2ACXX:3:1102:19024:30785#ACTGTTCC/ab=1/	*	*	*	*	*	*	*	*	*	*	*	*	*	*	N
0.0000	FCC17U2ACXX:3:1102:18159:25746#ACTGTTCC/ab=1/	*	*	*	*	*	*	*	*	*	*	*	*	*	*	N
0.0104	FCC17U2ACXX:3:1102:12789:25424#ACTGTTCC/ab=1/	FCC17U2ACXX:3:1102:16596:27503#ACTGTTCC/ab=3/	FCC17U2ACXX:3:1101:5850:65368#ACTGTTCC/ab=3/	100.0	98.2	98.2	96.5	98.4	1	0	0	1	0	0	1.79	N
0.0000	FCC17U2ACXX:3:1101:13097:19550#ACTGTTCC/ab=1/	*	*	*	*	*	*	*	*	*	*	*	*	*	*	N
0.0444	FCC17U2ACXX:3:1101:8409:52947#ACTGTTCC/ab=1/	FCC17U2ACXX:3:1102:16918:36202#ACTGTTCC/ab=3/	FCC17U2ACXX:3:1102:12077:35818#ACTGTTCC/ab=2/	90.2	85.2	86.9	75.4	86.2	5	2	3	4	1	0	5.66	N
0.0000	FCC17U2ACXX:3:1101:12898:71500#ACTGTTCC/ab=1/	*	*	*	*	*	*	*	*	*	*	*	*	*	*	N
0.0000	FCC17U2ACXX:3:1101:18875:71089#ACTGTTCC/ab=1/	*	*	*	*	*	*	*	*	*	*	*	*	*	*	N
0.0000	FCC17U2ACXX:3:1101:7618:2449#ACTGTTCC/ab=1/	*	*	*	*	*	*	*	*	*	*	*	*	*	*	N
0.0000	FCC17U2ACXX:3:1101:6506:5850#ACTGTTCC/ab=1/	*	*	*	*	*	*	*	*	*	*	*	*	*	*	N
0.0089	FCC17U2ACXX:3:1101:16120:14753#ACTGTTCC/ab=1/	FCC17U2ACXX:3:1101:18993:30653#ACTGTTCC/ab=2/	FCC17U2ACXX:3:1102:2749:3081#ACTGTTCC/ab=3/	74.1	61.1	66.7	59.3	63.3	4	5	2	8	8	11	11.11	N
0.0000	FCC17U2ACXX:3:1101:14677:68322#ACTGTTCC/ab=1/	*	*	*	*	*	*	*	*	*	*	*	*	*	*	N
0.0000	FCC17U2ACXX:3:1102:15560:31260#ACTGTTCC/ab=1/	*	*	*	*	*	*	*	*	*	*	*	*	*	*	N
0.0356	FCC17U2ACXX:3:1101:5364:12546#ACTGTTCC/ab=1/	FCC17U2ACXX:3:1102:15665:29265#ACTGTTCC/ab=10/	FCC17U2ACXX:3:1101:19741:62248#ACTGTTCC/ab=4/	66.1	62.5	58.9	67.9	65.0	3	0	4	8	4	11	5.71	N
0.0000	FCC17U2ACXX:3:1101:19440:43404#ACTGTTCC/ab=1/	*	*	*	*	*	*	*	*	*	*	*	*	*	*	N
0.0000	FCC17U2ACXX:3:1101:4411:74074#ACTGTTCC/ab=1/	*	*	*	*	*	*	*	*	*	*	*	*	*	*	N
0.0000	FCC17U2ACXX:3:1101:18309:11784#ACTGTTCC/ab=1/	*	*	*	*	*	*	*	*	*	*	*	*	*	*	N
0.0000	FCC17U2ACXX:3:1101:12628:72733#ACTGTTCC/ab=1/	*	*	*	*	*	*	*	*	*	*	*	*	*	*	N
0.0000	FCC17U2ACXX:3:1102:4929:40946#ACTGTTCC/ab=1/	*	*	*	*	*	*	*	*	*	*	*	*	*	*	N
0.0000	FCC17U2ACXX:3:1102:6169:40265#ACTGTTCC/ab=1/	*	*	*	*	*	*	*	*	*	*	*	*	*	*	N
0.0000	FCC17U2ACXX:3:1102:8572:42015#ACTGTTCC/ab=1/	*	*	*	*	*	*	*	*	*	*	*	*	*	*	N
0.0000	FCC17U2ACXX:3:1101:2273:99611#ACTGTTCC/ab=1/	*	*	*	*	*	*	*	*	*	*	*	*	*	*	N
0.0000	FCC17U2ACXX:3:1102:18794:24840#ACTGTTCC/ab=1/	*	*	*	*	*	*	*	*	*	*	*	*	*	*	N
0.0000	FCC17U2ACXX:3:1101:19337:72661#ACTGTTCC/ab=1/	*	*	*	*	*	*	*	*	*	*	*	*	*	*	N
0.0245	FCC17U2ACXX:3:1102:4831:23442#ACTGTTCC/ab=1/	FCC17U2ACXX:3:1101:12766:84644#ACTGTTCC/ab=2/	FCC17U2ACXX:3:1102:17613:31062#ACTGTTCC/ab=8/	70.9	52.7	65.5	41.8	63.3	3	2	2	17	9	8	8.33	N
0.0000	FCC17U2ACXX:3:1101:3106:69819#ACTGTTCC/ab=1/	*	*	*	*	*	*	*	*	*	*	*	*	*	*	N
0.0038	FCC17U2ACXX:3:1101:20010:7888#ACTGTTCC/ab=1/	FCC17U2ACXX:3:1101:14321:55801#ACTGTTCC/ab=2/	FCC17U2ACXX:3:1101:15417:91223#ACTGTTCC/ab=2/	75.0	61.4	65.9	52.3	67.2	3	12	1	14	14	8	13.79	N
0.0243	FCC17U2ACXX:3:1101:2879:70950#ACTGTTCC/ab=1/	FCC17U2ACXX:3:1101:18993:30653#ACTGTTCC/ab=2/	FCC17U2ACXX:3:1102:2792:38795#ACTGTTCC/ab=3/	86.7	80.0	85.0	73.3	85.9	3	3	2	5	1	2	1.96	N
0.1603	FCC17U2ACXX:3:1101:15128:21095#ACTGTTCC/ab=1/	FCC17U2ACXX:3:1101:5237:44932#ACTGTTCC/ab=2/	FCC17U2ACXX:3:1102:9169:13148#ACTGTTCC/ab=3/	83.1	64.4	72.9	57.6	71.0	7	3	4	11	0	4	13.95	N
0.0000	FCC17U2ACXX:3:1101:4376:53093#ACTGTTCC/ab=1/	*	*	*	*	*	*	*	*	*	*	*	*	*	*	N
0.0000	FCC17U2ACXX:3:1101:2652:55483#ACTGTTCC/ab=1/	*	*	*	*	*	*	*	*	*	*	*	*	*	*	N
0.1372	FCC17U2ACXX:3:1101:8043:9622#ACTGTTCC/ab=1/	FCC17U2ACXX:3:1102:18750:29646#ACTGTTCC/ab=2/	FCC17U2ACXX:3:1102:9169:13148#ACTGTTCC/ab=3/	96.6	83.1	93.2	79.7	93.7	2	0	1	8	0	1	3.64	N
0.0514	FCC17U2ACXX:3:1102:1313:44018#ACTGTTCC/ab=1/	FCC17U2ACXX:3:1102:7197:16016#ACTGTTCC/ab=3/	FCC17U2ACXX:3:1102:13926:31605#ACTGTTCC/ab=11/	96.4	85.7	94.6	87.5	93.3	1	0	1	6	0	1	1.89	N
0.0401	FCC17U2ACXX:3:1101:7902:74053#ACTGTTCC/ab=1/	FCC17U2ACXX:3:1102:10844:38424#ACTGTTCC/ab=7/	FCC17U2ACXX:3:1101:10165:50909#ACTGTTCC/ab=3/	96.4	94.6	83.9	82.1	93.3	7	1	1	1	0	0	1.89	N
0.0107	FCC17U2ACXX:3:1102:14171:4410#ACTGTTCC/ab=1/	FCC17U2ACXX:3:1101:18582:43340#ACTGTTCC/ab=2/	FCC17U2ACXX:3:1101:4124:60300#ACTGTTCC/ab=3/	89.4	72.3	85.1	68.1	84.7	1	6	0	16	2	5	5.00	N
0.0401	FCC17U2ACXX:3:1101:10433:77873#ACTGTTCC/ab=1/	FCC17U2ACXX:3:1102:15665:29265#ACTGTTCC/ab=10/	FCC17U2ACXX:3:1102:13139:29691#ACTGTTCC/ab=2/	75.0	53.6	69.6	50.0	70.5	2	1	2	15	3	9	7.69	N
0.0608	FCC17U2ACXX:3:1102:3678:34680#ACTGTTCC/ab=1/	FCC17U2ACXX:3:1102:17339:24686#ACTGTTCC/ab=3/	FCC17U2ACXX:3:1102:17196:25443#ACTGTTCC/ab=2/	76.8	51.8	71.4	44.6	71.9	4	4	2	15	1	8	7.50	N
0.0000	FCC17U2ACXX:3:1101:5532:50741#ACTGTTCC/ab=1/	*	*	*	*	*	*	*	*	*	*	*	*	*	*	N
0.0000	FCC17U2ACXX:3:1101:16041:52717#ACTGTTCC/ab=1/	*	*	*	*	*	*	*	*	*	*	*	*	*	*	N
0.0110	FCC17U2ACXX:3:1101:1973:98106#ACTGTTCC/ab=1/	FCC17U2ACXX:3:1102:17613:31062#ACTGTTCC/ab=8/	FCC17U2ACXX:3:1102:7365:17521#ACTGTTCC/ab=2/	75.4	71.9	71.9	68.4	71.7	1	0	2	7	5	9	4.88	N
0.0221	FCC17U2ACXX:3:1101:21204:90841#ACTGTTCC/ab=1/	FCC17U2ACXX:3:1101:5237:44932#ACTGTTCC/ab=2/	FCC17U2ACXX:3:1102:20249:11705#ACTGTTCC/ab=2/	75.4	63.2	71.9	61.4	72.1	2	1	1	10	4	13	4.88	N
0.0000	FCC17U2ACXX:3:1101:1562:59531#ACTGTTCC/ab=1/	FCC17U2ACXX:3:1101:11099:71239#ACTGTTCC/ab=4/	FCC17U2ACXX:3:1102:1988:43689#ACTGTTCC/ab=7/	80.0	78.3	78.3	90.0	79.7	1	2	9	0	1	2	2.13	N
0.0000	FCC17U2ACXX:3:1101:7537:17778#ACTGTTCC/ab=1/	*	*	*	*	*	*	*	*	*	*	*	*	*	*	N
0.0125	FCC17U2ACXX:3:1101:9918:89893#ACTGTTCC/ab=1/	FCC17U2ACXX:3:1102:12828:33241#ACTGTTCC/ab=2/	FCC17U2ACXX:3:1102:19693:14744#ACTGTTCC/ab=3/	78.0	70.7	63.4	53.7	65.0	8	17	7	4	1	2	10.34	N
0.0000	FCC17U2ACXX:3:1101:10185:38688#ACTGTTCC/ab=1/	*	*	*	*	*	*	*	*	*	*	*	*	*	*	N
0.0000	FCC17U2ACXX:3:1101:11749:14894#ACTGTTCC/ab=1/	*	*	*	*	*	*	*	*	*	*	*	*	*	*	N
0.0134	FCC17U2ACXX:3:1102:2395:6986#ACTGTTCC/ab=1/	FCC17U2ACXX:3:1101:8569:81386#ACTGTTCC/ab=2/	FCC17U2ACXX:3:1102:12077:35818#ACTGTTCC/ab=2/	71.7	58.3	68.3	63.3	64.1	1	0	3	12	7	11	4.88	N
0.1424	FCC17U2ACXX:3:1101:15892:31837#ACTGTTCC/ab=1/	FCC17U2ACXX:3:1101:12766:84644#ACTGTTCC/ab=2/	FCC17U2ACXX:3:1102:16918:36202#ACTGTTCC/ab=3/	93.1	70.7	89.7	67.2	90.8	2	0	0	18	2	2	3.85	N
0.0000	FCC17U2ACXX:3:1101:2361:65676#ACTGTTCC/ab=1/	*	*	*	*	*	*	*	*	*	*	*	*	*	*	N
0.0000	FCC17U2ACXX:3:1101:14015:97958#ACTGTTCC/ab=1/	*	*	*	*	*	*	*	*	*	*	*	*	*	*	N
0.0000	FCC17U2ACXX:3:1101:14227:59596#ACTGTTCC/ab=1/	*	*	*	*	*	*	*	*	*	*	*	*	*	*	N
0.0000	FCC17U2ACXX:3:1101:18180:48522#ACTGTTCC/ab=1/	*	*	*	*	*	*	*	*	*	*	*	*	*	*	N
0.0492	FCC17U2ACXX:3:1102:4931:24363#ACTGTTCC/ab=1/	FCC17U2ACXX:3:1102:9169:13148#ACTGTTCC/ab=3/	FCC17U2ACXX:3:1101:5128:84013#ACTGTTCC/ab=2/	92.9	53.6	89.3	46.4	90.0	2	4	0	24	2	2	4.00	N
0.0544	FCC17U2ACXX:3:1101:13619:36192#ACTGTTCC/ab=1/	FCC17U2ACXX:3:1101:17629:97490#ACTGTTCC/ab=2/	FCC17U2ACXX:3:1102:20249:11705#ACTGTTCC/ab=2/	77.4	75.5	69.8	79.2	75.4	4	0	5	6	2	6	2.50	N
0.0000	FCC17U2ACXX:3:1101:20101:15245#ACTGTTCC/ab=1/	*	*	*	*	*	*	*	*	*	*	*	*	*	*	N
0.0000	FCC17U2ACXX:3:1101:19527:15633#ACTGTTCC/ab=1/	*	*	*	*	*	*	*	*	*	*	*	*	*	*	N
0.0115	FCC17U2ACXX:3:1102:4744:18520#ACTGTTCC/ab=1/	FCC17U2ACXX:3:1102:6712:30935#ACTGTTCC/ab=7/	FCC17U2ACXX:3:1101:15711:52715#ACTGTTCC/ab=3/	88.3	85.0	85.0	86.7	85.9	1	0	5	2	0	2	3.92	N
0.0000	FCC17U2ACXX:3:1101:7952:69539#ACTGTTCC/ab=1/	*	*	*	*	*	*	*	*	*	*	*	*	*	*	N
0.0295	FCC17U2ACXX:3:1101:15104:23737#ACTGTTCC/ab=1/	FCC17U2ACXX:3:1101:17629:97490#ACTGTTCC/ab=2/	FCC17U2ACXX:3:1102:15631:10952#ACTGTTCC/ab=2/	82.9	70.7	65.9	58.5	71.2	7	7	3	14	6	2	17.24	N
0.0000	FCC17U2ACXX:3:1101:17359:96674#ACTGTTCC/ab=1/	*	*	*	*	*	*	*	*	*	*	*	*	*	*	N
0.0000	FCC17U2ACXX:3:1101:18278:79224#ACTGTTCC/ab=1/	*	*	*	*	*	*	*	*	*	*	*	*	*	*	N
0.0000	FCC17U2ACXX:3:1101:6175:80247#ACTGTTCC/ab=1/	*	*	*	*	*	*	*	*	*	*	*	*	*	*	N
0.0000	FCC17U2ACXX:3:1101:12711:60440#ACTGTTCC/ab=1/	*	*	*	*	*	*	*	*	*	*	*	*	*	*	N
0.0000	FCC17U2ACXX:3:1101:17236:99406#ACTGTTCC/ab=1/	*	*	*	*	*	*	*	*	*	*	*	*	*	*	N
0.0208	FCC17U2ACXX:3:1101:15107:40184#ACTGTTCC/ab=1/	FCC17U2ACXX:3:1102:16596:27503#ACTGTTCC/ab=3/	FCC17U2ACXX:3:1102:16132:42663#ACTGTTCC/ab=21/	100.0	96.5	98.2	94.7	98.4	1	0	0	2	0	0	1.79	N
0.0000	FCC17U2ACXX:3:1101:18533:24273#ACTGTTCC/ab=1/	*	*	*	*	*	*	*	*	*	*	*	*	*	*	N
0.0000	FCC17U2ACXX:3:1101:14605:10739#ACTGTTCC/ab=1/	*	*	*	*	*	*	*	*	*	*	*	*	*	*	N
0.0682	FCC17U2ACXX:3:1101:4041:9721#ACTGTTCC/ab=1/	FCC17U2ACXX:3:1101:11131:85321#ACTGTTCC/ab=4/	FCC17U2ACXX:3:1102:4798:28565#ACTGTTCC/ab=3/	81.5	70.4	74.1	57.4	76.3	3	0	0	14	7	4	10.00	N
0.1762	FCC17U2ACXX:3:1102:18381:6317#ACTGTTCC/ab=1/	FCC17U2ACXX:3:1102:7248:13227#ACTGTTCC/ab=2/	FCC17U2ACXX:3:1101:11099:71239#ACTGTTCC/ab=4/	89.3	57.1	85.7	51.8	82.8	2	0	0	24	2	4	4.17	N
0.0000	FCC17U2ACXX:3:1101:10674:88215#ACTGTTCC/ab=1/	*	*	*	*	*	*	*	*	*	*	*	*	*	*	N
0.0000	FCC17U2ACXX:3:1102:6391:11043#ACTGTTCC/ab=1/	*	*	*	*	*	*	*	*	*	*	*	*	*	*	N
0.0000	FCC17U2ACXX:3:1102:14152:9066#ACTGTTCC/ab=1/	*	*	*	*	*	*	*	*	*	*	*	*	*	*	N
0.0000	FCC17U2ACXX:3:1102:10454:25366#ACTGTTCC/ab=1/	*	*	*	*	*	*	*	*	*	*	*	*	*	*	N
0.0000	FCC17U2ACXX:3:1101:16683:58639#ACTGTTCC/ab=1/	*	*	*	*	*	*	*	*	*	*	*	*	*	*	N
0.0000	FCC17U2ACXX:3:1101:6305:21440#ACTGTTCC/ab=1/	*	*	*	*	*	*	*	*	*	*	*	*	*	*	N
0.0000	FCC17U2ACXX:3:1101:16773:93081#ACTGTTCC/ab=1/	*	*	*	*	*	*	*	*	*	*	*	*	*	*	N
0.0190	FCC17U2ACXX:3:1102:20100:5815#ACTGTTCC/ab=1/	FCC17U2ACXX:3:1102:7365:17521#ACTGTTCC/ab=2/	FCC17U2ACXX:3:1102:12077:35818#ACTGTTCC/ab=2/	68.4	50.9	64.9	43.9	62.9	2	1	2	16	10	10	5.41	N
0.0000	FCC17U2ACXX:3:1101:20528:39659#ACTGTTCC/ab=1/	*	*	*	*	*	*	*	*	*	*	*	*	*	*	N
0.0149	FCC17U2ACXX:3:1101:7306:25683#ACTGTTCC/ab=1/	FCC17U2ACXX:3:1101:4148:26836#ACTGTTCC/ab=2/	FCC17U2ACXX:3:1101:10165:50909#ACTGTTCC/ab=3/	75.5	67.9	75.5	77.4	71.9	3	3	10	4	1	3	2.50	N
0.0635	FCC17U2ACXX:3:1102:7864:16892#ACTGTTCC/ab=1/	FCC17U2ACXX:3:1102:20369:35200#ACTGTTCC/ab=6/	FCC17U2ACXX:3:1101:14453:69438#ACTGTTCC/ab=2/	75.9	63.0	70.4	63.0	70.7	2	0	0	13	3	11	7.89	N
0.0493	FCC17U2ACXX:3:1101:18150:96583#ACTGTTCC/ab=1/	FCC17U2ACXX:3:1102:20369:35200#ACTGTTCC/ab=6/	FCC17U2ACXX:3:1101:19741:62248#ACTGTTCC/ab=4/	87.9	84.5	77.6	72.4	85.5	9	3	3	2	0	1	4.08	N
0.0535	FCC17U2ACXX:3:1101:11379:20269#ACTGTTCC/ab=1/	FCC17U2ACXX:3:1102:12077:35818#ACTGTTCC/ab=2/	FCC17U2ACXX:3:1101:15711:52715#ACTGTTCC/ab=3/	79.6	66.7	72.2	53.7	69.0	5	2	3	16	6	4	10.26	N
0.0164	FCC17U2ACXX:3:1101:20440:56538#ACTGTTCC/ab=1/	FCC17U2ACXX:3:1102:7248:13227#ACTGTTCC/ab=2/	FCC17U2ACXX:3:1101:5850:65368#ACTGTTCC/ab=3/	82.5	70.2	80.7	68.4	78.7	1	1	3	9	2	4	2.17	N
0.0743	FCC17U2ACXX:3:1101:18934:8822#ACTGATCC/ab=1/	FCC17U2ACXX:3:1101:4124:60300#ACTGTTCC/ab=3/	FCC17U2ACXX:3:1102:18068:9974#ACTGTTCC/ab=2/	83.6	78.2	78.2	78.2	79.7	4	1	6	5	0	2	6.98	N
0.0208	FCC17U2ACXX:3:1101:5832:65413#ACTGTTCC/ab=1/	FCC17U2ACXX:3:1102:1536:38404#ACTGTTCC/ab=4/	FCC17U2ACXX:3:1101:5850:65368#ACTGTTCC/ab=3/	100.0	96.5	98.2	94.7	98.4	1	0	0	2	0	0	1.79	N
0.0344	FCC17U2ACXX:3:1101:17334:77078#ACTGTTCC/ab=1/	FCC17U2ACXX:3:1102:12077:35818#ACTGTTCC/ab=2/	FCC17U2ACXX:3:1102:10801:31032#ACTGTTCC/ab=2/	96.7	95.1	90.2	88.5	95.4	3	0	0	2	1	1	1.72	N
0.1578	FCC17U2ACXX:3:1101:14026:85400#ACTGTTCC/ab=1/	FCC17U2ACXX:3:1101:14453:69438#ACTGTTCC/ab=2/	FCC17U2ACXX:3:1102:5418:6277#ACTGTTCC/ab=8/	91.1	80.4	80.4	64.3	81.7	10	4	1	6	0	0	13.33	N
0.0738	FCC17U2ACXX:3:1101:19144:83141#ACTGTTCC/ab=1/	FCC17U2ACXX:3:1101:11131:85321#ACTGTTCC/ab=4/	FCC17U2ACXX:3:1102:17000:34002#ACTGTTCC/ab=2/	67.9	58.5	58.5	49.1	59.3	4	0	0	11	5	16	16.13	N
0.0021	FCC17U2ACXX:3:1101:11615:21937#ACTGTTCC/ab=1/	FCC17U2ACXX:3:1102:14233:30775#ACTGTTCC/ab=2/	FCC17U2ACXX:3:1102:2749:3081#ACTGTTCC/ab=3/	81.7	80.0	80.0	93.3	79.7	1	1	5	1	1	5	2.08	N
0.0353	FCC17U2ACXX:3:1102:10075:45144#ACTGTTCC/ab=1/	FCC17U2ACXX:3:1101:2678:83543#ACTGTTCC/ab=2/	FCC17U2ACXX:3:1102:1536:38404#ACTGTTCC/ab=4/	83.3	68.5	77.8	53.7	78.3	2	1	1	15	5	3	7.14	N
0.0000	FCC17U2ACXX:3:1101:8129:11105#ACTGTTCC/ab=1/	*	*	*	*	*	*	*	*	*	*	*	*	*	*	N
0.0000	FCC17U2ACXX:3:1101:20567:37260#ACTGTTCC/ab=1/	*	*	*	*	*	*	*	*	*	*	*	*	*	*	N
0.0189	FCC17U2ACXX:3:1101:19008:21295#ACTGTTCC/ab=1/	FCC17U2ACXX:3:1102:10844:38424#ACTGTTCC/ab=7/	FCC17U2ACXX:3:1102:5418:6277#ACTGTTCC/ab=8/	98.2	96.4	94.6	94.6	95.0	2	0	0	1	0	1	1.85	N
0.0122	FCC17U2ACXX:3:1101:16852:74187#ACTGTTCC/ab=1/	FCC17U2ACXX:3:1102:17196:25443#ACTGTTCC/ab=2/	FCC17U2ACXX:3:1102:1988:43689#ACTGTTCC/ab=7/	88.3	83.3	86.7	85.0	87.5	1	1	4	3	0	2	1.92	N
0.0994	FCC17U2ACXX:3:1102:17833:38015#ACTGTTCC/ab=1/	FCC17U2ACXX:3:1102:17090:25115#ACTGTTCC/ab=3/	FCC17U2ACXX:3:1101:10181:55628#ACTGTTCC/ab=2/	74.1	50.0	70.7	63.8	71.7	2	0	0	15	1	14	4.88	N
0.0000	FCC17U2ACXX:3:1101:5078:61511#ACTGTTCC/ab=1/	*	*	*	*	*	*	*	*	*	*	*	*	*	*	N
0.0000	FCC17U2ACXX:3:1102:10243:42599#ACTGTTCC/ab=1/	*	*	*	*	*	*	*	*	*	*	*	*	*	*	N
0.0587	FCC17U2ACXX:3:1101:9228:47626#ACTGTTCC/ab=1/	FCC17U2ACXX:3:1102:17339:24686#ACTGTTCC/ab=3/	FCC17U2ACXX:3:1102:2792:38795#ACTGTTCC/ab=3/	85.7	66.1	89.3	58.9	90.6	3	8	2	13	0	0	2.00	N
0.0537	FCC17U2ACXX:3:1101:14167:37089#ACTGTTCC/ab=1/	FCC17U2ACXX:3:1102:8973:44803#ACTGTTCC/ab=17/	FCC17U2ACXX:3:1101:16485:70814#ACTGTTCC/ab=2/	85.2	74.1	75.9	61.1	74.1	5	2	1	9	3	3	12.20	N
0.0000	FCC17U2ACXX:3:1102:15304:14625#ACTGTTCC/ab=1/	*	*	*	*	*	*	*	*	*	*	*	*	*	*	N
0.0000	FCC17U2ACXX:3:1101:3662:43578#ACTGTTCC/ab=1/	FCC17U2ACXX:3:1102:5958:33733#ACTGTTCC/ab=4/	FCC17U2ACXX:3:1102:7210:33840#ACTGTTCC/ab=2/	92.7	76.4	90.9	81.8	91.5	0	0	0	11	0	4	2.00	N
0.0153	FCC17U2ACXX:3:1101:13651:59726#ACTGTTCC/ab=1/	FCC17U2ACXX:3:1101:19008:72245#ACTGTTCC/ab=5/	FCC17U2ACXX:3:1101:14919:83900#ACTGTTCC/ab=2/	77.2	71.9	73.7	73.7	77.0	1	0	0	7	4	9	4.76	N
0.0000	FCC17U2ACXX:3:1102:20007:5105#ACTGTTCC/ab=1/	*	*	*	*	*	*	*	*	*	*	*	*	*	*	N
0.0449	FCC17U2ACXX:3:1102:16770:25544#ACTGTTCC/ab=1/	FCC17U2ACXX:3:1101:4340:91929#ACTGTTCC/ab=2/	FCC17U2ACXX:3:1102:18750:29646#ACTGTTCC/ab=2/	75.9	61.1	70.4	46.3	71.4	2	0	2	23	10	7	7.89	N
0.0000	FCC17U2ACXX:3:1101:16528:4944#ACTGTTCC/ab=1/	*	*	*	*	*	*	*	*	*	*	*	*	*	*	N
0.0000	FCC17U2ACXX:3:1101:13121:51480#ACTGTTCC/ab=1/	*	*	*	*	*	*	*	*	*	*	*	*	*	*	N
0.0000	FCC17U2ACXX:3:1101:4461:28093#ACTGTTCC/ab=1/	*	*	*	*	*	*	*	*	*	*	*	*	*	*	N
0.0000	FCC17U2ACXX:3:1101:13337:33097#ACTGTTCC/ab=1/	*	*	*	*	*	*	*	*	*	*	*	*	*	*	N
0.0000	FCC17U2ACXX:3:1101:14719:69644#ACTGTTCC/ab=1/	*	*	*	*	*	*	*	*	*	*	*	*	*	*	N
0.2915	FCC17U2ACXX:3:1102:2780:2367#ACTGTTCC/ab=1/	FCC17U2ACXX:3:1102:7248:13227#ACTGTTCC/ab=2/	FCC17U2ACXX:3:1102:18750:29646#ACTGTTCC/ab=2/	100.0	54.4	98.2	52.6	98.4	1	0	0	28	0	0	1.79	N
0.0000	FCC17U2ACXX:3:1101:10364:65425#ACTGTTCC/ab=1/	*	*	*	*	*	*	*	*	*	*	*	*	*	*	N
0.0000	FCC17U2ACXX:3:1101:2505:13498#ACTGTTCC/ab=1/	*	*	*	*	*	*	*	*	*	*	*	*	*	*	N
0.0000	FCC17U2ACXX:3:1101:6907:50891#ACTGTTCC/ab=1/	*	*	*	*	*	*	*	*	*	*	*	*	*	*	N
0.0000	FCC17U2ACXX:3:1102:7434:26296#ACTGTTCC/ab=1/	*	*	*	*	*	*	*	*	*	*	*	*	*	*	N
0.0000	FCC17U2ACXX:3:1102:10911:36206#ACTGTTCC/ab=1/	*	*	*	*	*	*	*	*	*	*	*	*	*	*	N
0.0000	FCC17U2ACXX:3:1101:4535:85422#ACTGTTCC/ab=1/	*	*	*	*	*	*	*	*	*	*	*	*	*	*	N
0.0000	FCC17U2ACXX:3:1101:9112:5159#ACTGTTCC/ab=1/	*	*	*	*	*	*	*	*	*	*	*	*	*	*	N
0.0371	FCC17U2ACXX:3:1101:14686:49896#ACTGTTCC/ab=1/	FCC17U2ACXX:3:1101:14321:55801#ACTGTTCC/ab=2/	FCC17U2ACXX:3:1102:13290:39002#ACTGTTCC/ab=2/	71.1	51.1	60.0	33.3	52.5	5	1	5	15	11	6	18.52	N
0.0225	FCC17U2ACXX:3:1101:20297:89914#ACTGTTCC/ab=1/	FCC17U2ACXX:3:1102:6712:30935#ACTGTTCC/ab=7/	FCC17U2ACXX:3:1102:19014:35368#ACTGTTCC/ab=3/	93.3	86.7	90.0	80.0	90.6	1	0	0	7	3	1	3.70	N
0.0000	FCC17U2ACXX:3:1101:19777:5814#ACTGTTCC/ab=1/	*	*	*	*	*	*	*	*	*	*	*	*	*	*	N
0.0000	FCC17U2ACXX:3:1101:20287:24543#ACTGTTCC/ab=1/	*	*	*	*	*	*	*	*	*	*	*	*	*	*	N
0.0449	FCC17U2ACXX:3:1102:4383:17597#ACTGTTCC/ab=1/	FCC17U2ACXX:3:1102:6806:32938#ACTGTTCC/ab=18/	FCC17U2ACXX:3:1101:4148:26836#ACTGTTCC/ab=2/	66.1	53.6	67.9	42.9	68.3	8	9	12	8	1	0	2.63	N
0.0000	FCC17U2ACXX:3:1101:19126:88947#ACTGTTCC/ab=1/	*	*	*	*	*	*	*	*	*	*	*	*	*	*	N
0.0058	FCC17U2ACXX:3:1102:17167:44271#ACTGTTCC/ab=1/	FCC17U2ACXX:3:1101:11131:85321#ACTGTTCC/ab=4/	FCC17U2ACXX:3:1102:12828:26649#ACTGTTCC/ab=2/	82.4	76.5	64.7	44.1	67.7	8	24	2	4	3	0	7.69	N
0.0153	FCC17U2ACXX:3:1101:10398:74890#ACTGTTCC/ab=1/	FCC17U2ACXX:3:1101:19006:96193#ACTGTTCC/ab=4/	FCC17U2ACXX:3:1102:7365:17521#ACTGTTCC/ab=2/	66.7	48.1	63.0	46.3	57.6	1	0	0	15	11	13	5.88	N
0.0168	FCC17U2ACXX:3:1101:17433:41747#ACTGTTCC/ab=1/	FCC17U2ACXX:3:1102:6712:30935#ACTGTTCC/ab=7/	FCC17U2ACXX:3:1102:19014:35368#ACTGTTCC/ab=3/	76.7	75.0	71.7	80.0	76.6	4	1	10	2	1	1	2.22	N
0.0010	FCC17U2ACXX:3:1101:17499:48988#ACTGTTCC/ab=1/	FCC17U2ACXX:3:1102:17090:25115#ACTGTTCC/ab=3/	FCC17U2ACXX:3:1101:4737:53038#ACTGTTCC/ab=2/	91.1	76.8	89.3	73.2	88.3	2	10	1	1	2	1	2.00	N
0.0390	FCC17U2ACXX:3:1101:11964:27005#ACTGTTCC/ab=1/	FCC17U2ACXX:3:1102:20249:11705#ACTGTTCC/ab=2/	FCC17U2ACXX:3:1101:4124:60300#ACTGTTCC/ab=3/	87.7	71.9	86.0	75.4	86.4	1	0	0	11	2	5	2.04	N
0.0000	FCC17U2ACXX:3:1102:18692:17992#ACTGTTCC/ab=1/	*	*	*	*	*	*	*	*	*	*	*	*	*	*	N
0.0000	FCC17U2ACXX:3:1101:16682:38436#ACTGTTCC/ab=1/	*	*	*	*	*	*	*	*	*	*	*	*	*	*	N
0.0000	FCC17U2ACXX:3:1101:11423:87692#ACTGTTCC/ab=1/	*	*	*	*	*	*	*	*	*	*	*	*	*	*	N
0.0256	FCC17U2ACXX:3:1101:2279:82867#ACTGTTCC/ab=1/	FCC17U2ACXX:3:1102:19014:35368#ACTGTTCC/ab=3/	FCC17U2ACXX:3:1101:18993:30653#ACTGTTCC/ab=2/	78.3	70.0	75.0	73.3	76.6	2	1	2	5	0	11	4.44	N
0.0000	FCC17U2ACXX:3:1101:1825:10005#ACTGTTCC/ab=1/	*	*	*	*	*	*	*	*	*	*	*	*	*	*	N
0.0000	FCC17U2ACXX:3:1101:14002:89083#ACTGTTCC/ab=1/	*	*	*	*	*	*	*	*	*	*	*	*	*	*	N
0.0109	FCC17U2ACXX:3:1101:9046:98418#ACTGTTCC/ab=1/	FCC17U2ACXX:3:1101:18993:30653#ACTGTTCC/ab=2/	FCC17U2ACXX:3:1101:16521:58946#ACTGTTCC/ab=2/	83.3	76.7	81.7	75.0	82.8	1	1	3	6	2	4	2.04	N
0.0000	FCC17U2ACXX:3:1101:15890:92499#ACTGTTCC/ab=1/	*	*	*	*	*	*	*	*	*	*	*	*	*	*	N
0.0000	FCC17U2ACXX:3:1102:15807:38258#ACTGTTCC/ab=1/	*	*	*	*	*	*	*	*	*	*	*	*	*	*	N
0.0472	FCC17U2ACXX:3:1101:20697:15705#ACTGTTCC/ab=1/	FCC17U2ACXX:3:1102:19165:30817#ACTGTTCC/ab=2/	FCC17U2ACXX:3:1101:10165:50909#ACTGTTCC/ab=3/	98.2	89.3	96.4	89.3	93.3	1	0	0	5	0	1	1.85	N
0.0000	FCC17U2ACXX:3:1101:12962:88115#ACTGTTCC/ab=1/	*	*	*	*	*	*	*	*	*	*	*	*	*	*	N
0.0000	FCC17U2ACXX:3:1101:9609:73931#ACTGTTCC/ab=1/	*	*	*	*	*	*	*	*	*	*	*	*	*	*	N
0.0265	FCC17U2ACXX:3:1101:19483:19933#ACTGTTCC/ab=1/	FCC17U2ACXX:3:1101:9295:57865#ACTGTTCC/ab=2/	FCC17U2ACXX:3:1101:8569:81386#ACTGTTCC/ab=2/	67.3	65.5	61.8	54.5	61.0	2	0	0	11	9	12	2.78	N
0.0784	FCC17U2ACXX:3:1101:16992:38111#ACTGTTCC/ab=1/	FCC17U2ACXX:3:1102:4798:28565#ACTGTTCC/ab=3/	FCC17U2ACXX:3:1101:4148:26836#ACTGTTCC/ab=2/	78.2	65.5	70.9	49.1	70.0	9	7	4	7	0	3	10.26	N
0.0000	FCC17U2ACXX:3:1101:4856:32944#ACTGTTCC/ab=1/	*	*	*	*	*	*	*	*	*	*	*	*	*	*	N
0.0471	FCC17U2ACXX:3:1102:10075:34267#ACTGTTCC/ab=1/	FCC17U2ACXX:3:1102:18168:15842#ACTGTTCC/ab=2/	FCC17U2ACXX:3:1102:7210:33840#ACTGTTCC/ab=2/	83.0	75.5	77.4	75.5	78.3	5	2	2	7	2	5	7.32	N
0.0000	FCC17U2ACXX:3:1101:9553:69903#ACTGTTCC/ab=1/	*	*	*	*	*	*	*	*	*	*	*	*	*	*	N
0.0000	FCC17U2ACXX:3:1101:21344:96562#ACTGTTCC/ab=1/	*	*	*	*	*	*	*	*	*	*	*	*	*	*	N
0.0000	FCC17U2ACXX:3:1101:16562:84860#ACTGTTCC/ab=1/	*	*	*	*	*	*	*	*	*	*	*	*	*	*	N
0.0000	FCC17U2ACXX:3:1101:16666:92271#ACTGTTCC/ab=1/	*	*	*	*	*	*	*	*	*	*	*	*	*	*	N
0.0000	FCC17U2ACXX:3:1102:9797:2975#ACTGTTCC/ab=1/	*	*	*	*	*	*	*	*	*	*	*	*	*	*	N
0.0000	FCC17U2ACXX:3:1101:6437:46708#ACTGTTCC/ab=1/	*	*	*	*	*	*	*	*	*	*	*	*	*	*	N
0.0000	FCC17U2ACXX:3:1101:16677:7717#ACTGTTCC/ab=1/	*	*	*	*	*	*	*	*	*	*	*	*	*	*	N
0.0000	FCC17U2ACXX:3:1102:2046:38523#ACTGTTCC/ab=1/	*	*	*	*	*	*	*	*	*	*	*	*	*	*	N
0.0113	FCC17U2ACXX:3:1102:16434:8402#ACTGTTCC/ab=1/	FCC17U2ACXX:3:1102:20249:11705#ACTGTTCC/ab=2/	FCC17U2ACXX:3:1101:4124:60300#ACTGTTCC/ab=3/	70.9	67.3	69.1	74.5	71.2	3	3	14	2	0	2	2.63	N
0.0000	FCC17U2ACXX:3:1101:4495:11131#ACTGTTCC/ab=1/	*	*	*	*	*	*	*	*	*	*	*	*	*	*	N
0.0000	FCC17U2ACXX:3:1102:17790:26694#ACTGTTCC/ab=1/	*	*	*	*	*	*	*	*	*	*	*	*	*	*	N
0.0000	FCC17U2ACXX:3:1101:3259:71241#ACTGTTCC/ab=1/	*	*	*	*	*	*	*	*	*	*	*	*	*	*	N
0.0890	FCC17U2ACXX:3:1101:19581:75575#ACTGTTCC/ab=1/	FCC17U2ACXX:3:1102:2792:38795#ACTGTTCC/ab=3/	FCC17U2ACXX:3:1102:8658:11799#ACTGTTCC/ab=4/	83.0	75.5	75.5	58.5	74.2	15	6	5	6	1	1	10.00	N
0.0000	FCC17U2ACXX:3:1101:3177:30348#ACTGTTCC/ab=1/	*	*	*	*	*	*	*	*	*	*	*	*	*	*	N
0.0000	FCC17U2ACXX:3:1102:17977:18518#ACTGTTCC/ab=1/	*	*	*	*	*	*	*	*	*	*	*	*	*	*	N
0.0000	FCC17U2ACXX:3:1102:13474:21473#ACTGTTCC/ab=1/	*	*	*	*	*	*	*	*	*	*	*	*	*	*	N
0.0000	FCC17U2ACXX:3:1101:7095:67239#ACTGTTCC/ab=1/	*	*	*	*	*	*	*	*	*	*	*	*	*	*	N
0.0087	FCC17U2ACXX:3:1101:5684:64914#ACTGTTCC/ab=1/	FCC17U2ACXX:3:1102:19014:35368#ACTGTTCC/ab=3/	FCC17U2ACXX:3:1102:4225:42937#ACTGTTCC/ab=3/	66.7	65.0	63.3	66.7	67.2	1	0	3	7	6	11	2.56	N
0.0000	FCC17U2ACXX:3:1101:15225:19337#ACTGTTCC/ab=1/	*	*	*	*	*	*	*	*	*	*	*	*	*	*	N
0.0045	FCC17U2ACXX:3:1101:19569:96982#ACTGTTCC/ab=1/	FCC17U2ACXX:3:1102:12828:33241#ACTGTTCC/ab=2/	FCC17U2ACXX:3:1102:7365:17521#ACTGTTCC/ab=2/	73.2	58.5	68.3	56.1	65.0	2	15	1	7	1	10	7.14	N
0.0115	FCC17U2ACXX:3:1102:16436:28757#ACTGTTCC/ab=1/	FCC17U2ACXX:3:1102:16751:4138#ACTGTTCC/ab=4/	FCC17U2ACXX:3:1102:14899:37296#ACTGTTCC/ab=2/	96.6	93.2	94.9	91.5	95.2	1	1	1	2	0	0	1.79	N
0.0000	FCC17U2ACXX:3:1101:17020:49351#ACTGTTCC/ab=1/	*	*	*	*	*	*	*	*	*	*	*	*	*	*	N
0.0021	FCC17U2ACXX:3:1101:1820:57553#ACTGTTCC/ab=1/	FCC17U2ACXX:3:1102:2749:3081#ACTGTTCC/ab=3/	FCC17U2ACXX:3:1102:14233:30775#ACTGTTCC/ab=2/	80.0	80.0	80.0	93.3	79.7	1	1	6	1	1	4	2.08	N
0.0000	FCC17U2ACXX:3:1102:7641:40301#ACTGTTCC/ab=1/	*	*	*	*	*	*	*	*	*	*	*	*	*	*	N
0.0000	FCC17U2ACXX:3:1101:6007:80165#ACTGTTCC/ab=1/	*	*	*	*	*	*	*	*	*	*	*	*	*	*	N
0.0000	FCC17U2ACXX:3:1101:5149:47728#ACTGTTCC/ab=1/	*	*	*	*	*	*	*	*	*	*	*	*	*	*	N
0.0000	FCC17U2ACXX:3:1101:8673:94372#ACTGTTCC/ab=1/	*	*	*	*	*	*	*	*	*	*	*	*	*	*	N
0.0000	FCC17U2ACXX:3:1101:16517:12352#ACTGTTCC/ab=1/	*	*	*	*	*	*	*	*	*	*	*	*	*	*	N
0.1339	FCC17U2ACXX:3:1102:14303:31047#ACTGTTCC/ab=1/	FCC17U2ACXX:3:1101:15417:91223#ACTGTTCC/ab=2/	FCC17U2ACXX:3:1102:7210:33840#ACTGTTCC/ab=2/	87.3	78.2	74.5	63.6	79.0	11	3	4	5	0	2	11.63	N
0.0000	FCC17U2ACXX:3:1101:9466:80254#ACTGTTCC/ab=1/	*	*	*	*	*	*	*	*	*	*	*	*	*	*	N
0.0000	FCC17U2ACXX:3:1101:17849:80803#ACTGTTCC/ab=1/	*	*	*	*	*	*	*	*	*	*	*	*	*	*	N
0.0000	FCC17U2ACXX:3:1101:11236:14076#ACTGTTCC/ab=1/	*	*	*	*	*	*	*	*	*	*	*	*	*	*	N
0.0000	FCC17U2ACXX:3:1101:4501:91297#ACTGTTCC/ab=1/	*	*	*	*	*	*	*	*	*	*	*	*	*	*	N
0.0425	FCC17U2ACXX:3:1102:19191:7140#ACTGTTCC/ab=1/	FCC17U2ACXX:3:1102:3849:17325#ACTGTTCC/ab=2/	FCC17U2ACXX:3:1102:10820:32883#ACTGTTCC/ab=2/	81.0	70.7	75.9	60.3	75.8	2	0	3	13	5	3	6.82	N
0.0364	FCC17U2ACXX:3:1101:6657:31015#ACTGTTCC/ab=1/	FCC17U2ACXX:3:1102:18813:10395#ACTGTTCC/ab=4/	FCC17U2ACXX:3:1101:15711:52715#ACTGTTCC/ab=3/	98.3	95.0	95.0	90.0	95.3	2	0	0	3	1	0	3.51	N
0.0000	FCC17U2ACXX:3:1101:10060:50928#ACTGTTCC/ab=1/	*	*	*	*	*	*	*	*	*	*	*	*	*	*	N
0.0000	FCC17U2ACXX:3:1101:18060:30101#ACTGTTCC/ab=1/	*	*	*	*	*	*	*	*	*	*	*	*	*	*	N
0.0000	FCC17U2ACXX:3:1101:19989:51017#ACTGTTCC/ab=1/	*	*	*	*	*	*	*	*	*	*	*	*	*	*	N
0.0692	FCC17U2ACXX:3:1101:17305:62977#ACTGTTCC/ab=1/	FCC17U2ACXX:3:1102:1988:43689#ACTGTTCC/ab=7/	FCC17U2ACXX:3:1101:11099:71239#ACTGTTCC/ab=4/	96.7	90.0	93.3	90.0	93.8	2	0	0	4	0	2	3.57	N
0.0000	FCC17U2ACXX:3:1101:10737:72587#ACTGTTCC/ab=1/	*	*	*	*	*	*	*	*	*	*	*	*	*	*	N
0.0000	FCC17U2ACXX:3:1102:3918:44069#ACTGTTCC/ab=1/	*	*	*	*	*	*	*	*	*	*	*	*	*	*	N
0.0648	FCC17U2ACXX:3:1101:3804:33072#ACTGTTCC/ab=1/	FCC17U2ACXX:3:1101:9295:57865#ACTGTTCC/ab=2/	FCC17U2ACXX:3:1102:4798:28565#ACTGTTCC/ab=3/	77.2	63.2	70.2	45.6	71.2	3	0	2	16	7	4	10.00	N
0.1286	FCC17U2ACXX:3:1102:12126:24364#ACTGTTCC/ab=1/	FCC17U2ACXX:3:1102:6712:30935#ACTGTTCC/ab=7/	FCC17U2ACXX:3:1101:11099:71239#ACTGTTCC/ab=4/	96.7	75.0	93.3	68.3	93.8	2	0	0	15	2	0	3.57	N
0.0000	FCC17U2ACXX:3:1101:11184:36353#ACTGTTCC/ab=1/	*	*	*	*	*	*	*	*	*	*	*	*	*	*	N
0.0000	FCC17U2ACXX:3:1101:8424:36136#ACTGTTCC/ab=1/	*	*	*	*	*	*	*	*	*	*	*	*	*	*	N
0.0468	FCC17U2ACXX:3:1101:18956:19946#ACTGTTCC/ab=1/	FCC17U2ACXX:3:1102:19524:22583#ACTGTTCC/ab=2/	FCC17U2ACXX:3:1102:17000:34002#ACTGTTCC/ab=2/	71.7	56.6	60.4	45.3	61.0	5	1	5	12	6	7	18.75	N
0.2122	FCC17U2ACXX:3:1102:10496:7036#ACTGTTCC/ab=1/	FCC17U2ACXX:3:1102:15665:29265#ACTGTTCC/ab=10/	FCC17U2ACXX:3:1102:6712:30935#ACTGTTCC/ab=7/	87.5	75.0	75.0	57.1	78.1	11	6	1	11	0	1	16.67	N
0.0000	FCC17U2ACXX:3:1102:18706:41140#ACTGTTCC/ab=1/	*	*	*	*	*	*	*	*	*	*	*	*	*	*	N
0.0000	FCC17U2ACXX:3:1101:4827:97209#ACTGTTCC/ab=1/	*	*	*	*	*	*	*	*	*	*	*	*	*	*	N
0.0000	FCC17U2ACXX:3:1101:14939:9249#ACTGTTCC/ab=1/	*	*	*	*	*	*	*	*	*	*	*	*	*	*	N
0.0229	FCC17U2ACXX:3:1101:15284:23783#ACTGTTCC/ab=1/	FCC17U2ACXX:3:1101:5128:84013#ACTGTTCC/ab=2/	FCC17U2ACXX:3:1102:19693:14744#ACTGTTCC/ab=3/	96.4	91.1	94.6	89.3	93.3	1	0	0	4	1	1	1.89	N
0.0547	FCC17U2ACXX:3:1101:10532:50621#ACTGTTCC/ab=1/	FCC17U2ACXX:3:1102:18750:29646#ACTGTTCC/ab=2/	FCC17U2ACXX:3:1102:9169:13148#ACTGTTCC/ab=3/	98.3	83.1	96.6	79.7	96.8	1	1	0	9	0	0	1.75	N
0.0000	FCC17U2ACXX:3:1102:6922:3882#ACTGTTCC/ab=1/	*	*	*	*	*	*	*	*	*	*	*	*	*	*	N
0.0000	FCC17U2ACXX:3:1102:18840:18730#ACTGTTCC/ab=1/	*	*	*	*	*	*	*	*	*	*	*	*	*	*	N
0.0361	FCC17U2ACXX:3:1101:14057:38057#ACTGTTCC/ab=1/	FCC17U2ACXX:3:1101:10165:50909#ACTGTTCC/ab=3/	FCC17U2ACXX:3:1101:4340:91929#ACTGTTCC/ab=2/	72.5	56.9	66.7	43.1	65.0	10	14	4	8	1	3	14.71	N
0.0552	FCC17U2ACXX:3:1101:4527:29518#ACTGTTCC/ab=1/	FCC17U2ACXX:3:1101:4148:26836#ACTGTTCC/ab=2/	FCC17U2ACXX:3:1102:10844:38424#ACTGTTCC/ab=7/	91.1	83.9	87.5	89.3	88.3	2	0	0	4	0	5	4.08	N
0.0000	FCC17U2ACXX:3:1101:21112:12151#ACTGTTCC/ab=1/	*	*	*	*	*	*	*	*	*	*	*	*	*	*	N
0.0000	FCC17U2ACXX:3:1101:12723:92206#ACTGTTCC/ab=1/	*	*	*	*	*	*	*	*	*	*	*	*	*	*	N
0.0000	FCC17U2ACXX:3:1101:16272:48579#ACTGTTCC/ab=1/	*	*	*	*	*	*	*	*	*	*	*	*	*	*	N
0.0596	FCC17U2ACXX:3:1102:8440:7984#ACTGTTCC/ab=1/	FCC17U2ACXX:3:1101:16521:58946#ACTGTTCC/ab=2/	FCC17U2ACXX:3:1102:19014:35368#ACTGTTCC/ab=3/	90.0	80.0	85.0	76.7	85.9	3	1	1	7	1	3	5.88	N
0.0722	FCC17U2ACXX:3:1101:10011:83772#ACTGTTCC/ab=1/	FCC17U2ACXX:3:1102:4798:28565#ACTGTTCC/ab=3/	FCC17U2ACXX:3:1101:19008:72245#ACTGTTCC/ab=5/	76.4	70.9	61.8	56.4	69.0	16	5	5	4	1	1	7.69	N
0.1352	FCC17U2ACXX:3:1102:11609:3339#ACTGTTCC/ab=1/	FCC17U2ACXX:3:1101:18993:30653#ACTGTTCC/ab=2/	FCC17U2ACXX:3:1101:10165:50909#ACTGTTCC/ab=3/	82.1	58.9	76.8	46.4	76.7	3	0	0	22	5	5	6.98	N
0.0000	FCC17U2ACXX:3:1101:19865:9524#ACTGTTCC/ab=1/	*	*	*	*	*	*	*	*	*	*	*	*	*	*	N
0.0000	FCC17U2ACXX:3:1101:15850:59252#ACTGTTCC/ab=1/	*	*	*	*	*	*	*	*	*	*	*	*	*	*	N
0.0000	FCC17U2ACXX:3:1101:13172:48191#ACTGTTCC/ab=1/	*	*	*	*	*	*	*	*	*	*	*	*	*	*	N
0.0000	FCC17U2ACXX:3:1102:7299:9992#ACTGTTCC/ab=1/	*	*	*	*	*	*	*	*	*	*	*	*	*	*	N
0.0000	FCC17U2ACXX:3:1101:9472:9413#ACTGTTCC/ab=1/	*	*	*	*	*	*	*	*	*	*	*	*	*	*	N
0.0000	FCC17U2ACXX:3:1101:7678:21143#ACTGTTCC/ab=1/	*	*	*	*	*	*	*	*	*	*	*	*	*	*	N
